135	DH13_R1	DH	POP1	0.8190	
146	DH14_R1	DH	POP1	0.7236	
142	DH17_R1	DH	POP1	0.7956	
140	DH18_R1	DH	POP1	0.7739	
145	DH19_R1	DH	POP1	0.8144	
141	DH20_R1	DH	POP1	0.7599	
138	DH21_R1	DH	POP1	0.8018	
143	DH22_R3	DH	POP1	0.8178	
137	DH23_R1	DH	POP1	0.8259	
139	DH24_R1	DH	POP1	0.8112	
136	DH4_R3	DH	POP1	0.7900	
144	DH6_R3	DH	POP1	0.8085	
127	FD10_R2	FD	POP1	0.0065	
129	FD11_R2	FD	POP1	0.0172	
134	FD2_R2	FD	POP1	0.0022	
126	FD3_R2	FD	POP1	0.0676	
132	FD4_R2	FD	POP1	0.0056	
133	FD5_R2	FD	POP1	0.0041	
130	FD6_R2	FD	POP1	0.0038	
128	FD7_R2	FD	POP1	0.0127	
131	FD8_R2	FD	POP1	0.0024	
121	KA10_R2	KA	POP1	0.0076	
118	KA11_R3	KA	POP1	0.0242	
123	KA12_R3	KA	POP1	0.0122	
120	KA14_R2	KA	POP1	0.0153	
117	KA4_R2	KA	POP1	0.2769	
124	KA5_R3	KA	POP1	0.0455	
122	KA6_R3	KA	POP1	0.0206	
125	KA7_R2	KA	POP1	0.0494	
119	KA9_R2	KA	POP1	0.0090	
111	KB10_R3	KB	POP1	0.2114	
114	KB11_R2	KB	POP1	0.0039	
109	KB14_R3	KB	POP1	0.3274	
112	KB15_R2	KB	POP1	0.2207	
115	KB3_R3	KB	POP1	0.0243	
116	KB4_R2	KB	POP1	0.0051	
110	KB6_R2	KB	POP1	0.2447	
108	KB7_R3	KB	POP1	0.3864	
113	KB9_R2	KB	POP1	0.1750	
106	MB12_R1	MB	POP1	0.0168	
107	MB14_R1	MB	POP1	0.0042	
97	MB16_R1	MB	POP1	0.0315	
96	MB18_R1	MB	POP1	0.1217	
105	MB19_R1	MB	POP1	0.0157	
103	MB20_R1	MB	POP1	0.0092	
99	MB21_R1	MB	POP1	0.0069	
102	MB22_R1	MB	POP1	0.0109	
104	MB24_R1	MB	POP1	0.0216	
98	MB25_R1	MB	POP1	0.0138	
101	MB4_R2	MB	POP1	0.0062	
100	MB6_R2	MB	POP1	0.0299	
92	QA2_R2	QA	POP1	0.7481	
91	QA4_R2	QA	POP1	0.7366	
90	QA5_R2	QA	POP1	0.8031	
93	QA6_R2	QA	POP1	0.7656	
94	QA7_R2	QA	POP1	0.7284	
89	QA8_R2	QA	POP1	0.7613	
88	QA9_R2	QA	POP1	0.8120	
95	QAY10_R3	QA	POP1	0.7813	
83	QB10_R2	QB	POP1	0.3982	
79	QB11_R2	QB	POP1	0.4272	
86	QB1_R2	QB	POP1	0.1154	
78	QB2_R2	QB	POP1	0.6373	
82	QB3_R2	QB	POP1	0.3655	
84	QB5_R2	QB	POP1	0.1304	
85	QB7_R2	QB	POP1	0.0193	
80	QB8_R2	QB	POP1	0.5459	
87	QB9_R2	QB	POP1	0.0310	
81	QBY6_R3	QB	POP1	0.4323	
73	QC10_R2	QC	POP1	0.7482	
67	QC11_R2	QC	POP1	0.8262	
76	QC1_R2	QC	POP1	0.7502	
71	QC2_R2	QC	POP1	0.8144	
70	QC3_R2	QC	POP1	0.0000	
69	QC4_R2	QC	POP1	0.0000	
77	QC5_R2	QC	POP1	0.7871	
74	QC6_R2	QC	POP1	0.7755	
72	QC7_R2	QC	POP1	0.8120	
75	QC8_R2	QC	POP1	0.7716	
68	QC9_R2	QC	POP1	0.0000	
59	RG13_R1	RG	POP1	0.3987	
62	RG14_R1	RG	POP1	0.7418	
57	RG15_R1	RG	POP1	0.7973	
61	RG17_R1	RG	POP1	0.7518	
58	RG19_R1	RG	POP1	0.8030	
63	RG20_R1	RG	POP1	0.8115	
66	RG22_R1	RG	POP1	0.7593	
56	RG23_R1	RG	POP1	0.8004	
64	RG24_R1	RG	POP1	0.7927	
65	RG25_R1	RG	POP1	0.7434	
60	RG2_R3	RG	POP1	0.8655	
50	RK11_R1	RK	POP1	0.1088	
51	RK13_R1	RK	POP1	0.3230	
48	RK14_R1	RK	POP1	0.2600	
45	RK15_R3	RK	POP1	0.8452	
55	RK16_R3	RK	POP1	0.3397	
53	RK17_R3	RK	POP1	0.1530	
49	RK18_R1	RK	POP1	0.0982	
46	RK2R_R1	RK	POP1	0.6186	
52	RK3_R1	RK	POP1	0.0000	
47	RK6_R1	RK	POP1	0.0013	
54	RK9_R1	RK	POP1	0.0582	
36	SB15_R3	SB	POP1	0.3353	
39	SB16_R1	SB	POP1	0.1878	
43	SB17_R3	SB	POP1	0.3361	
42	SB18_R3	SB	POP1	0.2793	
34	SB1R_R1	SB	POP1	0.3878	
41	SB24_R1	SB	POP1	0.0000	
35	SB3_R1	SB	POP1	0.0004	
38	SB4_R1	SB	POP1	0.2905	
44	SB6_R1	SB	POP1	0.0140	
40	SB8_R1	SB	POP1	0.0844	
37	SB9_R1	SB	POP1	0.1117	
23	TA13_R3	TA	POP1	0.0331	
29	TA14_R1	TA	POP1	0.0018	
33	TA15_R1	TA	POP1	0.0002	
26	TA16_R3	TA	POP1	0.0080	
24	TA17_R3	TA	POP1	0.0110	
28	TA18_R3	TA	POP1	0.0019	
32	TA1R_R1	TA	POP1	0.0001	
25	TA2_R1	TA	POP1	0.0356	
31	TA4_R1	TA	POP1	0.0009	
27	TA5_R1	TA	POP1	0.0022	
30	TA6_R1	TA	POP1	0.0009	
16	TB13_R3	TB	POP1	0.0031	
22	TB14_R3	TB	POP1	0.0000	
19	TB15_R3	TB	POP1	0.0015	
13	TB16_R3	TB	POP1	0.0046	
14	TB17_R3	TB	POP1	0.0040	
21	TB18_R3	TB	POP1	0.0001	
18	TB19_R3	TB	POP1	0.0026	
20	TB20_R3	TB	POP1	0.0010	
12	TB21_R3	TB	POP1	0.0335	
17	TB22_R3	TB	POP1	0.0012	
15	TB23_R3	TB	POP1	0.0018	
7	WC12_R3	WC	POP1	0.6837	
4	WC13_R3	WC	POP1	0.7096	
9	WC1_R3	WC	POP1	0.7178	
6	WC2_R3	WC	POP1	0.6741	
10	WC3_R3	WC	POP1	0.7317	
3	WC4_R3	WC	POP1	0.7555	
11	WC5_R3	WC	POP1	0.6384	
2	WC6_R3	WC	POP1	0.7479	
1	WC7_R3	WC	POP1	0.7288	
8	WC8_R3	WC	POP1	0.6511	
5	WC9_R3	WC	POP1	0.7370	
135	DH13_R1	DH	POP99	0.0243	
146	DH14_R1	DH	POP99	0.0273	
142	DH17_R1	DH	POP99	0.0419	
140	DH18_R1	DH	POP99	0.0291	
145	DH19_R1	DH	POP99	0.0258	
141	DH20_R1	DH	POP99	0.0286	
138	DH21_R1	DH	POP99	0.0308	
143	DH22_R3	DH	POP99	0.0372	
137	DH23_R1	DH	POP99	0.0206	
139	DH24_R1	DH	POP99	0.0360	
136	DH4_R3	DH	POP99	0.0240	
144	DH6_R3	DH	POP99	0.0283	
127	FD10_R2	FD	POP99	0.0036	
129	FD11_R2	FD	POP99	0.0113	
134	FD2_R2	FD	POP99	0.0020	
126	FD3_R2	FD	POP99	0.0108	
132	FD4_R2	FD	POP99	0.0021	
133	FD5_R2	FD	POP99	0.0042	
130	FD6_R2	FD	POP99	0.0130	
128	FD7_R2	FD	POP99	0.0042	
131	FD8_R2	FD	POP99	0.0034	
121	KA10_R2	KA	POP99	0.1039	
118	KA11_R3	KA	POP99	0.0266	
123	KA12_R3	KA	POP99	0.0099	
120	KA14_R2	KA	POP99	0.0079	
117	KA4_R2	KA	POP99	0.0105	
124	KA5_R3	KA	POP99	0.0057	
122	KA6_R3	KA	POP99	0.0066	
125	KA7_R2	KA	POP99	0.0054	
119	KA9_R2	KA	POP99	0.0017	
111	KB10_R3	KB	POP99	0.0015	
114	KB11_R2	KB	POP99	0.0080	
109	KB14_R3	KB	POP99	0.0062	
112	KB15_R2	KB	POP99	0.0042	
115	KB3_R3	KB	POP99	0.0512	
116	KB4_R2	KB	POP99	0.0115	
110	KB6_R2	KB	POP99	0.0115	
108	KB7_R3	KB	POP99	0.0103	
113	KB9_R2	KB	POP99	0.0023	
106	MB12_R1	MB	POP99	0.0280	
107	MB14_R1	MB	POP99	0.0282	
97	MB16_R1	MB	POP99	0.0185	
96	MB18_R1	MB	POP99	0.1075	
105	MB19_R1	MB	POP99	0.0056	
103	MB20_R1	MB	POP99	0.0453	
99	MB21_R1	MB	POP99	0.0012	
102	MB22_R1	MB	POP99	0.0145	
104	MB24_R1	MB	POP99	0.0547	
98	MB25_R1	MB	POP99	0.0969	
101	MB4_R2	MB	POP99	0.0014	
100	MB6_R2	MB	POP99	0.0291	
92	QA2_R2	QA	POP99	0.0346	
91	QA4_R2	QA	POP99	0.0263	
90	QA5_R2	QA	POP99	0.0024	
93	QA6_R2	QA	POP99	0.0085	
94	QA7_R2	QA	POP99	0.0052	
89	QA8_R2	QA	POP99	0.0038	
88	QA9_R2	QA	POP99	0.0013	
95	QAY10_R3	QA	POP99	0.0064	
83	QB10_R2	QB	POP99	0.0065	
79	QB11_R2	QB	POP99	0.0053	
86	QB1_R2	QB	POP99	0.0034	
78	QB2_R2	QB	POP99	0.0035	
82	QB3_R2	QB	POP99	0.0024	
84	QB5_R2	QB	POP99	0.0341	
85	QB7_R2	QB	POP99	0.0055	
80	QB8_R2	QB	POP99	0.0047	
87	QB9_R2	QB	POP99	0.0112	
81	QBY6_R3	QB	POP99	0.0968	
73	QC10_R2	QC	POP99	0.0045	
67	QC11_R2	QC	POP99	0.0047	
76	QC1_R2	QC	POP99	0.0409	
71	QC2_R2	QC	POP99	0.0031	
70	QC3_R2	QC	POP99	0.0000	
69	QC4_R2	QC	POP99	0.0000	
77	QC5_R2	QC	POP99	0.0265	
74	QC6_R2	QC	POP99	0.0168	
72	QC7_R2	QC	POP99	0.0112	
75	QC8_R2	QC	POP99	0.0103	
68	QC9_R2	QC	POP99	0.0000	
59	RG13_R1	RG	POP99	0.0004	
62	RG14_R1	RG	POP99	0.0408	
57	RG15_R1	RG	POP99	0.0642	
61	RG17_R1	RG	POP99	0.0370	
58	RG19_R1	RG	POP99	0.0400	
63	RG20_R1	RG	POP99	0.0397	
66	RG22_R1	RG	POP99	0.1171	
56	RG23_R1	RG	POP99	0.0301	
64	RG24_R1	RG	POP99	0.0312	
65	RG25_R1	RG	POP99	0.0695	
60	RG2_R3	RG	POP99	0.0228	
50	RK11_R1	RK	POP99	0.7774	
51	RK13_R1	RK	POP99	0.4094	
48	RK14_R1	RK	POP99	0.6410	
45	RK15_R3	RK	POP99	0.0319	
55	RK16_R3	RK	POP99	0.1257	
53	RK17_R3	RK	POP99	0.0485	
49	RK18_R1	RK	POP99	0.7988	
46	RK2R_R1	RK	POP99	0.0392	
52	RK3_R1	RK	POP99	0.0000	
47	RK6_R1	RK	POP99	0.0002	
54	RK9_R1	RK	POP99	0.5998	
36	SB15_R3	SB	POP99	0.0378	
39	SB16_R1	SB	POP99	0.7062	
43	SB17_R3	SB	POP99	0.0067	
42	SB18_R3	SB	POP99	0.0120	
34	SB1R_R1	SB	POP99	0.0015	
41	SB24_R1	SB	POP99	0.0000	
35	SB3_R1	SB	POP99	0.0000	
38	SB4_R1	SB	POP99	0.2773	
44	SB6_R1	SB	POP99	0.5750	
40	SB8_R1	SB	POP99	0.8123	
37	SB9_R1	SB	POP99	0.7566	
23	TA13_R3	TA	POP99	0.0035	
29	TA14_R1	TA	POP99	0.0016	
33	TA15_R1	TA	POP99	0.0001	
26	TA16_R3	TA	POP99	0.0056	
24	TA17_R3	TA	POP99	0.0082	
28	TA18_R3	TA	POP99	0.0032	
32	TA1R_R1	TA	POP99	0.0001	
25	TA2_R1	TA	POP99	0.0121	
31	TA4_R1	TA	POP99	0.0007	
27	TA5_R1	TA	POP99	0.0027	
30	TA6_R1	TA	POP99	0.0010	
16	TB13_R3	TB	POP99	0.0018	
22	TB14_R3	TB	POP99	0.0000	
19	TB15_R3	TB	POP99	0.0024	
13	TB16_R3	TB	POP99	0.0055	
14	TB17_R3	TB	POP99	0.0325	
21	TB18_R3	TB	POP99	0.0000	
18	TB19_R3	TB	POP99	0.0030	
20	TB20_R3	TB	POP99	0.0018	
12	TB21_R3	TB	POP99	0.0131	
17	TB22_R3	TB	POP99	0.0025	
15	TB23_R3	TB	POP99	0.0241	
7	WC12_R3	WC	POP99	0.0592	
4	WC13_R3	WC	POP99	0.0101	
9	WC1_R3	WC	POP99	0.0438	
6	WC2_R3	WC	POP99	0.0975	
10	WC3_R3	WC	POP99	0.0117	
3	WC4_R3	WC	POP99	0.0250	
11	WC5_R3	WC	POP99	0.0173	
2	WC6_R3	WC	POP99	0.0246	
1	WC7_R3	WC	POP99	0.0168	
8	WC8_R3	WC	POP99	0.2097	
5	WC9_R3	WC	POP99	0.0193	
135	DH13_R1	DH	POP2	0.0012	
146	DH14_R1	DH	POP2	0.0099	
142	DH17_R1	DH	POP2	0.0010	
140	DH18_R1	DH	POP2	0.0015	
145	DH19_R1	DH	POP2	0.0013	
141	DH20_R1	DH	POP2	0.0012	
138	DH21_R1	DH	POP2	0.0001	
143	DH22_R3	DH	POP2	0.0034	
137	DH23_R1	DH	POP2	0.0002	
139	DH24_R1	DH	POP2	0.0004	
136	DH4_R3	DH	POP2	0.0012	
144	DH6_R3	DH	POP2	0.0026	
127	FD10_R2	FD	POP2	0.3292	
129	FD11_R2	FD	POP2	0.3276	
134	FD2_R2	FD	POP2	0.3471	
126	FD3_R2	FD	POP2	0.0219	
132	FD4_R2	FD	POP2	0.4029	
133	FD5_R2	FD	POP2	0.3945	
130	FD6_R2	FD	POP2	0.3392	
128	FD7_R2	FD	POP2	0.2596	
131	FD8_R2	FD	POP2	0.3320	
121	KA10_R2	KA	POP2	0.0064	
118	KA11_R3	KA	POP2	0.0417	
123	KA12_R3	KA	POP2	0.0066	
120	KA14_R2	KA	POP2	0.0023	
117	KA4_R2	KA	POP2	0.0320	
124	KA5_R3	KA	POP2	0.0010	
122	KA6_R3	KA	POP2	0.0091	
125	KA7_R2	KA	POP2	0.0077	
119	KA9_R2	KA	POP2	0.0103	
111	KB10_R3	KB	POP2	0.0178	
114	KB11_R2	KB	POP2	0.0034	
109	KB14_R3	KB	POP2	0.0381	
112	KB15_R2	KB	POP2	0.0080	
115	KB3_R3	KB	POP2	0.0015	
116	KB4_R2	KB	POP2	0.0117	
110	KB6_R2	KB	POP2	0.0113	
108	KB7_R3	KB	POP2	0.0369	
113	KB9_R2	KB	POP2	0.0025	
106	MB12_R1	MB	POP2	0.3476	
107	MB14_R1	MB	POP2	0.4176	
97	MB16_R1	MB	POP2	0.2601	
96	MB18_R1	MB	POP2	0.0657	
105	MB19_R1	MB	POP2	0.3288	
103	MB20_R1	MB	POP2	0.3365	
99	MB21_R1	MB	POP2	0.2769	
102	MB22_R1	MB	POP2	0.3139	
104	MB24_R1	MB	POP2	0.3122	
98	MB25_R1	MB	POP2	0.2713	
101	MB4_R2	MB	POP2	0.2731	
100	MB6_R2	MB	POP2	0.2650	
92	QA2_R2	QA	POP2	0.0012	
91	QA4_R2	QA	POP2	0.0008	
90	QA5_R2	QA	POP2	0.0015	
93	QA6_R2	QA	POP2	0.0013	
94	QA7_R2	QA	POP2	0.0057	
89	QA8_R2	QA	POP2	0.0020	
88	QA9_R2	QA	POP2	0.0001	
95	QAY10_R3	QA	POP2	0.0013	
83	QB10_R2	QB	POP2	0.0103	
79	QB11_R2	QB	POP2	0.0020	
86	QB1_R2	QB	POP2	0.0084	
78	QB2_R2	QB	POP2	0.0012	
82	QB3_R2	QB	POP2	0.0012	
84	QB5_R2	QB	POP2	0.1582	
85	QB7_R2	QB	POP2	0.2594	
80	QB8_R2	QB	POP2	0.0015	
87	QB9_R2	QB	POP2	0.0061	
81	QBY6_R3	QB	POP2	0.0036	
73	QC10_R2	QC	POP2	0.0011	
67	QC11_R2	QC	POP2	0.0003	
76	QC1_R2	QC	POP2	0.0022	
71	QC2_R2	QC	POP2	0.0003	
70	QC3_R2	QC	POP2	0.0000	
69	QC4_R2	QC	POP2	0.0000	
77	QC5_R2	QC	POP2	0.0040	
74	QC6_R2	QC	POP2	0.0010	
72	QC7_R2	QC	POP2	0.0010	
75	QC8_R2	QC	POP2	0.0012	
68	QC9_R2	QC	POP2	0.0000	
59	RG13_R1	RG	POP2	0.0001	
62	RG14_R1	RG	POP2	0.0005	
57	RG15_R1	RG	POP2	0.0004	
61	RG17_R1	RG	POP2	0.0003	
58	RG19_R1	RG	POP2	0.0001	
63	RG20_R1	RG	POP2	0.0006	
66	RG22_R1	RG	POP2	0.0112	
56	RG23_R1	RG	POP2	0.0006	
64	RG24_R1	RG	POP2	0.0010	
65	RG25_R1	RG	POP2	0.0034	
60	RG2_R3	RG	POP2	0.0011	
50	RK11_R1	RK	POP2	0.0001	
51	RK13_R1	RK	POP2	0.0111	
48	RK14_R1	RK	POP2	0.0010	
45	RK15_R3	RK	POP2	0.0006	
55	RK16_R3	RK	POP2	0.2008	
53	RK17_R3	RK	POP2	0.0249	
49	RK18_R1	RK	POP2	0.0010	
46	RK2R_R1	RK	POP2	0.0004	
52	RK3_R1	RK	POP2	0.0000	
47	RK6_R1	RK	POP2	0.0001	
54	RK9_R1	RK	POP2	0.1326	
36	SB15_R3	SB	POP2	0.0009	
39	SB16_R1	SB	POP2	0.0017	
43	SB17_R3	SB	POP2	0.0609	
42	SB18_R3	SB	POP2	0.0024	
34	SB1R_R1	SB	POP2	0.0005	
41	SB24_R1	SB	POP2	0.0000	
35	SB3_R1	SB	POP2	0.0000	
38	SB4_R1	SB	POP2	0.0020	
44	SB6_R1	SB	POP2	0.1681	
40	SB8_R1	SB	POP2	0.0010	
37	SB9_R1	SB	POP2	0.0003	
23	TA13_R3	TA	POP2	0.1117	
29	TA14_R1	TA	POP2	0.4835	
33	TA15_R1	TA	POP2	0.9498	
26	TA16_R3	TA	POP2	0.2837	
24	TA17_R3	TA	POP2	0.1035	
28	TA18_R3	TA	POP2	0.4795	
32	TA1R_R1	TA	POP2	0.9498	
25	TA2_R1	TA	POP2	0.1478	
31	TA4_R1	TA	POP2	0.4387	
27	TA5_R1	TA	POP2	0.4654	
30	TA6_R1	TA	POP2	0.5140	
16	TB13_R3	TB	POP2	0.5055	
22	TB14_R3	TB	POP2	0.9495	
19	TB15_R3	TB	POP2	0.5015	
13	TB16_R3	TB	POP2	0.4995	
14	TB17_R3	TB	POP2	0.4694	
21	TB18_R3	TB	POP2	0.9499	
18	TB19_R3	TB	POP2	0.4899	
20	TB20_R3	TB	POP2	0.5078	
12	TB21_R3	TB	POP2	0.1171	
17	TB22_R3	TB	POP2	0.4360	
15	TB23_R3	TB	POP2	0.4727	
7	WC12_R3	WC	POP2	0.0128	
4	WC13_R3	WC	POP2	0.0028	
9	WC1_R3	WC	POP2	0.0083	
6	WC2_R3	WC	POP2	0.0026	
10	WC3_R3	WC	POP2	0.0414	
3	WC4_R3	WC	POP2	0.0012	
11	WC5_R3	WC	POP2	0.0336	
2	WC6_R3	WC	POP2	0.0078	
1	WC7_R3	WC	POP2	0.0004	
8	WC8_R3	WC	POP2	0.0044	
5	WC9_R3	WC	POP2	0.0032	
135	DH13_R1	DH	POP3	0.0000	
146	DH14_R1	DH	POP3	0.0166	
142	DH17_R1	DH	POP3	0.0061	
140	DH18_R1	DH	POP3	0.0010	
145	DH19_R1	DH	POP3	0.0373	
141	DH20_R1	DH	POP3	0.0013	
138	DH21_R1	DH	POP3	0.0010	
143	DH22_R3	DH	POP3	0.0012	
137	DH23_R1	DH	POP3	0.0011	
139	DH24_R1	DH	POP3	0.0010	
136	DH4_R3	DH	POP3	0.0004	
144	DH6_R3	DH	POP3	0.0057	
127	FD10_R2	FD	POP3	0.0024	
129	FD11_R2	FD	POP3	0.0019	
134	FD2_R2	FD	POP3	0.0009	
126	FD3_R2	FD	POP3	0.0009	
132	FD4_R2	FD	POP3	0.0059	
133	FD5_R2	FD	POP3	0.0010	
130	FD6_R2	FD	POP3	0.0025	
128	FD7_R2	FD	POP3	0.1226	
131	FD8_R2	FD	POP3	0.0019	
121	KA10_R2	KA	POP3	0.8632	
118	KA11_R3	KA	POP3	0.7784	
123	KA12_R3	KA	POP3	0.8902	
120	KA14_R2	KA	POP3	0.8473	
117	KA4_R2	KA	POP3	0.0895	
124	KA5_R3	KA	POP3	0.9016	
122	KA6_R3	KA	POP3	0.8638	
125	KA7_R2	KA	POP3	0.8996	
119	KA9_R2	KA	POP3	0.7993	
111	KB10_R3	KB	POP3	0.4391	
114	KB11_R2	KB	POP3	0.8628	
109	KB14_R3	KB	POP3	0.1091	
112	KB15_R2	KB	POP3	0.6847	
115	KB3_R3	KB	POP3	0.9006	
116	KB4_R2	KB	POP3	0.8938	
110	KB6_R2	KB	POP3	0.4345	
108	KB7_R3	KB	POP3	0.0784	
113	KB9_R2	KB	POP3	0.7835	
106	MB12_R1	MB	POP3	0.0010	
107	MB14_R1	MB	POP3	0.0016	
97	MB16_R1	MB	POP3	0.0015	
96	MB18_R1	MB	POP3	0.0009	
105	MB19_R1	MB	POP3	0.0037	
103	MB20_R1	MB	POP3	0.0008	
99	MB21_R1	MB	POP3	0.0009	
102	MB22_R1	MB	POP3	0.0088	
104	MB24_R1	MB	POP3	0.0017	
98	MB25_R1	MB	POP3	0.0229	
101	MB4_R2	MB	POP3	0.0031	
100	MB6_R2	MB	POP3	0.0080	
92	QA2_R2	QA	POP3	0.0103	
91	QA4_R2	QA	POP3	0.0060	
90	QA5_R2	QA	POP3	0.0012	
93	QA6_R2	QA	POP3	0.0107	
94	QA7_R2	QA	POP3	0.0118	
89	QA8_R2	QA	POP3	0.0009	
88	QA9_R2	QA	POP3	0.0012	
95	QAY10_R3	QA	POP3	0.0363	
83	QB10_R2	QB	POP3	0.0012	
79	QB11_R2	QB	POP3	0.0010	
86	QB1_R2	QB	POP3	0.8182	
78	QB2_R2	QB	POP3	0.0394	
82	QB3_R2	QB	POP3	0.0772	
84	QB5_R2	QB	POP3	0.0010	
85	QB7_R2	QB	POP3	0.0008	
80	QB8_R2	QB	POP3	0.0978	
87	QB9_R2	QB	POP3	0.9027	
81	QBY6_R3	QB	POP3	0.0033	
73	QC10_R2	QC	POP3	0.0011	
67	QC11_R2	QC	POP3	0.0000	
76	QC1_R2	QC	POP3	0.0023	
71	QC2_R2	QC	POP3	0.0010	
70	QC3_R2	QC	POP3	0.0000	
69	QC4_R2	QC	POP3	0.0000	
77	QC5_R2	QC	POP3	0.0011	
74	QC6_R2	QC	POP3	0.0010	
72	QC7_R2	QC	POP3	0.0009	
75	QC8_R2	QC	POP3	0.0035	
68	QC9_R2	QC	POP3	0.0000	
59	RG13_R1	RG	POP3	0.0000	
62	RG14_R1	RG	POP3	0.0009	
57	RG15_R1	RG	POP3	0.0001	
61	RG17_R1	RG	POP3	0.0010	
58	RG19_R1	RG	POP3	0.0011	
63	RG20_R1	RG	POP3	0.0011	
66	RG22_R1	RG	POP3	0.0002	
56	RG23_R1	RG	POP3	0.0000	
64	RG24_R1	RG	POP3	0.0009	
65	RG25_R1	RG	POP3	0.0001	
60	RG2_R3	RG	POP3	0.0009	
50	RK11_R1	RK	POP3	0.0010	
51	RK13_R1	RK	POP3	0.0025	
48	RK14_R1	RK	POP3	0.0000	
45	RK15_R3	RK	POP3	0.0010	
55	RK16_R3	RK	POP3	0.0060	
53	RK17_R3	RK	POP3	0.0010	
49	RK18_R1	RK	POP3	0.0000	
46	RK2R_R1	RK	POP3	0.0007	
52	RK3_R1	RK	POP3	0.0000	
47	RK6_R1	RK	POP3	0.0014	
54	RK9_R1	RK	POP3	0.0036	
36	SB15_R3	SB	POP3	0.0009	
39	SB16_R1	SB	POP3	0.0000	
43	SB17_R3	SB	POP3	0.0015	
42	SB18_R3	SB	POP3	0.0009	
34	SB1R_R1	SB	POP3	0.0021	
41	SB24_R1	SB	POP3	0.0000	
35	SB3_R1	SB	POP3	0.0000	
38	SB4_R1	SB	POP3	0.0010	
44	SB6_R1	SB	POP3	0.0033	
40	SB8_R1	SB	POP3	0.0000	
37	SB9_R1	SB	POP3	0.0000	
23	TA13_R3	TA	POP3	0.0011	
29	TA14_R1	TA	POP3	0.0010	
33	TA15_R1	TA	POP3	0.0000	
26	TA16_R3	TA	POP3	0.0010	
24	TA17_R3	TA	POP3	0.0010	
28	TA18_R3	TA	POP3	0.0026	
32	TA1R_R1	TA	POP3	0.0000	
25	TA2_R1	TA	POP3	0.0000	
31	TA4_R1	TA	POP3	0.0030	
27	TA5_R1	TA	POP3	0.0011	
30	TA6_R1	TA	POP3	0.0000	
16	TB13_R3	TB	POP3	0.0031	
22	TB14_R3	TB	POP3	0.0011	
19	TB15_R3	TB	POP3	0.0027	
13	TB16_R3	TB	POP3	0.0010	
14	TB17_R3	TB	POP3	0.0012	
21	TB18_R3	TB	POP3	0.0005	
18	TB19_R3	TB	POP3	0.0010	
20	TB20_R3	TB	POP3	0.0017	
12	TB21_R3	TB	POP3	0.0010	
17	TB22_R3	TB	POP3	0.0052	
15	TB23_R3	TB	POP3	0.0002	
7	WC12_R3	WC	POP3	0.0068	
4	WC13_R3	WC	POP3	0.0015	
9	WC1_R3	WC	POP3	0.0040	
6	WC2_R3	WC	POP3	0.0002	
10	WC3_R3	WC	POP3	0.0011	
3	WC4_R3	WC	POP3	0.0092	
11	WC5_R3	WC	POP3	0.0872	
2	WC6_R3	WC	POP3	0.0012	
1	WC7_R3	WC	POP3	0.0008	
8	WC8_R3	WC	POP3	0.0015	
5	WC9_R3	WC	POP3	0.0018	
135	DH13_R1	DH	POP4	0.0023	
146	DH14_R1	DH	POP4	0.0021	
142	DH17_R1	DH	POP4	0.0031	
140	DH18_R1	DH	POP4	0.0421	
145	DH19_R1	DH	POP4	0.0051	
141	DH20_R1	DH	POP4	0.0068	
138	DH21_R1	DH	POP4	0.0083	
143	DH22_R3	DH	POP4	0.0021	
137	DH23_R1	DH	POP4	0.0022	
139	DH24_R1	DH	POP4	0.0062	
136	DH4_R3	DH	POP4	0.0054	
144	DH6_R3	DH	POP4	0.0006	
127	FD10_R2	FD	POP4	0.0010	
129	FD11_R2	FD	POP4	0.0010	
134	FD2_R2	FD	POP4	0.0013	
126	FD3_R2	FD	POP4	0.0028	
132	FD4_R2	FD	POP4	0.0126	
133	FD5_R2	FD	POP4	0.0006	
130	FD6_R2	FD	POP4	0.0000	
128	FD7_R2	FD	POP4	0.0021	
131	FD8_R2	FD	POP4	0.0080	
121	KA10_R2	KA	POP4	0.0022	
118	KA11_R3	KA	POP4	0.0030	
123	KA12_R3	KA	POP4	0.0223	
120	KA14_R2	KA	POP4	0.0032	
117	KA4_R2	KA	POP4	0.0783	
124	KA5_R3	KA	POP4	0.0015	
122	KA6_R3	KA	POP4	0.0023	
125	KA7_R2	KA	POP4	0.0036	
119	KA9_R2	KA	POP4	0.0418	
111	KB10_R3	KB	POP4	0.0012	
114	KB11_R2	KB	POP4	0.0009	
109	KB14_R3	KB	POP4	0.0010	
112	KB15_R2	KB	POP4	0.0016	
115	KB3_R3	KB	POP4	0.0005	
116	KB4_R2	KB	POP4	0.0004	
110	KB6_R2	KB	POP4	0.0010	
108	KB7_R3	KB	POP4	0.0026	
113	KB9_R2	KB	POP4	0.0033	
106	MB12_R1	MB	POP4	0.0000	
107	MB14_R1	MB	POP4	0.0013	
97	MB16_R1	MB	POP4	0.0010	
96	MB18_R1	MB	POP4	0.0011	
105	MB19_R1	MB	POP4	0.0028	
103	MB20_R1	MB	POP4	0.0027	
99	MB21_R1	MB	POP4	0.0009	
102	MB22_R1	MB	POP4	0.0007	
104	MB24_R1	MB	POP4	0.0011	
98	MB25_R1	MB	POP4	0.0182	
101	MB4_R2	MB	POP4	0.0018	
100	MB6_R2	MB	POP4	0.0010	
92	QA2_R2	QA	POP4	0.0061	
91	QA4_R2	QA	POP4	0.0536	
90	QA5_R2	QA	POP4	0.0228	
93	QA6_R2	QA	POP4	0.0113	
94	QA7_R2	QA	POP4	0.0296	
89	QA8_R2	QA	POP4	0.0860	
88	QA9_R2	QA	POP4	0.0018	
95	QAY10_R3	QA	POP4	0.0017	
83	QB10_R2	QB	POP4	0.0010	
79	QB11_R2	QB	POP4	0.0015	
86	QB1_R2	QB	POP4	0.0020	
78	QB2_R2	QB	POP4	0.0078	
82	QB3_R2	QB	POP4	0.0012	
84	QB5_R2	QB	POP4	0.0026	
85	QB7_R2	QB	POP4	0.0160	
80	QB8_R2	QB	POP4	0.0009	
87	QB9_R2	QB	POP4	0.0042	
81	QBY6_R3	QB	POP4	0.0043	
73	QC10_R2	QC	POP4	0.0627	
67	QC11_R2	QC	POP4	0.0140	
76	QC1_R2	QC	POP4	0.0063	
71	QC2_R2	QC	POP4	0.0114	
70	QC3_R2	QC	POP4	1.0000	
69	QC4_R2	QC	POP4	1.0000	
77	QC5_R2	QC	POP4	0.0143	
74	QC6_R2	QC	POP4	0.0426	
72	QC7_R2	QC	POP4	0.0256	
75	QC8_R2	QC	POP4	0.0535	
68	QC9_R2	QC	POP4	1.0000	
59	RG13_R1	RG	POP4	0.0003	
62	RG14_R1	RG	POP4	0.0137	
57	RG15_R1	RG	POP4	0.0008	
61	RG17_R1	RG	POP4	0.0039	
58	RG19_R1	RG	POP4	0.0009	
63	RG20_R1	RG	POP4	0.0019	
66	RG22_R1	RG	POP4	0.0030	
56	RG23_R1	RG	POP4	0.0038	
64	RG24_R1	RG	POP4	0.0121	
65	RG25_R1	RG	POP4	0.0240	
60	RG2_R3	RG	POP4	0.0034	
50	RK11_R1	RK	POP4	0.0021	
51	RK13_R1	RK	POP4	0.0016	
48	RK14_R1	RK	POP4	0.0012	
45	RK15_R3	RK	POP4	0.0024	
55	RK16_R3	RK	POP4	0.0036	
53	RK17_R3	RK	POP4	0.0017	
49	RK18_R1	RK	POP4	0.0010	
46	RK2R_R1	RK	POP4	0.0018	
52	RK3_R1	RK	POP4	0.0000	
47	RK6_R1	RK	POP4	0.0000	
54	RK9_R1	RK	POP4	0.0010	
36	SB15_R3	SB	POP4	0.0016	
39	SB16_R1	SB	POP4	0.0010	
43	SB17_R3	SB	POP4	0.0040	
42	SB18_R3	SB	POP4	0.0009	
34	SB1R_R1	SB	POP4	0.0007	
41	SB24_R1	SB	POP4	0.0000	
35	SB3_R1	SB	POP4	0.0000	
38	SB4_R1	SB	POP4	0.0041	
44	SB6_R1	SB	POP4	0.0004	
40	SB8_R1	SB	POP4	0.0015	
37	SB9_R1	SB	POP4	0.0017	
23	TA13_R3	TA	POP4	0.0011	
29	TA14_R1	TA	POP4	0.0005	
33	TA15_R1	TA	POP4	0.0000	
26	TA16_R3	TA	POP4	0.0009	
24	TA17_R3	TA	POP4	0.0161	
28	TA18_R3	TA	POP4	0.0057	
32	TA1R_R1	TA	POP4	0.0000	
25	TA2_R1	TA	POP4	0.0040	
31	TA4_R1	TA	POP4	0.0001	
27	TA5_R1	TA	POP4	0.0013	
30	TA6_R1	TA	POP4	0.0010	
16	TB13_R3	TB	POP4	0.0097	
22	TB14_R3	TB	POP4	0.0000	
19	TB15_R3	TB	POP4	0.0011	
13	TB16_R3	TB	POP4	0.0088	
14	TB17_R3	TB	POP4	0.0013	
21	TB18_R3	TB	POP4	0.0000	
18	TB19_R3	TB	POP4	0.0009	
20	TB20_R3	TB	POP4	0.0009	
12	TB21_R3	TB	POP4	0.0019	
17	TB22_R3	TB	POP4	0.0001	
15	TB23_R3	TB	POP4	0.0044	
7	WC12_R3	WC	POP4	0.0120	
4	WC13_R3	WC	POP4	0.0032	
9	WC1_R3	WC	POP4	0.0024	
6	WC2_R3	WC	POP4	0.0018	
10	WC3_R3	WC	POP4	0.0034	
3	WC4_R3	WC	POP4	0.0618	
11	WC5_R3	WC	POP4	0.0012	
2	WC6_R3	WC	POP4	0.0041	
1	WC7_R3	WC	POP4	0.0257	
8	WC8_R3	WC	POP4	0.0040	
5	WC9_R3	WC	POP4	0.0016	
135	DH13_R1	DH	POP5	0.0048	
146	DH14_R1	DH	POP5	0.0144	
142	DH17_R1	DH	POP5	0.0010	
140	DH18_R1	DH	POP5	0.0027	
145	DH19_R1	DH	POP5	0.0026	
141	DH20_R1	DH	POP5	0.0065	
138	DH21_R1	DH	POP5	0.0025	
143	DH22_R3	DH	POP5	0.0030	
137	DH23_R1	DH	POP5	0.0031	
139	DH24_R1	DH	POP5	0.0017	
136	DH4_R3	DH	POP5	0.0020	
144	DH6_R3	DH	POP5	0.0010	
127	FD10_R2	FD	POP5	0.0012	
129	FD11_R2	FD	POP5	0.0018	
134	FD2_R2	FD	POP5	0.0204	
126	FD3_R2	FD	POP5	0.0046	
132	FD4_R2	FD	POP5	0.0021	
133	FD5_R2	FD	POP5	0.0005	
130	FD6_R2	FD	POP5	0.0194	
128	FD7_R2	FD	POP5	0.0018	
131	FD8_R2	FD	POP5	0.0015	
121	KA10_R2	KA	POP5	0.0010	
118	KA11_R3	KA	POP5	0.0035	
123	KA12_R3	KA	POP5	0.0009	
120	KA14_R2	KA	POP5	0.0284	
117	KA4_R2	KA	POP5	0.0771	
124	KA5_R3	KA	POP5	0.0011	
122	KA6_R3	KA	POP5	0.0119	
125	KA7_R2	KA	POP5	0.0045	
119	KA9_R2	KA	POP5	0.0001	
111	KB10_R3	KB	POP5	0.0010	
114	KB11_R2	KB	POP5	0.0016	
109	KB14_R3	KB	POP5	0.0018	
112	KB15_R2	KB	POP5	0.0010	
115	KB3_R3	KB	POP5	0.0004	
116	KB4_R2	KB	POP5	0.0033	
110	KB6_R2	KB	POP5	0.0626	
108	KB7_R3	KB	POP5	0.0013	
113	KB9_R2	KB	POP5	0.0012	
106	MB12_R1	MB	POP5	0.0642	
107	MB14_R1	MB	POP5	0.0139	
97	MB16_R1	MB	POP5	0.0019	
96	MB18_R1	MB	POP5	0.0087	
105	MB19_R1	MB	POP5	0.0010	
103	MB20_R1	MB	POP5	0.0309	
99	MB21_R1	MB	POP5	0.0031	
102	MB22_R1	MB	POP5	0.0018	
104	MB24_R1	MB	POP5	0.0222	
98	MB25_R1	MB	POP5	0.0042	
101	MB4_R2	MB	POP5	0.0062	
100	MB6_R2	MB	POP5	0.0049	
92	QA2_R2	QA	POP5	0.0126	
91	QA4_R2	QA	POP5	0.0063	
90	QA5_R2	QA	POP5	0.0009	
93	QA6_R2	QA	POP5	0.0341	
94	QA7_R2	QA	POP5	0.0026	
89	QA8_R2	QA	POP5	0.0013	
88	QA9_R2	QA	POP5	0.0014	
95	QAY10_R3	QA	POP5	0.0010	
83	QB10_R2	QB	POP5	0.0013	
79	QB11_R2	QB	POP5	0.0012	
86	QB1_R2	QB	POP5	0.0039	
78	QB2_R2	QB	POP5	0.0107	
82	QB3_R2	QB	POP5	0.0011	
84	QB5_R2	QB	POP5	0.0118	
85	QB7_R2	QB	POP5	0.0024	
80	QB8_R2	QB	POP5	0.0019	
87	QB9_R2	QB	POP5	0.0020	
81	QBY6_R3	QB	POP5	0.0010	
73	QC10_R2	QC	POP5	0.0011	
67	QC11_R2	QC	POP5	0.0083	
76	QC1_R2	QC	POP5	0.0010	
71	QC2_R2	QC	POP5	0.0018	
70	QC3_R2	QC	POP5	0.0000	
69	QC4_R2	QC	POP5	0.0000	
77	QC5_R2	QC	POP5	0.0042	
74	QC6_R2	QC	POP5	0.0012	
72	QC7_R2	QC	POP5	0.0036	
75	QC8_R2	QC	POP5	0.0109	
68	QC9_R2	QC	POP5	0.0000	
59	RG13_R1	RG	POP5	0.0005	
62	RG14_R1	RG	POP5	0.0010	
57	RG15_R1	RG	POP5	0.0035	
61	RG17_R1	RG	POP5	0.0010	
58	RG19_R1	RG	POP5	0.0019	
63	RG20_R1	RG	POP5	0.0022	
66	RG22_R1	RG	POP5	0.0010	
56	RG23_R1	RG	POP5	0.0021	
64	RG24_R1	RG	POP5	0.0368	
65	RG25_R1	RG	POP5	0.0110	
60	RG2_R3	RG	POP5	0.0012	
50	RK11_R1	RK	POP5	0.0018	
51	RK13_R1	RK	POP5	0.0091	
48	RK14_R1	RK	POP5	0.0017	
45	RK15_R3	RK	POP5	0.0008	
55	RK16_R3	RK	POP5	0.0062	
53	RK17_R3	RK	POP5	0.0026	
49	RK18_R1	RK	POP5	0.0013	
46	RK2R_R1	RK	POP5	0.0103	
52	RK3_R1	RK	POP5	1.0000	
47	RK6_R1	RK	POP5	0.0011	
54	RK9_R1	RK	POP5	0.0017	
36	SB15_R3	SB	POP5	0.0025	
39	SB16_R1	SB	POP5	0.0067	
43	SB17_R3	SB	POP5	0.0019	
42	SB18_R3	SB	POP5	0.0906	
34	SB1R_R1	SB	POP5	0.0076	
41	SB24_R1	SB	POP5	1.0000	
35	SB3_R1	SB	POP5	0.0000	
38	SB4_R1	SB	POP5	0.0467	
44	SB6_R1	SB	POP5	0.0009	
40	SB8_R1	SB	POP5	0.0010	
37	SB9_R1	SB	POP5	0.0065	
23	TA13_R3	TA	POP5	0.0045	
29	TA14_R1	TA	POP5	0.0121	
33	TA15_R1	TA	POP5	0.0000	
26	TA16_R3	TA	POP5	0.0005	
24	TA17_R3	TA	POP5	0.0031	
28	TA18_R3	TA	POP5	0.0007	
32	TA1R_R1	TA	POP5	0.0000	
25	TA2_R1	TA	POP5	0.0010	
31	TA4_R1	TA	POP5	0.0009	
27	TA5_R1	TA	POP5	0.0301	
30	TA6_R1	TA	POP5	0.0009	
16	TB13_R3	TB	POP5	0.0011	
22	TB14_R3	TB	POP5	0.0000	
19	TB15_R3	TB	POP5	0.0011	
13	TB16_R3	TB	POP5	0.0010	
14	TB17_R3	TB	POP5	0.0070	
21	TB18_R3	TB	POP5	0.0000	
18	TB19_R3	TB	POP5	0.0008	
20	TB20_R3	TB	POP5	0.0010	
12	TB21_R3	TB	POP5	0.0019	
17	TB22_R3	TB	POP5	0.0389	
15	TB23_R3	TB	POP5	0.0010	
7	WC12_R3	WC	POP5	0.0497	
4	WC13_R3	WC	POP5	0.0048	
9	WC1_R3	WC	POP5	0.0083	
6	WC2_R3	WC	POP5	0.0021	
10	WC3_R3	WC	POP5	0.0013	
3	WC4_R3	WC	POP5	0.0024	
11	WC5_R3	WC	POP5	0.0157	
2	WC6_R3	WC	POP5	0.0026	
1	WC7_R3	WC	POP5	0.0135	
8	WC8_R3	WC	POP5	0.0010	
5	WC9_R3	WC	POP5	0.0037	
135	DH13_R1	DH	POP6	0.0036	
146	DH14_R1	DH	POP6	0.0995	
142	DH17_R1	DH	POP6	0.0037	
140	DH18_R1	DH	POP6	0.0329	
145	DH19_R1	DH	POP6	0.0014	
141	DH20_R1	DH	POP6	0.0278	
138	DH21_R1	DH	POP6	0.0209	
143	DH22_R3	DH	POP6	0.0199	
137	DH23_R1	DH	POP6	0.0033	
139	DH24_R1	DH	POP6	0.0640	
136	DH4_R3	DH	POP6	0.0304	
144	DH6_R3	DH	POP6	0.1142	
127	FD10_R2	FD	POP6	0.1839	
129	FD11_R2	FD	POP6	0.1154	
134	FD2_R2	FD	POP6	0.0153	
126	FD3_R2	FD	POP6	0.7693	
132	FD4_R2	FD	POP6	0.0091	
133	FD5_R2	FD	POP6	0.0701	
130	FD6_R2	FD	POP6	0.0977	
128	FD7_R2	FD	POP6	0.0915	
131	FD8_R2	FD	POP6	0.0689	
121	KA10_R2	KA	POP6	0.0064	
118	KA11_R3	KA	POP6	0.0892	
123	KA12_R3	KA	POP6	0.0475	
120	KA14_R2	KA	POP6	0.0228	
117	KA4_R2	KA	POP6	0.3467	
124	KA5_R3	KA	POP6	0.0061	
122	KA6_R3	KA	POP6	0.0664	
125	KA7_R2	KA	POP6	0.0087	
119	KA9_R2	KA	POP6	0.0806	
111	KB10_R3	KB	POP6	0.2377	
114	KB11_R2	KB	POP6	0.1063	
109	KB14_R3	KB	POP6	0.4313	
112	KB15_R2	KB	POP6	0.0135	
115	KB3_R3	KB	POP6	0.0060	
116	KB4_R2	KB	POP6	0.0236	
110	KB6_R2	KB	POP6	0.2108	
108	KB7_R3	KB	POP6	0.3893	
113	KB9_R2	KB	POP6	0.0094	
106	MB12_R1	MB	POP6	0.0434	
107	MB14_R1	MB	POP6	0.0744	
97	MB16_R1	MB	POP6	0.2439	
96	MB18_R1	MB	POP6	0.5177	
105	MB19_R1	MB	POP6	0.1201	
103	MB20_R1	MB	POP6	0.0856	
99	MB21_R1	MB	POP6	0.2500	
102	MB22_R1	MB	POP6	0.1649	
104	MB24_R1	MB	POP6	0.0325	
98	MB25_R1	MB	POP6	0.0843	
101	MB4_R2	MB	POP6	0.2226	
100	MB6_R2	MB	POP6	0.1292	
92	QA2_R2	QA	POP6	0.0444	
91	QA4_R2	QA	POP6	0.0228	
90	QA5_R2	QA	POP6	0.0040	
93	QA6_R2	QA	POP6	0.0017	
94	QA7_R2	QA	POP6	0.0159	
89	QA8_R2	QA	POP6	0.0026	
88	QA9_R2	QA	POP6	0.0042	
95	QAY10_R3	QA	POP6	0.0192	
83	QB10_R2	QB	POP6	0.3676	
79	QB11_R2	QB	POP6	0.4491	
86	QB1_R2	QB	POP6	0.0021	
78	QB2_R2	QB	POP6	0.1070	
82	QB3_R2	QB	POP6	0.4147	
84	QB5_R2	QB	POP6	0.2864	
85	QB7_R2	QB	POP6	0.3171	
80	QB8_R2	QB	POP6	0.2429	
87	QB9_R2	QB	POP6	0.0038	
81	QBY6_R3	QB	POP6	0.3081	
73	QC10_R2	QC	POP6	0.0010	
67	QC11_R2	QC	POP6	0.0033	
76	QC1_R2	QC	POP6	0.0504	
71	QC2_R2	QC	POP6	0.0038	
70	QC3_R2	QC	POP6	0.0000	
69	QC4_R2	QC	POP6	0.0000	
77	QC5_R2	QC	POP6	0.0320	
74	QC6_R2	QC	POP6	0.0166	
72	QC7_R2	QC	POP6	0.0040	
75	QC8_R2	QC	POP6	0.0115	
68	QC9_R2	QC	POP6	0.0000	
59	RG13_R1	RG	POP6	0.0002	
62	RG14_R1	RG	POP6	0.0070	
57	RG15_R1	RG	POP6	0.0052	
61	RG17_R1	RG	POP6	0.0104	
58	RG19_R1	RG	POP6	0.0069	
63	RG20_R1	RG	POP6	0.0146	
66	RG22_R1	RG	POP6	0.0186	
56	RG23_R1	RG	POP6	0.0040	
64	RG24_R1	RG	POP6	0.0046	
65	RG25_R1	RG	POP6	0.0091	
60	RG2_R3	RG	POP6	0.0013	
50	RK11_R1	RK	POP6	0.0845	
51	RK13_R1	RK	POP6	0.2116	
48	RK14_R1	RK	POP6	0.0575	
45	RK15_R3	RK	POP6	0.0092	
55	RK16_R3	RK	POP6	0.0627	
53	RK17_R3	RK	POP6	0.5420	
49	RK18_R1	RK	POP6	0.0859	
46	RK2R_R1	RK	POP6	0.2510	
52	RK3_R1	RK	POP6	0.0000	
47	RK6_R1	RK	POP6	0.0006	
54	RK9_R1	RK	POP6	0.0222	
36	SB15_R3	SB	POP6	0.4522	
39	SB16_R1	SB	POP6	0.0671	
43	SB17_R3	SB	POP6	0.5263	
42	SB18_R3	SB	POP6	0.5036	
34	SB1R_R1	SB	POP6	0.0011	
41	SB24_R1	SB	POP6	0.0000	
35	SB3_R1	SB	POP6	0.0000	
38	SB4_R1	SB	POP6	0.3219	
44	SB6_R1	SB	POP6	0.0203	
40	SB8_R1	SB	POP6	0.0853	
37	SB9_R1	SB	POP6	0.0890	
23	TA13_R3	TA	POP6	0.6612	
29	TA14_R1	TA	POP6	0.0019	
33	TA15_R1	TA	POP6	0.0001	
26	TA16_R3	TA	POP6	0.3733	
24	TA17_R3	TA	POP6	0.6489	
28	TA18_R3	TA	POP6	0.0014	
32	TA1R_R1	TA	POP6	0.0000	
25	TA2_R1	TA	POP6	0.5920	
31	TA4_R1	TA	POP6	0.0009	
27	TA5_R1	TA	POP6	0.0013	
30	TA6_R1	TA	POP6	0.0010	
16	TB13_R3	TB	POP6	0.0027	
22	TB14_R3	TB	POP6	0.0000	
19	TB15_R3	TB	POP6	0.0020	
13	TB16_R3	TB	POP6	0.0065	
14	TB17_R3	TB	POP6	0.0198	
21	TB18_R3	TB	POP6	0.0000	
18	TB19_R3	TB	POP6	0.0028	
20	TB20_R3	TB	POP6	0.0014	
12	TB21_R3	TB	POP6	0.7549	
17	TB22_R3	TB	POP6	0.0021	
15	TB23_R3	TB	POP6	0.0253	
7	WC12_R3	WC	POP6	0.0323	
4	WC13_R3	WC	POP6	0.1736	
9	WC1_R3	WC	POP6	0.1389	
6	WC2_R3	WC	POP6	0.1468	
10	WC3_R3	WC	POP6	0.0247	
3	WC4_R3	WC	POP6	0.0261	
11	WC5_R3	WC	POP6	0.1492	
2	WC6_R3	WC	POP6	0.0851	
1	WC7_R3	WC	POP6	0.0129	
8	WC8_R3	WC	POP6	0.0349	
5	WC9_R3	WC	POP6	0.0979	
135	DH13_R1	DH	POP7	0.0015	
146	DH14_R1	DH	POP7	0.0008	
142	DH17_R1	DH	POP7	0.0009	
140	DH18_R1	DH	POP7	0.0010	
145	DH19_R1	DH	POP7	0.0005	
141	DH20_R1	DH	POP7	0.0083	
138	DH21_R1	DH	POP7	0.0013	
143	DH22_R3	DH	POP7	0.0035	
137	DH23_R1	DH	POP7	0.0025	
139	DH24_R1	DH	POP7	0.0015	
136	DH4_R3	DH	POP7	0.0003	
144	DH6_R3	DH	POP7	0.0018	
127	FD10_R2	FD	POP7	0.4641	
129	FD11_R2	FD	POP7	0.5017	
134	FD2_R2	FD	POP7	0.6066	
126	FD3_R2	FD	POP7	0.0916	
132	FD4_R2	FD	POP7	0.5431	
133	FD5_R2	FD	POP7	0.5213	
130	FD6_R2	FD	POP7	0.5143	
128	FD7_R2	FD	POP7	0.4833	
131	FD8_R2	FD	POP7	0.5794	
121	KA10_R2	KA	POP7	0.0010	
118	KA11_R3	KA	POP7	0.0032	
123	KA12_R3	KA	POP7	0.0020	
120	KA14_R2	KA	POP7	0.0513	
117	KA4_R2	KA	POP7	0.0010	
124	KA5_R3	KA	POP7	0.0010	
122	KA6_R3	KA	POP7	0.0019	
125	KA7_R2	KA	POP7	0.0026	
119	KA9_R2	KA	POP7	0.0010	
111	KB10_R3	KB	POP7	0.0001	
114	KB11_R2	KB	POP7	0.0010	
109	KB14_R3	KB	POP7	0.0011	
112	KB15_R2	KB	POP7	0.0036	
115	KB3_R3	KB	POP7	0.0010	
116	KB4_R2	KB	POP7	0.0244	
110	KB6_R2	KB	POP7	0.0010	
108	KB7_R3	KB	POP7	0.0005	
113	KB9_R2	KB	POP7	0.0028	
106	MB12_R1	MB	POP7	0.4923	
107	MB14_R1	MB	POP7	0.4432	
97	MB16_R1	MB	POP7	0.4361	
96	MB18_R1	MB	POP7	0.1647	
105	MB19_R1	MB	POP7	0.4923	
103	MB20_R1	MB	POP7	0.4760	
99	MB21_R1	MB	POP7	0.4550	
102	MB22_R1	MB	POP7	0.4764	
104	MB24_R1	MB	POP7	0.5297	
98	MB25_R1	MB	POP7	0.4789	
101	MB4_R2	MB	POP7	0.4810	
100	MB6_R2	MB	POP7	0.5181	
92	QA2_R2	QA	POP7	0.0012	
91	QA4_R2	QA	POP7	0.0018	
90	QA5_R2	QA	POP7	0.0023	
93	QA6_R2	QA	POP7	0.0009	
94	QA7_R2	QA	POP7	0.0029	
89	QA8_R2	QA	POP7	0.0010	
88	QA9_R2	QA	POP7	0.0008	
95	QAY10_R3	QA	POP7	0.0006	
83	QB10_R2	QB	POP7	0.1375	
79	QB11_R2	QB	POP7	0.0095	
86	QB1_R2	QB	POP7	0.0296	
78	QB2_R2	QB	POP7	0.0013	
82	QB3_R2	QB	POP7	0.0188	
84	QB5_R2	QB	POP7	0.3468	
85	QB7_R2	QB	POP7	0.3724	
80	QB8_R2	QB	POP7	0.0272	
87	QB9_R2	QB	POP7	0.0085	
81	QBY6_R3	QB	POP7	0.0867	
73	QC10_R2	QC	POP7	0.0008	
67	QC11_R2	QC	POP7	0.0009	
76	QC1_R2	QC	POP7	0.0010	
71	QC2_R2	QC	POP7	0.0008	
70	QC3_R2	QC	POP7	0.0000	
69	QC4_R2	QC	POP7	0.0000	
77	QC5_R2	QC	POP7	0.0020	
74	QC6_R2	QC	POP7	0.0022	
72	QC7_R2	QC	POP7	0.0011	
75	QC8_R2	QC	POP7	0.0009	
68	QC9_R2	QC	POP7	0.0000	
59	RG13_R1	RG	POP7	0.0000	
62	RG14_R1	RG	POP7	0.0009	
57	RG15_R1	RG	POP7	0.0009	
61	RG17_R1	RG	POP7	0.0009	
58	RG19_R1	RG	POP7	0.0002	
63	RG20_R1	RG	POP7	0.0064	
66	RG22_R1	RG	POP7	0.0012	
56	RG23_R1	RG	POP7	0.0004	
64	RG24_R1	RG	POP7	0.0060	
65	RG25_R1	RG	POP7	0.0016	
60	RG2_R3	RG	POP7	0.0004	
50	RK11_R1	RK	POP7	0.0023	
51	RK13_R1	RK	POP7	0.0029	
48	RK14_R1	RK	POP7	0.0010	
45	RK15_R3	RK	POP7	0.0007	
55	RK16_R3	RK	POP7	0.2224	
53	RK17_R3	RK	POP7	0.0979	
49	RK18_R1	RK	POP7	0.0004	
46	RK2R_R1	RK	POP7	0.0010	
52	RK3_R1	RK	POP7	0.0000	
47	RK6_R1	RK	POP7	0.0000	
54	RK9_R1	RK	POP7	0.1711	
36	SB15_R3	SB	POP7	0.0119	
39	SB16_R1	SB	POP7	0.0011	
43	SB17_R3	SB	POP7	0.0089	
42	SB18_R3	SB	POP7	0.0436	
34	SB1R_R1	SB	POP7	0.0007	
41	SB24_R1	SB	POP7	0.0000	
35	SB3_R1	SB	POP7	0.0000	
38	SB4_R1	SB	POP7	0.0019	
44	SB6_R1	SB	POP7	0.2145	
40	SB8_R1	SB	POP7	0.0010	
37	SB9_R1	SB	POP7	0.0012	
23	TA13_R3	TA	POP7	0.1697	
29	TA14_R1	TA	POP7	0.4965	
33	TA15_R1	TA	POP7	0.0499	
26	TA16_R3	TA	POP7	0.2786	
24	TA17_R3	TA	POP7	0.2054	
28	TA18_R3	TA	POP7	0.4986	
32	TA1R_R1	TA	POP7	0.0498	
25	TA2_R1	TA	POP7	0.1975	
31	TA4_R1	TA	POP7	0.5537	
27	TA5_R1	TA	POP7	0.4871	
30	TA6_R1	TA	POP7	0.4791	
16	TB13_R3	TB	POP7	0.4644	
22	TB14_R3	TB	POP7	0.0492	
19	TB15_R3	TB	POP7	0.4798	
13	TB16_R3	TB	POP7	0.4351	
14	TB17_R3	TB	POP7	0.4602	
21	TB18_R3	TB	POP7	0.0494	
18	TB19_R3	TB	POP7	0.4950	
20	TB20_R3	TB	POP7	0.4820	
12	TB21_R3	TB	POP7	0.0677	
17	TB22_R3	TB	POP7	0.5115	
15	TB23_R3	TB	POP7	0.4654	
7	WC12_R3	WC	POP7	0.0048	
4	WC13_R3	WC	POP7	0.0021	
9	WC1_R3	WC	POP7	0.0237	
6	WC2_R3	WC	POP7	0.0022	
10	WC3_R3	WC	POP7	0.0520	
3	WC4_R3	WC	POP7	0.0010	
11	WC5_R3	WC	POP7	0.0096	
2	WC6_R3	WC	POP7	0.0012	
1	WC7_R3	WC	POP7	0.0009	
8	WC8_R3	WC	POP7	0.0048	
5	WC9_R3	WC	POP7	0.0039	
135	DH13_R1	DH	POP8	0.0495	
146	DH14_R1	DH	POP8	0.0040	
142	DH17_R1	DH	POP8	0.0421	
140	DH18_R1	DH	POP8	0.0372	
145	DH19_R1	DH	POP8	0.0027	
141	DH20_R1	DH	POP8	0.0208	
138	DH21_R1	DH	POP8	0.0070	
143	DH22_R3	DH	POP8	0.0342	
137	DH23_R1	DH	POP8	0.0318	
139	DH24_R1	DH	POP8	0.0011	
136	DH4_R3	DH	POP8	0.0230	
144	DH6_R3	DH	POP8	0.0009	
127	FD10_R2	FD	POP8	0.0010	
129	FD11_R2	FD	POP8	0.0027	
134	FD2_R2	FD	POP8	0.0009	
126	FD3_R2	FD	POP8	0.0264	
132	FD4_R2	FD	POP8	0.0023	
133	FD5_R2	FD	POP8	0.0008	
130	FD6_R2	FD	POP8	0.0022	
128	FD7_R2	FD	POP8	0.0094	
131	FD8_R2	FD	POP8	0.0005	
121	KA10_R2	KA	POP8	0.0011	
118	KA11_R3	KA	POP8	0.0014	
123	KA12_R3	KA	POP8	0.0022	
120	KA14_R2	KA	POP8	0.0028	
117	KA4_R2	KA	POP8	0.0022	
124	KA5_R3	KA	POP8	0.0011	
122	KA6_R3	KA	POP8	0.0010	
125	KA7_R2	KA	POP8	0.0019	
119	KA9_R2	KA	POP8	0.0253	
111	KB10_R3	KB	POP8	0.0012	
114	KB11_R2	KB	POP8	0.0028	
109	KB14_R3	KB	POP8	0.0031	
112	KB15_R2	KB	POP8	0.0030	
115	KB3_R3	KB	POP8	0.0035	
116	KB4_R2	KB	POP8	0.0119	
110	KB6_R2	KB	POP8	0.0011	
108	KB7_R3	KB	POP8	0.0064	
113	KB9_R2	KB	POP8	0.0007	
106	MB12_R1	MB	POP8	0.0028	
107	MB14_R1	MB	POP8	0.0024	
97	MB16_R1	MB	POP8	0.0018	
96	MB18_R1	MB	POP8	0.0053	
105	MB19_R1	MB	POP8	0.0277	
103	MB20_R1	MB	POP8	0.0035	
99	MB21_R1	MB	POP8	0.0026	
102	MB22_R1	MB	POP8	0.0054	
104	MB24_R1	MB	POP8	0.0033	
98	MB25_R1	MB	POP8	0.0065	
101	MB4_R2	MB	POP8	0.0014	
100	MB6_R2	MB	POP8	0.0017	
92	QA2_R2	QA	POP8	0.0066	
91	QA4_R2	QA	POP8	0.0023	
90	QA5_R2	QA	POP8	0.0014	
93	QA6_R2	QA	POP8	0.0021	
94	QA7_R2	QA	POP8	0.0199	
89	QA8_R2	QA	POP8	0.0009	
88	QA9_R2	QA	POP8	0.0010	
95	QAY10_R3	QA	POP8	0.0099	
83	QB10_R2	QB	POP8	0.0070	
79	QB11_R2	QB	POP8	0.0251	
86	QB1_R2	QB	POP8	0.0028	
78	QB2_R2	QB	POP8	0.0366	
82	QB3_R2	QB	POP8	0.0660	
84	QB5_R2	QB	POP8	0.0200	
85	QB7_R2	QB	POP8	0.0011	
80	QB8_R2	QB	POP8	0.0014	
87	QB9_R2	QB	POP8	0.0010	
81	QBY6_R3	QB	POP8	0.0140	
73	QC10_R2	QC	POP8	0.0674	
67	QC11_R2	QC	POP8	0.0010	
76	QC1_R2	QC	POP8	0.0081	
71	QC2_R2	QC	POP8	0.0020	
70	QC3_R2	QC	POP8	0.0000	
69	QC4_R2	QC	POP8	0.0000	
77	QC5_R2	QC	POP8	0.0088	
74	QC6_R2	QC	POP8	0.0074	
72	QC7_R2	QC	POP8	0.0250	
75	QC8_R2	QC	POP8	0.0116	
68	QC9_R2	QC	POP8	0.0000	
59	RG13_R1	RG	POP8	0.0002	
62	RG14_R1	RG	POP8	0.0946	
57	RG15_R1	RG	POP8	0.0179	
61	RG17_R1	RG	POP8	0.0554	
58	RG19_R1	RG	POP8	0.0056	
63	RG20_R1	RG	POP8	0.0024	
66	RG22_R1	RG	POP8	0.0092	
56	RG23_R1	RG	POP8	0.0302	
64	RG24_R1	RG	POP8	0.0016	
65	RG25_R1	RG	POP8	0.0270	
60	RG2_R3	RG	POP8	0.0032	
50	RK11_R1	RK	POP8	0.0026	
51	RK13_R1	RK	POP8	0.0028	
48	RK14_R1	RK	POP8	0.0010	
45	RK15_R3	RK	POP8	0.0056	
55	RK16_R3	RK	POP8	0.0090	
53	RK17_R3	RK	POP8	0.1189	
49	RK18_R1	RK	POP8	0.0033	
46	RK2R_R1	RK	POP8	0.0039	
52	RK3_R1	RK	POP8	0.0000	
47	RK6_R1	RK	POP8	0.9946	
54	RK9_R1	RK	POP8	0.0012	
36	SB15_R3	SB	POP8	0.0916	
39	SB16_R1	SB	POP8	0.0040	
43	SB17_R3	SB	POP8	0.0348	
42	SB18_R3	SB	POP8	0.0321	
34	SB1R_R1	SB	POP8	0.0028	
41	SB24_R1	SB	POP8	0.0000	
35	SB3_R1	SB	POP8	0.9996	
38	SB4_R1	SB	POP8	0.0418	
44	SB6_R1	SB	POP8	0.0012	
40	SB8_R1	SB	POP8	0.0033	
37	SB9_R1	SB	POP8	0.0066	
23	TA13_R3	TA	POP8	0.0113	
29	TA14_R1	TA	POP8	0.0000	
33	TA15_R1	TA	POP8	0.0000	
26	TA16_R3	TA	POP8	0.0452	
24	TA17_R3	TA	POP8	0.0013	
28	TA18_R3	TA	POP8	0.0052	
32	TA1R_R1	TA	POP8	0.0000	
25	TA2_R1	TA	POP8	0.0036	
31	TA4_R1	TA	POP8	0.0001	
27	TA5_R1	TA	POP8	0.0061	
30	TA6_R1	TA	POP8	0.0009	
16	TB13_R3	TB	POP8	0.0069	
22	TB14_R3	TB	POP8	0.0001	
19	TB15_R3	TB	POP8	0.0010	
13	TB16_R3	TB	POP8	0.0345	
14	TB17_R3	TB	POP8	0.0025	
21	TB18_R3	TB	POP8	0.0000	
18	TB19_R3	TB	POP8	0.0022	
20	TB20_R3	TB	POP8	0.0012	
12	TB21_R3	TB	POP8	0.0010	
17	TB22_R3	TB	POP8	0.0012	
15	TB23_R3	TB	POP8	0.0031	
7	WC12_R3	WC	POP8	0.0082	
4	WC13_R3	WC	POP8	0.0010	
9	WC1_R3	WC	POP8	0.0025	
6	WC2_R3	WC	POP8	0.0048	
10	WC3_R3	WC	POP8	0.0104	
3	WC4_R3	WC	POP8	0.0101	
11	WC5_R3	WC	POP8	0.0010	
2	WC6_R3	WC	POP8	0.0093	
1	WC7_R3	WC	POP8	0.0698	
8	WC8_R3	WC	POP8	0.0010	
5	WC9_R3	WC	POP8	0.0015	
135	DH13_R1	DH	POP9	0.0939	
146	DH14_R1	DH	POP9	0.1018	
142	DH17_R1	DH	POP9	0.1044	
140	DH18_R1	DH	POP9	0.0784	
145	DH19_R1	DH	POP9	0.1087	
141	DH20_R1	DH	POP9	0.1385	
138	DH21_R1	DH	POP9	0.1266	
143	DH22_R3	DH	POP9	0.0776	
137	DH23_R1	DH	POP9	0.1092	
139	DH24_R1	DH	POP9	0.0770	
136	DH4_R3	DH	POP9	0.1232	
144	DH6_R3	DH	POP9	0.0363	
127	FD10_R2	FD	POP9	0.0073	
129	FD11_R2	FD	POP9	0.0192	
134	FD2_R2	FD	POP9	0.0031	
126	FD3_R2	FD	POP9	0.0039	
132	FD4_R2	FD	POP9	0.0139	
133	FD5_R2	FD	POP9	0.0027	
130	FD6_R2	FD	POP9	0.0081	
128	FD7_R2	FD	POP9	0.0130	
131	FD8_R2	FD	POP9	0.0019	
121	KA10_R2	KA	POP9	0.0070	
118	KA11_R3	KA	POP9	0.0286	
123	KA12_R3	KA	POP9	0.0061	
120	KA14_R2	KA	POP9	0.0187	
117	KA4_R2	KA	POP9	0.0858	
124	KA5_R3	KA	POP9	0.0357	
122	KA6_R3	KA	POP9	0.0162	
125	KA7_R2	KA	POP9	0.0167	
119	KA9_R2	KA	POP9	0.0309	
111	KB10_R3	KB	POP9	0.0892	
114	KB11_R2	KB	POP9	0.0091	
109	KB14_R3	KB	POP9	0.0808	
112	KB15_R2	KB	POP9	0.0595	
115	KB3_R3	KB	POP9	0.0108	
116	KB4_R2	KB	POP9	0.0142	
110	KB6_R2	KB	POP9	0.0216	
108	KB7_R3	KB	POP9	0.0878	
113	KB9_R2	KB	POP9	0.0192	
106	MB12_R1	MB	POP9	0.0038	
107	MB14_R1	MB	POP9	0.0131	
97	MB16_R1	MB	POP9	0.0035	
96	MB18_R1	MB	POP9	0.0069	
105	MB19_R1	MB	POP9	0.0021	
103	MB20_R1	MB	POP9	0.0093	
99	MB21_R1	MB	POP9	0.0024	
102	MB22_R1	MB	POP9	0.0027	
104	MB24_R1	MB	POP9	0.0211	
98	MB25_R1	MB	POP9	0.0031	
101	MB4_R2	MB	POP9	0.0034	
100	MB6_R2	MB	POP9	0.0134	
92	QA2_R2	QA	POP9	0.1348	
91	QA4_R2	QA	POP9	0.1436	
90	QA5_R2	QA	POP9	0.1601	
93	QA6_R2	QA	POP9	0.1635	
94	QA7_R2	QA	POP9	0.1778	
89	QA8_R2	QA	POP9	0.1400	
88	QA9_R2	QA	POP9	0.1763	
95	QAY10_R3	QA	POP9	0.1422	
83	QB10_R2	QB	POP9	0.0694	
79	QB11_R2	QB	POP9	0.0781	
86	QB1_R2	QB	POP9	0.0141	
78	QB2_R2	QB	POP9	0.1553	
82	QB3_R2	QB	POP9	0.0520	
84	QB5_R2	QB	POP9	0.0087	
85	QB7_R2	QB	POP9	0.0060	
80	QB8_R2	QB	POP9	0.0758	
87	QB9_R2	QB	POP9	0.0294	
81	QBY6_R3	QB	POP9	0.0500	
73	QC10_R2	QC	POP9	0.1120	
67	QC11_R2	QC	POP9	0.1414	
76	QC1_R2	QC	POP9	0.1378	
71	QC2_R2	QC	POP9	0.1614	
70	QC3_R2	QC	POP9	0.0000	
69	QC4_R2	QC	POP9	0.0000	
77	QC5_R2	QC	POP9	0.1201	
74	QC6_R2	QC	POP9	0.1354	
72	QC7_R2	QC	POP9	0.1153	
75	QC8_R2	QC	POP9	0.1248	
68	QC9_R2	QC	POP9	0.0000	
59	RG13_R1	RG	POP9	0.5997	
62	RG14_R1	RG	POP9	0.0986	
57	RG15_R1	RG	POP9	0.1097	
61	RG17_R1	RG	POP9	0.1382	
58	RG19_R1	RG	POP9	0.1403	
63	RG20_R1	RG	POP9	0.1193	
66	RG22_R1	RG	POP9	0.0792	
56	RG23_R1	RG	POP9	0.1284	
64	RG24_R1	RG	POP9	0.1129	
65	RG25_R1	RG	POP9	0.1110	
60	RG2_R3	RG	POP9	0.0999	
50	RK11_R1	RK	POP9	0.0194	
51	RK13_R1	RK	POP9	0.0259	
48	RK14_R1	RK	POP9	0.0354	
45	RK15_R3	RK	POP9	0.1025	
55	RK16_R3	RK	POP9	0.0240	
53	RK17_R3	RK	POP9	0.0093	
49	RK18_R1	RK	POP9	0.0101	
46	RK2R_R1	RK	POP9	0.0730	
52	RK3_R1	RK	POP9	0.0000	
47	RK6_R1	RK	POP9	0.0010	
54	RK9_R1	RK	POP9	0.0088	
36	SB15_R3	SB	POP9	0.0653	
39	SB16_R1	SB	POP9	0.0246	
43	SB17_R3	SB	POP9	0.0191	
42	SB18_R3	SB	POP9	0.0345	
34	SB1R_R1	SB	POP9	0.5952	
41	SB24_R1	SB	POP9	0.0000	
35	SB3_R1	SB	POP9	0.0000	
38	SB4_R1	SB	POP9	0.0130	
44	SB6_R1	SB	POP9	0.0023	
40	SB8_R1	SB	POP9	0.0102	
37	SB9_R1	SB	POP9	0.0265	
23	TA13_R3	TA	POP9	0.0029	
29	TA14_R1	TA	POP9	0.0011	
33	TA15_R1	TA	POP9	0.0000	
26	TA16_R3	TA	POP9	0.0032	
24	TA17_R3	TA	POP9	0.0017	
28	TA18_R3	TA	POP9	0.0010	
32	TA1R_R1	TA	POP9	0.0002	
25	TA2_R1	TA	POP9	0.0064	
31	TA4_R1	TA	POP9	0.0009	
27	TA5_R1	TA	POP9	0.0029	
30	TA6_R1	TA	POP9	0.0009	
16	TB13_R3	TB	POP9	0.0016	
22	TB14_R3	TB	POP9	0.0000	
19	TB15_R3	TB	POP9	0.0071	
13	TB16_R3	TB	POP9	0.0036	
14	TB17_R3	TB	POP9	0.0020	
21	TB18_R3	TB	POP9	0.0001	
18	TB19_R3	TB	POP9	0.0017	
20	TB20_R3	TB	POP9	0.0010	
12	TB21_R3	TB	POP9	0.0077	
17	TB22_R3	TB	POP9	0.0016	
15	TB23_R3	TB	POP9	0.0020	
7	WC12_R3	WC	POP9	0.1303	
4	WC13_R3	WC	POP9	0.0915	
9	WC1_R3	WC	POP9	0.0505	
6	WC2_R3	WC	POP9	0.0680	
10	WC3_R3	WC	POP9	0.1220	
3	WC4_R3	WC	POP9	0.1074	
11	WC5_R3	WC	POP9	0.0466	
2	WC6_R3	WC	POP9	0.1163	
1	WC7_R3	WC	POP9	0.1302	
8	WC8_R3	WC	POP9	0.0876	
5	WC9_R3	WC	POP9	0.1299	
