135	DH13_R1	DH	POP1	0.9852	
146	DH14_R1	DH	POP1	0.9555	
142	DH17_R1	DH	POP1	0.9854	
140	DH18_R1	DH	POP1	0.9532	
145	DH19_R1	DH	POP1	0.9601	
141	DH20_R1	DH	POP1	0.9775	
138	DH21_R1	DH	POP1	0.9833	
143	DH22_R3	DH	POP1	0.9844	
137	DH23_R1	DH	POP1	0.9849	
139	DH24_R1	DH	POP1	0.9831	
136	DH4_R3	DH	POP1	0.9850	
144	DH6_R3	DH	POP1	0.9821	
127	FD10_R2	FD	POP1	0.1851	
129	FD11_R2	FD	POP1	0.1679	
134	FD2_R2	FD	POP1	0.0107	
126	FD3_R2	FD	POP1	0.6713	
132	FD4_R2	FD	POP1	0.0488	
133	FD5_R2	FD	POP1	0.0733	
130	FD6_R2	FD	POP1	0.1147	
128	FD7_R2	FD	POP1	0.1403	
131	FD8_R2	FD	POP1	0.0515	
121	KA10_R2	KA	POP1	0.0329	
118	KA11_R3	KA	POP1	0.1184	
123	KA12_R3	KA	POP1	0.0111	
120	KA14_R2	KA	POP1	0.0165	
117	KA4_R2	KA	POP1	0.6438	
124	KA5_R3	KA	POP1	0.0143	
122	KA6_R3	KA	POP1	0.0204	
125	KA7_R2	KA	POP1	0.0102	
119	KA9_R2	KA	POP1	0.0632	
111	KB10_R3	KB	POP1	0.4688	
114	KB11_R2	KB	POP1	0.0187	
109	KB14_R3	KB	POP1	0.7512	
112	KB15_R2	KB	POP1	0.2373	
115	KB3_R3	KB	POP1	0.0200	
116	KB4_R2	KB	POP1	0.0061	
110	KB6_R2	KB	POP1	0.4193	
108	KB7_R3	KB	POP1	0.8133	
113	KB9_R2	KB	POP1	0.1412	
106	MB12_R1	MB	POP1	0.1101	
107	MB14_R1	MB	POP1	0.0961	
97	MB16_R1	MB	POP1	0.2804	
96	MB18_R1	MB	POP1	0.6054	
105	MB19_R1	MB	POP1	0.1685	
103	MB20_R1	MB	POP1	0.1541	
99	MB21_R1	MB	POP1	0.2154	
102	MB22_R1	MB	POP1	0.1945	
104	MB24_R1	MB	POP1	0.1487	
98	MB25_R1	MB	POP1	0.2047	
101	MB4_R2	MB	POP1	0.1871	
100	MB6_R2	MB	POP1	0.2104	
92	QA2_R2	QA	POP1	0.9569	
91	QA4_R2	QA	POP1	0.9149	
90	QA5_R2	QA	POP1	0.9531	
93	QA6_R2	QA	POP1	0.9305	
94	QA7_R2	QA	POP1	0.9248	
89	QA8_R2	QA	POP1	0.8912	
88	QA9_R2	QA	POP1	0.9861	
95	QAY10_R3	QA	POP1	0.9578	
83	QB10_R2	QB	POP1	0.7789	
79	QB11_R2	QB	POP1	0.8961	
86	QB1_R2	QB	POP1	0.0785	
78	QB2_R2	QB	POP1	0.8735	
82	QB3_R2	QB	POP1	0.7763	
84	QB5_R2	QB	POP1	0.4244	
85	QB7_R2	QB	POP1	0.3132	
80	QB8_R2	QB	POP1	0.8226	
87	QB9_R2	QB	POP1	0.0044	
81	QBY6_R3	QB	POP1	0.8184	
73	QC10_R2	QC	POP1	0.9232	
67	QC11_R2	QC	POP1	0.9681	
76	QC1_R2	QC	POP1	0.9723	
71	QC2_R2	QC	POP1	0.9643	
70	QC3_R2	QC	POP1	0.0000	
69	QC4_R2	QC	POP1	0.0000	
77	QC5_R2	QC	POP1	0.9671	
74	QC6_R2	QC	POP1	0.9461	
72	QC7_R2	QC	POP1	0.9498	
75	QC8_R2	QC	POP1	0.9211	
68	QC9_R2	QC	POP1	0.0000	
59	RG13_R1	RG	POP1	0.9890	
62	RG14_R1	RG	POP1	0.9812	
57	RG15_R1	RG	POP1	0.9884	
61	RG17_R1	RG	POP1	0.9876	
58	RG19_R1	RG	POP1	0.9891	
63	RG20_R1	RG	POP1	0.9874	
66	RG22_R1	RG	POP1	0.9818	
56	RG23_R1	RG	POP1	0.9874	
64	RG24_R1	RG	POP1	0.9610	
65	RG25_R1	RG	POP1	0.9578	
60	RG2_R3	RG	POP1	0.9846	
50	RK11_R1	RK	POP1	0.8102	
51	RK13_R1	RK	POP1	0.8057	
48	RK14_R1	RK	POP1	0.8687	
45	RK15_R3	RK	POP1	0.9877	
55	RK16_R3	RK	POP1	0.5346	
53	RK17_R3	RK	POP1	0.7228	
49	RK18_R1	RK	POP1	0.8538	
46	RK2R_R1	RK	POP1	0.9607	
52	RK3_R1	RK	POP1	0.0000	
47	RK6_R1	RK	POP1	0.8446	
54	RK9_R1	RK	POP1	0.5526	
36	SB15_R3	SB	POP1	0.8978	
39	SB16_R1	SB	POP1	0.8123	
43	SB17_R3	SB	POP1	0.7819	
42	SB18_R3	SB	POP1	0.7404	
34	SB1R_R1	SB	POP1	0.9769	
41	SB24_R1	SB	POP1	0.0000	
35	SB3_R1	SB	POP1	0.8829	
38	SB4_R1	SB	POP1	0.8008	
44	SB6_R1	SB	POP1	0.4691	
40	SB8_R1	SB	POP1	0.8344	
37	SB9_R1	SB	POP1	0.8184	
23	TA13_R3	TA	POP1	0.5615	
29	TA14_R1	TA	POP1	0.0036	
33	TA15_R1	TA	POP1	0.0001	
26	TA16_R3	TA	POP1	0.3549	
24	TA17_R3	TA	POP1	0.4967	
28	TA18_R3	TA	POP1	0.0039	
32	TA1R_R1	TA	POP1	0.0004	
25	TA2_R1	TA	POP1	0.5332	
31	TA4_R1	TA	POP1	0.0010	
27	TA5_R1	TA	POP1	0.0072	
30	TA6_R1	TA	POP1	0.0011	
16	TB13_R3	TB	POP1	0.0065	
22	TB14_R3	TB	POP1	0.0005	
19	TB15_R3	TB	POP1	0.0040	
13	TB16_R3	TB	POP1	0.0429	
14	TB17_R3	TB	POP1	0.0361	
21	TB18_R3	TB	POP1	0.0005	
18	TB19_R3	TB	POP1	0.0073	
20	TB20_R3	TB	POP1	0.0012	
12	TB21_R3	TB	POP1	0.6279	
17	TB22_R3	TB	POP1	0.0032	
15	TB23_R3	TB	POP1	0.0285	
7	WC12_R3	WC	POP1	0.9060	
4	WC13_R3	WC	POP1	0.9627	
9	WC1_R3	WC	POP1	0.9113	
6	WC2_R3	WC	POP1	0.9615	
10	WC3_R3	WC	POP1	0.8922	
3	WC4_R3	WC	POP1	0.9254	
11	WC5_R3	WC	POP1	0.7983	
2	WC6_R3	WC	POP1	0.9837	
1	WC7_R3	WC	POP1	0.9582	
8	WC8_R3	WC	POP1	0.9482	
5	WC9_R3	WC	POP1	0.9739	
135	DH13_R1	DH	POP2	0.0010	
146	DH14_R1	DH	POP2	0.0011	
142	DH17_R1	DH	POP2	0.0010	
140	DH18_R1	DH	POP2	0.0013	
145	DH19_R1	DH	POP2	0.0009	
141	DH20_R1	DH	POP2	0.0016	
138	DH21_R1	DH	POP2	0.0009	
143	DH22_R3	DH	POP2	0.0029	
137	DH23_R1	DH	POP2	0.0009	
139	DH24_R1	DH	POP2	0.0010	
136	DH4_R3	DH	POP2	0.0010	
144	DH6_R3	DH	POP2	0.0026	
127	FD10_R2	FD	POP2	0.8067	
129	FD11_R2	FD	POP2	0.8268	
134	FD2_R2	FD	POP2	0.9450	
126	FD3_R2	FD	POP2	0.2755	
132	FD4_R2	FD	POP2	0.9289	
133	FD5_R2	FD	POP2	0.9236	
130	FD6_R2	FD	POP2	0.8524	
128	FD7_R2	FD	POP2	0.7163	
131	FD8_R2	FD	POP2	0.9211	
121	KA10_R2	KA	POP2	0.0010	
118	KA11_R3	KA	POP2	0.0159	
123	KA12_R3	KA	POP2	0.0018	
120	KA14_R2	KA	POP2	0.0091	
117	KA4_R2	KA	POP2	0.0062	
124	KA5_R3	KA	POP2	0.0001	
122	KA6_R3	KA	POP2	0.0010	
125	KA7_R2	KA	POP2	0.0010	
119	KA9_R2	KA	POP2	0.0010	
111	KB10_R3	KB	POP2	0.0003	
114	KB11_R2	KB	POP2	0.0020	
109	KB14_R3	KB	POP2	0.0476	
112	KB15_R2	KB	POP2	0.0010	
115	KB3_R3	KB	POP2	0.0009	
116	KB4_R2	KB	POP2	0.0042	
110	KB6_R2	KB	POP2	0.0022	
108	KB7_R3	KB	POP2	0.0026	
113	KB9_R2	KB	POP2	0.0010	
106	MB12_R1	MB	POP2	0.8217	
107	MB14_R1	MB	POP2	0.8746	
97	MB16_R1	MB	POP2	0.7129	
96	MB18_R1	MB	POP2	0.3265	
105	MB19_R1	MB	POP2	0.8225	
103	MB20_R1	MB	POP2	0.8021	
99	MB21_R1	MB	POP2	0.7686	
102	MB22_R1	MB	POP2	0.7920	
104	MB24_R1	MB	POP2	0.8158	
98	MB25_R1	MB	POP2	0.7403	
101	MB4_R2	MB	POP2	0.7722	
100	MB6_R2	MB	POP2	0.7723	
92	QA2_R2	QA	POP2	0.0015	
91	QA4_R2	QA	POP2	0.0010	
90	QA5_R2	QA	POP2	0.0010	
93	QA6_R2	QA	POP2	0.0010	
94	QA7_R2	QA	POP2	0.0032	
89	QA8_R2	QA	POP2	0.0012	
88	QA9_R2	QA	POP2	0.0002	
95	QAY10_R3	QA	POP2	0.0010	
83	QB10_R2	QB	POP2	0.2105	
79	QB11_R2	QB	POP2	0.0878	
86	QB1_R2	QB	POP2	0.0156	
78	QB2_R2	QB	POP2	0.0025	
82	QB3_R2	QB	POP2	0.0931	
84	QB5_R2	QB	POP2	0.5237	
85	QB7_R2	QB	POP2	0.6666	
80	QB8_R2	QB	POP2	0.0387	
87	QB9_R2	QB	POP2	0.0023	
81	QBY6_R3	QB	POP2	0.1533	
73	QC10_R2	QC	POP2	0.0010	
67	QC11_R2	QC	POP2	0.0005	
76	QC1_R2	QC	POP2	0.0021	
71	QC2_R2	QC	POP2	0.0003	
70	QC3_R2	QC	POP2	0.0000	
69	QC4_R2	QC	POP2	0.0000	
77	QC5_R2	QC	POP2	0.0030	
74	QC6_R2	QC	POP2	0.0019	
72	QC7_R2	QC	POP2	0.0010	
75	QC8_R2	QC	POP2	0.0010	
68	QC9_R2	QC	POP2	0.0000	
59	RG13_R1	RG	POP2	0.0001	
62	RG14_R1	RG	POP2	0.0010	
57	RG15_R1	RG	POP2	0.0008	
61	RG17_R1	RG	POP2	0.0004	
58	RG19_R1	RG	POP2	0.0000	
63	RG20_R1	RG	POP2	0.0010	
66	RG22_R1	RG	POP2	0.0071	
56	RG23_R1	RG	POP2	0.0003	
64	RG24_R1	RG	POP2	0.0017	
65	RG25_R1	RG	POP2	0.0030	
60	RG2_R3	RG	POP2	0.0009	
50	RK11_R1	RK	POP2	0.0996	
51	RK13_R1	RK	POP2	0.1162	
48	RK14_R1	RK	POP2	0.0831	
45	RK15_R3	RK	POP2	0.0006	
55	RK16_R3	RK	POP2	0.4391	
53	RK17_R3	RK	POP2	0.2271	
49	RK18_R1	RK	POP2	0.1057	
46	RK2R_R1	RK	POP2	0.0011	
52	RK3_R1	RK	POP2	0.0000	
47	RK6_R1	RK	POP2	0.0010	
54	RK9_R1	RK	POP2	0.3845	
36	SB15_R3	SB	POP2	0.0852	
39	SB16_R1	SB	POP2	0.1112	
43	SB17_R3	SB	POP2	0.1867	
42	SB18_R3	SB	POP2	0.1374	
34	SB1R_R1	SB	POP2	0.0011	
41	SB24_R1	SB	POP2	0.0000	
35	SB3_R1	SB	POP2	0.0011	
38	SB4_R1	SB	POP2	0.0872	
44	SB6_R1	SB	POP2	0.4683	
40	SB8_R1	SB	POP2	0.1258	
37	SB9_R1	SB	POP2	0.0854	
23	TA13_R3	TA	POP2	0.4002	
29	TA14_R1	TA	POP2	0.9801	
33	TA15_R1	TA	POP2	0.9997	
26	TA16_R3	TA	POP2	0.6391	
24	TA17_R3	TA	POP2	0.4250	
28	TA18_R3	TA	POP2	0.9859	
32	TA1R_R1	TA	POP2	0.9996	
25	TA2_R1	TA	POP2	0.4565	
31	TA4_R1	TA	POP2	0.9954	
27	TA5_R1	TA	POP2	0.9533	
30	TA6_R1	TA	POP2	0.9969	
16	TB13_R3	TB	POP2	0.9779	
22	TB14_R3	TB	POP2	0.9974	
19	TB15_R3	TB	POP2	0.9914	
13	TB16_R3	TB	POP2	0.9449	
14	TB17_R3	TB	POP2	0.9484	
21	TB18_R3	TB	POP2	0.9984	
18	TB19_R3	TB	POP2	0.9895	
20	TB20_R3	TB	POP2	0.9958	
12	TB21_R3	TB	POP2	0.3355	
17	TB22_R3	TB	POP2	0.9476	
15	TB23_R3	TB	POP2	0.9607	
7	WC12_R3	WC	POP2	0.0182	
4	WC13_R3	WC	POP2	0.0126	
9	WC1_R3	WC	POP2	0.0664	
6	WC2_R3	WC	POP2	0.0260	
10	WC3_R3	WC	POP2	0.0935	
3	WC4_R3	WC	POP2	0.0010	
11	WC5_R3	WC	POP2	0.0766	
2	WC6_R3	WC	POP2	0.0010	
1	WC7_R3	WC	POP2	0.0008	
8	WC8_R3	WC	POP2	0.0350	
5	WC9_R3	WC	POP2	0.0107	
135	DH13_R1	DH	POP3	0.0000	
146	DH14_R1	DH	POP3	0.0187	
142	DH17_R1	DH	POP3	0.0021	
140	DH18_R1	DH	POP3	0.0010	
145	DH19_R1	DH	POP3	0.0239	
141	DH20_R1	DH	POP3	0.0010	
138	DH21_R1	DH	POP3	0.0008	
143	DH22_R3	DH	POP3	0.0010	
137	DH23_R1	DH	POP3	0.0010	
139	DH24_R1	DH	POP3	0.0010	
136	DH4_R3	DH	POP3	0.0002	
144	DH6_R3	DH	POP3	0.0062	
127	FD10_R2	FD	POP3	0.0048	
129	FD11_R2	FD	POP3	0.0025	
134	FD2_R2	FD	POP3	0.0010	
126	FD3_R2	FD	POP3	0.0037	
132	FD4_R2	FD	POP3	0.0050	
133	FD5_R2	FD	POP3	0.0010	
130	FD6_R2	FD	POP3	0.0035	
128	FD7_R2	FD	POP3	0.1388	
131	FD8_R2	FD	POP3	0.0028	
121	KA10_R2	KA	POP3	0.9611	
118	KA11_R3	KA	POP3	0.8587	
123	KA12_R3	KA	POP3	0.9742	
120	KA14_R2	KA	POP3	0.9411	
117	KA4_R2	KA	POP3	0.1558	
124	KA5_R3	KA	POP3	0.9825	
122	KA6_R3	KA	POP3	0.9676	
125	KA7_R2	KA	POP3	0.9832	
119	KA9_R2	KA	POP3	0.8967	
111	KB10_R3	KB	POP3	0.5248	
114	KB11_R2	KB	POP3	0.9731	
109	KB14_R3	KB	POP3	0.1881	
112	KB15_R2	KB	POP3	0.7568	
115	KB3_R3	KB	POP3	0.9775	
116	KB4_R2	KB	POP3	0.9859	
110	KB6_R2	KB	POP3	0.5029	
108	KB7_R3	KB	POP3	0.1647	
113	KB9_R2	KB	POP3	0.8522	
106	MB12_R1	MB	POP3	0.0010	
107	MB14_R1	MB	POP3	0.0018	
97	MB16_R1	MB	POP3	0.0021	
96	MB18_R1	MB	POP3	0.0020	
105	MB19_R1	MB	POP3	0.0037	
103	MB20_R1	MB	POP3	0.0009	
99	MB21_R1	MB	POP3	0.0011	
102	MB22_R1	MB	POP3	0.0107	
104	MB24_R1	MB	POP3	0.0016	
98	MB25_R1	MB	POP3	0.0274	
101	MB4_R2	MB	POP3	0.0135	
100	MB6_R2	MB	POP3	0.0081	
92	QA2_R2	QA	POP3	0.0117	
91	QA4_R2	QA	POP3	0.0069	
90	QA5_R2	QA	POP3	0.0015	
93	QA6_R2	QA	POP3	0.0144	
94	QA7_R2	QA	POP3	0.0226	
89	QA8_R2	QA	POP3	0.0010	
88	QA9_R2	QA	POP3	0.0011	
95	QAY10_R3	QA	POP3	0.0303	
83	QB10_R2	QB	POP3	0.0022	
79	QB11_R2	QB	POP3	0.0028	
86	QB1_R2	QB	POP3	0.8990	
78	QB2_R2	QB	POP3	0.0828	
82	QB3_R2	QB	POP3	0.1223	
84	QB5_R2	QB	POP3	0.0014	
85	QB7_R2	QB	POP3	0.0010	
80	QB8_R2	QB	POP3	0.1293	
87	QB9_R2	QB	POP3	0.9884	
81	QBY6_R3	QB	POP3	0.0131	
73	QC10_R2	QC	POP3	0.0012	
67	QC11_R2	QC	POP3	0.0000	
76	QC1_R2	QC	POP3	0.0025	
71	QC2_R2	QC	POP3	0.0010	
70	QC3_R2	QC	POP3	0.0000	
69	QC4_R2	QC	POP3	0.0000	
77	QC5_R2	QC	POP3	0.0013	
74	QC6_R2	QC	POP3	0.0011	
72	QC7_R2	QC	POP3	0.0010	
75	QC8_R2	QC	POP3	0.0029	
68	QC9_R2	QC	POP3	0.0000	
59	RG13_R1	RG	POP3	0.0000	
62	RG14_R1	RG	POP3	0.0010	
57	RG15_R1	RG	POP3	0.0000	
61	RG17_R1	RG	POP3	0.0009	
58	RG19_R1	RG	POP3	0.0009	
63	RG20_R1	RG	POP3	0.0010	
66	RG22_R1	RG	POP3	0.0000	
56	RG23_R1	RG	POP3	0.0000	
64	RG24_R1	RG	POP3	0.0010	
65	RG25_R1	RG	POP3	0.0000	
60	RG2_R3	RG	POP3	0.0010	
50	RK11_R1	RK	POP3	0.0068	
51	RK13_R1	RK	POP3	0.0152	
48	RK14_R1	RK	POP3	0.0007	
45	RK15_R3	RK	POP3	0.0009	
55	RK16_R3	RK	POP3	0.0060	
53	RK17_R3	RK	POP3	0.0027	
49	RK18_R1	RK	POP3	0.0012	
46	RK2R_R1	RK	POP3	0.0010	
52	RK3_R1	RK	POP3	0.0000	
47	RK6_R1	RK	POP3	0.0388	
54	RK9_R1	RK	POP3	0.0526	
36	SB15_R3	SB	POP3	0.0014	
39	SB16_R1	SB	POP3	0.0010	
43	SB17_R3	SB	POP3	0.0133	
42	SB18_R3	SB	POP3	0.0018	
34	SB1R_R1	SB	POP3	0.0020	
41	SB24_R1	SB	POP3	0.0000	
35	SB3_R1	SB	POP3	0.0017	
38	SB4_R1	SB	POP3	0.0052	
44	SB6_R1	SB	POP3	0.0566	
40	SB8_R1	SB	POP3	0.0011	
37	SB9_R1	SB	POP3	0.0010	
23	TA13_R3	TA	POP3	0.0048	
29	TA14_R1	TA	POP3	0.0010	
33	TA15_R1	TA	POP3	0.0000	
26	TA16_R3	TA	POP3	0.0027	
24	TA17_R3	TA	POP3	0.0050	
28	TA18_R3	TA	POP3	0.0020	
32	TA1R_R1	TA	POP3	0.0000	
25	TA2_R1	TA	POP3	0.0010	
31	TA4_R1	TA	POP3	0.0021	
27	TA5_R1	TA	POP3	0.0011	
30	TA6_R1	TA	POP3	0.0000	
16	TB13_R3	TB	POP3	0.0020	
22	TB14_R3	TB	POP3	0.0019	
19	TB15_R3	TB	POP3	0.0023	
13	TB16_R3	TB	POP3	0.0010	
14	TB17_R3	TB	POP3	0.0015	
21	TB18_R3	TB	POP3	0.0011	
18	TB19_R3	TB	POP3	0.0010	
20	TB20_R3	TB	POP3	0.0010	
12	TB21_R3	TB	POP3	0.0071	
17	TB22_R3	TB	POP3	0.0041	
15	TB23_R3	TB	POP3	0.0005	
7	WC12_R3	WC	POP3	0.0056	
4	WC13_R3	WC	POP3	0.0042	
9	WC1_R3	WC	POP3	0.0036	
6	WC2_R3	WC	POP3	0.0008	
10	WC3_R3	WC	POP3	0.0012	
3	WC4_R3	WC	POP3	0.0055	
11	WC5_R3	WC	POP3	0.0978	
2	WC6_R3	WC	POP3	0.0011	
1	WC7_R3	WC	POP3	0.0009	
8	WC8_R3	WC	POP3	0.0023	
5	WC9_R3	WC	POP3	0.0022	
135	DH13_R1	DH	POP4	0.0103	
146	DH14_R1	DH	POP4	0.0095	
142	DH17_R1	DH	POP4	0.0104	
140	DH18_R1	DH	POP4	0.0421	
145	DH19_R1	DH	POP4	0.0126	
141	DH20_R1	DH	POP4	0.0119	
138	DH21_R1	DH	POP4	0.0130	
143	DH22_R3	DH	POP4	0.0096	
137	DH23_R1	DH	POP4	0.0105	
139	DH24_R1	DH	POP4	0.0128	
136	DH4_R3	DH	POP4	0.0120	
144	DH6_R3	DH	POP4	0.0080	
127	FD10_R2	FD	POP4	0.0011	
129	FD11_R2	FD	POP4	0.0010	
134	FD2_R2	FD	POP4	0.0022	
126	FD3_R2	FD	POP4	0.0058	
132	FD4_R2	FD	POP4	0.0154	
133	FD5_R2	FD	POP4	0.0010	
130	FD6_R2	FD	POP4	0.0001	
128	FD7_R2	FD	POP4	0.0023	
131	FD8_R2	FD	POP4	0.0221	
121	KA10_R2	KA	POP4	0.0039	
118	KA11_R3	KA	POP4	0.0043	
123	KA12_R3	KA	POP4	0.0119	
120	KA14_R2	KA	POP4	0.0038	
117	KA4_R2	KA	POP4	0.0883	
124	KA5_R3	KA	POP4	0.0021	
122	KA6_R3	KA	POP4	0.0033	
125	KA7_R2	KA	POP4	0.0031	
119	KA9_R2	KA	POP4	0.0382	
111	KB10_R3	KB	POP4	0.0050	
114	KB11_R2	KB	POP4	0.0011	
109	KB14_R3	KB	POP4	0.0054	
112	KB15_R2	KB	POP4	0.0039	
115	KB3_R3	KB	POP4	0.0010	
116	KB4_R2	KB	POP4	0.0004	
110	KB6_R2	KB	POP4	0.0038	
108	KB7_R3	KB	POP4	0.0108	
113	KB9_R2	KB	POP4	0.0046	
106	MB12_R1	MB	POP4	0.0001	
107	MB14_R1	MB	POP4	0.0014	
97	MB16_R1	MB	POP4	0.0014	
96	MB18_R1	MB	POP4	0.0036	
105	MB19_R1	MB	POP4	0.0042	
103	MB20_R1	MB	POP4	0.0025	
99	MB21_R1	MB	POP4	0.0011	
102	MB22_R1	MB	POP4	0.0006	
104	MB24_R1	MB	POP4	0.0013	
98	MB25_R1	MB	POP4	0.0190	
101	MB4_R2	MB	POP4	0.0030	
100	MB6_R2	MB	POP4	0.0014	
92	QA2_R2	QA	POP4	0.0166	
91	QA4_R2	QA	POP4	0.0723	
90	QA5_R2	QA	POP4	0.0433	
93	QA6_R2	QA	POP4	0.0327	
94	QA7_R2	QA	POP4	0.0471	
89	QA8_R2	QA	POP4	0.1055	
88	QA9_R2	QA	POP4	0.0116	
95	QAY10_R3	QA	POP4	0.0099	
83	QB10_R2	QB	POP4	0.0053	
79	QB11_R2	QB	POP4	0.0072	
86	QB1_R2	QB	POP4	0.0036	
78	QB2_R2	QB	POP4	0.0253	
82	QB3_R2	QB	POP4	0.0063	
84	QB5_R2	QB	POP4	0.0047	
85	QB7_R2	QB	POP4	0.0139	
80	QB8_R2	QB	POP4	0.0064	
87	QB9_R2	QB	POP4	0.0039	
81	QBY6_R3	QB	POP4	0.0120	
73	QC10_R2	QC	POP4	0.0735	
67	QC11_R2	QC	POP4	0.0272	
76	QC1_R2	QC	POP4	0.0221	
71	QC2_R2	QC	POP4	0.0325	
70	QC3_R2	QC	POP4	1.0000	
69	QC4_R2	QC	POP4	1.0000	
77	QC5_R2	QC	POP4	0.0250	
74	QC6_R2	QC	POP4	0.0499	
72	QC7_R2	QC	POP4	0.0453	
75	QC8_R2	QC	POP4	0.0694	
68	QC9_R2	QC	POP4	1.0000	
59	RG13_R1	RG	POP4	0.0098	
62	RG14_R1	RG	POP4	0.0158	
57	RG15_R1	RG	POP4	0.0086	
61	RG17_R1	RG	POP4	0.0100	
58	RG19_R1	RG	POP4	0.0087	
63	RG20_R1	RG	POP4	0.0094	
66	RG22_R1	RG	POP4	0.0101	
56	RG23_R1	RG	POP4	0.0109	
64	RG24_R1	RG	POP4	0.0186	
65	RG25_R1	RG	POP4	0.0299	
60	RG2_R3	RG	POP4	0.0125	
50	RK11_R1	RK	POP4	0.0155	
51	RK13_R1	RK	POP4	0.0079	
48	RK14_R1	RK	POP4	0.0074	
45	RK15_R3	RK	POP4	0.0100	
55	RK16_R3	RK	POP4	0.0080	
53	RK17_R3	RK	POP4	0.0060	
49	RK18_R1	RK	POP4	0.0057	
46	RK2R_R1	RK	POP4	0.0085	
52	RK3_R1	RK	POP4	0.0000	
47	RK6_R1	RK	POP4	0.0052	
54	RK9_R1	RK	POP4	0.0045	
36	SB15_R3	SB	POP4	0.0065	
39	SB16_R1	SB	POP4	0.0057	
43	SB17_R3	SB	POP4	0.0113	
42	SB18_R3	SB	POP4	0.0044	
34	SB1R_R1	SB	POP4	0.0096	
41	SB24_R1	SB	POP4	0.0000	
35	SB3_R1	SB	POP4	0.0053	
38	SB4_R1	SB	POP4	0.0167	
44	SB6_R1	SB	POP4	0.0032	
40	SB8_R1	SB	POP4	0.0077	
37	SB9_R1	SB	POP4	0.0078	
23	TA13_R3	TA	POP4	0.0042	
29	TA14_R1	TA	POP4	0.0010	
33	TA15_R1	TA	POP4	0.0002	
26	TA16_R3	TA	POP4	0.0017	
24	TA17_R3	TA	POP4	0.0391	
28	TA18_R3	TA	POP4	0.0072	
32	TA1R_R1	TA	POP4	0.0001	
25	TA2_R1	TA	POP4	0.0064	
31	TA4_R1	TA	POP4	0.0005	
27	TA5_R1	TA	POP4	0.0021	
30	TA6_R1	TA	POP4	0.0011	
16	TB13_R3	TB	POP4	0.0117	
22	TB14_R3	TB	POP4	0.0001	
19	TB15_R3	TB	POP4	0.0012	
13	TB16_R3	TB	POP4	0.0097	
14	TB17_R3	TB	POP4	0.0021	
21	TB18_R3	TB	POP4	0.0000	
18	TB19_R3	TB	POP4	0.0012	
20	TB20_R3	TB	POP4	0.0010	
12	TB21_R3	TB	POP4	0.0052	
17	TB22_R3	TB	POP4	0.0002	
15	TB23_R3	TB	POP4	0.0087	
7	WC12_R3	WC	POP4	0.0200	
4	WC13_R3	WC	POP4	0.0130	
9	WC1_R3	WC	POP4	0.0097	
6	WC2_R3	WC	POP4	0.0089	
10	WC3_R3	WC	POP4	0.0122	
3	WC4_R3	WC	POP4	0.0657	
11	WC5_R3	WC	POP4	0.0077	
2	WC6_R3	WC	POP4	0.0115	
1	WC7_R3	WC	POP4	0.0284	
8	WC8_R3	WC	POP4	0.0131	
5	WC9_R3	WC	POP4	0.0098	
135	DH13_R1	DH	POP5	0.0036	
146	DH14_R1	DH	POP5	0.0153	
142	DH17_R1	DH	POP5	0.0010	
140	DH18_R1	DH	POP5	0.0024	
145	DH19_R1	DH	POP5	0.0023	
141	DH20_R1	DH	POP5	0.0080	
138	DH21_R1	DH	POP5	0.0020	
143	DH22_R3	DH	POP5	0.0021	
137	DH23_R1	DH	POP5	0.0026	
139	DH24_R1	DH	POP5	0.0020	
136	DH4_R3	DH	POP5	0.0017	
144	DH6_R3	DH	POP5	0.0010	
127	FD10_R2	FD	POP5	0.0022	
129	FD11_R2	FD	POP5	0.0017	
134	FD2_R2	FD	POP5	0.0412	
126	FD3_R2	FD	POP5	0.0436	
132	FD4_R2	FD	POP5	0.0019	
133	FD5_R2	FD	POP5	0.0010	
130	FD6_R2	FD	POP5	0.0294	
128	FD7_R2	FD	POP5	0.0023	
131	FD8_R2	FD	POP5	0.0026	
121	KA10_R2	KA	POP5	0.0011	
118	KA11_R3	KA	POP5	0.0026	
123	KA12_R3	KA	POP5	0.0010	
120	KA14_R2	KA	POP5	0.0295	
117	KA4_R2	KA	POP5	0.1058	
124	KA5_R3	KA	POP5	0.0010	
122	KA6_R3	KA	POP5	0.0078	
125	KA7_R2	KA	POP5	0.0025	
119	KA9_R2	KA	POP5	0.0009	
111	KB10_R3	KB	POP5	0.0011	
114	KB11_R2	KB	POP5	0.0051	
109	KB14_R3	KB	POP5	0.0077	
112	KB15_R2	KB	POP5	0.0010	
115	KB3_R3	KB	POP5	0.0005	
116	KB4_R2	KB	POP5	0.0035	
110	KB6_R2	KB	POP5	0.0719	
108	KB7_R3	KB	POP5	0.0085	
113	KB9_R2	KB	POP5	0.0010	
106	MB12_R1	MB	POP5	0.0671	
107	MB14_R1	MB	POP5	0.0262	
97	MB16_R1	MB	POP5	0.0032	
96	MB18_R1	MB	POP5	0.0626	
105	MB19_R1	MB	POP5	0.0012	
103	MB20_R1	MB	POP5	0.0403	
99	MB21_R1	MB	POP5	0.0139	
102	MB22_R1	MB	POP5	0.0021	
104	MB24_R1	MB	POP5	0.0326	
98	MB25_R1	MB	POP5	0.0084	
101	MB4_R2	MB	POP5	0.0241	
100	MB6_R2	MB	POP5	0.0079	
92	QA2_R2	QA	POP5	0.0132	
91	QA4_R2	QA	POP5	0.0049	
90	QA5_R2	QA	POP5	0.0010	
93	QA6_R2	QA	POP5	0.0215	
94	QA7_R2	QA	POP5	0.0024	
89	QA8_R2	QA	POP5	0.0012	
88	QA9_R2	QA	POP5	0.0011	
95	QAY10_R3	QA	POP5	0.0010	
83	QB10_R2	QB	POP5	0.0031	
79	QB11_R2	QB	POP5	0.0060	
86	QB1_R2	QB	POP5	0.0032	
78	QB2_R2	QB	POP5	0.0160	
82	QB3_R2	QB	POP5	0.0021	
84	QB5_R2	QB	POP5	0.0458	
85	QB7_R2	QB	POP5	0.0053	
80	QB8_R2	QB	POP5	0.0030	
87	QB9_R2	QB	POP5	0.0010	
81	QBY6_R3	QB	POP5	0.0032	
73	QC10_R2	QC	POP5	0.0011	
67	QC11_R2	QC	POP5	0.0042	
76	QC1_R2	QC	POP5	0.0010	
71	QC2_R2	QC	POP5	0.0019	
70	QC3_R2	QC	POP5	0.0000	
69	QC4_R2	QC	POP5	0.0000	
77	QC5_R2	QC	POP5	0.0036	
74	QC6_R2	QC	POP5	0.0011	
72	QC7_R2	QC	POP5	0.0029	
75	QC8_R2	QC	POP5	0.0055	
68	QC9_R2	QC	POP5	0.0000	
59	RG13_R1	RG	POP5	0.0011	
62	RG14_R1	RG	POP5	0.0010	
57	RG15_R1	RG	POP5	0.0021	
61	RG17_R1	RG	POP5	0.0010	
58	RG19_R1	RG	POP5	0.0013	
63	RG20_R1	RG	POP5	0.0013	
66	RG22_R1	RG	POP5	0.0010	
56	RG23_R1	RG	POP5	0.0015	
64	RG24_R1	RG	POP5	0.0177	
65	RG25_R1	RG	POP5	0.0093	
60	RG2_R3	RG	POP5	0.0010	
50	RK11_R1	RK	POP5	0.0679	
51	RK13_R1	RK	POP5	0.0551	
48	RK14_R1	RK	POP5	0.0401	
45	RK15_R3	RK	POP5	0.0007	
55	RK16_R3	RK	POP5	0.0122	
53	RK17_R3	RK	POP5	0.0413	
49	RK18_R1	RK	POP5	0.0335	
46	RK2R_R1	RK	POP5	0.0286	
52	RK3_R1	RK	POP5	1.0000	
47	RK6_R1	RK	POP5	0.1104	
54	RK9_R1	RK	POP5	0.0059	
36	SB15_R3	SB	POP5	0.0090	
39	SB16_R1	SB	POP5	0.0697	
43	SB17_R3	SB	POP5	0.0068	
42	SB18_R3	SB	POP5	0.1160	
34	SB1R_R1	SB	POP5	0.0104	
41	SB24_R1	SB	POP5	1.0000	
35	SB3_R1	SB	POP5	0.1091	
38	SB4_R1	SB	POP5	0.0901	
44	SB6_R1	SB	POP5	0.0027	
40	SB8_R1	SB	POP5	0.0311	
37	SB9_R1	SB	POP5	0.0873	
23	TA13_R3	TA	POP5	0.0292	
29	TA14_R1	TA	POP5	0.0142	
33	TA15_R1	TA	POP5	0.0000	
26	TA16_R3	TA	POP5	0.0015	
24	TA17_R3	TA	POP5	0.0342	
28	TA18_R3	TA	POP5	0.0010	
32	TA1R_R1	TA	POP5	0.0000	
25	TA2_R1	TA	POP5	0.0029	
31	TA4_R1	TA	POP5	0.0010	
27	TA5_R1	TA	POP5	0.0364	
30	TA6_R1	TA	POP5	0.0010	
16	TB13_R3	TB	POP5	0.0018	
22	TB14_R3	TB	POP5	0.0000	
19	TB15_R3	TB	POP5	0.0012	
13	TB16_R3	TB	POP5	0.0015	
14	TB17_R3	TB	POP5	0.0120	
21	TB18_R3	TB	POP5	0.0000	
18	TB19_R3	TB	POP5	0.0010	
20	TB20_R3	TB	POP5	0.0010	
12	TB21_R3	TB	POP5	0.0243	
17	TB22_R3	TB	POP5	0.0449	
15	TB23_R3	TB	POP5	0.0015	
7	WC12_R3	WC	POP5	0.0503	
4	WC13_R3	WC	POP5	0.0076	
9	WC1_R3	WC	POP5	0.0089	
6	WC2_R3	WC	POP5	0.0027	
10	WC3_R3	WC	POP5	0.0010	
3	WC4_R3	WC	POP5	0.0024	
11	WC5_R3	WC	POP5	0.0196	
2	WC6_R3	WC	POP5	0.0026	
1	WC7_R3	WC	POP5	0.0117	
8	WC8_R3	WC	POP5	0.0015	
5	WC9_R3	WC	POP5	0.0033	
