135	DH13_R1	DH	POP1	0.7648	
146	DH14_R1	DH	POP1	0.7149	
142	DH17_R1	DH	POP1	0.7459	
140	DH18_R1	DH	POP1	0.7396	
145	DH19_R1	DH	POP1	0.7691	
141	DH20_R1	DH	POP1	0.7349	
138	DH21_R1	DH	POP1	0.7572	
143	DH22_R3	DH	POP1	0.7829	
137	DH23_R1	DH	POP1	0.7781	
139	DH24_R1	DH	POP1	0.7807	
136	DH4_R3	DH	POP1	0.7937	
144	DH6_R3	DH	POP1	0.8056	
127	FD10_R2	FD	POP1	0.0068	
129	FD11_R2	FD	POP1	0.0166	
134	FD2_R2	FD	POP1	0.0020	
126	FD3_R2	FD	POP1	0.0961	
132	FD4_R2	FD	POP1	0.0056	
133	FD5_R2	FD	POP1	0.0056	
130	FD6_R2	FD	POP1	0.0060	
128	FD7_R2	FD	POP1	0.0226	
131	FD8_R2	FD	POP1	0.0028	
121	KA10_R2	KA	POP1	0.0139	
118	KA11_R3	KA	POP1	0.0293	
123	KA12_R3	KA	POP1	0.0082	
120	KA14_R2	KA	POP1	0.0142	
117	KA4_R2	KA	POP1	0.3059	
124	KA5_R3	KA	POP1	0.0384	
122	KA6_R3	KA	POP1	0.0220	
125	KA7_R2	KA	POP1	0.0311	
119	KA9_R2	KA	POP1	0.0213	
111	KB10_R3	KB	POP1	0.3332	
114	KB11_R2	KB	POP1	0.0026	
109	KB14_R3	KB	POP1	0.3689	
112	KB15_R2	KB	POP1	0.2303	
115	KB3_R3	KB	POP1	0.0247	
116	KB4_R2	KB	POP1	0.0060	
110	KB6_R2	KB	POP1	0.2691	
108	KB7_R3	KB	POP1	0.4147	
113	KB9_R2	KB	POP1	0.1573	
106	MB12_R1	MB	POP1	0.0200	
107	MB14_R1	MB	POP1	0.0072	
97	MB16_R1	MB	POP1	0.0266	
96	MB18_R1	MB	POP1	0.1329	
105	MB19_R1	MB	POP1	0.0312	
103	MB20_R1	MB	POP1	0.0109	
99	MB21_R1	MB	POP1	0.0308	
102	MB22_R1	MB	POP1	0.0238	
104	MB24_R1	MB	POP1	0.0126	
98	MB25_R1	MB	POP1	0.0124	
101	MB4_R2	MB	POP1	0.0222	
100	MB6_R2	MB	POP1	0.0422	
92	QA2_R2	QA	POP1	0.8109	
91	QA4_R2	QA	POP1	0.7992	
90	QA5_R2	QA	POP1	0.8559	
93	QA6_R2	QA	POP1	0.8316	
94	QA7_R2	QA	POP1	0.8106	
89	QA8_R2	QA	POP1	0.8086	
88	QA9_R2	QA	POP1	0.8746	
95	QAY10_R3	QA	POP1	0.8266	
83	QB10_R2	QB	POP1	0.4457	
79	QB11_R2	QB	POP1	0.4890	
86	QB1_R2	QB	POP1	0.0981	
78	QB2_R2	QB	POP1	0.7270	
82	QB3_R2	QB	POP1	0.4594	
84	QB5_R2	QB	POP1	0.1373	
85	QB7_R2	QB	POP1	0.0393	
80	QB8_R2	QB	POP1	0.6155	
87	QB9_R2	QB	POP1	0.0215	
81	QBY6_R3	QB	POP1	0.4521	
73	QC10_R2	QC	POP1	0.7865	
67	QC11_R2	QC	POP1	0.8713	
76	QC1_R2	QC	POP1	0.8063	
71	QC2_R2	QC	POP1	0.8850	
70	QC3_R2	QC	POP1	0.0000	
69	QC4_R2	QC	POP1	0.0000	
77	QC5_R2	QC	POP1	0.8259	
74	QC6_R2	QC	POP1	0.8034	
72	QC7_R2	QC	POP1	0.8557	
75	QC8_R2	QC	POP1	0.8089	
68	QC9_R2	QC	POP1	0.0000	
59	RG13_R1	RG	POP1	0.3492	
62	RG14_R1	RG	POP1	0.6924	
57	RG15_R1	RG	POP1	0.7523	
61	RG17_R1	RG	POP1	0.6990	
58	RG19_R1	RG	POP1	0.7501	
63	RG20_R1	RG	POP1	0.7740	
66	RG22_R1	RG	POP1	0.7255	
56	RG23_R1	RG	POP1	0.7470	
64	RG24_R1	RG	POP1	0.7400	
65	RG25_R1	RG	POP1	0.7104	
60	RG2_R3	RG	POP1	0.8233	
50	RK11_R1	RK	POP1	0.0924	
51	RK13_R1	RK	POP1	0.3097	
48	RK14_R1	RK	POP1	0.2644	
45	RK15_R3	RK	POP1	0.7912	
55	RK16_R3	RK	POP1	0.3308	
53	RK17_R3	RK	POP1	0.1520	
49	RK18_R1	RK	POP1	0.1006	
46	RK2R_R1	RK	POP1	0.6002	
52	RK3_R1	RK	POP1	0.0000	
47	RK6_R1	RK	POP1	0.0012	
54	RK9_R1	RK	POP1	0.0627	
36	SB15_R3	SB	POP1	0.3508	
39	SB16_R1	SB	POP1	0.1851	
43	SB17_R3	SB	POP1	0.3556	
42	SB18_R3	SB	POP1	0.3168	
34	SB1R_R1	SB	POP1	0.3385	
41	SB24_R1	SB	POP1	0.0000	
35	SB3_R1	SB	POP1	0.0004	
38	SB4_R1	SB	POP1	0.2892	
44	SB6_R1	SB	POP1	0.0182	
40	SB8_R1	SB	POP1	0.0866	
37	SB9_R1	SB	POP1	0.0896	
23	TA13_R3	TA	POP1	0.0510	
29	TA14_R1	TA	POP1	0.0018	
33	TA15_R1	TA	POP1	0.0001	
26	TA16_R3	TA	POP1	0.0058	
24	TA17_R3	TA	POP1	0.0089	
28	TA18_R3	TA	POP1	0.0015	
32	TA1R_R1	TA	POP1	0.0001	
25	TA2_R1	TA	POP1	0.0327	
31	TA4_R1	TA	POP1	0.0008	
27	TA5_R1	TA	POP1	0.0023	
30	TA6_R1	TA	POP1	0.0009	
16	TB13_R3	TB	POP1	0.0027	
22	TB14_R3	TB	POP1	0.0000	
19	TB15_R3	TB	POP1	0.0013	
13	TB16_R3	TB	POP1	0.0039	
14	TB17_R3	TB	POP1	0.0041	
21	TB18_R3	TB	POP1	0.0001	
18	TB19_R3	TB	POP1	0.0027	
20	TB20_R3	TB	POP1	0.0011	
12	TB21_R3	TB	POP1	0.0371	
17	TB22_R3	TB	POP1	0.0014	
15	TB23_R3	TB	POP1	0.0017	
7	WC12_R3	WC	POP1	0.6899	
4	WC13_R3	WC	POP1	0.7917	
9	WC1_R3	WC	POP1	0.7119	
6	WC2_R3	WC	POP1	0.6631	
10	WC3_R3	WC	POP1	0.7525	
3	WC4_R3	WC	POP1	0.7471	
11	WC5_R3	WC	POP1	0.6571	
2	WC6_R3	WC	POP1	0.7777	
1	WC7_R3	WC	POP1	0.7324	
8	WC8_R3	WC	POP1	0.6354	
5	WC9_R3	WC	POP1	0.7763	
135	DH13_R1	DH	POP2	0.0011	
146	DH14_R1	DH	POP2	0.0018	
142	DH17_R1	DH	POP2	0.0010	
140	DH18_R1	DH	POP2	0.0015	
145	DH19_R1	DH	POP2	0.0010	
141	DH20_R1	DH	POP2	0.0010	
138	DH21_R1	DH	POP2	0.0002	
143	DH22_R3	DH	POP2	0.0027	
137	DH23_R1	DH	POP2	0.0001	
139	DH24_R1	DH	POP2	0.0006	
136	DH4_R3	DH	POP2	0.0012	
144	DH6_R3	DH	POP2	0.0011	
127	FD10_R2	FD	POP2	0.3855	
129	FD11_R2	FD	POP2	0.3877	
134	FD2_R2	FD	POP2	0.4083	
126	FD3_R2	FD	POP2	0.0230	
132	FD4_R2	FD	POP2	0.4671	
133	FD5_R2	FD	POP2	0.4593	
130	FD6_R2	FD	POP2	0.4004	
128	FD7_R2	FD	POP2	0.3071	
131	FD8_R2	FD	POP2	0.3974	
121	KA10_R2	KA	POP2	0.0017	
118	KA11_R3	KA	POP2	0.0377	
123	KA12_R3	KA	POP2	0.0029	
120	KA14_R2	KA	POP2	0.0046	
117	KA4_R2	KA	POP2	0.0010	
124	KA5_R3	KA	POP2	0.0001	
122	KA6_R3	KA	POP2	0.0010	
125	KA7_R2	KA	POP2	0.0011	
119	KA9_R2	KA	POP2	0.0006	
111	KB10_R3	KB	POP2	0.0001	
114	KB11_R2	KB	POP2	0.0014	
109	KB14_R3	KB	POP2	0.0032	
112	KB15_R2	KB	POP2	0.0010	
115	KB3_R3	KB	POP2	0.0010	
116	KB4_R2	KB	POP2	0.0076	
110	KB6_R2	KB	POP2	0.0010	
108	KB7_R3	KB	POP2	0.0009	
113	KB9_R2	KB	POP2	0.0008	
106	MB12_R1	MB	POP2	0.4047	
107	MB14_R1	MB	POP2	0.4758	
97	MB16_R1	MB	POP2	0.3080	
96	MB18_R1	MB	POP2	0.0741	
105	MB19_R1	MB	POP2	0.3866	
103	MB20_R1	MB	POP2	0.3894	
99	MB21_R1	MB	POP2	0.3297	
102	MB22_R1	MB	POP2	0.3687	
104	MB24_R1	MB	POP2	0.3676	
98	MB25_R1	MB	POP2	0.3200	
101	MB4_R2	MB	POP2	0.3313	
100	MB6_R2	MB	POP2	0.3196	
92	QA2_R2	QA	POP2	0.0010	
91	QA4_R2	QA	POP2	0.0004	
90	QA5_R2	QA	POP2	0.0010	
93	QA6_R2	QA	POP2	0.0016	
94	QA7_R2	QA	POP2	0.0019	
89	QA8_R2	QA	POP2	0.0020	
88	QA9_R2	QA	POP2	0.0000	
95	QAY10_R3	QA	POP2	0.0010	
83	QB10_R2	QB	POP2	0.0211	
79	QB11_R2	QB	POP2	0.0018	
86	QB1_R2	QB	POP2	0.0111	
78	QB2_R2	QB	POP2	0.0012	
82	QB3_R2	QB	POP2	0.0016	
84	QB5_R2	QB	POP2	0.1917	
85	QB7_R2	QB	POP2	0.3013	
80	QB8_R2	QB	POP2	0.0013	
87	QB9_R2	QB	POP2	0.0058	
81	QBY6_R3	QB	POP2	0.0054	
73	QC10_R2	QC	POP2	0.0012	
67	QC11_R2	QC	POP2	0.0000	
76	QC1_R2	QC	POP2	0.0013	
71	QC2_R2	QC	POP2	0.0002	
70	QC3_R2	QC	POP2	0.0000	
69	QC4_R2	QC	POP2	0.0000	
77	QC5_R2	QC	POP2	0.0020	
74	QC6_R2	QC	POP2	0.0010	
72	QC7_R2	QC	POP2	0.0009	
75	QC8_R2	QC	POP2	0.0010	
68	QC9_R2	QC	POP2	0.0000	
59	RG13_R1	RG	POP2	0.0000	
62	RG14_R1	RG	POP2	0.0008	
57	RG15_R1	RG	POP2	0.0005	
61	RG17_R1	RG	POP2	0.0000	
58	RG19_R1	RG	POP2	0.0000	
63	RG20_R1	RG	POP2	0.0006	
66	RG22_R1	RG	POP2	0.0131	
56	RG23_R1	RG	POP2	0.0002	
64	RG24_R1	RG	POP2	0.0011	
65	RG25_R1	RG	POP2	0.0040	
60	RG2_R3	RG	POP2	0.0009	
50	RK11_R1	RK	POP2	0.0001	
51	RK13_R1	RK	POP2	0.0106	
48	RK14_R1	RK	POP2	0.0012	
45	RK15_R3	RK	POP2	0.0007	
55	RK16_R3	RK	POP2	0.2272	
53	RK17_R3	RK	POP2	0.0268	
49	RK18_R1	RK	POP2	0.0010	
46	RK2R_R1	RK	POP2	0.0003	
52	RK3_R1	RK	POP2	0.0000	
47	RK6_R1	RK	POP2	0.0000	
54	RK9_R1	RK	POP2	0.1596	
36	SB15_R3	SB	POP2	0.0010	
39	SB16_R1	SB	POP2	0.0023	
43	SB17_R3	SB	POP2	0.0668	
42	SB18_R3	SB	POP2	0.0019	
34	SB1R_R1	SB	POP2	0.0007	
41	SB24_R1	SB	POP2	0.0000	
35	SB3_R1	SB	POP2	0.0000	
38	SB4_R1	SB	POP2	0.0020	
44	SB6_R1	SB	POP2	0.2024	
40	SB8_R1	SB	POP2	0.0011	
37	SB9_R1	SB	POP2	0.0003	
23	TA13_R3	TA	POP2	0.1306	
29	TA14_R1	TA	POP2	0.5495	
33	TA15_R1	TA	POP2	0.9998	
26	TA16_R3	TA	POP2	0.3209	
24	TA17_R3	TA	POP2	0.1229	
28	TA18_R3	TA	POP2	0.5520	
32	TA1R_R1	TA	POP2	0.9997	
25	TA2_R1	TA	POP2	0.1674	
31	TA4_R1	TA	POP2	0.5127	
27	TA5_R1	TA	POP2	0.5342	
30	TA6_R1	TA	POP2	0.5866	
16	TB13_R3	TB	POP2	0.5713	
22	TB14_R3	TB	POP2	0.9983	
19	TB15_R3	TB	POP2	0.5673	
13	TB16_R3	TB	POP2	0.5629	
14	TB17_R3	TB	POP2	0.5334	
21	TB18_R3	TB	POP2	0.9992	
18	TB19_R3	TB	POP2	0.5591	
20	TB20_R3	TB	POP2	0.5774	
12	TB21_R3	TB	POP2	0.1204	
17	TB22_R3	TB	POP2	0.5052	
15	TB23_R3	TB	POP2	0.5383	
7	WC12_R3	WC	POP2	0.0104	
4	WC13_R3	WC	POP2	0.0032	
9	WC1_R3	WC	POP2	0.0086	
6	WC2_R3	WC	POP2	0.0022	
10	WC3_R3	WC	POP2	0.0427	
3	WC4_R3	WC	POP2	0.0010	
11	WC5_R3	WC	POP2	0.0343	
2	WC6_R3	WC	POP2	0.0000	
1	WC7_R3	WC	POP2	0.0004	
8	WC8_R3	WC	POP2	0.0015	
5	WC9_R3	WC	POP2	0.0039	
135	DH13_R1	DH	POP3	0.0000	
146	DH14_R1	DH	POP3	0.0244	
142	DH17_R1	DH	POP3	0.0050	
140	DH18_R1	DH	POP3	0.0011	
145	DH19_R1	DH	POP3	0.0350	
141	DH20_R1	DH	POP3	0.0011	
138	DH21_R1	DH	POP3	0.0010	
143	DH22_R3	DH	POP3	0.0011	
137	DH23_R1	DH	POP3	0.0010	
139	DH24_R1	DH	POP3	0.0010	
136	DH4_R3	DH	POP3	0.0006	
144	DH6_R3	DH	POP3	0.0069	
127	FD10_R2	FD	POP3	0.0037	
129	FD11_R2	FD	POP3	0.0026	
134	FD2_R2	FD	POP3	0.0008	
126	FD3_R2	FD	POP3	0.0010	
132	FD4_R2	FD	POP3	0.0052	
133	FD5_R2	FD	POP3	0.0010	
130	FD6_R2	FD	POP3	0.0037	
128	FD7_R2	FD	POP3	0.1355	
131	FD8_R2	FD	POP3	0.0026	
121	KA10_R2	KA	POP3	0.9045	
118	KA11_R3	KA	POP3	0.8151	
123	KA12_R3	KA	POP3	0.9276	
120	KA14_R2	KA	POP3	0.8810	
117	KA4_R2	KA	POP3	0.1000	
124	KA5_R3	KA	POP3	0.9393	
122	KA6_R3	KA	POP3	0.9081	
125	KA7_R2	KA	POP3	0.9357	
119	KA9_R2	KA	POP3	0.8407	
111	KB10_R3	KB	POP3	0.4792	
114	KB11_R2	KB	POP3	0.9042	
109	KB14_R3	KB	POP3	0.1271	
112	KB15_R2	KB	POP3	0.7148	
115	KB3_R3	KB	POP3	0.9371	
116	KB4_R2	KB	POP3	0.9293	
110	KB6_R2	KB	POP3	0.4616	
108	KB7_R3	KB	POP3	0.0939	
113	KB9_R2	KB	POP3	0.8091	
106	MB12_R1	MB	POP3	0.0010	
107	MB14_R1	MB	POP3	0.0020	
97	MB16_R1	MB	POP3	0.0018	
96	MB18_R1	MB	POP3	0.0010	
105	MB19_R1	MB	POP3	0.0047	
103	MB20_R1	MB	POP3	0.0009	
99	MB21_R1	MB	POP3	0.0010	
102	MB22_R1	MB	POP3	0.0111	
104	MB24_R1	MB	POP3	0.0021	
98	MB25_R1	MB	POP3	0.0231	
101	MB4_R2	MB	POP3	0.0094	
100	MB6_R2	MB	POP3	0.0093	
92	QA2_R2	QA	POP3	0.0143	
91	QA4_R2	QA	POP3	0.0076	
90	QA5_R2	QA	POP3	0.0019	
93	QA6_R2	QA	POP3	0.0152	
94	QA7_R2	QA	POP3	0.0172	
89	QA8_R2	QA	POP3	0.0010	
88	QA9_R2	QA	POP3	0.0015	
95	QAY10_R3	QA	POP3	0.0393	
83	QB10_R2	QB	POP3	0.0011	
79	QB11_R2	QB	POP3	0.0010	
86	QB1_R2	QB	POP3	0.8460	
78	QB2_R2	QB	POP3	0.0595	
82	QB3_R2	QB	POP3	0.0901	
84	QB5_R2	QB	POP3	0.0010	
85	QB7_R2	QB	POP3	0.0008	
80	QB8_R2	QB	POP3	0.1099	
87	QB9_R2	QB	POP3	0.9398	
81	QBY6_R3	QB	POP3	0.0039	
73	QC10_R2	QC	POP3	0.0012	
67	QC11_R2	QC	POP3	0.0001	
76	QC1_R2	QC	POP3	0.0024	
71	QC2_R2	QC	POP3	0.0010	
70	QC3_R2	QC	POP3	0.0000	
69	QC4_R2	QC	POP3	0.0000	
77	QC5_R2	QC	POP3	0.0012	
74	QC6_R2	QC	POP3	0.0014	
72	QC7_R2	QC	POP3	0.0010	
75	QC8_R2	QC	POP3	0.0040	
68	QC9_R2	QC	POP3	0.0000	
59	RG13_R1	RG	POP3	0.0000	
62	RG14_R1	RG	POP3	0.0010	
57	RG15_R1	RG	POP3	0.0000	
61	RG17_R1	RG	POP3	0.0010	
58	RG19_R1	RG	POP3	0.0010	
63	RG20_R1	RG	POP3	0.0010	
66	RG22_R1	RG	POP3	0.0001	
56	RG23_R1	RG	POP3	0.0000	
64	RG24_R1	RG	POP3	0.0009	
65	RG25_R1	RG	POP3	0.0000	
60	RG2_R3	RG	POP3	0.0009	
50	RK11_R1	RK	POP3	0.0010	
51	RK13_R1	RK	POP3	0.0024	
48	RK14_R1	RK	POP3	0.0000	
45	RK15_R3	RK	POP3	0.0010	
55	RK16_R3	RK	POP3	0.0054	
53	RK17_R3	RK	POP3	0.0010	
49	RK18_R1	RK	POP3	0.0000	
46	RK2R_R1	RK	POP3	0.0009	
52	RK3_R1	RK	POP3	0.0000	
47	RK6_R1	RK	POP3	0.0012	
54	RK9_R1	RK	POP3	0.0059	
36	SB15_R3	SB	POP3	0.0009	
39	SB16_R1	SB	POP3	0.0001	
43	SB17_R3	SB	POP3	0.0017	
42	SB18_R3	SB	POP3	0.0010	
34	SB1R_R1	SB	POP3	0.0021	
41	SB24_R1	SB	POP3	0.0000	
35	SB3_R1	SB	POP3	0.0000	
38	SB4_R1	SB	POP3	0.0010	
44	SB6_R1	SB	POP3	0.0056	
40	SB8_R1	SB	POP3	0.0000	
37	SB9_R1	SB	POP3	0.0000	
23	TA13_R3	TA	POP3	0.0012	
29	TA14_R1	TA	POP3	0.0009	
33	TA15_R1	TA	POP3	0.0000	
26	TA16_R3	TA	POP3	0.0010	
24	TA17_R3	TA	POP3	0.0010	
28	TA18_R3	TA	POP3	0.0027	
32	TA1R_R1	TA	POP3	0.0000	
25	TA2_R1	TA	POP3	0.0000	
31	TA4_R1	TA	POP3	0.0030	
27	TA5_R1	TA	POP3	0.0010	
30	TA6_R1	TA	POP3	0.0000	
16	TB13_R3	TB	POP3	0.0029	
22	TB14_R3	TB	POP3	0.0013	
19	TB15_R3	TB	POP3	0.0025	
13	TB16_R3	TB	POP3	0.0010	
14	TB17_R3	TB	POP3	0.0016	
21	TB18_R3	TB	POP3	0.0006	
18	TB19_R3	TB	POP3	0.0010	
20	TB20_R3	TB	POP3	0.0015	
12	TB21_R3	TB	POP3	0.0010	
17	TB22_R3	TB	POP3	0.0056	
15	TB23_R3	TB	POP3	0.0002	
7	WC12_R3	WC	POP3	0.0082	
4	WC13_R3	WC	POP3	0.0027	
9	WC1_R3	WC	POP3	0.0044	
6	WC2_R3	WC	POP3	0.0002	
10	WC3_R3	WC	POP3	0.0014	
3	WC4_R3	WC	POP3	0.0099	
11	WC5_R3	WC	POP3	0.0948	
2	WC6_R3	WC	POP3	0.0017	
1	WC7_R3	WC	POP3	0.0010	
8	WC8_R3	WC	POP3	0.0016	
5	WC9_R3	WC	POP3	0.0021	
135	DH13_R1	DH	POP4	0.0023	
146	DH14_R1	DH	POP4	0.0023	
142	DH17_R1	DH	POP4	0.0034	
140	DH18_R1	DH	POP4	0.0423	
145	DH19_R1	DH	POP4	0.0057	
141	DH20_R1	DH	POP4	0.0071	
138	DH21_R1	DH	POP4	0.0085	
143	DH22_R3	DH	POP4	0.0021	
137	DH23_R1	DH	POP4	0.0024	
139	DH24_R1	DH	POP4	0.0065	
136	DH4_R3	DH	POP4	0.0062	
144	DH6_R3	DH	POP4	0.0007	
127	FD10_R2	FD	POP4	0.0010	
129	FD11_R2	FD	POP4	0.0010	
134	FD2_R2	FD	POP4	0.0014	
126	FD3_R2	FD	POP4	0.0021	
132	FD4_R2	FD	POP4	0.0119	
133	FD5_R2	FD	POP4	0.0009	
130	FD6_R2	FD	POP4	0.0000	
128	FD7_R2	FD	POP4	0.0028	
131	FD8_R2	FD	POP4	0.0106	
121	KA10_R2	KA	POP4	0.0029	
118	KA11_R3	KA	POP4	0.0035	
123	KA12_R3	KA	POP4	0.0232	
120	KA14_R2	KA	POP4	0.0031	
117	KA4_R2	KA	POP4	0.0769	
124	KA5_R3	KA	POP4	0.0019	
122	KA6_R3	KA	POP4	0.0026	
125	KA7_R2	KA	POP4	0.0034	
119	KA9_R2	KA	POP4	0.0427	
111	KB10_R3	KB	POP4	0.0017	
114	KB11_R2	KB	POP4	0.0009	
109	KB14_R3	KB	POP4	0.0010	
112	KB15_R2	KB	POP4	0.0015	
115	KB3_R3	KB	POP4	0.0006	
116	KB4_R2	KB	POP4	0.0004	
110	KB6_R2	KB	POP4	0.0010	
108	KB7_R3	KB	POP4	0.0027	
113	KB9_R2	KB	POP4	0.0034	
106	MB12_R1	MB	POP4	0.0000	
107	MB14_R1	MB	POP4	0.0014	
97	MB16_R1	MB	POP4	0.0009	
96	MB18_R1	MB	POP4	0.0010	
105	MB19_R1	MB	POP4	0.0031	
103	MB20_R1	MB	POP4	0.0027	
99	MB21_R1	MB	POP4	0.0010	
102	MB22_R1	MB	POP4	0.0008	
104	MB24_R1	MB	POP4	0.0013	
98	MB25_R1	MB	POP4	0.0176	
101	MB4_R2	MB	POP4	0.0021	
100	MB6_R2	MB	POP4	0.0011	
92	QA2_R2	QA	POP4	0.0072	
91	QA4_R2	QA	POP4	0.0566	
90	QA5_R2	QA	POP4	0.0275	
93	QA6_R2	QA	POP4	0.0151	
94	QA7_R2	QA	POP4	0.0336	
89	QA8_R2	QA	POP4	0.0890	
88	QA9_R2	QA	POP4	0.0021	
95	QAY10_R3	QA	POP4	0.0019	
83	QB10_R2	QB	POP4	0.0010	
79	QB11_R2	QB	POP4	0.0015	
86	QB1_R2	QB	POP4	0.0020	
78	QB2_R2	QB	POP4	0.0113	
82	QB3_R2	QB	POP4	0.0014	
84	QB5_R2	QB	POP4	0.0026	
85	QB7_R2	QB	POP4	0.0144	
80	QB8_R2	QB	POP4	0.0010	
87	QB9_R2	QB	POP4	0.0051	
81	QBY6_R3	QB	POP4	0.0041	
73	QC10_R2	QC	POP4	0.0649	
67	QC11_R2	QC	POP4	0.0164	
76	QC1_R2	QC	POP4	0.0087	
71	QC2_R2	QC	POP4	0.0157	
70	QC3_R2	QC	POP4	1.0000	
69	QC4_R2	QC	POP4	1.0000	
77	QC5_R2	QC	POP4	0.0165	
74	QC6_R2	QC	POP4	0.0454	
72	QC7_R2	QC	POP4	0.0279	
75	QC8_R2	QC	POP4	0.0574	
68	QC9_R2	QC	POP4	1.0000	
59	RG13_R1	RG	POP4	0.0001	
62	RG14_R1	RG	POP4	0.0137	
57	RG15_R1	RG	POP4	0.0009	
61	RG17_R1	RG	POP4	0.0042	
58	RG19_R1	RG	POP4	0.0009	
63	RG20_R1	RG	POP4	0.0023	
66	RG22_R1	RG	POP4	0.0031	
56	RG23_R1	RG	POP4	0.0039	
64	RG24_R1	RG	POP4	0.0125	
65	RG25_R1	RG	POP4	0.0262	
60	RG2_R3	RG	POP4	0.0033	
50	RK11_R1	RK	POP4	0.0024	
51	RK13_R1	RK	POP4	0.0018	
48	RK14_R1	RK	POP4	0.0017	
45	RK15_R3	RK	POP4	0.0022	
55	RK16_R3	RK	POP4	0.0037	
53	RK17_R3	RK	POP4	0.0016	
49	RK18_R1	RK	POP4	0.0010	
46	RK2R_R1	RK	POP4	0.0019	
52	RK3_R1	RK	POP4	0.0000	
47	RK6_R1	RK	POP4	0.0000	
54	RK9_R1	RK	POP4	0.0011	
36	SB15_R3	SB	POP4	0.0014	
39	SB16_R1	SB	POP4	0.0010	
43	SB17_R3	SB	POP4	0.0036	
42	SB18_R3	SB	POP4	0.0010	
34	SB1R_R1	SB	POP4	0.0009	
41	SB24_R1	SB	POP4	0.0000	
35	SB3_R1	SB	POP4	0.0000	
38	SB4_R1	SB	POP4	0.0041	
44	SB6_R1	SB	POP4	0.0008	
40	SB8_R1	SB	POP4	0.0017	
37	SB9_R1	SB	POP4	0.0017	
23	TA13_R3	TA	POP4	0.0011	
29	TA14_R1	TA	POP4	0.0003	
33	TA15_R1	TA	POP4	0.0001	
26	TA16_R3	TA	POP4	0.0010	
24	TA17_R3	TA	POP4	0.0137	
28	TA18_R3	TA	POP4	0.0048	
32	TA1R_R1	TA	POP4	0.0001	
25	TA2_R1	TA	POP4	0.0038	
31	TA4_R1	TA	POP4	0.0001	
27	TA5_R1	TA	POP4	0.0014	
30	TA6_R1	TA	POP4	0.0010	
16	TB13_R3	TB	POP4	0.0087	
22	TB14_R3	TB	POP4	0.0000	
19	TB15_R3	TB	POP4	0.0011	
13	TB16_R3	TB	POP4	0.0082	
14	TB17_R3	TB	POP4	0.0014	
21	TB18_R3	TB	POP4	0.0000	
18	TB19_R3	TB	POP4	0.0009	
20	TB20_R3	TB	POP4	0.0008	
12	TB21_R3	TB	POP4	0.0019	
17	TB22_R3	TB	POP4	0.0000	
15	TB23_R3	TB	POP4	0.0046	
7	WC12_R3	WC	POP4	0.0135	
4	WC13_R3	WC	POP4	0.0049	
9	WC1_R3	WC	POP4	0.0025	
6	WC2_R3	WC	POP4	0.0019	
10	WC3_R3	WC	POP4	0.0037	
3	WC4_R3	WC	POP4	0.0626	
11	WC5_R3	WC	POP4	0.0016	
2	WC6_R3	WC	POP4	0.0044	
1	WC7_R3	WC	POP4	0.0271	
8	WC8_R3	WC	POP4	0.0042	
5	WC9_R3	WC	POP4	0.0020	
135	DH13_R1	DH	POP5	0.0049	
146	DH14_R1	DH	POP5	0.0174	
142	DH17_R1	DH	POP5	0.0009	
140	DH18_R1	DH	POP5	0.0028	
145	DH19_R1	DH	POP5	0.0027	
141	DH20_R1	DH	POP5	0.0075	
138	DH21_R1	DH	POP5	0.0023	
143	DH22_R3	DH	POP5	0.0030	
137	DH23_R1	DH	POP5	0.0031	
139	DH24_R1	DH	POP5	0.0019	
136	DH4_R3	DH	POP5	0.0022	
144	DH6_R3	DH	POP5	0.0010	
127	FD10_R2	FD	POP5	0.0014	
129	FD11_R2	FD	POP5	0.0019	
134	FD2_R2	FD	POP5	0.0157	
126	FD3_R2	FD	POP5	0.0047	
132	FD4_R2	FD	POP5	0.0021	
133	FD5_R2	FD	POP5	0.0008	
130	FD6_R2	FD	POP5	0.0268	
128	FD7_R2	FD	POP5	0.0019	
131	FD8_R2	FD	POP5	0.0018	
121	KA10_R2	KA	POP5	0.0011	
118	KA11_R3	KA	POP5	0.0039	
123	KA12_R3	KA	POP5	0.0010	
120	KA14_R2	KA	POP5	0.0268	
117	KA4_R2	KA	POP5	0.0757	
124	KA5_R3	KA	POP5	0.0010	
122	KA6_R3	KA	POP5	0.0157	
125	KA7_R2	KA	POP5	0.0040	
119	KA9_R2	KA	POP5	0.0006	
111	KB10_R3	KB	POP5	0.0011	
114	KB11_R2	KB	POP5	0.0021	
109	KB14_R3	KB	POP5	0.0023	
112	KB15_R2	KB	POP5	0.0010	
115	KB3_R3	KB	POP5	0.0007	
116	KB4_R2	KB	POP5	0.0031	
110	KB6_R2	KB	POP5	0.0651	
108	KB7_R3	KB	POP5	0.0014	
113	KB9_R2	KB	POP5	0.0011	
106	MB12_R1	MB	POP5	0.0650	
107	MB14_R1	MB	POP5	0.0175	
97	MB16_R1	MB	POP5	0.0019	
96	MB18_R1	MB	POP5	0.0083	
105	MB19_R1	MB	POP5	0.0010	
103	MB20_R1	MB	POP5	0.0300	
99	MB21_R1	MB	POP5	0.0052	
102	MB22_R1	MB	POP5	0.0016	
104	MB24_R1	MB	POP5	0.0240	
98	MB25_R1	MB	POP5	0.0044	
101	MB4_R2	MB	POP5	0.0111	
100	MB6_R2	MB	POP5	0.0060	
92	QA2_R2	QA	POP5	0.0136	
91	QA4_R2	QA	POP5	0.0067	
90	QA5_R2	QA	POP5	0.0010	
93	QA6_R2	QA	POP5	0.0355	
94	QA7_R2	QA	POP5	0.0027	
89	QA8_R2	QA	POP5	0.0015	
88	QA9_R2	QA	POP5	0.0013	
95	QAY10_R3	QA	POP5	0.0010	
83	QB10_R2	QB	POP5	0.0015	
79	QB11_R2	QB	POP5	0.0013	
86	QB1_R2	QB	POP5	0.0038	
78	QB2_R2	QB	POP5	0.0123	
82	QB3_R2	QB	POP5	0.0013	
84	QB5_R2	QB	POP5	0.0107	
85	QB7_R2	QB	POP5	0.0026	
80	QB8_R2	QB	POP5	0.0023	
87	QB9_R2	QB	POP5	0.0020	
81	QBY6_R3	QB	POP5	0.0011	
73	QC10_R2	QC	POP5	0.0011	
67	QC11_R2	QC	POP5	0.0083	
76	QC1_R2	QC	POP5	0.0010	
71	QC2_R2	QC	POP5	0.0019	
70	QC3_R2	QC	POP5	0.0000	
69	QC4_R2	QC	POP5	0.0000	
77	QC5_R2	QC	POP5	0.0036	
74	QC6_R2	QC	POP5	0.0012	
72	QC7_R2	QC	POP5	0.0034	
75	QC8_R2	QC	POP5	0.0106	
68	QC9_R2	QC	POP5	0.0000	
59	RG13_R1	RG	POP5	0.0006	
62	RG14_R1	RG	POP5	0.0010	
57	RG15_R1	RG	POP5	0.0041	
61	RG17_R1	RG	POP5	0.0010	
58	RG19_R1	RG	POP5	0.0018	
63	RG20_R1	RG	POP5	0.0024	
66	RG22_R1	RG	POP5	0.0010	
56	RG23_R1	RG	POP5	0.0018	
64	RG24_R1	RG	POP5	0.0349	
65	RG25_R1	RG	POP5	0.0123	
60	RG2_R3	RG	POP5	0.0010	
50	RK11_R1	RK	POP5	0.0020	
51	RK13_R1	RK	POP5	0.0097	
48	RK14_R1	RK	POP5	0.0021	
45	RK15_R3	RK	POP5	0.0008	
55	RK16_R3	RK	POP5	0.0058	
53	RK17_R3	RK	POP5	0.0024	
49	RK18_R1	RK	POP5	0.0012	
46	RK2R_R1	RK	POP5	0.0115	
52	RK3_R1	RK	POP5	1.0000	
47	RK6_R1	RK	POP5	0.0011	
54	RK9_R1	RK	POP5	0.0020	
36	SB15_R3	SB	POP5	0.0024	
39	SB16_R1	SB	POP5	0.0077	
43	SB17_R3	SB	POP5	0.0017	
42	SB18_R3	SB	POP5	0.0887	
34	SB1R_R1	SB	POP5	0.0088	
41	SB24_R1	SB	POP5	1.0000	
35	SB3_R1	SB	POP5	0.0000	
38	SB4_R1	SB	POP5	0.0471	
44	SB6_R1	SB	POP5	0.0010	
40	SB8_R1	SB	POP5	0.0011	
37	SB9_R1	SB	POP5	0.0054	
23	TA13_R3	TA	POP5	0.0053	
29	TA14_R1	TA	POP5	0.0108	
33	TA15_R1	TA	POP5	0.0000	
26	TA16_R3	TA	POP5	0.0007	
24	TA17_R3	TA	POP5	0.0025	
28	TA18_R3	TA	POP5	0.0009	
32	TA1R_R1	TA	POP5	0.0000	
25	TA2_R1	TA	POP5	0.0011	
31	TA4_R1	TA	POP5	0.0007	
27	TA5_R1	TA	POP5	0.0266	
30	TA6_R1	TA	POP5	0.0010	
16	TB13_R3	TB	POP5	0.0012	
22	TB14_R3	TB	POP5	0.0000	
19	TB15_R3	TB	POP5	0.0010	
13	TB16_R3	TB	POP5	0.0010	
14	TB17_R3	TB	POP5	0.0083	
21	TB18_R3	TB	POP5	0.0000	
18	TB19_R3	TB	POP5	0.0007	
20	TB20_R3	TB	POP5	0.0010	
12	TB21_R3	TB	POP5	0.0021	
17	TB22_R3	TB	POP5	0.0324	
15	TB23_R3	TB	POP5	0.0010	
7	WC12_R3	WC	POP5	0.0519	
4	WC13_R3	WC	POP5	0.0081	
9	WC1_R3	WC	POP5	0.0095	
6	WC2_R3	WC	POP5	0.0019	
10	WC3_R3	WC	POP5	0.0013	
3	WC4_R3	WC	POP5	0.0027	
11	WC5_R3	WC	POP5	0.0222	
2	WC6_R3	WC	POP5	0.0029	
1	WC7_R3	WC	POP5	0.0124	
8	WC8_R3	WC	POP5	0.0010	
5	WC9_R3	WC	POP5	0.0041	
135	DH13_R1	DH	POP6	0.0022	
146	DH14_R1	DH	POP6	0.0471	
142	DH17_R1	DH	POP6	0.0064	
140	DH18_R1	DH	POP6	0.0157	
145	DH19_R1	DH	POP6	0.0026	
141	DH20_R1	DH	POP6	0.0184	
138	DH21_R1	DH	POP6	0.0104	
143	DH22_R3	DH	POP6	0.0104	
137	DH23_R1	DH	POP6	0.0024	
139	DH24_R1	DH	POP6	0.0402	
136	DH4_R3	DH	POP6	0.0185	
144	DH6_R3	DH	POP6	0.0635	
127	FD10_R2	FD	POP6	0.1435	
129	FD11_R2	FD	POP6	0.0736	
134	FD2_R2	FD	POP6	0.0139	
126	FD3_R2	FD	POP6	0.6944	
132	FD4_R2	FD	POP6	0.0059	
133	FD5_R2	FD	POP6	0.0412	
130	FD6_R2	FD	POP6	0.0644	
128	FD7_R2	FD	POP6	0.0352	
131	FD8_R2	FD	POP6	0.0375	
121	KA10_R2	KA	POP6	0.0325	
118	KA11_R3	KA	POP6	0.0582	
123	KA12_R3	KA	POP6	0.0198	
120	KA14_R2	KA	POP6	0.0148	
117	KA4_R2	KA	POP6	0.3302	
124	KA5_R3	KA	POP6	0.0059	
122	KA6_R3	KA	POP6	0.0230	
125	KA7_R2	KA	POP6	0.0042	
119	KA9_R2	KA	POP6	0.0303	
111	KB10_R3	KB	POP6	0.1130	
114	KB11_R2	KB	POP6	0.0572	
109	KB14_R3	KB	POP6	0.3726	
112	KB15_R2	KB	POP6	0.0096	
115	KB3_R3	KB	POP6	0.0126	
116	KB4_R2	KB	POP6	0.0125	
110	KB6_R2	KB	POP6	0.1458	
108	KB7_R3	KB	POP6	0.3536	
113	KB9_R2	KB	POP6	0.0034	
106	MB12_R1	MB	POP6	0.0369	
107	MB14_R1	MB	POP6	0.0638	
97	MB16_R1	MB	POP6	0.2292	
96	MB18_R1	MB	POP6	0.5459	
105	MB19_R1	MB	POP6	0.0730	
103	MB20_R1	MB	POP6	0.0940	
99	MB21_R1	MB	POP6	0.1680	
102	MB22_R1	MB	POP6	0.1316	
104	MB24_R1	MB	POP6	0.0411	
98	MB25_R1	MB	POP6	0.1422	
101	MB4_R2	MB	POP6	0.1516	
100	MB6_R2	MB	POP6	0.1129	
92	QA2_R2	QA	POP6	0.0523	
91	QA4_R2	QA	POP6	0.0412	
90	QA5_R2	QA	POP6	0.0066	
93	QA6_R2	QA	POP6	0.0031	
94	QA7_R2	QA	POP6	0.0243	
89	QA8_R2	QA	POP6	0.0031	
88	QA9_R2	QA	POP6	0.0082	
95	QAY10_R3	QA	POP6	0.0227	
83	QB10_R2	QB	POP6	0.3156	
79	QB11_R2	QB	POP6	0.3936	
86	QB1_R2	QB	POP6	0.0026	
78	QB2_R2	QB	POP6	0.0612	
82	QB3_R2	QB	POP6	0.2584	
84	QB5_R2	QB	POP6	0.2782	
85	QB7_R2	QB	POP6	0.2552	
80	QB8_R2	QB	POP6	0.1533	
87	QB9_R2	QB	POP6	0.0047	
81	QBY6_R3	QB	POP6	0.3543	
73	QC10_R2	QC	POP6	0.0013	
67	QC11_R2	QC	POP6	0.0054	
76	QC1_R2	QC	POP6	0.0606	
71	QC2_R2	QC	POP6	0.0088	
70	QC3_R2	QC	POP6	0.0000	
69	QC4_R2	QC	POP6	0.0000	
77	QC5_R2	QC	POP6	0.0451	
74	QC6_R2	QC	POP6	0.0240	
72	QC7_R2	QC	POP6	0.0058	
75	QC8_R2	QC	POP6	0.0164	
68	QC9_R2	QC	POP6	0.0000	
59	RG13_R1	RG	POP6	0.0002	
62	RG14_R1	RG	POP6	0.0094	
57	RG15_R1	RG	POP6	0.0115	
61	RG17_R1	RG	POP6	0.0099	
58	RG19_R1	RG	POP6	0.0075	
63	RG20_R1	RG	POP6	0.0121	
66	RG22_R1	RG	POP6	0.0560	
56	RG23_R1	RG	POP6	0.0036	
64	RG24_R1	RG	POP6	0.0055	
65	RG25_R1	RG	POP6	0.0175	
60	RG2_R3	RG	POP6	0.0011	
50	RK11_R1	RK	POP6	0.6344	
51	RK13_R1	RK	POP6	0.4692	
48	RK14_R1	RK	POP6	0.4597	
45	RK15_R3	RK	POP6	0.0054	
55	RK16_R3	RK	POP6	0.1504	
53	RK17_R3	RK	POP6	0.5556	
49	RK18_R1	RK	POP6	0.6539	
46	RK2R_R1	RK	POP6	0.2306	
52	RK3_R1	RK	POP6	0.0000	
47	RK6_R1	RK	POP6	0.0003	
54	RK9_R1	RK	POP6	0.3745	
36	SB15_R3	SB	POP6	0.4707	
39	SB16_R1	SB	POP6	0.5357	
43	SB17_R3	SB	POP6	0.4856	
42	SB18_R3	SB	POP6	0.4561	
34	SB1R_R1	SB	POP6	0.0013	
41	SB24_R1	SB	POP6	0.0000	
35	SB3_R1	SB	POP6	0.0000	
38	SB4_R1	SB	POP6	0.4943	
44	SB6_R1	SB	POP6	0.3545	
40	SB8_R1	SB	POP6	0.6616	
37	SB9_R1	SB	POP6	0.6314	
23	TA13_R3	TA	POP6	0.5895	
29	TA14_R1	TA	POP6	0.0019	
33	TA15_R1	TA	POP6	0.0000	
26	TA16_R3	TA	POP6	0.3470	
24	TA17_R3	TA	POP6	0.6142	
28	TA18_R3	TA	POP6	0.0020	
32	TA1R_R1	TA	POP6	0.0000	
25	TA2_R1	TA	POP6	0.5625	
31	TA4_R1	TA	POP6	0.0006	
27	TA5_R1	TA	POP6	0.0018	
30	TA6_R1	TA	POP6	0.0011	
16	TB13_R3	TB	POP6	0.0022	
22	TB14_R3	TB	POP6	0.0001	
19	TB15_R3	TB	POP6	0.0023	
13	TB16_R3	TB	POP6	0.0052	
14	TB17_R3	TB	POP6	0.0255	
21	TB18_R3	TB	POP6	0.0000	
18	TB19_R3	TB	POP6	0.0034	
20	TB20_R3	TB	POP6	0.0016	
12	TB21_R3	TB	POP6	0.7199	
17	TB22_R3	TB	POP6	0.0025	
15	TB23_R3	TB	POP6	0.0255	
7	WC12_R3	WC	POP6	0.0407	
4	WC13_R3	WC	POP6	0.0923	
9	WC1_R3	WC	POP6	0.1044	
6	WC2_R3	WC	POP6	0.2006	
10	WC3_R3	WC	POP6	0.0251	
3	WC4_R3	WC	POP6	0.0127	
11	WC5_R3	WC	POP6	0.0650	
2	WC6_R3	WC	POP6	0.0532	
1	WC7_R3	WC	POP6	0.0130	
8	WC8_R3	WC	POP6	0.1637	
5	WC9_R3	WC	POP6	0.0654	
135	DH13_R1	DH	POP7	0.0015	
146	DH14_R1	DH	POP7	0.0212	
142	DH17_R1	DH	POP7	0.0010	
140	DH18_R1	DH	POP7	0.0019	
145	DH19_R1	DH	POP7	0.0012	
141	DH20_R1	DH	POP7	0.0084	
138	DH21_R1	DH	POP7	0.0018	
143	DH22_R3	DH	POP7	0.0062	
137	DH23_R1	DH	POP7	0.0024	
139	DH24_R1	DH	POP7	0.0023	
136	DH4_R3	DH	POP7	0.0008	
144	DH6_R3	DH	POP7	0.0119	
127	FD10_R2	FD	POP7	0.4358	
129	FD11_R2	FD	POP7	0.4756	
134	FD2_R2	FD	POP7	0.5555	
126	FD3_R2	FD	POP7	0.1201	
132	FD4_R2	FD	POP7	0.4924	
133	FD5_R2	FD	POP7	0.4856	
130	FD6_R2	FD	POP7	0.4864	
128	FD7_R2	FD	POP7	0.4738	
131	FD8_R2	FD	POP7	0.5436	
121	KA10_R2	KA	POP7	0.0119	
118	KA11_R3	KA	POP7	0.0196	
123	KA12_R3	KA	POP7	0.0083	
120	KA14_R2	KA	POP7	0.0433	
117	KA4_R2	KA	POP7	0.0659	
124	KA5_R3	KA	POP7	0.0030	
122	KA6_R3	KA	POP7	0.0175	
125	KA7_R2	KA	POP7	0.0111	
119	KA9_R2	KA	POP7	0.0170	
111	KB10_R3	KB	POP7	0.0363	
114	KB11_R2	KB	POP7	0.0059	
109	KB14_R3	KB	POP7	0.0733	
112	KB15_R2	KB	POP7	0.0164	
115	KB3_R3	KB	POP7	0.0031	
116	KB4_R2	KB	POP7	0.0260	
110	KB6_R2	KB	POP7	0.0212	
108	KB7_R3	KB	POP7	0.0739	
113	KB9_R2	KB	POP7	0.0049	
106	MB12_R1	MB	POP7	0.4571	
107	MB14_R1	MB	POP7	0.4118	
97	MB16_R1	MB	POP7	0.4093	
96	MB18_R1	MB	POP7	0.1727	
105	MB19_R1	MB	POP7	0.4584	
103	MB20_R1	MB	POP7	0.4449	
99	MB21_R1	MB	POP7	0.4465	
102	MB22_R1	MB	POP7	0.4430	
104	MB24_R1	MB	POP7	0.4981	
98	MB25_R1	MB	POP7	0.4451	
101	MB4_R2	MB	POP7	0.4588	
100	MB6_R2	MB	POP7	0.4907	
92	QA2_R2	QA	POP7	0.0019	
91	QA4_R2	QA	POP7	0.0034	
90	QA5_R2	QA	POP7	0.0027	
93	QA6_R2	QA	POP7	0.0013	
94	QA7_R2	QA	POP7	0.0128	
89	QA8_R2	QA	POP7	0.0011	
88	QA9_R2	QA	POP7	0.0010	
95	QAY10_R3	QA	POP7	0.0018	
83	QB10_R2	QB	POP7	0.1445	
79	QB11_R2	QB	POP7	0.0174	
86	QB1_R2	QB	POP7	0.0219	
78	QB2_R2	QB	POP7	0.0022	
82	QB3_R2	QB	POP7	0.0539	
84	QB5_R2	QB	POP7	0.3275	
85	QB7_R2	QB	POP7	0.3653	
80	QB8_R2	QB	POP7	0.0455	
87	QB9_R2	QB	POP7	0.0096	
81	QBY6_R3	QB	POP7	0.0903	
73	QC10_R2	QC	POP7	0.0006	
67	QC11_R2	QC	POP7	0.0014	
76	QC1_R2	QC	POP7	0.0053	
71	QC2_R2	QC	POP7	0.0012	
70	QC3_R2	QC	POP7	0.0000	
69	QC4_R2	QC	POP7	0.0000	
77	QC5_R2	QC	POP7	0.0102	
74	QC6_R2	QC	POP7	0.0024	
72	QC7_R2	QC	POP7	0.0021	
75	QC8_R2	QC	POP7	0.0019	
68	QC9_R2	QC	POP7	0.0000	
59	RG13_R1	RG	POP7	0.0001	
62	RG14_R1	RG	POP7	0.0010	
57	RG15_R1	RG	POP7	0.0012	
61	RG17_R1	RG	POP7	0.0014	
58	RG19_R1	RG	POP7	0.0008	
63	RG20_R1	RG	POP7	0.0061	
66	RG22_R1	RG	POP7	0.0014	
56	RG23_R1	RG	POP7	0.0015	
64	RG24_R1	RG	POP7	0.0063	
65	RG25_R1	RG	POP7	0.0018	
60	RG2_R3	RG	POP7	0.0009	
50	RK11_R1	RK	POP7	0.0023	
51	RK13_R1	RK	POP7	0.0094	
48	RK14_R1	RK	POP7	0.0012	
45	RK15_R3	RK	POP7	0.0012	
55	RK16_R3	RK	POP7	0.1987	
53	RK17_R3	RK	POP7	0.0993	
49	RK18_R1	RK	POP7	0.0007	
46	RK2R_R1	RK	POP7	0.0011	
52	RK3_R1	RK	POP7	0.0000	
47	RK6_R1	RK	POP7	0.0000	
54	RK9_R1	RK	POP7	0.1797	
36	SB15_R3	SB	POP7	0.0117	
39	SB16_R1	SB	POP7	0.0014	
43	SB17_R3	SB	POP7	0.0091	
42	SB18_R3	SB	POP7	0.0609	
34	SB1R_R1	SB	POP7	0.0011	
41	SB24_R1	SB	POP7	0.0000	
35	SB3_R1	SB	POP7	0.0000	
38	SB4_R1	SB	POP7	0.0024	
44	SB6_R1	SB	POP7	0.2202	
40	SB8_R1	SB	POP7	0.0011	
37	SB9_R1	SB	POP7	0.0011	
23	TA13_R3	TA	POP7	0.1811	
29	TA14_R1	TA	POP7	0.4334	
33	TA15_R1	TA	POP7	0.0000	
26	TA16_R3	TA	POP7	0.2611	
24	TA17_R3	TA	POP7	0.2084	
28	TA18_R3	TA	POP7	0.4292	
32	TA1R_R1	TA	POP7	0.0001	
25	TA2_R1	TA	POP7	0.2005	
31	TA4_R1	TA	POP7	0.4812	
27	TA5_R1	TA	POP7	0.4240	
30	TA6_R1	TA	POP7	0.4073	
16	TB13_R3	TB	POP7	0.4034	
22	TB14_R3	TB	POP7	0.0001	
19	TB15_R3	TB	POP7	0.4188	
13	TB16_R3	TB	POP7	0.3796	
14	TB17_R3	TB	POP7	0.4123	
21	TB18_R3	TB	POP7	0.0001	
18	TB19_R3	TB	POP7	0.4282	
20	TB20_R3	TB	POP7	0.4140	
12	TB21_R3	TB	POP7	0.0836	
17	TB22_R3	TB	POP7	0.4502	
15	TB23_R3	TB	POP7	0.4157	
7	WC12_R3	WC	POP7	0.0170	
4	WC13_R3	WC	POP7	0.0095	
9	WC1_R3	WC	POP7	0.0408	
6	WC2_R3	WC	POP7	0.0046	
10	WC3_R3	WC	POP7	0.0596	
3	WC4_R3	WC	POP7	0.0036	
11	WC5_R3	WC	POP7	0.0341	
2	WC6_R3	WC	POP7	0.0186	
1	WC7_R3	WC	POP7	0.0021	
8	WC8_R3	WC	POP7	0.0100	
5	WC9_R3	WC	POP7	0.0091	
135	DH13_R1	DH	POP8	0.0454	
146	DH14_R1	DH	POP8	0.0045	
142	DH17_R1	DH	POP8	0.0404	
140	DH18_R1	DH	POP8	0.0350	
145	DH19_R1	DH	POP8	0.0022	
141	DH20_R1	DH	POP8	0.0206	
138	DH21_R1	DH	POP8	0.0067	
143	DH22_R3	DH	POP8	0.0333	
137	DH23_R1	DH	POP8	0.0285	
139	DH24_R1	DH	POP8	0.0010	
136	DH4_R3	DH	POP8	0.0212	
144	DH6_R3	DH	POP8	0.0009	
127	FD10_R2	FD	POP8	0.0012	
129	FD11_R2	FD	POP8	0.0032	
134	FD2_R2	FD	POP8	0.0010	
126	FD3_R2	FD	POP8	0.0236	
132	FD4_R2	FD	POP8	0.0022	
133	FD5_R2	FD	POP8	0.0009	
130	FD6_R2	FD	POP8	0.0031	
128	FD7_R2	FD	POP8	0.0134	
131	FD8_R2	FD	POP8	0.0007	
121	KA10_R2	KA	POP8	0.0017	
118	KA11_R3	KA	POP8	0.0016	
123	KA12_R3	KA	POP8	0.0025	
120	KA14_R2	KA	POP8	0.0030	
117	KA4_R2	KA	POP8	0.0024	
124	KA5_R3	KA	POP8	0.0011	
122	KA6_R3	KA	POP8	0.0010	
125	KA7_R2	KA	POP8	0.0020	
119	KA9_R2	KA	POP8	0.0401	
111	KB10_R3	KB	POP8	0.0021	
114	KB11_R2	KB	POP8	0.0040	
109	KB14_R3	KB	POP8	0.0039	
112	KB15_R2	KB	POP8	0.0031	
115	KB3_R3	KB	POP8	0.0041	
116	KB4_R2	KB	POP8	0.0099	
110	KB6_R2	KB	POP8	0.0014	
108	KB7_R3	KB	POP8	0.0073	
113	KB9_R2	KB	POP8	0.0008	
106	MB12_R1	MB	POP8	0.0030	
107	MB14_R1	MB	POP8	0.0033	
97	MB16_R1	MB	POP8	0.0019	
96	MB18_R1	MB	POP8	0.0052	
105	MB19_R1	MB	POP8	0.0341	
103	MB20_R1	MB	POP8	0.0034	
99	MB21_R1	MB	POP8	0.0052	
102	MB22_R1	MB	POP8	0.0070	
104	MB24_R1	MB	POP8	0.0039	
98	MB25_R1	MB	POP8	0.0063	
101	MB4_R2	MB	POP8	0.0023	
100	MB6_R2	MB	POP8	0.0018	
92	QA2_R2	QA	POP8	0.0082	
91	QA4_R2	QA	POP8	0.0025	
90	QA5_R2	QA	POP8	0.0014	
93	QA6_R2	QA	POP8	0.0023	
94	QA7_R2	QA	POP8	0.0203	
89	QA8_R2	QA	POP8	0.0009	
88	QA9_R2	QA	POP8	0.0010	
95	QAY10_R3	QA	POP8	0.0096	
83	QB10_R2	QB	POP8	0.0083	
79	QB11_R2	QB	POP8	0.0339	
86	QB1_R2	QB	POP8	0.0027	
78	QB2_R2	QB	POP8	0.0464	
82	QB3_R2	QB	POP8	0.0818	
84	QB5_R2	QB	POP8	0.0218	
85	QB7_R2	QB	POP8	0.0016	
80	QB8_R2	QB	POP8	0.0019	
87	QB9_R2	QB	POP8	0.0010	
81	QBY6_R3	QB	POP8	0.0129	
73	QC10_R2	QC	POP8	0.0668	
67	QC11_R2	QC	POP8	0.0010	
76	QC1_R2	QC	POP8	0.0092	
71	QC2_R2	QC	POP8	0.0021	
70	QC3_R2	QC	POP8	0.0000	
69	QC4_R2	QC	POP8	0.0000	
77	QC5_R2	QC	POP8	0.0093	
74	QC6_R2	QC	POP8	0.0072	
72	QC7_R2	QC	POP8	0.0235	
75	QC8_R2	QC	POP8	0.0116	
68	QC9_R2	QC	POP8	0.0000	
59	RG13_R1	RG	POP8	0.0002	
62	RG14_R1	RG	POP8	0.0942	
57	RG15_R1	RG	POP8	0.0165	
61	RG17_R1	RG	POP8	0.0543	
58	RG19_R1	RG	POP8	0.0046	
63	RG20_R1	RG	POP8	0.0023	
66	RG22_R1	RG	POP8	0.0098	
56	RG23_R1	RG	POP8	0.0248	
64	RG24_R1	RG	POP8	0.0014	
65	RG25_R1	RG	POP8	0.0259	
60	RG2_R3	RG	POP8	0.0027	
50	RK11_R1	RK	POP8	0.0023	
51	RK13_R1	RK	POP8	0.0029	
48	RK14_R1	RK	POP8	0.0014	
45	RK15_R3	RK	POP8	0.0050	
55	RK16_R3	RK	POP8	0.0076	
53	RK17_R3	RK	POP8	0.1154	
49	RK18_R1	RK	POP8	0.0030	
46	RK2R_R1	RK	POP8	0.0045	
52	RK3_R1	RK	POP8	0.0000	
47	RK6_R1	RK	POP8	0.9953	
54	RK9_R1	RK	POP8	0.0016	
36	SB15_R3	SB	POP8	0.0860	
39	SB16_R1	SB	POP8	0.0043	
43	SB17_R3	SB	POP8	0.0288	
42	SB18_R3	SB	POP8	0.0271	
34	SB1R_R1	SB	POP8	0.0035	
41	SB24_R1	SB	POP8	0.0000	
35	SB3_R1	SB	POP8	0.9995	
38	SB4_R1	SB	POP8	0.0430	
44	SB6_R1	SB	POP8	0.0018	
40	SB8_R1	SB	POP8	0.0034	
37	SB9_R1	SB	POP8	0.0055	
23	TA13_R3	TA	POP8	0.0124	
29	TA14_R1	TA	POP8	0.0000	
33	TA15_R1	TA	POP8	0.0000	
26	TA16_R3	TA	POP8	0.0465	
24	TA17_R3	TA	POP8	0.0014	
28	TA18_R3	TA	POP8	0.0051	
32	TA1R_R1	TA	POP8	0.0000	
25	TA2_R1	TA	POP8	0.0038	
31	TA4_R1	TA	POP8	0.0001	
27	TA5_R1	TA	POP8	0.0057	
30	TA6_R1	TA	POP8	0.0010	
16	TB13_R3	TB	POP8	0.0062	
22	TB14_R3	TB	POP8	0.0000	
19	TB15_R3	TB	POP8	0.0010	
13	TB16_R3	TB	POP8	0.0322	
14	TB17_R3	TB	POP8	0.0025	
21	TB18_R3	TB	POP8	0.0001	
18	TB19_R3	TB	POP8	0.0020	
20	TB20_R3	TB	POP8	0.0012	
12	TB21_R3	TB	POP8	0.0010	
17	TB22_R3	TB	POP8	0.0012	
15	TB23_R3	TB	POP8	0.0034	
7	WC12_R3	WC	POP8	0.0095	
4	WC13_R3	WC	POP8	0.0012	
9	WC1_R3	WC	POP8	0.0023	
6	WC2_R3	WC	POP8	0.0049	
10	WC3_R3	WC	POP8	0.0082	
3	WC4_R3	WC	POP8	0.0091	
11	WC5_R3	WC	POP8	0.0013	
2	WC6_R3	WC	POP8	0.0105	
1	WC7_R3	WC	POP8	0.0663	
8	WC8_R3	WC	POP8	0.0010	
5	WC9_R3	WC	POP8	0.0016	
135	DH13_R1	DH	POP9	0.1778	
146	DH14_R1	DH	POP9	0.1662	
142	DH17_R1	DH	POP9	0.1958	
140	DH18_R1	DH	POP9	0.1603	
145	DH19_R1	DH	POP9	0.1805	
141	DH20_R1	DH	POP9	0.2008	
138	DH21_R1	DH	POP9	0.2120	
143	DH22_R3	DH	POP9	0.1581	
137	DH23_R1	DH	POP9	0.1821	
139	DH24_R1	DH	POP9	0.1657	
136	DH4_R3	DH	POP9	0.1555	
144	DH6_R3	DH	POP9	0.1082	
127	FD10_R2	FD	POP9	0.0212	
129	FD11_R2	FD	POP9	0.0378	
134	FD2_R2	FD	POP9	0.0015	
126	FD3_R2	FD	POP9	0.0350	
132	FD4_R2	FD	POP9	0.0077	
133	FD5_R2	FD	POP9	0.0046	
130	FD6_R2	FD	POP9	0.0093	
128	FD7_R2	FD	POP9	0.0075	
131	FD8_R2	FD	POP9	0.0029	
121	KA10_R2	KA	POP9	0.0296	
118	KA11_R3	KA	POP9	0.0310	
123	KA12_R3	KA	POP9	0.0065	
120	KA14_R2	KA	POP9	0.0094	
117	KA4_R2	KA	POP9	0.0419	
124	KA5_R3	KA	POP9	0.0093	
122	KA6_R3	KA	POP9	0.0091	
125	KA7_R2	KA	POP9	0.0076	
119	KA9_R2	KA	POP9	0.0067	
111	KB10_R3	KB	POP9	0.0335	
114	KB11_R2	KB	POP9	0.0215	
109	KB14_R3	KB	POP9	0.0477	
112	KB15_R2	KB	POP9	0.0222	
115	KB3_R3	KB	POP9	0.0160	
116	KB4_R2	KB	POP9	0.0051	
110	KB6_R2	KB	POP9	0.0338	
108	KB7_R3	KB	POP9	0.0514	
113	KB9_R2	KB	POP9	0.0190	
106	MB12_R1	MB	POP9	0.0123	
107	MB14_R1	MB	POP9	0.0174	
97	MB16_R1	MB	POP9	0.0202	
96	MB18_R1	MB	POP9	0.0588	
105	MB19_R1	MB	POP9	0.0078	
103	MB20_R1	MB	POP9	0.0237	
99	MB21_R1	MB	POP9	0.0125	
102	MB22_R1	MB	POP9	0.0123	
104	MB24_R1	MB	POP9	0.0492	
98	MB25_R1	MB	POP9	0.0288	
101	MB4_R2	MB	POP9	0.0111	
100	MB6_R2	MB	POP9	0.0166	
92	QA2_R2	QA	POP9	0.0907	
91	QA4_R2	QA	POP9	0.0824	
90	QA5_R2	QA	POP9	0.1019	
93	QA6_R2	QA	POP9	0.0942	
94	QA7_R2	QA	POP9	0.0767	
89	QA8_R2	QA	POP9	0.0927	
88	QA9_R2	QA	POP9	0.1104	
95	QAY10_R3	QA	POP9	0.0959	
83	QB10_R2	QB	POP9	0.0613	
79	QB11_R2	QB	POP9	0.0605	
86	QB1_R2	QB	POP9	0.0117	
78	QB2_R2	QB	POP9	0.0787	
82	QB3_R2	QB	POP9	0.0523	
84	QB5_R2	QB	POP9	0.0290	
85	QB7_R2	QB	POP9	0.0195	
80	QB8_R2	QB	POP9	0.0693	
87	QB9_R2	QB	POP9	0.0102	
81	QBY6_R3	QB	POP9	0.0758	
73	QC10_R2	QC	POP9	0.0765	
67	QC11_R2	QC	POP9	0.0963	
76	QC1_R2	QC	POP9	0.1051	
71	QC2_R2	QC	POP9	0.0840	
70	QC3_R2	QC	POP9	0.0000	
69	QC4_R2	QC	POP9	0.0000	
77	QC5_R2	QC	POP9	0.0861	
74	QC6_R2	QC	POP9	0.1141	
72	QC7_R2	QC	POP9	0.0796	
75	QC8_R2	QC	POP9	0.0880	
68	QC9_R2	QC	POP9	0.0000	
59	RG13_R1	RG	POP9	0.6496	
62	RG14_R1	RG	POP9	0.1863	
57	RG15_R1	RG	POP9	0.2128	
61	RG17_R1	RG	POP9	0.2290	
58	RG19_R1	RG	POP9	0.2331	
63	RG20_R1	RG	POP9	0.1992	
66	RG22_R1	RG	POP9	0.1901	
56	RG23_R1	RG	POP9	0.2173	
64	RG24_R1	RG	POP9	0.1976	
65	RG25_R1	RG	POP9	0.2020	
60	RG2_R3	RG	POP9	0.1657	
50	RK11_R1	RK	POP9	0.2629	
51	RK13_R1	RK	POP9	0.1841	
48	RK14_R1	RK	POP9	0.2684	
45	RK15_R3	RK	POP9	0.1924	
55	RK16_R3	RK	POP9	0.0704	
53	RK17_R3	RK	POP9	0.0458	
49	RK18_R1	RK	POP9	0.2385	
46	RK2R_R1	RK	POP9	0.1489	
52	RK3_R1	RK	POP9	0.0000	
47	RK6_R1	RK	POP9	0.0010	
54	RK9_R1	RK	POP9	0.2130	
36	SB15_R3	SB	POP9	0.0752	
39	SB16_R1	SB	POP9	0.2626	
43	SB17_R3	SB	POP9	0.0474	
42	SB18_R3	SB	POP9	0.0465	
34	SB1R_R1	SB	POP9	0.6430	
41	SB24_R1	SB	POP9	0.0000	
35	SB3_R1	SB	POP9	0.0001	
38	SB4_R1	SB	POP9	0.1170	
44	SB6_R1	SB	POP9	0.1956	
40	SB8_R1	SB	POP9	0.2436	
37	SB9_R1	SB	POP9	0.2651	
23	TA13_R3	TA	POP9	0.0279	
29	TA14_R1	TA	POP9	0.0013	
33	TA15_R1	TA	POP9	0.0000	
26	TA16_R3	TA	POP9	0.0160	
24	TA17_R3	TA	POP9	0.0270	
28	TA18_R3	TA	POP9	0.0016	
32	TA1R_R1	TA	POP9	0.0001	
25	TA2_R1	TA	POP9	0.0282	
31	TA4_R1	TA	POP9	0.0006	
27	TA5_R1	TA	POP9	0.0029	
30	TA6_R1	TA	POP9	0.0010	
16	TB13_R3	TB	POP9	0.0016	
22	TB14_R3	TB	POP9	0.0001	
19	TB15_R3	TB	POP9	0.0048	
13	TB16_R3	TB	POP9	0.0059	
14	TB17_R3	TB	POP9	0.0110	
21	TB18_R3	TB	POP9	0.0001	
18	TB19_R3	TB	POP9	0.0018	
20	TB20_R3	TB	POP9	0.0012	
12	TB21_R3	TB	POP9	0.0332	
17	TB22_R3	TB	POP9	0.0016	
15	TB23_R3	TB	POP9	0.0097	
7	WC12_R3	WC	POP9	0.1587	
4	WC13_R3	WC	POP9	0.0866	
9	WC1_R3	WC	POP9	0.1157	
6	WC2_R3	WC	POP9	0.1207	
10	WC3_R3	WC	POP9	0.1054	
3	WC4_R3	WC	POP9	0.1513	
11	WC5_R3	WC	POP9	0.0896	
2	WC6_R3	WC	POP9	0.1311	
1	WC7_R3	WC	POP9	0.1452	
8	WC8_R3	WC	POP9	0.1815	
5	WC9_R3	WC	POP9	0.1357	
