135	DH13_R1	DH	POP1	0.9989	
146	DH14_R1	DH	POP1	0.9705	
142	DH17_R1	DH	POP1	0.9947	
140	DH18_R1	DH	POP1	0.9965	
145	DH19_R1	DH	POP1	0.9705	
141	DH20_R1	DH	POP1	0.9953	
138	DH21_R1	DH	POP1	0.9980	
143	DH22_R3	DH	POP1	0.9927	
137	DH23_R1	DH	POP1	0.9980	
139	DH24_R1	DH	POP1	0.9978	
136	DH4_R3	DH	POP1	0.9980	
144	DH6_R3	DH	POP1	0.9791	
127	FD10_R2	FD	POP1	0.1976	
129	FD11_R2	FD	POP1	0.1781	
134	FD2_R2	FD	POP1	0.0670	
126	FD3_R2	FD	POP1	0.7146	
132	FD4_R2	FD	POP1	0.0916	
133	FD5_R2	FD	POP1	0.0886	
130	FD6_R2	FD	POP1	0.1474	
128	FD7_R2	FD	POP1	0.1841	
131	FD8_R2	FD	POP1	0.1046	
121	KA10_R2	KA	POP1	0.1890	
118	KA11_R3	KA	POP1	0.2564	
123	KA12_R3	KA	POP1	0.1760	
120	KA14_R2	KA	POP1	0.2036	
117	KA4_R2	KA	POP1	0.8438	
124	KA5_R3	KA	POP1	0.1675	
122	KA6_R3	KA	POP1	0.1862	
125	KA7_R2	KA	POP1	0.1674	
119	KA9_R2	KA	POP1	0.2375	
111	KB10_R3	KB	POP1	0.5564	
114	KB11_R2	KB	POP1	0.1688	
109	KB14_R3	KB	POP1	0.7879	
112	KB15_R2	KB	POP1	0.3600	
115	KB3_R3	KB	POP1	0.1638	
116	KB4_R2	KB	POP1	0.1437	
110	KB6_R2	KB	POP1	0.5659	
108	KB7_R3	KB	POP1	0.8579	
113	KB9_R2	KB	POP1	0.2700	
106	MB12_R1	MB	POP1	0.1720	
107	MB14_R1	MB	POP1	0.1367	
97	MB16_R1	MB	POP1	0.2865	
96	MB18_R1	MB	POP1	0.6609	
105	MB19_R1	MB	POP1	0.1877	
103	MB20_R1	MB	POP1	0.2043	
99	MB21_R1	MB	POP1	0.2362	
102	MB22_R1	MB	POP1	0.2049	
104	MB24_R1	MB	POP1	0.1893	
98	MB25_R1	MB	POP1	0.2513	
101	MB4_R2	MB	POP1	0.2245	
100	MB6_R2	MB	POP1	0.2300	
92	QA2_R2	QA	POP1	0.9794	
91	QA4_R2	QA	POP1	0.9868	
90	QA5_R2	QA	POP1	0.9955	
93	QA6_R2	QA	POP1	0.9773	
94	QA7_R2	QA	POP1	0.9712	
89	QA8_R2	QA	POP1	0.9962	
88	QA9_R2	QA	POP1	0.9971	
95	QAY10_R3	QA	POP1	0.9654	
83	QB10_R2	QB	POP1	0.7824	
79	QB11_R2	QB	POP1	0.9057	
86	QB1_R2	QB	POP1	0.2215	
78	QB2_R2	QB	POP1	0.9254	
82	QB3_R2	QB	POP1	0.7984	
84	QB5_R2	QB	POP1	0.4731	
85	QB7_R2	QB	POP1	0.3441	
80	QB8_R2	QB	POP1	0.8389	
87	QB9_R2	QB	POP1	0.1465	
81	QBY6_R3	QB	POP1	0.8300	
73	QC10_R2	QC	POP1	0.9969	
67	QC11_R2	QC	POP1	0.9985	
76	QC1_R2	QC	POP1	0.9920	
71	QC2_R2	QC	POP1	0.9980	
70	QC3_R2	QC	POP1	0.9980	
69	QC4_R2	QC	POP1	0.9980	
77	QC5_R2	QC	POP1	0.9916	
74	QC6_R2	QC	POP1	0.9950	
72	QC7_R2	QC	POP1	0.9970	
75	QC8_R2	QC	POP1	0.9948	
68	QC9_R2	QC	POP1	0.9980	
59	RG13_R1	RG	POP1	0.9982	
62	RG14_R1	RG	POP1	0.9980	
57	RG15_R1	RG	POP1	0.9990	
61	RG17_R1	RG	POP1	0.9980	
58	RG19_R1	RG	POP1	0.9982	
63	RG20_R1	RG	POP1	0.9970	
66	RG22_R1	RG	POP1	0.9840	
56	RG23_R1	RG	POP1	0.9990	
64	RG24_R1	RG	POP1	0.9955	
65	RG25_R1	RG	POP1	0.9942	
60	RG2_R3	RG	POP1	0.9980	
50	RK11_R1	RK	POP1	0.8751	
51	RK13_R1	RK	POP1	0.8486	
48	RK14_R1	RK	POP1	0.9004	
45	RK15_R3	RK	POP1	0.9980	
55	RK16_R3	RK	POP1	0.5580	
53	RK17_R3	RK	POP1	0.7610	
49	RK18_R1	RK	POP1	0.8779	
46	RK2R_R1	RK	POP1	0.9959	
52	RK3_R1	RK	POP1	0.8449	
47	RK6_R1	RK	POP1	0.9446	
54	RK9_R1	RK	POP1	0.5683	
36	SB15_R3	SB	POP1	0.9080	
39	SB16_R1	SB	POP1	0.8643	
43	SB17_R3	SB	POP1	0.8017	
42	SB18_R3	SB	POP1	0.8356	
34	SB1R_R1	SB	POP1	0.9942	
41	SB24_R1	SB	POP1	0.8466	
35	SB3_R1	SB	POP1	0.9892	
38	SB4_R1	SB	POP1	0.8873	
44	SB6_R1	SB	POP1	0.4799	
40	SB8_R1	SB	POP1	0.8602	
37	SB9_R1	SB	POP1	0.8918	
23	TA13_R3	TA	POP1	0.5892	
29	TA14_R1	TA	POP1	0.0140	
33	TA15_R1	TA	POP1	0.0010	
26	TA16_R3	TA	POP1	0.3633	
24	TA17_R3	TA	POP1	0.5679	
28	TA18_R3	TA	POP1	0.0176	
32	TA1R_R1	TA	POP1	0.0010	
25	TA2_R1	TA	POP1	0.5450	
31	TA4_R1	TA	POP1	0.0020	
27	TA5_R1	TA	POP1	0.0499	
30	TA6_R1	TA	POP1	0.0027	
16	TB13_R3	TB	POP1	0.0333	
22	TB14_R3	TB	POP1	0.0010	
19	TB15_R3	TB	POP1	0.0114	
13	TB16_R3	TB	POP1	0.0783	
14	TB17_R3	TB	POP1	0.0700	
21	TB18_R3	TB	POP1	0.0010	
18	TB19_R3	TB	POP1	0.0162	
20	TB20_R3	TB	POP1	0.0031	
12	TB21_R3	TB	POP1	0.6510	
17	TB22_R3	TB	POP1	0.0294	
15	TB23_R3	TB	POP1	0.0677	
7	WC12_R3	WC	POP1	0.9550	
4	WC13_R3	WC	POP1	0.9780	
9	WC1_R3	WC	POP1	0.9246	
6	WC2_R3	WC	POP1	0.9679	
10	WC3_R3	WC	POP1	0.9006	
3	WC4_R3	WC	POP1	0.9904	
11	WC5_R3	WC	POP1	0.8306	
2	WC6_R3	WC	POP1	0.9970	
1	WC7_R3	WC	POP1	0.9980	
8	WC8_R3	WC	POP1	0.9537	
5	WC9_R3	WC	POP1	0.9748	
135	DH13_R1	DH	POP2	0.0011	
146	DH14_R1	DH	POP2	0.0021	
142	DH17_R1	DH	POP2	0.0010	
140	DH18_R1	DH	POP2	0.0025	
145	DH19_R1	DH	POP2	0.0010	
141	DH20_R1	DH	POP2	0.0030	
138	DH21_R1	DH	POP2	0.0010	
143	DH22_R3	DH	POP2	0.0063	
137	DH23_R1	DH	POP2	0.0010	
139	DH24_R1	DH	POP2	0.0012	
136	DH4_R3	DH	POP2	0.0010	
144	DH6_R3	DH	POP2	0.0066	
127	FD10_R2	FD	POP2	0.7982	
129	FD11_R2	FD	POP2	0.8195	
134	FD2_R2	FD	POP2	0.9320	
126	FD3_R2	FD	POP2	0.2813	
132	FD4_R2	FD	POP2	0.9053	
133	FD5_R2	FD	POP2	0.9104	
130	FD6_R2	FD	POP2	0.8491	
128	FD7_R2	FD	POP2	0.7027	
131	FD8_R2	FD	POP2	0.8934	
121	KA10_R2	KA	POP2	0.0010	
118	KA11_R3	KA	POP2	0.0114	
123	KA12_R3	KA	POP2	0.0013	
120	KA14_R2	KA	POP2	0.0082	
117	KA4_R2	KA	POP2	0.0214	
124	KA5_R3	KA	POP2	0.0009	
122	KA6_R3	KA	POP2	0.0012	
125	KA7_R2	KA	POP2	0.0010	
119	KA9_R2	KA	POP2	0.0010	
111	KB10_R3	KB	POP2	0.0010	
114	KB11_R2	KB	POP2	0.0018	
109	KB14_R3	KB	POP2	0.0538	
112	KB15_R2	KB	POP2	0.0011	
115	KB3_R3	KB	POP2	0.0010	
116	KB4_R2	KB	POP2	0.0050	
110	KB6_R2	KB	POP2	0.0035	
108	KB7_R3	KB	POP2	0.0044	
113	KB9_R2	KB	POP2	0.0010	
106	MB12_R1	MB	POP2	0.8270	
107	MB14_R1	MB	POP2	0.8619	
97	MB16_R1	MB	POP2	0.7105	
96	MB18_R1	MB	POP2	0.3364	
105	MB19_R1	MB	POP2	0.8086	
103	MB20_R1	MB	POP2	0.7947	
99	MB21_R1	MB	POP2	0.7624	
102	MB22_R1	MB	POP2	0.7849	
104	MB24_R1	MB	POP2	0.8090	
98	MB25_R1	MB	POP2	0.7290	
101	MB4_R2	MB	POP2	0.7654	
100	MB6_R2	MB	POP2	0.7636	
92	QA2_R2	QA	POP2	0.0022	
91	QA4_R2	QA	POP2	0.0015	
90	QA5_R2	QA	POP2	0.0020	
93	QA6_R2	QA	POP2	0.0020	
94	QA7_R2	QA	POP2	0.0048	
89	QA8_R2	QA	POP2	0.0022	
88	QA9_R2	QA	POP2	0.0010	
95	QAY10_R3	QA	POP2	0.0014	
83	QB10_R2	QB	POP2	0.2146	
79	QB11_R2	QB	POP2	0.0906	
86	QB1_R2	QB	POP2	0.0078	
78	QB2_R2	QB	POP2	0.0052	
82	QB3_R2	QB	POP2	0.0984	
84	QB5_R2	QB	POP2	0.5250	
85	QB7_R2	QB	POP2	0.6549	
80	QB8_R2	QB	POP2	0.0484	
87	QB9_R2	QB	POP2	0.0028	
81	QBY6_R3	QB	POP2	0.1541	
73	QC10_R2	QC	POP2	0.0011	
67	QC11_R2	QC	POP2	0.0010	
76	QC1_R2	QC	POP2	0.0042	
71	QC2_R2	QC	POP2	0.0010	
70	QC3_R2	QC	POP2	0.0010	
69	QC4_R2	QC	POP2	0.0010	
77	QC5_R2	QC	POP2	0.0064	
74	QC6_R2	QC	POP2	0.0030	
72	QC7_R2	QC	POP2	0.0020	
75	QC8_R2	QC	POP2	0.0010	
68	QC9_R2	QC	POP2	0.0010	
59	RG13_R1	RG	POP2	0.0010	
62	RG14_R1	RG	POP2	0.0010	
57	RG15_R1	RG	POP2	0.0010	
61	RG17_R1	RG	POP2	0.0010	
58	RG19_R1	RG	POP2	0.0008	
63	RG20_R1	RG	POP2	0.0020	
66	RG22_R1	RG	POP2	0.0150	
56	RG23_R1	RG	POP2	0.0010	
64	RG24_R1	RG	POP2	0.0035	
65	RG25_R1	RG	POP2	0.0049	
60	RG2_R3	RG	POP2	0.0010	
50	RK11_R1	RK	POP2	0.1142	
51	RK13_R1	RK	POP2	0.1241	
48	RK14_R1	RK	POP2	0.0986	
45	RK15_R3	RK	POP2	0.0010	
55	RK16_R3	RK	POP2	0.4357	
53	RK17_R3	RK	POP2	0.2358	
49	RK18_R1	RK	POP2	0.1202	
46	RK2R_R1	RK	POP2	0.0029	
52	RK3_R1	RK	POP2	0.1401	
47	RK6_R1	RK	POP2	0.0028	
54	RK9_R1	RK	POP2	0.3835	
36	SB15_R3	SB	POP2	0.0897	
39	SB16_R1	SB	POP2	0.1342	
43	SB17_R3	SB	POP2	0.1898	
42	SB18_R3	SB	POP2	0.1617	
34	SB1R_R1	SB	POP2	0.0020	
41	SB24_R1	SB	POP2	0.1512	
35	SB3_R1	SB	POP2	0.0048	
38	SB4_R1	SB	POP2	0.1044	
44	SB6_R1	SB	POP2	0.4663	
40	SB8_R1	SB	POP2	0.1380	
37	SB9_R1	SB	POP2	0.1067	
23	TA13_R3	TA	POP2	0.4049	
29	TA14_R1	TA	POP2	0.9850	
33	TA15_R1	TA	POP2	0.9990	
26	TA16_R3	TA	POP2	0.6338	
24	TA17_R3	TA	POP2	0.4268	
28	TA18_R3	TA	POP2	0.9804	
32	TA1R_R1	TA	POP2	0.9990	
25	TA2_R1	TA	POP2	0.4540	
31	TA4_R1	TA	POP2	0.9950	
27	TA5_R1	TA	POP2	0.9489	
30	TA6_R1	TA	POP2	0.9973	
16	TB13_R3	TB	POP2	0.9647	
22	TB14_R3	TB	POP2	0.9960	
19	TB15_R3	TB	POP2	0.9857	
13	TB16_R3	TB	POP2	0.9207	
14	TB17_R3	TB	POP2	0.9290	
21	TB18_R3	TB	POP2	0.9970	
18	TB19_R3	TB	POP2	0.9828	
20	TB20_R3	TB	POP2	0.9955	
12	TB21_R3	TB	POP2	0.3399	
17	TB22_R3	TB	POP2	0.9624	
15	TB23_R3	TB	POP2	0.9313	
7	WC12_R3	WC	POP2	0.0374	
4	WC13_R3	WC	POP2	0.0185	
9	WC1_R3	WC	POP2	0.0712	
6	WC2_R3	WC	POP2	0.0311	
10	WC3_R3	WC	POP2	0.0978	
3	WC4_R3	WC	POP2	0.0017	
11	WC5_R3	WC	POP2	0.0836	
2	WC6_R3	WC	POP2	0.0010	
1	WC7_R3	WC	POP2	0.0010	
8	WC8_R3	WC	POP2	0.0429	
5	WC9_R3	WC	POP2	0.0221	
135	DH13_R1	DH	POP3	0.0000	
146	DH14_R1	DH	POP3	0.0275	
142	DH17_R1	DH	POP3	0.0043	
140	DH18_R1	DH	POP3	0.0010	
145	DH19_R1	DH	POP3	0.0285	
141	DH20_R1	DH	POP3	0.0017	
138	DH21_R1	DH	POP3	0.0010	
143	DH22_R3	DH	POP3	0.0010	
137	DH23_R1	DH	POP3	0.0010	
139	DH24_R1	DH	POP3	0.0010	
136	DH4_R3	DH	POP3	0.0010	
144	DH6_R3	DH	POP3	0.0143	
127	FD10_R2	FD	POP3	0.0042	
129	FD11_R2	FD	POP3	0.0025	
134	FD2_R2	FD	POP3	0.0010	
126	FD3_R2	FD	POP3	0.0041	
132	FD4_R2	FD	POP3	0.0030	
133	FD5_R2	FD	POP3	0.0010	
130	FD6_R2	FD	POP3	0.0035	
128	FD7_R2	FD	POP3	0.1133	
131	FD8_R2	FD	POP3	0.0020	
121	KA10_R2	KA	POP3	0.8100	
118	KA11_R3	KA	POP3	0.7322	
123	KA12_R3	KA	POP3	0.8227	
120	KA14_R2	KA	POP3	0.7882	
117	KA4_R2	KA	POP3	0.1349	
124	KA5_R3	KA	POP3	0.8316	
122	KA6_R3	KA	POP3	0.8126	
125	KA7_R2	KA	POP3	0.8316	
119	KA9_R2	KA	POP3	0.7615	
111	KB10_R3	KB	POP3	0.4426	
114	KB11_R2	KB	POP3	0.8293	
109	KB14_R3	KB	POP3	0.1583	
112	KB15_R2	KB	POP3	0.6389	
115	KB3_R3	KB	POP3	0.8352	
116	KB4_R2	KB	POP3	0.8514	
110	KB6_R2	KB	POP3	0.4306	
108	KB7_R3	KB	POP3	0.1377	
113	KB9_R2	KB	POP3	0.7290	
106	MB12_R1	MB	POP3	0.0010	
107	MB14_R1	MB	POP3	0.0014	
97	MB16_R1	MB	POP3	0.0030	
96	MB18_R1	MB	POP3	0.0027	
105	MB19_R1	MB	POP3	0.0036	
103	MB20_R1	MB	POP3	0.0010	
99	MB21_R1	MB	POP3	0.0014	
102	MB22_R1	MB	POP3	0.0102	
104	MB24_R1	MB	POP3	0.0017	
98	MB25_R1	MB	POP3	0.0197	
101	MB4_R2	MB	POP3	0.0101	
100	MB6_R2	MB	POP3	0.0064	
92	QA2_R2	QA	POP3	0.0184	
91	QA4_R2	QA	POP3	0.0117	
90	QA5_R2	QA	POP3	0.0025	
93	QA6_R2	QA	POP3	0.0207	
94	QA7_R2	QA	POP3	0.0239	
89	QA8_R2	QA	POP3	0.0016	
88	QA9_R2	QA	POP3	0.0019	
95	QAY10_R3	QA	POP3	0.0332	
83	QB10_R2	QB	POP3	0.0030	
79	QB11_R2	QB	POP3	0.0037	
86	QB1_R2	QB	POP3	0.7707	
78	QB2_R2	QB	POP3	0.0694	
82	QB3_R2	QB	POP3	0.1032	
84	QB5_R2	QB	POP3	0.0018	
85	QB7_R2	QB	POP3	0.0010	
80	QB8_R2	QB	POP3	0.1127	
87	QB9_R2	QB	POP3	0.8507	
81	QBY6_R3	QB	POP3	0.0159	
73	QC10_R2	QC	POP3	0.0020	
67	QC11_R2	QC	POP3	0.0005	
76	QC1_R2	QC	POP3	0.0038	
71	QC2_R2	QC	POP3	0.0010	
70	QC3_R2	QC	POP3	0.0010	
69	QC4_R2	QC	POP3	0.0010	
77	QC5_R2	QC	POP3	0.0020	
74	QC6_R2	QC	POP3	0.0020	
72	QC7_R2	QC	POP3	0.0010	
75	QC8_R2	QC	POP3	0.0042	
68	QC9_R2	QC	POP3	0.0010	
59	RG13_R1	RG	POP3	0.0008	
62	RG14_R1	RG	POP3	0.0010	
57	RG15_R1	RG	POP3	0.0000	
61	RG17_R1	RG	POP3	0.0010	
58	RG19_R1	RG	POP3	0.0010	
63	RG20_R1	RG	POP3	0.0010	
66	RG22_R1	RG	POP3	0.0010	
56	RG23_R1	RG	POP3	0.0000	
64	RG24_R1	RG	POP3	0.0010	
65	RG25_R1	RG	POP3	0.0009	
60	RG2_R3	RG	POP3	0.0010	
50	RK11_R1	RK	POP3	0.0106	
51	RK13_R1	RK	POP3	0.0273	
48	RK14_R1	RK	POP3	0.0010	
45	RK15_R3	RK	POP3	0.0010	
55	RK16_R3	RK	POP3	0.0063	
53	RK17_R3	RK	POP3	0.0032	
49	RK18_R1	RK	POP3	0.0019	
46	RK2R_R1	RK	POP3	0.0011	
52	RK3_R1	RK	POP3	0.0150	
47	RK6_R1	RK	POP3	0.0526	
54	RK9_R1	RK	POP3	0.0482	
36	SB15_R3	SB	POP3	0.0023	
39	SB16_R1	SB	POP3	0.0015	
43	SB17_R3	SB	POP3	0.0086	
42	SB18_R3	SB	POP3	0.0027	
34	SB1R_R1	SB	POP3	0.0038	
41	SB24_R1	SB	POP3	0.0021	
35	SB3_R1	SB	POP3	0.0060	
38	SB4_R1	SB	POP3	0.0083	
44	SB6_R1	SB	POP3	0.0538	
40	SB8_R1	SB	POP3	0.0017	
37	SB9_R1	SB	POP3	0.0015	
23	TA13_R3	TA	POP3	0.0060	
29	TA14_R1	TA	POP3	0.0010	
33	TA15_R1	TA	POP3	0.0000	
26	TA16_R3	TA	POP3	0.0029	
24	TA17_R3	TA	POP3	0.0053	
28	TA18_R3	TA	POP3	0.0020	
32	TA1R_R1	TA	POP3	0.0000	
25	TA2_R1	TA	POP3	0.0010	
31	TA4_R1	TA	POP3	0.0030	
27	TA5_R1	TA	POP3	0.0012	
30	TA6_R1	TA	POP3	0.0000	
16	TB13_R3	TB	POP3	0.0020	
22	TB14_R3	TB	POP3	0.0030	
19	TB15_R3	TB	POP3	0.0029	
13	TB16_R3	TB	POP3	0.0010	
14	TB17_R3	TB	POP3	0.0010	
21	TB18_R3	TB	POP3	0.0020	
18	TB19_R3	TB	POP3	0.0010	
20	TB20_R3	TB	POP3	0.0014	
12	TB21_R3	TB	POP3	0.0090	
17	TB22_R3	TB	POP3	0.0082	
15	TB23_R3	TB	POP3	0.0009	
7	WC12_R3	WC	POP3	0.0077	
4	WC13_R3	WC	POP3	0.0036	
9	WC1_R3	WC	POP3	0.0043	
6	WC2_R3	WC	POP3	0.0010	
10	WC3_R3	WC	POP3	0.0015	
3	WC4_R3	WC	POP3	0.0079	
11	WC5_R3	WC	POP3	0.0858	
2	WC6_R3	WC	POP3	0.0020	
1	WC7_R3	WC	POP3	0.0010	
8	WC8_R3	WC	POP3	0.0034	
5	WC9_R3	WC	POP3	0.0032	
