135	DH13_R1	DH	POP1	0.9959	
146	DH14_R1	DH	POP1	0.9749	
142	DH17_R1	DH	POP1	0.9928	
140	DH18_R1	DH	POP1	0.9607	
145	DH19_R1	DH	POP1	0.9714	
141	DH20_R1	DH	POP1	0.9896	
138	DH21_R1	DH	POP1	0.9914	
143	DH22_R3	DH	POP1	0.9923	
137	DH23_R1	DH	POP1	0.9948	
139	DH24_R1	DH	POP1	0.9910	
136	DH4_R3	DH	POP1	0.9942	
144	DH6_R3	DH	POP1	0.9870	
127	FD10_R2	FD	POP1	0.1910	
129	FD11_R2	FD	POP1	0.1741	
134	FD2_R2	FD	POP1	0.0478	
126	FD3_R2	FD	POP1	0.7063	
132	FD4_R2	FD	POP1	0.0628	
133	FD5_R2	FD	POP1	0.0788	
130	FD6_R2	FD	POP1	0.1424	
128	FD7_R2	FD	POP1	0.1633	
131	FD8_R2	FD	POP1	0.0678	
121	KA10_R2	KA	POP1	0.1313	
118	KA11_R3	KA	POP1	0.2026	
123	KA12_R3	KA	POP1	0.1047	
120	KA14_R2	KA	POP1	0.1410	
117	KA4_R2	KA	POP1	0.7540	
124	KA5_R3	KA	POP1	0.1095	
122	KA6_R3	KA	POP1	0.1261	
125	KA7_R2	KA	POP1	0.1055	
119	KA9_R2	KA	POP1	0.1508	
111	KB10_R3	KB	POP1	0.5237	
114	KB11_R2	KB	POP1	0.1170	
109	KB14_R3	KB	POP1	0.7810	
112	KB15_R2	KB	POP1	0.3124	
115	KB3_R3	KB	POP1	0.1110	
116	KB4_R2	KB	POP1	0.0913	
110	KB6_R2	KB	POP1	0.5314	
108	KB7_R3	KB	POP1	0.8445	
113	KB9_R2	KB	POP1	0.2174	
106	MB12_R1	MB	POP1	0.1639	
107	MB14_R1	MB	POP1	0.1243	
97	MB16_R1	MB	POP1	0.2845	
96	MB18_R1	MB	POP1	0.6562	
105	MB19_R1	MB	POP1	0.1732	
103	MB20_R1	MB	POP1	0.1887	
99	MB21_R1	MB	POP1	0.2285	
102	MB22_R1	MB	POP1	0.2007	
104	MB24_R1	MB	POP1	0.1794	
98	MB25_R1	MB	POP1	0.2195	
101	MB4_R2	MB	POP1	0.2106	
100	MB6_R2	MB	POP1	0.2216	
92	QA2_R2	QA	POP1	0.9699	
91	QA4_R2	QA	POP1	0.9303	
90	QA5_R2	QA	POP1	0.9576	
93	QA6_R2	QA	POP1	0.9550	
94	QA7_R2	QA	POP1	0.9363	
89	QA8_R2	QA	POP1	0.9054	
88	QA9_R2	QA	POP1	0.9936	
95	QAY10_R3	QA	POP1	0.9645	
83	QB10_R2	QB	POP1	0.7854	
79	QB11_R2	QB	POP1	0.9049	
86	QB1_R2	QB	POP1	0.1690	
78	QB2_R2	QB	POP1	0.8997	
82	QB3_R2	QB	POP1	0.7924	
84	QB5_R2	QB	POP1	0.4611	
85	QB7_R2	QB	POP1	0.3231	
80	QB8_R2	QB	POP1	0.8402	
87	QB9_R2	QB	POP1	0.0818	
81	QBY6_R3	QB	POP1	0.8230	
73	QC10_R2	QC	POP1	0.9371	
67	QC11_R2	QC	POP1	0.9762	
76	QC1_R2	QC	POP1	0.9743	
71	QC2_R2	QC	POP1	0.9689	
70	QC3_R2	QC	POP1	0.0997	
69	QC4_R2	QC	POP1	0.0997	
77	QC5_R2	QC	POP1	0.9696	
74	QC6_R2	QC	POP1	0.9493	
72	QC7_R2	QC	POP1	0.9540	
75	QC8_R2	QC	POP1	0.9361	
68	QC9_R2	QC	POP1	0.0997	
59	RG13_R1	RG	POP1	0.9985	
62	RG14_R1	RG	POP1	0.9876	
57	RG15_R1	RG	POP1	0.9977	
61	RG17_R1	RG	POP1	0.9957	
58	RG19_R1	RG	POP1	0.9977	
63	RG20_R1	RG	POP1	0.9958	
66	RG22_R1	RG	POP1	0.9860	
56	RG23_R1	RG	POP1	0.9963	
64	RG24_R1	RG	POP1	0.9838	
65	RG25_R1	RG	POP1	0.9672	
60	RG2_R3	RG	POP1	0.9929	
50	RK11_R1	RK	POP1	0.8600	
51	RK13_R1	RK	POP1	0.8490	
48	RK14_R1	RK	POP1	0.9000	
45	RK15_R3	RK	POP1	0.9958	
55	RK16_R3	RK	POP1	0.5491	
53	RK17_R3	RK	POP1	0.7560	
49	RK18_R1	RK	POP1	0.8794	
46	RK2R_R1	RK	POP1	0.9887	
52	RK3_R1	RK	POP1	0.7753	
47	RK6_R1	RK	POP1	0.9378	
54	RK9_R1	RK	POP1	0.5663	
36	SB15_R3	SB	POP1	0.9077	
39	SB16_R1	SB	POP1	0.8644	
43	SB17_R3	SB	POP1	0.7904	
42	SB18_R3	SB	POP1	0.8297	
34	SB1R_R1	SB	POP1	0.9933	
41	SB24_R1	SB	POP1	0.7723	
35	SB3_R1	SB	POP1	0.9800	
38	SB4_R1	SB	POP1	0.8709	
44	SB6_R1	SB	POP1	0.4797	
40	SB8_R1	SB	POP1	0.8565	
37	SB9_R1	SB	POP1	0.8834	
23	TA13_R3	TA	POP1	0.5836	
29	TA14_R1	TA	POP1	0.0070	
33	TA15_R1	TA	POP1	0.0008	
26	TA16_R3	TA	POP1	0.3591	
24	TA17_R3	TA	POP1	0.5267	
28	TA18_R3	TA	POP1	0.0059	
32	TA1R_R1	TA	POP1	0.0010	
25	TA2_R1	TA	POP1	0.5379	
31	TA4_R1	TA	POP1	0.0011	
27	TA5_R1	TA	POP1	0.0286	
30	TA6_R1	TA	POP1	0.0014	
16	TB13_R3	TB	POP1	0.0111	
22	TB14_R3	TB	POP1	0.0009	
19	TB15_R3	TB	POP1	0.0057	
13	TB16_R3	TB	POP1	0.0529	
14	TB17_R3	TB	POP1	0.0524	
21	TB18_R3	TB	POP1	0.0009	
18	TB19_R3	TB	POP1	0.0098	
20	TB20_R3	TB	POP1	0.0017	
12	TB21_R3	TB	POP1	0.6465	
17	TB22_R3	TB	POP1	0.0196	
15	TB23_R3	TB	POP1	0.0417	
7	WC12_R3	WC	POP1	0.9412	
4	WC13_R3	WC	POP1	0.9716	
9	WC1_R3	WC	POP1	0.9232	
6	WC2_R3	WC	POP1	0.9695	
10	WC3_R3	WC	POP1	0.8976	
3	WC4_R3	WC	POP1	0.9389	
11	WC5_R3	WC	POP1	0.8274	
2	WC6_R3	WC	POP1	0.9922	
1	WC7_R3	WC	POP1	0.9711	
8	WC8_R3	WC	POP1	0.9507	
5	WC9_R3	WC	POP1	0.9797	
135	DH13_R1	DH	POP2	0.0011	
146	DH14_R1	DH	POP2	0.0015	
142	DH17_R1	DH	POP2	0.0010	
140	DH18_R1	DH	POP2	0.0018	
145	DH19_R1	DH	POP2	0.0010	
141	DH20_R1	DH	POP2	0.0021	
138	DH21_R1	DH	POP2	0.0010	
143	DH22_R3	DH	POP2	0.0038	
137	DH23_R1	DH	POP2	0.0010	
139	DH24_R1	DH	POP2	0.0010	
136	DH4_R3	DH	POP2	0.0010	
144	DH6_R3	DH	POP2	0.0036	
127	FD10_R2	FD	POP2	0.8036	
129	FD11_R2	FD	POP2	0.8226	
134	FD2_R2	FD	POP2	0.9452	
126	FD3_R2	FD	POP2	0.2806	
132	FD4_R2	FD	POP2	0.9214	
133	FD5_R2	FD	POP2	0.9192	
130	FD6_R2	FD	POP2	0.8505	
128	FD7_R2	FD	POP2	0.7112	
131	FD8_R2	FD	POP2	0.9121	
121	KA10_R2	KA	POP2	0.0010	
118	KA11_R3	KA	POP2	0.0141	
123	KA12_R3	KA	POP2	0.0017	
120	KA14_R2	KA	POP2	0.0095	
117	KA4_R2	KA	POP2	0.0149	
124	KA5_R3	KA	POP2	0.0005	
122	KA6_R3	KA	POP2	0.0011	
125	KA7_R2	KA	POP2	0.0010	
119	KA9_R2	KA	POP2	0.0010	
111	KB10_R3	KB	POP2	0.0008	
114	KB11_R2	KB	POP2	0.0015	
109	KB14_R3	KB	POP2	0.0480	
112	KB15_R2	KB	POP2	0.0010	
115	KB3_R3	KB	POP2	0.0009	
116	KB4_R2	KB	POP2	0.0054	
110	KB6_R2	KB	POP2	0.0027	
108	KB7_R3	KB	POP2	0.0029	
113	KB9_R2	KB	POP2	0.0010	
106	MB12_R1	MB	POP2	0.8276	
107	MB14_R1	MB	POP2	0.8700	
97	MB16_R1	MB	POP2	0.7115	
96	MB18_R1	MB	POP2	0.3331	
105	MB19_R1	MB	POP2	0.8194	
103	MB20_R1	MB	POP2	0.8039	
99	MB21_R1	MB	POP2	0.7673	
102	MB22_R1	MB	POP2	0.7884	
104	MB24_R1	MB	POP2	0.8139	
98	MB25_R1	MB	POP2	0.7384	
101	MB4_R2	MB	POP2	0.7720	
100	MB6_R2	MB	POP2	0.7698	
92	QA2_R2	QA	POP2	0.0020	
91	QA4_R2	QA	POP2	0.0010	
90	QA5_R2	QA	POP2	0.0012	
93	QA6_R2	QA	POP2	0.0012	
94	QA7_R2	QA	POP2	0.0037	
89	QA8_R2	QA	POP2	0.0017	
88	QA9_R2	QA	POP2	0.0008	
95	QAY10_R3	QA	POP2	0.0010	
83	QB10_R2	QB	POP2	0.2105	
79	QB11_R2	QB	POP2	0.0878	
86	QB1_R2	QB	POP2	0.0103	
78	QB2_R2	QB	POP2	0.0033	
82	QB3_R2	QB	POP2	0.0940	
84	QB5_R2	QB	POP2	0.5283	
85	QB7_R2	QB	POP2	0.6630	
80	QB8_R2	QB	POP2	0.0412	
87	QB9_R2	QB	POP2	0.0036	
81	QBY6_R3	QB	POP2	0.1536	
73	QC10_R2	QC	POP2	0.0010	
67	QC11_R2	QC	POP2	0.0010	
76	QC1_R2	QC	POP2	0.0025	
71	QC2_R2	QC	POP2	0.0007	
70	QC3_R2	QC	POP2	0.0001	
69	QC4_R2	QC	POP2	0.0001	
77	QC5_R2	QC	POP2	0.0034	
74	QC6_R2	QC	POP2	0.0021	
72	QC7_R2	QC	POP2	0.0011	
75	QC8_R2	QC	POP2	0.0010	
68	QC9_R2	QC	POP2	0.0001	
59	RG13_R1	RG	POP2	0.0003	
62	RG14_R1	RG	POP2	0.0010	
57	RG15_R1	RG	POP2	0.0009	
61	RG17_R1	RG	POP2	0.0008	
58	RG19_R1	RG	POP2	0.0000	
63	RG20_R1	RG	POP2	0.0011	
66	RG22_R1	RG	POP2	0.0101	
56	RG23_R1	RG	POP2	0.0005	
64	RG24_R1	RG	POP2	0.0020	
65	RG25_R1	RG	POP2	0.0034	
60	RG2_R3	RG	POP2	0.0010	
50	RK11_R1	RK	POP2	0.1100	
51	RK13_R1	RK	POP2	0.1219	
48	RK14_R1	RK	POP2	0.0898	
45	RK15_R3	RK	POP2	0.0008	
55	RK16_R3	RK	POP2	0.4386	
53	RK17_R3	RK	POP2	0.2323	
49	RK18_R1	RK	POP2	0.1114	
46	RK2R_R1	RK	POP2	0.0019	
52	RK3_R1	RK	POP2	0.1157	
47	RK6_R1	RK	POP2	0.0018	
54	RK9_R1	RK	POP2	0.3847	
36	SB15_R3	SB	POP2	0.0862	
39	SB16_R1	SB	POP2	0.1239	
43	SB17_R3	SB	POP2	0.1875	
42	SB18_R3	SB	POP2	0.1545	
34	SB1R_R1	SB	POP2	0.0012	
41	SB24_R1	SB	POP2	0.1255	
35	SB3_R1	SB	POP2	0.0023	
38	SB4_R1	SB	POP2	0.0991	
44	SB6_R1	SB	POP2	0.4681	
40	SB8_R1	SB	POP2	0.1318	
37	SB9_R1	SB	POP2	0.1001	
23	TA13_R3	TA	POP2	0.4039	
29	TA14_R1	TA	POP2	0.9892	
33	TA15_R1	TA	POP2	0.9988	
26	TA16_R3	TA	POP2	0.6370	
24	TA17_R3	TA	POP2	0.4289	
28	TA18_R3	TA	POP2	0.9853	
32	TA1R_R1	TA	POP2	0.9986	
25	TA2_R1	TA	POP2	0.4556	
31	TA4_R1	TA	POP2	0.9956	
27	TA5_R1	TA	POP2	0.9640	
30	TA6_R1	TA	POP2	0.9976	
16	TB13_R3	TB	POP2	0.9756	
22	TB14_R3	TB	POP2	0.9966	
19	TB15_R3	TB	POP2	0.9908	
13	TB16_R3	TB	POP2	0.9382	
14	TB17_R3	TB	POP2	0.9432	
21	TB18_R3	TB	POP2	0.9977	
18	TB19_R3	TB	POP2	0.9882	
20	TB20_R3	TB	POP2	0.9963	
12	TB21_R3	TB	POP2	0.3386	
17	TB22_R3	TB	POP2	0.9664	
15	TB23_R3	TB	POP2	0.9509	
7	WC12_R3	WC	POP2	0.0301	
4	WC13_R3	WC	POP2	0.0146	
9	WC1_R3	WC	POP2	0.0682	
6	WC2_R3	WC	POP2	0.0263	
10	WC3_R3	WC	POP2	0.0944	
3	WC4_R3	WC	POP2	0.0012	
11	WC5_R3	WC	POP2	0.0784	
2	WC6_R3	WC	POP2	0.0010	
1	WC7_R3	WC	POP2	0.0010	
8	WC8_R3	WC	POP2	0.0382	
5	WC9_R3	WC	POP2	0.0140	
135	DH13_R1	DH	POP3	0.0000	
146	DH14_R1	DH	POP3	0.0179	
142	DH17_R1	DH	POP3	0.0030	
140	DH18_R1	DH	POP3	0.0010	
145	DH19_R1	DH	POP3	0.0224	
141	DH20_R1	DH	POP3	0.0010	
138	DH21_R1	DH	POP3	0.0009	
143	DH22_R3	DH	POP3	0.0010	
137	DH23_R1	DH	POP3	0.0010	
139	DH24_R1	DH	POP3	0.0010	
136	DH4_R3	DH	POP3	0.0003	
144	DH6_R3	DH	POP3	0.0082	
127	FD10_R2	FD	POP3	0.0042	
129	FD11_R2	FD	POP3	0.0022	
134	FD2_R2	FD	POP3	0.0010	
126	FD3_R2	FD	POP3	0.0036	
132	FD4_R2	FD	POP3	0.0041	
133	FD5_R2	FD	POP3	0.0010	
130	FD6_R2	FD	POP3	0.0030	
128	FD7_R2	FD	POP3	0.1233	
131	FD8_R2	FD	POP3	0.0024	
121	KA10_R2	KA	POP3	0.8657	
118	KA11_R3	KA	POP3	0.7811	
123	KA12_R3	KA	POP3	0.8835	
120	KA14_R2	KA	POP3	0.8450	
117	KA4_R2	KA	POP3	0.1433	
124	KA5_R3	KA	POP3	0.8890	
122	KA6_R3	KA	POP3	0.8701	
125	KA7_R2	KA	POP3	0.8911	
119	KA9_R2	KA	POP3	0.8149	
111	KB10_R3	KB	POP3	0.4734	
114	KB11_R2	KB	POP3	0.8801	
109	KB14_R3	KB	POP3	0.1676	
112	KB15_R2	KB	POP3	0.6848	
115	KB3_R3	KB	POP3	0.8874	
116	KB4_R2	KB	POP3	0.9021	
110	KB6_R2	KB	POP3	0.4569	
108	KB7_R3	KB	POP3	0.1465	
113	KB9_R2	KB	POP3	0.7789	
106	MB12_R1	MB	POP3	0.0010	
107	MB14_R1	MB	POP3	0.0013	
97	MB16_R1	MB	POP3	0.0023	
96	MB18_R1	MB	POP3	0.0021	
105	MB19_R1	MB	POP3	0.0036	
103	MB20_R1	MB	POP3	0.0010	
99	MB21_R1	MB	POP3	0.0010	
102	MB22_R1	MB	POP3	0.0097	
104	MB24_R1	MB	POP3	0.0015	
98	MB25_R1	MB	POP3	0.0236	
101	MB4_R2	MB	POP3	0.0119	
100	MB6_R2	MB	POP3	0.0066	
92	QA2_R2	QA	POP3	0.0125	
91	QA4_R2	QA	POP3	0.0070	
90	QA5_R2	QA	POP3	0.0020	
93	QA6_R2	QA	POP3	0.0149	
94	QA7_R2	QA	POP3	0.0183	
89	QA8_R2	QA	POP3	0.0010	
88	QA9_R2	QA	POP3	0.0011	
95	QAY10_R3	QA	POP3	0.0310	
83	QB10_R2	QB	POP3	0.0024	
79	QB11_R2	QB	POP3	0.0028	
86	QB1_R2	QB	POP3	0.8186	
78	QB2_R2	QB	POP3	0.0704	
82	QB3_R2	QB	POP3	0.1107	
84	QB5_R2	QB	POP3	0.0017	
85	QB7_R2	QB	POP3	0.0010	
80	QB8_R2	QB	POP3	0.1169	
87	QB9_R2	QB	POP3	0.9108	
81	QBY6_R3	QB	POP3	0.0132	
73	QC10_R2	QC	POP3	0.0012	
67	QC11_R2	QC	POP3	0.0001	
76	QC1_R2	QC	POP3	0.0027	
71	QC2_R2	QC	POP3	0.0010	
70	QC3_R2	QC	POP3	0.0001	
69	QC4_R2	QC	POP3	0.0001	
77	QC5_R2	QC	POP3	0.0012	
74	QC6_R2	QC	POP3	0.0011	
72	QC7_R2	QC	POP3	0.0010	
75	QC8_R2	QC	POP3	0.0029	
68	QC9_R2	QC	POP3	0.0001	
59	RG13_R1	RG	POP3	0.0001	
62	RG14_R1	RG	POP3	0.0010	
57	RG15_R1	RG	POP3	0.0000	
61	RG17_R1	RG	POP3	0.0009	
58	RG19_R1	RG	POP3	0.0010	
63	RG20_R1	RG	POP3	0.0010	
66	RG22_R1	RG	POP3	0.0001	
56	RG23_R1	RG	POP3	0.0000	
64	RG24_R1	RG	POP3	0.0010	
65	RG25_R1	RG	POP3	0.0000	
60	RG2_R3	RG	POP3	0.0010	
50	RK11_R1	RK	POP3	0.0077	
51	RK13_R1	RK	POP3	0.0178	
48	RK14_R1	RK	POP3	0.0008	
45	RK15_R3	RK	POP3	0.0009	
55	RK16_R3	RK	POP3	0.0053	
53	RK17_R3	RK	POP3	0.0025	
49	RK18_R1	RK	POP3	0.0012	
46	RK2R_R1	RK	POP3	0.0010	
52	RK3_R1	RK	POP3	0.0080	
47	RK6_R1	RK	POP3	0.0460	
54	RK9_R1	RK	POP3	0.0456	
36	SB15_R3	SB	POP3	0.0017	
39	SB16_R1	SB	POP3	0.0010	
43	SB17_R3	SB	POP3	0.0109	
42	SB18_R3	SB	POP3	0.0020	
34	SB1R_R1	SB	POP3	0.0021	
41	SB24_R1	SB	POP3	0.0014	
35	SB3_R1	SB	POP3	0.0030	
38	SB4_R1	SB	POP3	0.0060	
44	SB6_R1	SB	POP3	0.0505	
40	SB8_R1	SB	POP3	0.0012	
37	SB9_R1	SB	POP3	0.0011	
23	TA13_R3	TA	POP3	0.0053	
29	TA14_R1	TA	POP3	0.0010	
33	TA15_R1	TA	POP3	0.0000	
26	TA16_R3	TA	POP3	0.0027	
24	TA17_R3	TA	POP3	0.0044	
28	TA18_R3	TA	POP3	0.0020	
32	TA1R_R1	TA	POP3	0.0000	
25	TA2_R1	TA	POP3	0.0010	
31	TA4_R1	TA	POP3	0.0024	
27	TA5_R1	TA	POP3	0.0012	
30	TA6_R1	TA	POP3	0.0000	
16	TB13_R3	TB	POP3	0.0020	
22	TB14_R3	TB	POP3	0.0022	
19	TB15_R3	TB	POP3	0.0022	
13	TB16_R3	TB	POP3	0.0010	
14	TB17_R3	TB	POP3	0.0014	
21	TB18_R3	TB	POP3	0.0013	
18	TB19_R3	TB	POP3	0.0010	
20	TB20_R3	TB	POP3	0.0010	
12	TB21_R3	TB	POP3	0.0071	
17	TB22_R3	TB	POP3	0.0081	
15	TB23_R3	TB	POP3	0.0006	
7	WC12_R3	WC	POP3	0.0063	
4	WC13_R3	WC	POP3	0.0042	
9	WC1_R3	WC	POP3	0.0035	
6	WC2_R3	WC	POP3	0.0008	
10	WC3_R3	WC	POP3	0.0012	
3	WC4_R3	WC	POP3	0.0052	
11	WC5_R3	WC	POP3	0.0890	
2	WC6_R3	WC	POP3	0.0011	
1	WC7_R3	WC	POP3	0.0009	
8	WC8_R3	WC	POP3	0.0026	
5	WC9_R3	WC	POP3	0.0026	
135	DH13_R1	DH	POP4	0.0031	
146	DH14_R1	DH	POP4	0.0056	
142	DH17_R1	DH	POP4	0.0032	
140	DH18_R1	DH	POP4	0.0365	
145	DH19_R1	DH	POP4	0.0052	
141	DH20_R1	DH	POP4	0.0073	
138	DH21_R1	DH	POP4	0.0067	
143	DH22_R3	DH	POP4	0.0030	
137	DH23_R1	DH	POP4	0.0032	
139	DH24_R1	DH	POP4	0.0070	
136	DH4_R3	DH	POP4	0.0044	
144	DH6_R3	DH	POP4	0.0011	
127	FD10_R2	FD	POP4	0.0012	
129	FD11_R2	FD	POP4	0.0011	
134	FD2_R2	FD	POP4	0.0060	
126	FD3_R2	FD	POP4	0.0095	
132	FD4_R2	FD	POP4	0.0118	
133	FD5_R2	FD	POP4	0.0010	
130	FD6_R2	FD	POP4	0.0042	
128	FD7_R2	FD	POP4	0.0023	
131	FD8_R2	FD	POP4	0.0177	
121	KA10_R2	KA	POP4	0.0019	
118	KA11_R3	KA	POP4	0.0022	
123	KA12_R3	KA	POP4	0.0101	
120	KA14_R2	KA	POP4	0.0045	
117	KA4_R2	KA	POP4	0.0878	
124	KA5_R3	KA	POP4	0.0010	
122	KA6_R3	KA	POP4	0.0027	
125	KA7_R2	KA	POP4	0.0024	
119	KA9_R2	KA	POP4	0.0333	
111	KB10_R3	KB	POP4	0.0020	
114	KB11_R2	KB	POP4	0.0015	
109	KB14_R3	KB	POP4	0.0034	
112	KB15_R2	KB	POP4	0.0018	
115	KB3_R3	KB	POP4	0.0006	
116	KB4_R2	KB	POP4	0.0012	
110	KB6_R2	KB	POP4	0.0091	
108	KB7_R3	KB	POP4	0.0062	
113	KB9_R2	KB	POP4	0.0027	
106	MB12_R1	MB	POP4	0.0075	
107	MB14_R1	MB	POP4	0.0044	
97	MB16_R1	MB	POP4	0.0017	
96	MB18_R1	MB	POP4	0.0087	
105	MB19_R1	MB	POP4	0.0038	
103	MB20_R1	MB	POP4	0.0064	
99	MB21_R1	MB	POP4	0.0032	
102	MB22_R1	MB	POP4	0.0011	
104	MB24_R1	MB	POP4	0.0052	
98	MB25_R1	MB	POP4	0.0185	
101	MB4_R2	MB	POP4	0.0055	
100	MB6_R2	MB	POP4	0.0020	
92	QA2_R2	QA	POP4	0.0156	
91	QA4_R2	QA	POP4	0.0617	
90	QA5_R2	QA	POP4	0.0392	
93	QA6_R2	QA	POP4	0.0290	
94	QA7_R2	QA	POP4	0.0418	
89	QA8_R2	QA	POP4	0.0919	
88	QA9_R2	QA	POP4	0.0045	
95	QAY10_R3	QA	POP4	0.0034	
83	QB10_R2	QB	POP4	0.0016	
79	QB11_R2	QB	POP4	0.0046	
86	QB1_R2	QB	POP4	0.0021	
78	QB2_R2	QB	POP4	0.0266	
82	QB3_R2	QB	POP4	0.0028	
84	QB5_R2	QB	POP4	0.0089	
85	QB7_R2	QB	POP4	0.0129	
80	QB8_R2	QB	POP4	0.0017	
87	QB9_R2	QB	POP4	0.0038	
81	QBY6_R3	QB	POP4	0.0102	
73	QC10_R2	QC	POP4	0.0607	
67	QC11_R2	QC	POP4	0.0228	
76	QC1_R2	QC	POP4	0.0205	
71	QC2_R2	QC	POP4	0.0293	
70	QC3_R2	QC	POP4	0.9001	
69	QC4_R2	QC	POP4	0.9001	
77	QC5_R2	QC	POP4	0.0258	
74	QC6_R2	QC	POP4	0.0475	
72	QC7_R2	QC	POP4	0.0439	
75	QC8_R2	QC	POP4	0.0600	
68	QC9_R2	QC	POP4	0.9001	
59	RG13_R1	RG	POP4	0.0011	
62	RG14_R1	RG	POP4	0.0104	
57	RG15_R1	RG	POP4	0.0013	
61	RG17_R1	RG	POP4	0.0026	
58	RG19_R1	RG	POP4	0.0013	
63	RG20_R1	RG	POP4	0.0022	
66	RG22_R1	RG	POP4	0.0038	
56	RG23_R1	RG	POP4	0.0031	
64	RG24_R1	RG	POP4	0.0132	
65	RG25_R1	RG	POP4	0.0294	
60	RG2_R3	RG	POP4	0.0051	
50	RK11_R1	RK	POP4	0.0223	
51	RK13_R1	RK	POP4	0.0113	
48	RK14_R1	RK	POP4	0.0094	
45	RK15_R3	RK	POP4	0.0024	
55	RK16_R3	RK	POP4	0.0070	
53	RK17_R3	RK	POP4	0.0093	
49	RK18_R1	RK	POP4	0.0081	
46	RK2R_R1	RK	POP4	0.0084	
52	RK3_R1	RK	POP4	0.1009	
47	RK6_R1	RK	POP4	0.0143	
54	RK9_R1	RK	POP4	0.0033	
36	SB15_R3	SB	POP4	0.0044	
39	SB16_R1	SB	POP4	0.0107	
43	SB17_R3	SB	POP4	0.0113	
42	SB18_R3	SB	POP4	0.0138	
34	SB1R_R1	SB	POP4	0.0033	
41	SB24_R1	SB	POP4	0.1008	
35	SB3_R1	SB	POP4	0.0146	
38	SB4_R1	SB	POP4	0.0240	
44	SB6_R1	SB	POP4	0.0017	
40	SB8_R1	SB	POP4	0.0104	
37	SB9_R1	SB	POP4	0.0155	
23	TA13_R3	TA	POP4	0.0073	
29	TA14_R1	TA	POP4	0.0028	
33	TA15_R1	TA	POP4	0.0004	
26	TA16_R3	TA	POP4	0.0012	
24	TA17_R3	TA	POP4	0.0401	
28	TA18_R3	TA	POP4	0.0069	
32	TA1R_R1	TA	POP4	0.0004	
25	TA2_R1	TA	POP4	0.0055	
31	TA4_R1	TA	POP4	0.0009	
27	TA5_R1	TA	POP4	0.0062	
30	TA6_R1	TA	POP4	0.0010	
16	TB13_R3	TB	POP4	0.0112	
22	TB14_R3	TB	POP4	0.0003	
19	TB15_R3	TB	POP4	0.0014	
13	TB16_R3	TB	POP4	0.0079	
14	TB17_R3	TB	POP4	0.0030	
21	TB18_R3	TB	POP4	0.0001	
18	TB19_R3	TB	POP4	0.0010	
20	TB20_R3	TB	POP4	0.0010	
12	TB21_R3	TB	POP4	0.0078	
17	TB22_R3	TB	POP4	0.0059	
15	TB23_R3	TB	POP4	0.0068	
7	WC12_R3	WC	POP4	0.0224	
4	WC13_R3	WC	POP4	0.0096	
9	WC1_R3	WC	POP4	0.0052	
6	WC2_R3	WC	POP4	0.0033	
10	WC3_R3	WC	POP4	0.0068	
3	WC4_R3	WC	POP4	0.0547	
11	WC5_R3	WC	POP4	0.0052	
2	WC6_R3	WC	POP4	0.0057	
1	WC7_R3	WC	POP4	0.0270	
8	WC8_R3	WC	POP4	0.0084	
5	WC9_R3	WC	POP4	0.0037	
