135	DH13_R1	DH	POP1	0.9386	
146	DH14_R1	DH	POP1	0.8838	
142	DH17_R1	DH	POP1	0.9298	
140	DH18_R1	DH	POP1	0.8994	
145	DH19_R1	DH	POP1	0.9153	
141	DH20_R1	DH	POP1	0.9070	
138	DH21_R1	DH	POP1	0.9324	
143	DH22_R3	DH	POP1	0.9349	
137	DH23_R1	DH	POP1	0.9449	
139	DH24_R1	DH	POP1	0.9387	
136	DH4_R3	DH	POP1	0.9375	
144	DH6_R3	DH	POP1	0.9264	
127	FD10_R2	FD	POP1	0.0201	
129	FD11_R2	FD	POP1	0.0461	
134	FD2_R2	FD	POP1	0.0014	
126	FD3_R2	FD	POP1	0.2137	
132	FD4_R2	FD	POP1	0.0075	
133	FD5_R2	FD	POP1	0.0036	
130	FD6_R2	FD	POP1	0.0054	
128	FD7_R2	FD	POP1	0.0219	
131	FD8_R2	FD	POP1	0.0018	
121	KA10_R2	KA	POP1	0.0388	
118	KA11_R3	KA	POP1	0.0875	
123	KA12_R3	KA	POP1	0.0152	
120	KA14_R2	KA	POP1	0.0224	
117	KA4_R2	KA	POP1	0.4188	
124	KA5_R3	KA	POP1	0.0376	
122	KA6_R3	KA	POP1	0.0416	
125	KA7_R2	KA	POP1	0.0353	
119	KA9_R2	KA	POP1	0.0288	
111	KB10_R3	KB	POP1	0.3819	
114	KB11_R2	KB	POP1	0.0038	
109	KB14_R3	KB	POP1	0.4994	
112	KB15_R2	KB	POP1	0.2541	
115	KB3_R3	KB	POP1	0.0349	
116	KB4_R2	KB	POP1	0.0074	
110	KB6_R2	KB	POP1	0.3290	
108	KB7_R3	KB	POP1	0.5440	
113	KB9_R2	KB	POP1	0.1683	
106	MB12_R1	MB	POP1	0.0201	
107	MB14_R1	MB	POP1	0.0074	
97	MB16_R1	MB	POP1	0.0666	
96	MB18_R1	MB	POP1	0.2315	
105	MB19_R1	MB	POP1	0.0239	
103	MB20_R1	MB	POP1	0.0159	
99	MB21_R1	MB	POP1	0.0292	
102	MB22_R1	MB	POP1	0.0214	
104	MB24_R1	MB	POP1	0.0292	
98	MB25_R1	MB	POP1	0.0224	
101	MB4_R2	MB	POP1	0.0171	
100	MB6_R2	MB	POP1	0.0550	
92	QA2_R2	QA	POP1	0.8977	
91	QA4_R2	QA	POP1	0.8632	
90	QA5_R2	QA	POP1	0.9392	
93	QA6_R2	QA	POP1	0.9056	
94	QA7_R2	QA	POP1	0.8887	
89	QA8_R2	QA	POP1	0.8841	
88	QA9_R2	QA	POP1	0.9729	
95	QAY10_R3	QA	POP1	0.9277	
83	QB10_R2	QB	POP1	0.5214	
79	QB11_R2	QB	POP1	0.5794	
86	QB1_R2	QB	POP1	0.1049	
78	QB2_R2	QB	POP1	0.7966	
82	QB3_R2	QB	POP1	0.4944	
84	QB5_R2	QB	POP1	0.1483	
85	QB7_R2	QB	POP1	0.0770	
80	QB8_R2	QB	POP1	0.6813	
87	QB9_R2	QB	POP1	0.0187	
81	QBY6_R3	QB	POP1	0.5274	
73	QC10_R2	QC	POP1	0.9004	
67	QC11_R2	QC	POP1	0.9563	
76	QC1_R2	QC	POP1	0.8919	
71	QC2_R2	QC	POP1	0.9609	
70	QC3_R2	QC	POP1	0.0000	
69	QC4_R2	QC	POP1	0.0000	
77	QC5_R2	QC	POP1	0.9237	
74	QC6_R2	QC	POP1	0.9125	
72	QC7_R2	QC	POP1	0.9395	
75	QC8_R2	QC	POP1	0.8953	
68	QC9_R2	QC	POP1	0.0000	
59	RG13_R1	RG	POP1	0.7978	
62	RG14_R1	RG	POP1	0.8701	
57	RG15_R1	RG	POP1	0.9402	
61	RG17_R1	RG	POP1	0.9147	
58	RG19_R1	RG	POP1	0.9386	
63	RG20_R1	RG	POP1	0.9394	
66	RG22_R1	RG	POP1	0.9062	
56	RG23_R1	RG	POP1	0.9373	
64	RG24_R1	RG	POP1	0.8991	
65	RG25_R1	RG	POP1	0.8907	
60	RG2_R3	RG	POP1	0.9593	
50	RK11_R1	RK	POP1	0.3364	
51	RK13_R1	RK	POP1	0.4994	
48	RK14_R1	RK	POP1	0.5036	
45	RK15_R3	RK	POP1	0.9514	
55	RK16_R3	RK	POP1	0.3980	
53	RK17_R3	RK	POP1	0.2790	
49	RK18_R1	RK	POP1	0.3519	
46	RK2R_R1	RK	POP1	0.7671	
52	RK3_R1	RK	POP1	0.0000	
47	RK6_R1	RK	POP1	0.2818	
54	RK9_R1	RK	POP1	0.2930	
36	SB15_R3	SB	POP1	0.4869	
39	SB16_R1	SB	POP1	0.4158	
43	SB17_R3	SB	POP1	0.4598	
42	SB18_R3	SB	POP1	0.3986	
34	SB1R_R1	SB	POP1	0.7799	
41	SB24_R1	SB	POP1	0.0000	
35	SB3_R1	SB	POP1	0.2768	
38	SB4_R1	SB	POP1	0.4499	
44	SB6_R1	SB	POP1	0.2082	
40	SB8_R1	SB	POP1	0.3402	
37	SB9_R1	SB	POP1	0.3169	
23	TA13_R3	TA	POP1	0.1657	
29	TA14_R1	TA	POP1	0.0048	
33	TA15_R1	TA	POP1	0.0005	
26	TA16_R3	TA	POP1	0.0180	
24	TA17_R3	TA	POP1	0.0586	
28	TA18_R3	TA	POP1	0.0036	
32	TA1R_R1	TA	POP1	0.0005	
25	TA2_R1	TA	POP1	0.1240	
31	TA4_R1	TA	POP1	0.0014	
27	TA5_R1	TA	POP1	0.0047	
30	TA6_R1	TA	POP1	0.0016	
16	TB13_R3	TB	POP1	0.0057	
22	TB14_R3	TB	POP1	0.0003	
19	TB15_R3	TB	POP1	0.0040	
13	TB16_R3	TB	POP1	0.0091	
14	TB17_R3	TB	POP1	0.0030	
21	TB18_R3	TB	POP1	0.0004	
18	TB19_R3	TB	POP1	0.0091	
20	TB20_R3	TB	POP1	0.0018	
12	TB21_R3	TB	POP1	0.1766	
17	TB22_R3	TB	POP1	0.0021	
15	TB23_R3	TB	POP1	0.0016	
7	WC12_R3	WC	POP1	0.8296	
4	WC13_R3	WC	POP1	0.8769	
9	WC1_R3	WC	POP1	0.8319	
6	WC2_R3	WC	POP1	0.7955	
10	WC3_R3	WC	POP1	0.8625	
3	WC4_R3	WC	POP1	0.8802	
11	WC5_R3	WC	POP1	0.7621	
2	WC6_R3	WC	POP1	0.9155	
1	WC7_R3	WC	POP1	0.8809	
8	WC8_R3	WC	POP1	0.7918	
5	WC9_R3	WC	POP1	0.9154	
135	DH13_R1	DH	POP2	0.0010	
146	DH14_R1	DH	POP2	0.0016	
142	DH17_R1	DH	POP2	0.0009	
140	DH18_R1	DH	POP2	0.0017	
145	DH19_R1	DH	POP2	0.0008	
141	DH20_R1	DH	POP2	0.0017	
138	DH21_R1	DH	POP2	0.0006	
143	DH22_R3	DH	POP2	0.0036	
137	DH23_R1	DH	POP2	0.0006	
139	DH24_R1	DH	POP2	0.0009	
136	DH4_R3	DH	POP2	0.0014	
144	DH6_R3	DH	POP2	0.0021	
127	FD10_R2	FD	POP2	0.5635	
129	FD11_R2	FD	POP2	0.5876	
134	FD2_R2	FD	POP2	0.6414	
126	FD3_R2	FD	POP2	0.0678	
132	FD4_R2	FD	POP2	0.6842	
133	FD5_R2	FD	POP2	0.6663	
130	FD6_R2	FD	POP2	0.5960	
128	FD7_R2	FD	POP2	0.4851	
131	FD8_R2	FD	POP2	0.6188	
121	KA10_R2	KA	POP2	0.0015	
118	KA11_R3	KA	POP2	0.0331	
123	KA12_R3	KA	POP2	0.0025	
120	KA14_R2	KA	POP2	0.0082	
117	KA4_R2	KA	POP2	0.0011	
124	KA5_R3	KA	POP2	0.0002	
122	KA6_R3	KA	POP2	0.0010	
125	KA7_R2	KA	POP2	0.0012	
119	KA9_R2	KA	POP2	0.0007	
111	KB10_R3	KB	POP2	0.0002	
114	KB11_R2	KB	POP2	0.0010	
109	KB14_R3	KB	POP2	0.0042	
112	KB15_R2	KB	POP2	0.0011	
115	KB3_R3	KB	POP2	0.0009	
116	KB4_R2	KB	POP2	0.0097	
110	KB6_R2	KB	POP2	0.0012	
108	KB7_R3	KB	POP2	0.0007	
113	KB9_R2	KB	POP2	0.0009	
106	MB12_R1	MB	POP2	0.5901	
107	MB14_R1	MB	POP2	0.6489	
97	MB16_R1	MB	POP2	0.4778	
96	MB18_R1	MB	POP2	0.1360	
105	MB19_R1	MB	POP2	0.5754	
103	MB20_R1	MB	POP2	0.5686	
99	MB21_R1	MB	POP2	0.4994	
102	MB22_R1	MB	POP2	0.5467	
104	MB24_R1	MB	POP2	0.5701	
98	MB25_R1	MB	POP2	0.4968	
101	MB4_R2	MB	POP2	0.5242	
100	MB6_R2	MB	POP2	0.5152	
92	QA2_R2	QA	POP2	0.0013	
91	QA4_R2	QA	POP2	0.0008	
90	QA5_R2	QA	POP2	0.0012	
93	QA6_R2	QA	POP2	0.0015	
94	QA7_R2	QA	POP2	0.0033	
89	QA8_R2	QA	POP2	0.0021	
88	QA9_R2	QA	POP2	0.0002	
95	QAY10_R3	QA	POP2	0.0010	
83	QB10_R2	QB	POP2	0.0768	
79	QB11_R2	QB	POP2	0.0030	
86	QB1_R2	QB	POP2	0.0176	
78	QB2_R2	QB	POP2	0.0016	
82	QB3_R2	QB	POP2	0.0025	
84	QB5_R2	QB	POP2	0.3136	
85	QB7_R2	QB	POP2	0.4448	
80	QB8_R2	QB	POP2	0.0032	
87	QB9_R2	QB	POP2	0.0056	
81	QBY6_R3	QB	POP2	0.0204	
73	QC10_R2	QC	POP2	0.0013	
67	QC11_R2	QC	POP2	0.0004	
76	QC1_R2	QC	POP2	0.0017	
71	QC2_R2	QC	POP2	0.0005	
70	QC3_R2	QC	POP2	0.0000	
69	QC4_R2	QC	POP2	0.0000	
77	QC5_R2	QC	POP2	0.0030	
74	QC6_R2	QC	POP2	0.0018	
72	QC7_R2	QC	POP2	0.0010	
75	QC8_R2	QC	POP2	0.0010	
68	QC9_R2	QC	POP2	0.0000	
59	RG13_R1	RG	POP2	0.0002	
62	RG14_R1	RG	POP2	0.0009	
57	RG15_R1	RG	POP2	0.0008	
61	RG17_R1	RG	POP2	0.0003	
58	RG19_R1	RG	POP2	0.0000	
63	RG20_R1	RG	POP2	0.0009	
66	RG22_R1	RG	POP2	0.0137	
56	RG23_R1	RG	POP2	0.0004	
64	RG24_R1	RG	POP2	0.0015	
65	RG25_R1	RG	POP2	0.0045	
60	RG2_R3	RG	POP2	0.0009	
50	RK11_R1	RK	POP2	0.0009	
51	RK13_R1	RK	POP2	0.0226	
48	RK14_R1	RK	POP2	0.0019	
45	RK15_R3	RK	POP2	0.0008	
55	RK16_R3	RK	POP2	0.3134	
53	RK17_R3	RK	POP2	0.0622	
49	RK18_R1	RK	POP2	0.0010	
46	RK2R_R1	RK	POP2	0.0006	
52	RK3_R1	RK	POP2	0.0000	
47	RK6_R1	RK	POP2	0.0000	
54	RK9_R1	RK	POP2	0.2375	
36	SB15_R3	SB	POP2	0.0012	
39	SB16_R1	SB	POP2	0.0042	
43	SB17_R3	SB	POP2	0.0799	
42	SB18_R3	SB	POP2	0.0068	
34	SB1R_R1	SB	POP2	0.0014	
41	SB24_R1	SB	POP2	0.0000	
35	SB3_R1	SB	POP2	0.0001	
38	SB4_R1	SB	POP2	0.0030	
44	SB6_R1	SB	POP2	0.2995	
40	SB8_R1	SB	POP2	0.0019	
37	SB9_R1	SB	POP2	0.0006	
23	TA13_R3	TA	POP2	0.2057	
29	TA14_R1	TA	POP2	0.7692	
33	TA15_R1	TA	POP2	0.9991	
26	TA16_R3	TA	POP2	0.4373	
24	TA17_R3	TA	POP2	0.2030	
28	TA18_R3	TA	POP2	0.7728	
32	TA1R_R1	TA	POP2	0.9991	
25	TA2_R1	TA	POP2	0.2496	
31	TA4_R1	TA	POP2	0.7686	
27	TA5_R1	TA	POP2	0.7448	
30	TA6_R1	TA	POP2	0.8091	
16	TB13_R3	TB	POP2	0.7724	
22	TB14_R3	TB	POP2	0.9955	
19	TB15_R3	TB	POP2	0.7792	
13	TB16_R3	TB	POP2	0.7485	
14	TB17_R3	TB	POP2	0.7148	
21	TB18_R3	TB	POP2	0.9970	
18	TB19_R3	TB	POP2	0.7754	
20	TB20_R3	TB	POP2	0.7970	
12	TB21_R3	TB	POP2	0.1599	
17	TB22_R3	TB	POP2	0.7293	
15	TB23_R3	TB	POP2	0.7214	
7	WC12_R3	WC	POP2	0.0164	
4	WC13_R3	WC	POP2	0.0049	
9	WC1_R3	WC	POP2	0.0276	
6	WC2_R3	WC	POP2	0.0032	
10	WC3_R3	WC	POP2	0.0716	
3	WC4_R3	WC	POP2	0.0010	
11	WC5_R3	WC	POP2	0.0575	
2	WC6_R3	WC	POP2	0.0004	
1	WC7_R3	WC	POP2	0.0007	
8	WC8_R3	WC	POP2	0.0034	
5	WC9_R3	WC	POP2	0.0079	
135	DH13_R1	DH	POP3	0.0001	
146	DH14_R1	DH	POP3	0.0368	
142	DH17_R1	DH	POP3	0.0059	
140	DH18_R1	DH	POP3	0.0011	
145	DH19_R1	DH	POP3	0.0352	
141	DH20_R1	DH	POP3	0.0015	
138	DH21_R1	DH	POP3	0.0010	
143	DH22_R3	DH	POP3	0.0013	
137	DH23_R1	DH	POP3	0.0010	
139	DH24_R1	DH	POP3	0.0010	
136	DH4_R3	DH	POP3	0.0008	
144	DH6_R3	DH	POP3	0.0135	
127	FD10_R2	FD	POP3	0.0032	
129	FD11_R2	FD	POP3	0.0023	
134	FD2_R2	FD	POP3	0.0009	
126	FD3_R2	FD	POP3	0.0011	
132	FD4_R2	FD	POP3	0.0055	
133	FD5_R2	FD	POP3	0.0010	
130	FD6_R2	FD	POP3	0.0028	
128	FD7_R2	FD	POP3	0.1318	
131	FD8_R2	FD	POP3	0.0016	
121	KA10_R2	KA	POP3	0.9292	
118	KA11_R3	KA	POP3	0.8328	
123	KA12_R3	KA	POP3	0.9440	
120	KA14_R2	KA	POP3	0.9022	
117	KA4_R2	KA	POP3	0.1192	
124	KA5_R3	KA	POP3	0.9551	
122	KA6_R3	KA	POP3	0.9299	
125	KA7_R2	KA	POP3	0.9521	
119	KA9_R2	KA	POP3	0.8640	
111	KB10_R3	KB	POP3	0.5028	
114	KB11_R2	KB	POP3	0.9182	
109	KB14_R3	KB	POP3	0.1510	
112	KB15_R2	KB	POP3	0.7352	
115	KB3_R3	KB	POP3	0.9516	
116	KB4_R2	KB	POP3	0.9508	
110	KB6_R2	KB	POP3	0.4776	
108	KB7_R3	KB	POP3	0.1162	
113	KB9_R2	KB	POP3	0.8226	
106	MB12_R1	MB	POP3	0.0010	
107	MB14_R1	MB	POP3	0.0016	
97	MB16_R1	MB	POP3	0.0016	
96	MB18_R1	MB	POP3	0.0009	
105	MB19_R1	MB	POP3	0.0029	
103	MB20_R1	MB	POP3	0.0007	
99	MB21_R1	MB	POP3	0.0009	
102	MB22_R1	MB	POP3	0.0074	
104	MB24_R1	MB	POP3	0.0017	
98	MB25_R1	MB	POP3	0.0164	
101	MB4_R2	MB	POP3	0.0072	
100	MB6_R2	MB	POP3	0.0063	
92	QA2_R2	QA	POP3	0.0262	
91	QA4_R2	QA	POP3	0.0128	
90	QA5_R2	QA	POP3	0.0031	
93	QA6_R2	QA	POP3	0.0218	
94	QA7_R2	QA	POP3	0.0357	
89	QA8_R2	QA	POP3	0.0011	
88	QA9_R2	QA	POP3	0.0027	
95	QAY10_R3	QA	POP3	0.0492	
83	QB10_R2	QB	POP3	0.0012	
79	QB11_R2	QB	POP3	0.0011	
86	QB1_R2	QB	POP3	0.8615	
78	QB2_R2	QB	POP3	0.0784	
82	QB3_R2	QB	POP3	0.0914	
84	QB5_R2	QB	POP3	0.0010	
85	QB7_R2	QB	POP3	0.0008	
80	QB8_R2	QB	POP3	0.1189	
87	QB9_R2	QB	POP3	0.9609	
81	QBY6_R3	QB	POP3	0.0049	
73	QC10_R2	QC	POP3	0.0019	
67	QC11_R2	QC	POP3	0.0002	
76	QC1_R2	QC	POP3	0.0042	
71	QC2_R2	QC	POP3	0.0012	
70	QC3_R2	QC	POP3	0.0000	
69	QC4_R2	QC	POP3	0.0000	
77	QC5_R2	QC	POP3	0.0019	
74	QC6_R2	QC	POP3	0.0018	
72	QC7_R2	QC	POP3	0.0011	
75	QC8_R2	QC	POP3	0.0057	
68	QC9_R2	QC	POP3	0.0000	
59	RG13_R1	RG	POP3	0.0000	
62	RG14_R1	RG	POP3	0.0009	
57	RG15_R1	RG	POP3	0.0000	
61	RG17_R1	RG	POP3	0.0010	
58	RG19_R1	RG	POP3	0.0010	
63	RG20_R1	RG	POP3	0.0011	
66	RG22_R1	RG	POP3	0.0004	
56	RG23_R1	RG	POP3	0.0001	
64	RG24_R1	RG	POP3	0.0009	
65	RG25_R1	RG	POP3	0.0003	
60	RG2_R3	RG	POP3	0.0010	
50	RK11_R1	RK	POP3	0.0009	
51	RK13_R1	RK	POP3	0.0042	
48	RK14_R1	RK	POP3	0.0001	
45	RK15_R3	RK	POP3	0.0010	
55	RK16_R3	RK	POP3	0.0062	
53	RK17_R3	RK	POP3	0.0010	
49	RK18_R1	RK	POP3	0.0004	
46	RK2R_R1	RK	POP3	0.0009	
52	RK3_R1	RK	POP3	0.0000	
47	RK6_R1	RK	POP3	0.0047	
54	RK9_R1	RK	POP3	0.0149	
36	SB15_R3	SB	POP3	0.0009	
39	SB16_R1	SB	POP3	0.0004	
43	SB17_R3	SB	POP3	0.0029	
42	SB18_R3	SB	POP3	0.0010	
34	SB1R_R1	SB	POP3	0.0027	
41	SB24_R1	SB	POP3	0.0000	
35	SB3_R1	SB	POP3	0.0004	
38	SB4_R1	SB	POP3	0.0013	
44	SB6_R1	SB	POP3	0.0159	
40	SB8_R1	SB	POP3	0.0002	
37	SB9_R1	SB	POP3	0.0002	
23	TA13_R3	TA	POP3	0.0014	
29	TA14_R1	TA	POP3	0.0012	
33	TA15_R1	TA	POP3	0.0000	
26	TA16_R3	TA	POP3	0.0010	
24	TA17_R3	TA	POP3	0.0012	
28	TA18_R3	TA	POP3	0.0037	
32	TA1R_R1	TA	POP3	0.0000	
25	TA2_R1	TA	POP3	0.0004	
31	TA4_R1	TA	POP3	0.0075	
27	TA5_R1	TA	POP3	0.0015	
30	TA6_R1	TA	POP3	0.0001	
16	TB13_R3	TB	POP3	0.0040	
22	TB14_R3	TB	POP3	0.0033	
19	TB15_R3	TB	POP3	0.0041	
13	TB16_R3	TB	POP3	0.0012	
14	TB17_R3	TB	POP3	0.0011	
21	TB18_R3	TB	POP3	0.0020	
18	TB19_R3	TB	POP3	0.0011	
20	TB20_R3	TB	POP3	0.0024	
12	TB21_R3	TB	POP3	0.0014	
17	TB22_R3	TB	POP3	0.0098	
15	TB23_R3	TB	POP3	0.0003	
7	WC12_R3	WC	POP3	0.0108	
4	WC13_R3	WC	POP3	0.0054	
9	WC1_R3	WC	POP3	0.0057	
6	WC2_R3	WC	POP3	0.0005	
10	WC3_R3	WC	POP3	0.0021	
3	WC4_R3	WC	POP3	0.0122	
11	WC5_R3	WC	POP3	0.1017	
2	WC6_R3	WC	POP3	0.0022	
1	WC7_R3	WC	POP3	0.0010	
8	WC8_R3	WC	POP3	0.0022	
5	WC9_R3	WC	POP3	0.0035	
135	DH13_R1	DH	POP4	0.0026	
146	DH14_R1	DH	POP4	0.0024	
142	DH17_R1	DH	POP4	0.0039	
140	DH18_R1	DH	POP4	0.0436	
145	DH19_R1	DH	POP4	0.0054	
141	DH20_R1	DH	POP4	0.0078	
138	DH21_R1	DH	POP4	0.0085	
143	DH22_R3	DH	POP4	0.0024	
137	DH23_R1	DH	POP4	0.0026	
139	DH24_R1	DH	POP4	0.0074	
136	DH4_R3	DH	POP4	0.0080	
144	DH6_R3	DH	POP4	0.0008	
127	FD10_R2	FD	POP4	0.0010	
129	FD11_R2	FD	POP4	0.0009	
134	FD2_R2	FD	POP4	0.0012	
126	FD3_R2	FD	POP4	0.0022	
132	FD4_R2	FD	POP4	0.0114	
133	FD5_R2	FD	POP4	0.0007	
130	FD6_R2	FD	POP4	0.0000	
128	FD7_R2	FD	POP4	0.0022	
131	FD8_R2	FD	POP4	0.0069	
121	KA10_R2	KA	POP4	0.0034	
118	KA11_R3	KA	POP4	0.0033	
123	KA12_R3	KA	POP4	0.0208	
120	KA14_R2	KA	POP4	0.0033	
117	KA4_R2	KA	POP4	0.0797	
124	KA5_R3	KA	POP4	0.0016	
122	KA6_R3	KA	POP4	0.0027	
125	KA7_R2	KA	POP4	0.0031	
119	KA9_R2	KA	POP4	0.0453	
111	KB10_R3	KB	POP4	0.0020	
114	KB11_R2	KB	POP4	0.0010	
109	KB14_R3	KB	POP4	0.0010	
112	KB15_R2	KB	POP4	0.0016	
115	KB3_R3	KB	POP4	0.0007	
116	KB4_R2	KB	POP4	0.0006	
110	KB6_R2	KB	POP4	0.0013	
108	KB7_R3	KB	POP4	0.0038	
113	KB9_R2	KB	POP4	0.0031	
106	MB12_R1	MB	POP4	0.0000	
107	MB14_R1	MB	POP4	0.0015	
97	MB16_R1	MB	POP4	0.0009	
96	MB18_R1	MB	POP4	0.0010	
105	MB19_R1	MB	POP4	0.0029	
103	MB20_R1	MB	POP4	0.0023	
99	MB21_R1	MB	POP4	0.0010	
102	MB22_R1	MB	POP4	0.0007	
104	MB24_R1	MB	POP4	0.0010	
98	MB25_R1	MB	POP4	0.0133	
101	MB4_R2	MB	POP4	0.0024	
100	MB6_R2	MB	POP4	0.0011	
92	QA2_R2	QA	POP4	0.0120	
91	QA4_R2	QA	POP4	0.0654	
90	QA5_R2	QA	POP4	0.0365	
93	QA6_R2	QA	POP4	0.0224	
94	QA7_R2	QA	POP4	0.0452	
89	QA8_R2	QA	POP4	0.0952	
88	QA9_R2	QA	POP4	0.0034	
95	QAY10_R3	QA	POP4	0.0026	
83	QB10_R2	QB	POP4	0.0010	
79	QB11_R2	QB	POP4	0.0017	
86	QB1_R2	QB	POP4	0.0019	
78	QB2_R2	QB	POP4	0.0181	
82	QB3_R2	QB	POP4	0.0016	
84	QB5_R2	QB	POP4	0.0024	
85	QB7_R2	QB	POP4	0.0123	
80	QB8_R2	QB	POP4	0.0010	
87	QB9_R2	QB	POP4	0.0059	
81	QBY6_R3	QB	POP4	0.0053	
73	QC10_R2	QC	POP4	0.0667	
67	QC11_R2	QC	POP4	0.0211	
76	QC1_R2	QC	POP4	0.0145	
71	QC2_R2	QC	POP4	0.0269	
70	QC3_R2	QC	POP4	1.0000	
69	QC4_R2	QC	POP4	1.0000	
77	QC5_R2	QC	POP4	0.0261	
74	QC6_R2	QC	POP4	0.0503	
72	QC7_R2	QC	POP4	0.0398	
75	QC8_R2	QC	POP4	0.0638	
68	QC9_R2	QC	POP4	1.0000	
59	RG13_R1	RG	POP4	0.0005	
62	RG14_R1	RG	POP4	0.0149	
57	RG15_R1	RG	POP4	0.0009	
61	RG17_R1	RG	POP4	0.0046	
58	RG19_R1	RG	POP4	0.0006	
63	RG20_R1	RG	POP4	0.0022	
66	RG22_R1	RG	POP4	0.0031	
56	RG23_R1	RG	POP4	0.0039	
64	RG24_R1	RG	POP4	0.0123	
65	RG25_R1	RG	POP4	0.0278	
60	RG2_R3	RG	POP4	0.0036	
50	RK11_R1	RK	POP4	0.0037	
51	RK13_R1	RK	POP4	0.0021	
48	RK14_R1	RK	POP4	0.0019	
45	RK15_R3	RK	POP4	0.0023	
55	RK16_R3	RK	POP4	0.0036	
53	RK17_R3	RK	POP4	0.0016	
49	RK18_R1	RK	POP4	0.0010	
46	RK2R_R1	RK	POP4	0.0022	
52	RK3_R1	RK	POP4	0.0000	
47	RK6_R1	RK	POP4	0.0006	
54	RK9_R1	RK	POP4	0.0011	
36	SB15_R3	SB	POP4	0.0014	
39	SB16_R1	SB	POP4	0.0012	
43	SB17_R3	SB	POP4	0.0046	
42	SB18_R3	SB	POP4	0.0009	
34	SB1R_R1	SB	POP4	0.0010	
41	SB24_R1	SB	POP4	0.0000	
35	SB3_R1	SB	POP4	0.0006	
38	SB4_R1	SB	POP4	0.0059	
44	SB6_R1	SB	POP4	0.0009	
40	SB8_R1	SB	POP4	0.0020	
37	SB9_R1	SB	POP4	0.0017	
23	TA13_R3	TA	POP4	0.0013	
29	TA14_R1	TA	POP4	0.0007	
33	TA15_R1	TA	POP4	0.0002	
26	TA16_R3	TA	POP4	0.0010	
24	TA17_R3	TA	POP4	0.0175	
28	TA18_R3	TA	POP4	0.0091	
32	TA1R_R1	TA	POP4	0.0000	
25	TA2_R1	TA	POP4	0.0039	
31	TA4_R1	TA	POP4	0.0006	
27	TA5_R1	TA	POP4	0.0020	
30	TA6_R1	TA	POP4	0.0016	
16	TB13_R3	TB	POP4	0.0137	
22	TB14_R3	TB	POP4	0.0001	
19	TB15_R3	TB	POP4	0.0016	
13	TB16_R3	TB	POP4	0.0116	
14	TB17_R3	TB	POP4	0.0013	
21	TB18_R3	TB	POP4	0.0000	
18	TB19_R3	TB	POP4	0.0010	
20	TB20_R3	TB	POP4	0.0010	
12	TB21_R3	TB	POP4	0.0021	
17	TB22_R3	TB	POP4	0.0005	
15	TB23_R3	TB	POP4	0.0037	
7	WC12_R3	WC	POP4	0.0177	
4	WC13_R3	WC	POP4	0.0071	
9	WC1_R3	WC	POP4	0.0033	
6	WC2_R3	WC	POP4	0.0023	
10	WC3_R3	WC	POP4	0.0057	
3	WC4_R3	WC	POP4	0.0648	
11	WC5_R3	WC	POP4	0.0018	
2	WC6_R3	WC	POP4	0.0055	
1	WC7_R3	WC	POP4	0.0323	
8	WC8_R3	WC	POP4	0.0056	
5	WC9_R3	WC	POP4	0.0028	
135	DH13_R1	DH	POP5	0.0058	
146	DH14_R1	DH	POP5	0.0228	
142	DH17_R1	DH	POP5	0.0008	
140	DH18_R1	DH	POP5	0.0028	
145	DH19_R1	DH	POP5	0.0027	
141	DH20_R1	DH	POP5	0.0091	
138	DH21_R1	DH	POP5	0.0024	
143	DH22_R3	DH	POP5	0.0038	
137	DH23_R1	DH	POP5	0.0032	
139	DH24_R1	DH	POP5	0.0020	
136	DH4_R3	DH	POP5	0.0022	
144	DH6_R3	DH	POP5	0.0014	
127	FD10_R2	FD	POP5	0.0016	
129	FD11_R2	FD	POP5	0.0017	
134	FD2_R2	FD	POP5	0.0133	
126	FD3_R2	FD	POP5	0.0044	
132	FD4_R2	FD	POP5	0.0022	
133	FD5_R2	FD	POP5	0.0006	
130	FD6_R2	FD	POP5	0.0215	
128	FD7_R2	FD	POP5	0.0019	
131	FD8_R2	FD	POP5	0.0016	
121	KA10_R2	KA	POP5	0.0011	
118	KA11_R3	KA	POP5	0.0042	
123	KA12_R3	KA	POP5	0.0010	
120	KA14_R2	KA	POP5	0.0307	
117	KA4_R2	KA	POP5	0.0788	
124	KA5_R3	KA	POP5	0.0011	
122	KA6_R3	KA	POP5	0.0144	
125	KA7_R2	KA	POP5	0.0035	
119	KA9_R2	KA	POP5	0.0006	
111	KB10_R3	KB	POP5	0.0010	
114	KB11_R2	KB	POP5	0.0020	
109	KB14_R3	KB	POP5	0.0030	
112	KB15_R2	KB	POP5	0.0010	
115	KB3_R3	KB	POP5	0.0004	
116	KB4_R2	KB	POP5	0.0030	
110	KB6_R2	KB	POP5	0.0680	
108	KB7_R3	KB	POP5	0.0016	
113	KB9_R2	KB	POP5	0.0011	
106	MB12_R1	MB	POP5	0.0600	
107	MB14_R1	MB	POP5	0.0164	
97	MB16_R1	MB	POP5	0.0016	
96	MB18_R1	MB	POP5	0.0067	
105	MB19_R1	MB	POP5	0.0011	
103	MB20_R1	MB	POP5	0.0248	
99	MB21_R1	MB	POP5	0.0041	
102	MB22_R1	MB	POP5	0.0014	
104	MB24_R1	MB	POP5	0.0181	
98	MB25_R1	MB	POP5	0.0041	
101	MB4_R2	MB	POP5	0.0101	
100	MB6_R2	MB	POP5	0.0050	
92	QA2_R2	QA	POP5	0.0178	
91	QA4_R2	QA	POP5	0.0079	
90	QA5_R2	QA	POP5	0.0010	
93	QA6_R2	QA	POP5	0.0335	
94	QA7_R2	QA	POP5	0.0039	
89	QA8_R2	QA	POP5	0.0016	
88	QA9_R2	QA	POP5	0.0016	
95	QAY10_R3	QA	POP5	0.0010	
83	QB10_R2	QB	POP5	0.0017	
79	QB11_R2	QB	POP5	0.0015	
86	QB1_R2	QB	POP5	0.0035	
78	QB2_R2	QB	POP5	0.0175	
82	QB3_R2	QB	POP5	0.0014	
84	QB5_R2	QB	POP5	0.0092	
85	QB7_R2	QB	POP5	0.0029	
80	QB8_R2	QB	POP5	0.0027	
87	QB9_R2	QB	POP5	0.0018	
81	QBY6_R3	QB	POP5	0.0014	
73	QC10_R2	QC	POP5	0.0016	
67	QC11_R2	QC	POP5	0.0090	
76	QC1_R2	QC	POP5	0.0010	
71	QC2_R2	QC	POP5	0.0023	
70	QC3_R2	QC	POP5	0.0000	
69	QC4_R2	QC	POP5	0.0000	
77	QC5_R2	QC	POP5	0.0059	
74	QC6_R2	QC	POP5	0.0017	
72	QC7_R2	QC	POP5	0.0047	
75	QC8_R2	QC	POP5	0.0108	
68	QC9_R2	QC	POP5	0.0000	
59	RG13_R1	RG	POP5	0.0009	
62	RG14_R1	RG	POP5	0.0010	
57	RG15_R1	RG	POP5	0.0038	
61	RG17_R1	RG	POP5	0.0010	
58	RG19_R1	RG	POP5	0.0018	
63	RG20_R1	RG	POP5	0.0024	
66	RG22_R1	RG	POP5	0.0010	
56	RG23_R1	RG	POP5	0.0016	
64	RG24_R1	RG	POP5	0.0353	
65	RG25_R1	RG	POP5	0.0148	
60	RG2_R3	RG	POP5	0.0011	
50	RK11_R1	RK	POP5	0.0026	
51	RK13_R1	RK	POP5	0.0150	
48	RK14_R1	RK	POP5	0.0033	
45	RK15_R3	RK	POP5	0.0008	
55	RK16_R3	RK	POP5	0.0069	
53	RK17_R3	RK	POP5	0.0026	
49	RK18_R1	RK	POP5	0.0016	
46	RK2R_R1	RK	POP5	0.0149	
52	RK3_R1	RK	POP5	1.0000	
47	RK6_R1	RK	POP5	0.0072	
54	RK9_R1	RK	POP5	0.0027	
36	SB15_R3	SB	POP5	0.0024	
39	SB16_R1	SB	POP5	0.0118	
43	SB17_R3	SB	POP5	0.0017	
42	SB18_R3	SB	POP5	0.0864	
34	SB1R_R1	SB	POP5	0.0123	
41	SB24_R1	SB	POP5	1.0000	
35	SB3_R1	SB	POP5	0.0031	
38	SB4_R1	SB	POP5	0.0547	
44	SB6_R1	SB	POP5	0.0012	
40	SB8_R1	SB	POP5	0.0016	
37	SB9_R1	SB	POP5	0.0054	
23	TA13_R3	TA	POP5	0.0055	
29	TA14_R1	TA	POP5	0.0182	
33	TA15_R1	TA	POP5	0.0000	
26	TA16_R3	TA	POP5	0.0007	
24	TA17_R3	TA	POP5	0.0029	
28	TA18_R3	TA	POP5	0.0009	
32	TA1R_R1	TA	POP5	0.0001	
25	TA2_R1	TA	POP5	0.0010	
31	TA4_R1	TA	POP5	0.0010	
27	TA5_R1	TA	POP5	0.0405	
30	TA6_R1	TA	POP5	0.0011	
16	TB13_R3	TB	POP5	0.0017	
22	TB14_R3	TB	POP5	0.0002	
19	TB15_R3	TB	POP5	0.0016	
13	TB16_R3	TB	POP5	0.0012	
14	TB17_R3	TB	POP5	0.0063	
21	TB18_R3	TB	POP5	0.0002	
18	TB19_R3	TB	POP5	0.0009	
20	TB20_R3	TB	POP5	0.0013	
12	TB21_R3	TB	POP5	0.0025	
17	TB22_R3	TB	POP5	0.0430	
15	TB23_R3	TB	POP5	0.0009	
7	WC12_R3	WC	POP5	0.0543	
4	WC13_R3	WC	POP5	0.0110	
9	WC1_R3	WC	POP5	0.0129	
6	WC2_R3	WC	POP5	0.0022	
10	WC3_R3	WC	POP5	0.0015	
3	WC4_R3	WC	POP5	0.0030	
11	WC5_R3	WC	POP5	0.0257	
2	WC6_R3	WC	POP5	0.0040	
1	WC7_R3	WC	POP5	0.0162	
8	WC8_R3	WC	POP5	0.0012	
5	WC9_R3	WC	POP5	0.0055	
135	DH13_R1	DH	POP6	0.0027	
146	DH14_R1	DH	POP6	0.0162	
142	DH17_R1	DH	POP6	0.0053	
140	DH18_R1	DH	POP6	0.0107	
145	DH19_R1	DH	POP6	0.0011	
141	DH20_R1	DH	POP6	0.0168	
138	DH21_R1	DH	POP6	0.0056	
143	DH22_R3	DH	POP6	0.0122	
137	DH23_R1	DH	POP6	0.0026	
139	DH24_R1	DH	POP6	0.0152	
136	DH4_R3	DH	POP6	0.0144	
144	DH6_R3	DH	POP6	0.0367	
127	FD10_R2	FD	POP6	0.2018	
129	FD11_R2	FD	POP6	0.1384	
134	FD2_R2	FD	POP6	0.0848	
126	FD3_R2	FD	POP6	0.6407	
132	FD4_R2	FD	POP6	0.0595	
133	FD5_R2	FD	POP6	0.0989	
130	FD6_R2	FD	POP6	0.1509	
128	FD7_R2	FD	POP6	0.1405	
131	FD8_R2	FD	POP6	0.1148	
121	KA10_R2	KA	POP6	0.0197	
118	KA11_R3	KA	POP6	0.0286	
123	KA12_R3	KA	POP6	0.0142	
120	KA14_R2	KA	POP6	0.0159	
117	KA4_R2	KA	POP6	0.2983	
124	KA5_R3	KA	POP6	0.0032	
122	KA6_R3	KA	POP6	0.0081	
125	KA7_R2	KA	POP6	0.0027	
119	KA9_R2	KA	POP6	0.0405	
111	KB10_R3	KB	POP6	0.1107	
114	KB11_R2	KB	POP6	0.0663	
109	KB14_R3	KB	POP6	0.3381	
112	KB15_R2	KB	POP6	0.0047	
115	KB3_R3	KB	POP6	0.0082	
116	KB4_R2	KB	POP6	0.0205	
110	KB6_R2	KB	POP6	0.1204	
108	KB7_R3	KB	POP6	0.3291	
113	KB9_R2	KB	POP6	0.0014	
106	MB12_R1	MB	POP6	0.1191	
107	MB14_R1	MB	POP6	0.1318	
97	MB16_R1	MB	POP6	0.2544	
96	MB18_R1	MB	POP6	0.5308	
105	MB19_R1	MB	POP6	0.1771	
103	MB20_R1	MB	POP6	0.1831	
99	MB21_R1	MB	POP6	0.2508	
102	MB22_R1	MB	POP6	0.2139	
104	MB24_R1	MB	POP6	0.1479	
98	MB25_R1	MB	POP6	0.2357	
101	MB4_R2	MB	POP6	0.2213	
100	MB6_R2	MB	POP6	0.1895	
92	QA2_R2	QA	POP6	0.0309	
91	QA4_R2	QA	POP6	0.0444	
90	QA5_R2	QA	POP6	0.0028	
93	QA6_R2	QA	POP6	0.0020	
94	QA7_R2	QA	POP6	0.0092	
89	QA8_R2	QA	POP6	0.0013	
88	QA9_R2	QA	POP6	0.0019	
95	QAY10_R3	QA	POP6	0.0067	
83	QB10_R2	QB	POP6	0.3191	
79	QB11_R2	QB	POP6	0.3935	
86	QB1_R2	QB	POP6	0.0023	
78	QB2_R2	QB	POP6	0.0656	
82	QB3_R2	QB	POP6	0.3573	
84	QB5_R2	QB	POP6	0.3663	
85	QB7_R2	QB	POP6	0.2895	
80	QB8_R2	QB	POP6	0.1635	
87	QB9_R2	QB	POP6	0.0034	
81	QBY6_R3	QB	POP6	0.3858	
73	QC10_R2	QC	POP6	0.0016	
67	QC11_R2	QC	POP6	0.0016	
76	QC1_R2	QC	POP6	0.0667	
71	QC2_R2	QC	POP6	0.0035	
70	QC3_R2	QC	POP6	0.0000	
69	QC4_R2	QC	POP6	0.0000	
77	QC5_R2	QC	POP6	0.0304	
74	QC6_R2	QC	POP6	0.0103	
72	QC7_R2	QC	POP6	0.0043	
75	QC8_R2	QC	POP6	0.0099	
68	QC9_R2	QC	POP6	0.0000	
59	RG13_R1	RG	POP6	0.0004	
62	RG14_R1	RG	POP6	0.0400	
57	RG15_R1	RG	POP6	0.0048	
61	RG17_R1	RG	POP6	0.0122	
58	RG19_R1	RG	POP6	0.0030	
63	RG20_R1	RG	POP6	0.0082	
66	RG22_R1	RG	POP6	0.0321	
56	RG23_R1	RG	POP6	0.0024	
64	RG24_R1	RG	POP6	0.0026	
65	RG25_R1	RG	POP6	0.0112	
60	RG2_R3	RG	POP6	0.0010	
50	RK11_R1	RK	POP6	0.5927	
51	RK13_R1	RK	POP6	0.4105	
48	RK14_R1	RK	POP6	0.4266	
45	RK15_R3	RK	POP6	0.0031	
55	RK16_R3	RK	POP6	0.1684	
53	RK17_R3	RK	POP6	0.5656	
49	RK18_R1	RK	POP6	0.5906	
46	RK2R_R1	RK	POP6	0.1810	
52	RK3_R1	RK	POP6	0.0000	
47	RK6_R1	RK	POP6	0.3553	
54	RK9_R1	RK	POP6	0.3135	
36	SB15_R3	SB	POP6	0.4645	
39	SB16_R1	SB	POP6	0.5047	
43	SB17_R3	SB	POP6	0.4388	
42	SB18_R3	SB	POP6	0.4683	
34	SB1R_R1	SB	POP6	0.0018	
41	SB24_R1	SB	POP6	0.0000	
35	SB3_R1	SB	POP6	0.3681	
38	SB4_R1	SB	POP6	0.4444	
44	SB6_R1	SB	POP6	0.3209	
40	SB8_R1	SB	POP6	0.5982	
37	SB9_R1	SB	POP6	0.6134	
23	TA13_R3	TA	POP6	0.5249	
29	TA14_R1	TA	POP6	0.0065	
33	TA15_R1	TA	POP6	0.0000	
26	TA16_R3	TA	POP6	0.3997	
24	TA17_R3	TA	POP6	0.6078	
28	TA18_R3	TA	POP6	0.0054	
32	TA1R_R1	TA	POP6	0.0001	
25	TA2_R1	TA	POP6	0.5207	
31	TA4_R1	TA	POP6	0.0017	
27	TA5_R1	TA	POP6	0.0048	
30	TA6_R1	TA	POP6	0.0020	
16	TB13_R3	TB	POP6	0.0125	
22	TB14_R3	TB	POP6	0.0001	
19	TB15_R3	TB	POP6	0.0118	
13	TB16_R3	TB	POP6	0.0279	
14	TB17_R3	TB	POP6	0.0815	
21	TB18_R3	TB	POP6	0.0002	
18	TB19_R3	TB	POP6	0.0147	
20	TB20_R3	TB	POP6	0.0066	
12	TB21_R3	TB	POP6	0.6017	
17	TB22_R3	TB	POP6	0.0068	
15	TB23_R3	TB	POP6	0.0798	
7	WC12_R3	WC	POP6	0.0312	
4	WC13_R3	WC	POP6	0.0806	
9	WC1_R3	WC	POP6	0.0728	
6	WC2_R3	WC	POP6	0.1721	
10	WC3_R3	WC	POP6	0.0075	
3	WC4_R3	WC	POP6	0.0055	
11	WC5_R3	WC	POP6	0.0245	
2	WC6_R3	WC	POP6	0.0445	
1	WC7_R3	WC	POP6	0.0170	
8	WC8_R3	WC	POP6	0.1536	
5	WC9_R3	WC	POP6	0.0341	
135	DH13_R1	DH	POP7	0.0493	
146	DH14_R1	DH	POP7	0.0364	
142	DH17_R1	DH	POP7	0.0532	
140	DH18_R1	DH	POP7	0.0409	
145	DH19_R1	DH	POP7	0.0393	
141	DH20_R1	DH	POP7	0.0563	
138	DH21_R1	DH	POP7	0.0494	
143	DH22_R3	DH	POP7	0.0418	
137	DH23_R1	DH	POP7	0.0452	
139	DH24_R1	DH	POP7	0.0346	
136	DH4_R3	DH	POP7	0.0356	
144	DH6_R3	DH	POP7	0.0191	
127	FD10_R2	FD	POP7	0.2088	
129	FD11_R2	FD	POP7	0.2229	
134	FD2_R2	FD	POP7	0.2569	
126	FD3_R2	FD	POP7	0.0701	
132	FD4_R2	FD	POP7	0.2298	
133	FD5_R2	FD	POP7	0.2288	
130	FD6_R2	FD	POP7	0.2234	
128	FD7_R2	FD	POP7	0.2166	
131	FD8_R2	FD	POP7	0.2544	
121	KA10_R2	KA	POP7	0.0065	
118	KA11_R3	KA	POP7	0.0104	
123	KA12_R3	KA	POP7	0.0023	
120	KA14_R2	KA	POP7	0.0171	
117	KA4_R2	KA	POP7	0.0040	
124	KA5_R3	KA	POP7	0.0012	
122	KA6_R3	KA	POP7	0.0021	
125	KA7_R2	KA	POP7	0.0022	
119	KA9_R2	KA	POP7	0.0200	
111	KB10_R3	KB	POP7	0.0013	
114	KB11_R2	KB	POP7	0.0077	
109	KB14_R3	KB	POP7	0.0032	
112	KB15_R2	KB	POP7	0.0023	
115	KB3_R3	KB	POP7	0.0032	
116	KB4_R2	KB	POP7	0.0078	
110	KB6_R2	KB	POP7	0.0026	
108	KB7_R3	KB	POP7	0.0046	
113	KB9_R2	KB	POP7	0.0024	
106	MB12_R1	MB	POP7	0.2097	
107	MB14_R1	MB	POP7	0.1926	
97	MB16_R1	MB	POP7	0.1971	
96	MB18_R1	MB	POP7	0.0929	
105	MB19_R1	MB	POP7	0.2166	
103	MB20_R1	MB	POP7	0.2045	
99	MB21_R1	MB	POP7	0.2148	
102	MB22_R1	MB	POP7	0.2083	
104	MB24_R1	MB	POP7	0.2322	
98	MB25_R1	MB	POP7	0.2111	
101	MB4_R2	MB	POP7	0.2176	
100	MB6_R2	MB	POP7	0.2280	
92	QA2_R2	QA	POP7	0.0143	
91	QA4_R2	QA	POP7	0.0054	
90	QA5_R2	QA	POP7	0.0161	
93	QA6_R2	QA	POP7	0.0131	
94	QA7_R2	QA	POP7	0.0142	
89	QA8_R2	QA	POP7	0.0147	
88	QA9_R2	QA	POP7	0.0173	
95	QAY10_R3	QA	POP7	0.0118	
83	QB10_R2	QB	POP7	0.0788	
79	QB11_R2	QB	POP7	0.0199	
86	QB1_R2	QB	POP7	0.0084	
78	QB2_R2	QB	POP7	0.0221	
82	QB3_R2	QB	POP7	0.0514	
84	QB5_R2	QB	POP7	0.1592	
85	QB7_R2	QB	POP7	0.1727	
80	QB8_R2	QB	POP7	0.0294	
87	QB9_R2	QB	POP7	0.0035	
81	QBY6_R3	QB	POP7	0.0546	
73	QC10_R2	QC	POP7	0.0263	
67	QC11_R2	QC	POP7	0.0115	
76	QC1_R2	QC	POP7	0.0199	
71	QC2_R2	QC	POP7	0.0046	
70	QC3_R2	QC	POP7	0.0000	
69	QC4_R2	QC	POP7	0.0000	
77	QC5_R2	QC	POP7	0.0088	
74	QC6_R2	QC	POP7	0.0217	
72	QC7_R2	QC	POP7	0.0096	
75	QC8_R2	QC	POP7	0.0135	
68	QC9_R2	QC	POP7	0.0000	
59	RG13_R1	RG	POP7	0.2001	
62	RG14_R1	RG	POP7	0.0722	
57	RG15_R1	RG	POP7	0.0494	
61	RG17_R1	RG	POP7	0.0662	
58	RG19_R1	RG	POP7	0.0551	
63	RG20_R1	RG	POP7	0.0459	
66	RG22_R1	RG	POP7	0.0436	
56	RG23_R1	RG	POP7	0.0544	
64	RG24_R1	RG	POP7	0.0481	
65	RG25_R1	RG	POP7	0.0507	
60	RG2_R3	RG	POP7	0.0330	
50	RK11_R1	RK	POP7	0.0626	
51	RK13_R1	RK	POP7	0.0462	
48	RK14_R1	RK	POP7	0.0627	
45	RK15_R3	RK	POP7	0.0405	
55	RK16_R3	RK	POP7	0.1035	
53	RK17_R3	RK	POP7	0.0880	
49	RK18_R1	RK	POP7	0.0535	
46	RK2R_R1	RK	POP7	0.0331	
52	RK3_R1	RK	POP7	0.0000	
47	RK6_R1	RK	POP7	0.3502	
54	RK9_R1	RK	POP7	0.1373	
36	SB15_R3	SB	POP7	0.0424	
39	SB16_R1	SB	POP7	0.0619	
43	SB17_R3	SB	POP7	0.0125	
42	SB18_R3	SB	POP7	0.0379	
34	SB1R_R1	SB	POP7	0.2009	
41	SB24_R1	SB	POP7	0.0000	
35	SB3_R1	SB	POP7	0.3509	
38	SB4_R1	SB	POP7	0.0407	
44	SB6_R1	SB	POP7	0.1535	
40	SB8_R1	SB	POP7	0.0558	
37	SB9_R1	SB	POP7	0.0618	
23	TA13_R3	TA	POP7	0.0955	
29	TA14_R1	TA	POP7	0.1993	
33	TA15_R1	TA	POP7	0.0002	
26	TA16_R3	TA	POP7	0.1422	
24	TA17_R3	TA	POP7	0.1089	
28	TA18_R3	TA	POP7	0.2043	
32	TA1R_R1	TA	POP7	0.0002	
25	TA2_R1	TA	POP7	0.1003	
31	TA4_R1	TA	POP7	0.2194	
27	TA5_R1	TA	POP7	0.2015	
30	TA6_R1	TA	POP7	0.1847	
16	TB13_R3	TB	POP7	0.1901	
22	TB14_R3	TB	POP7	0.0003	
19	TB15_R3	TB	POP7	0.1978	
13	TB16_R3	TB	POP7	0.2007	
14	TB17_R3	TB	POP7	0.1922	
21	TB18_R3	TB	POP7	0.0002	
18	TB19_R3	TB	POP7	0.1978	
20	TB20_R3	TB	POP7	0.1900	
12	TB21_R3	TB	POP7	0.0557	
17	TB22_R3	TB	POP7	0.2083	
15	TB23_R3	TB	POP7	0.1922	
7	WC12_R3	WC	POP7	0.0401	
4	WC13_R3	WC	POP7	0.0141	
9	WC1_R3	WC	POP7	0.0458	
6	WC2_R3	WC	POP7	0.0241	
10	WC3_R3	WC	POP7	0.0491	
3	WC4_R3	WC	POP7	0.0333	
11	WC5_R3	WC	POP7	0.0267	
2	WC6_R3	WC	POP7	0.0281	
1	WC7_R3	WC	POP7	0.0517	
8	WC8_R3	WC	POP7	0.0423	
5	WC9_R3	WC	POP7	0.0307	
