135	DH13_R1	DH	POP1	0.9980	
146	DH14_R1	DH	POP1	0.9973	
142	DH17_R1	DH	POP1	0.9980	
140	DH18_R1	DH	POP1	0.9971	
145	DH19_R1	DH	POP1	0.9987	
141	DH20_R1	DH	POP1	0.9960	
138	DH21_R1	DH	POP1	0.9990	
143	DH22_R3	DH	POP1	0.9942	
137	DH23_R1	DH	POP1	0.9988	
139	DH24_R1	DH	POP1	0.9980	
136	DH4_R3	DH	POP1	0.9980	
144	DH6_R3	DH	POP1	0.9933	
127	FD10_R2	FD	POP1	0.2011	
129	FD11_R2	FD	POP1	0.1767	
134	FD2_R2	FD	POP1	0.0531	
126	FD3_R2	FD	POP1	0.7321	
132	FD4_R2	FD	POP1	0.0878	
133	FD5_R2	FD	POP1	0.0765	
130	FD6_R2	FD	POP1	0.1469	
128	FD7_R2	FD	POP1	0.3033	
131	FD8_R2	FD	POP1	0.0965	
121	KA10_R2	KA	POP1	0.9698	
118	KA11_R3	KA	POP1	0.8974	
123	KA12_R3	KA	POP1	0.9849	
120	KA14_R2	KA	POP1	0.9174	
117	KA4_R2	KA	POP1	0.9711	
124	KA5_R3	KA	POP1	0.9954	
122	KA6_R3	KA	POP1	0.9546	
125	KA7_R2	KA	POP1	0.9493	
119	KA9_R2	KA	POP1	0.9912	
111	KB10_R3	KB	POP1	0.9990	
114	KB11_R2	KB	POP1	0.9495	
109	KB14_R3	KB	POP1	0.9437	
112	KB15_R2	KB	POP1	0.9884	
115	KB3_R3	KB	POP1	0.9861	
116	KB4_R2	KB	POP1	0.9060	
110	KB6_R2	KB	POP1	0.9708	
108	KB7_R3	KB	POP1	0.9940	
113	KB9_R2	KB	POP1	0.9886	
106	MB12_R1	MB	POP1	0.1625	
107	MB14_R1	MB	POP1	0.1278	
97	MB16_R1	MB	POP1	0.2803	
96	MB18_R1	MB	POP1	0.6745	
105	MB19_R1	MB	POP1	0.1862	
103	MB20_R1	MB	POP1	0.1884	
99	MB21_R1	MB	POP1	0.2294	
102	MB22_R1	MB	POP1	0.2099	
104	MB24_R1	MB	POP1	0.1821	
98	MB25_R1	MB	POP1	0.2682	
101	MB4_R2	MB	POP1	0.2330	
100	MB6_R2	MB	POP1	0.2355	
92	QA2_R2	QA	POP1	0.9980	
91	QA4_R2	QA	POP1	0.9980	
90	QA5_R2	QA	POP1	0.9980	
93	QA6_R2	QA	POP1	0.9980	
94	QA7_R2	QA	POP1	0.9958	
89	QA8_R2	QA	POP1	0.9977	
88	QA9_R2	QA	POP1	0.9990	
95	QAY10_R3	QA	POP1	0.9980	
83	QB10_R2	QB	POP1	0.7934	
79	QB11_R2	QB	POP1	0.9216	
86	QB1_R2	QB	POP1	0.9060	
78	QB2_R2	QB	POP1	0.9949	
82	QB3_R2	QB	POP1	0.9035	
84	QB5_R2	QB	POP1	0.4731	
85	QB7_R2	QB	POP1	0.3348	
80	QB8_R2	QB	POP1	0.9529	
87	QB9_R2	QB	POP1	0.9026	
81	QBY6_R3	QB	POP1	0.8553	
73	QC10_R2	QC	POP1	0.9980	
67	QC11_R2	QC	POP1	0.9990	
76	QC1_R2	QC	POP1	0.9964	
71	QC2_R2	QC	POP1	0.9990	
70	QC3_R2	QC	POP1	0.9988	
69	QC4_R2	QC	POP1	0.9990	
77	QC5_R2	QC	POP1	0.9951	
74	QC6_R2	QC	POP1	0.9960	
72	QC7_R2	QC	POP1	0.9980	
75	QC8_R2	QC	POP1	0.9980	
68	QC9_R2	QC	POP1	0.9987	
59	RG13_R1	RG	POP1	0.9990	
62	RG14_R1	RG	POP1	0.9980	
57	RG15_R1	RG	POP1	0.9987	
61	RG17_R1	RG	POP1	0.9990	
58	RG19_R1	RG	POP1	0.9990	
63	RG20_R1	RG	POP1	0.9976	
66	RG22_R1	RG	POP1	0.9845	
56	RG23_R1	RG	POP1	0.9990	
64	RG24_R1	RG	POP1	0.9970	
65	RG25_R1	RG	POP1	0.9935	
60	RG2_R3	RG	POP1	0.9986	
50	RK11_R1	RK	POP1	0.9043	
51	RK13_R1	RK	POP1	0.8872	
48	RK14_R1	RK	POP1	0.9089	
45	RK15_R3	RK	POP1	0.9990	
55	RK16_R3	RK	POP1	0.5709	
53	RK17_R3	RK	POP1	0.7789	
49	RK18_R1	RK	POP1	0.8935	
46	RK2R_R1	RK	POP1	0.9961	
52	RK3_R1	RK	POP1	0.8731	
47	RK6_R1	RK	POP1	0.9966	
54	RK9_R1	RK	POP1	0.6191	
36	SB15_R3	SB	POP1	0.9168	
39	SB16_R1	SB	POP1	0.8778	
43	SB17_R3	SB	POP1	0.8245	
42	SB18_R3	SB	POP1	0.8488	
34	SB1R_R1	SB	POP1	0.9970	
41	SB24_R1	SB	POP1	0.8606	
35	SB3_R1	SB	POP1	0.9965	
38	SB4_R1	SB	POP1	0.9073	
44	SB6_R1	SB	POP1	0.5341	
40	SB8_R1	SB	POP1	0.8738	
37	SB9_R1	SB	POP1	0.9103	
23	TA13_R3	TA	POP1	0.6054	
29	TA14_R1	TA	POP1	0.0082	
33	TA15_R1	TA	POP1	0.0010	
26	TA16_R3	TA	POP1	0.3622	
24	TA17_R3	TA	POP1	0.5764	
28	TA18_R3	TA	POP1	0.0146	
32	TA1R_R1	TA	POP1	0.0010	
25	TA2_R1	TA	POP1	0.5416	
31	TA4_R1	TA	POP1	0.0030	
27	TA5_R1	TA	POP1	0.0359	
30	TA6_R1	TA	POP1	0.0020	
16	TB13_R3	TB	POP1	0.0268	
22	TB14_R3	TB	POP1	0.0010	
19	TB15_R3	TB	POP1	0.0119	
13	TB16_R3	TB	POP1	0.0578	
14	TB17_R3	TB	POP1	0.0523	
21	TB18_R3	TB	POP1	0.0010	
18	TB19_R3	TB	POP1	0.0111	
20	TB20_R3	TB	POP1	0.0033	
12	TB21_R3	TB	POP1	0.6698	
17	TB22_R3	TB	POP1	0.0327	
15	TB23_R3	TB	POP1	0.0358	
7	WC12_R3	WC	POP1	0.9817	
4	WC13_R3	WC	POP1	0.9905	
9	WC1_R3	WC	POP1	0.9457	
6	WC2_R3	WC	POP1	0.9708	
10	WC3_R3	WC	POP1	0.9131	
3	WC4_R3	WC	POP1	0.9983	
11	WC5_R3	WC	POP1	0.9195	
2	WC6_R3	WC	POP1	0.9990	
1	WC7_R3	WC	POP1	0.9986	
8	WC8_R3	WC	POP1	0.9656	
5	WC9_R3	WC	POP1	0.9883	
135	DH13_R1	DH	POP2	0.0020	
146	DH14_R1	DH	POP2	0.0027	
142	DH17_R1	DH	POP2	0.0020	
140	DH18_R1	DH	POP2	0.0029	
145	DH19_R1	DH	POP2	0.0013	
141	DH20_R1	DH	POP2	0.0040	
138	DH21_R1	DH	POP2	0.0011	
143	DH22_R3	DH	POP2	0.0058	
137	DH23_R1	DH	POP2	0.0012	
139	DH24_R1	DH	POP2	0.0020	
136	DH4_R3	DH	POP2	0.0020	
144	DH6_R3	DH	POP2	0.0067	
127	FD10_R2	FD	POP2	0.7989	
129	FD11_R2	FD	POP2	0.8233	
134	FD2_R2	FD	POP2	0.9469	
126	FD3_R2	FD	POP2	0.2679	
132	FD4_R2	FD	POP2	0.9122	
133	FD5_R2	FD	POP2	0.9235	
130	FD6_R2	FD	POP2	0.8531	
128	FD7_R2	FD	POP2	0.6967	
131	FD8_R2	FD	POP2	0.9034	
121	KA10_R2	KA	POP2	0.0303	
118	KA11_R3	KA	POP2	0.1026	
123	KA12_R3	KA	POP2	0.0151	
120	KA14_R2	KA	POP2	0.0826	
117	KA4_R2	KA	POP2	0.0289	
124	KA5_R3	KA	POP2	0.0046	
122	KA6_R3	KA	POP2	0.0454	
125	KA7_R2	KA	POP2	0.0508	
119	KA9_R2	KA	POP2	0.0088	
111	KB10_R3	KB	POP2	0.0011	
114	KB11_R2	KB	POP2	0.0505	
109	KB14_R3	KB	POP2	0.0564	
112	KB15_R2	KB	POP2	0.0116	
115	KB3_R3	KB	POP2	0.0140	
116	KB4_R2	KB	POP2	0.0940	
110	KB6_R2	KB	POP2	0.0293	
108	KB7_R3	KB	POP2	0.0060	
113	KB9_R2	KB	POP2	0.0115	
106	MB12_R1	MB	POP2	0.8375	
107	MB14_R1	MB	POP2	0.8722	
97	MB16_R1	MB	POP2	0.7197	
96	MB18_R1	MB	POP2	0.3256	
105	MB19_R1	MB	POP2	0.8137	
103	MB20_R1	MB	POP2	0.8116	
99	MB21_R1	MB	POP2	0.7706	
102	MB22_R1	MB	POP2	0.7901	
104	MB24_R1	MB	POP2	0.8178	
98	MB25_R1	MB	POP2	0.7318	
101	MB4_R2	MB	POP2	0.7671	
100	MB6_R2	MB	POP2	0.7645	
92	QA2_R2	QA	POP2	0.0021	
91	QA4_R2	QA	POP2	0.0020	
90	QA5_R2	QA	POP2	0.0020	
93	QA6_R2	QA	POP2	0.0020	
94	QA7_R2	QA	POP2	0.0042	
89	QA8_R2	QA	POP2	0.0023	
88	QA9_R2	QA	POP2	0.0010	
95	QAY10_R3	QA	POP2	0.0020	
83	QB10_R2	QB	POP2	0.2065	
79	QB11_R2	QB	POP2	0.0784	
86	QB1_R2	QB	POP2	0.0940	
78	QB2_R2	QB	POP2	0.0051	
82	QB3_R2	QB	POP2	0.0965	
84	QB5_R2	QB	POP2	0.5269	
85	QB7_R2	QB	POP2	0.6652	
80	QB8_R2	QB	POP2	0.0472	
87	QB9_R2	QB	POP2	0.0974	
81	QBY6_R3	QB	POP2	0.1447	
73	QC10_R2	QC	POP2	0.0020	
67	QC11_R2	QC	POP2	0.0010	
76	QC1_R2	QC	POP2	0.0036	
71	QC2_R2	QC	POP2	0.0010	
70	QC3_R2	QC	POP2	0.0012	
69	QC4_R2	QC	POP2	0.0010	
77	QC5_R2	QC	POP2	0.0049	
74	QC6_R2	QC	POP2	0.0040	
72	QC7_R2	QC	POP2	0.0020	
75	QC8_R2	QC	POP2	0.0020	
68	QC9_R2	QC	POP2	0.0013	
59	RG13_R1	RG	POP2	0.0010	
62	RG14_R1	RG	POP2	0.0020	
57	RG15_R1	RG	POP2	0.0013	
61	RG17_R1	RG	POP2	0.0010	
58	RG19_R1	RG	POP2	0.0010	
63	RG20_R1	RG	POP2	0.0024	
66	RG22_R1	RG	POP2	0.0155	
56	RG23_R1	RG	POP2	0.0010	
64	RG24_R1	RG	POP2	0.0030	
65	RG25_R1	RG	POP2	0.0065	
60	RG2_R3	RG	POP2	0.0014	
50	RK11_R1	RK	POP2	0.0957	
51	RK13_R1	RK	POP2	0.1128	
48	RK14_R1	RK	POP2	0.0911	
45	RK15_R3	RK	POP2	0.0010	
55	RK16_R3	RK	POP2	0.4291	
53	RK17_R3	RK	POP2	0.2212	
49	RK18_R1	RK	POP2	0.1066	
46	RK2R_R1	RK	POP2	0.0039	
52	RK3_R1	RK	POP2	0.1268	
47	RK6_R1	RK	POP2	0.0034	
54	RK9_R1	RK	POP2	0.3809	
36	SB15_R3	SB	POP2	0.0831	
39	SB16_R1	SB	POP2	0.1223	
43	SB17_R3	SB	POP2	0.1755	
42	SB18_R3	SB	POP2	0.1511	
34	SB1R_R1	SB	POP2	0.0030	
41	SB24_R1	SB	POP2	0.1394	
35	SB3_R1	SB	POP2	0.0035	
38	SB4_R1	SB	POP2	0.0927	
44	SB6_R1	SB	POP2	0.4659	
40	SB8_R1	SB	POP2	0.1263	
37	SB9_R1	SB	POP2	0.0897	
23	TA13_R3	TA	POP2	0.3946	
29	TA14_R1	TA	POP2	0.9918	
33	TA15_R1	TA	POP2	0.9990	
26	TA16_R3	TA	POP2	0.6378	
24	TA17_R3	TA	POP2	0.4236	
28	TA18_R3	TA	POP2	0.9854	
32	TA1R_R1	TA	POP2	0.9990	
25	TA2_R1	TA	POP2	0.4584	
31	TA4_R1	TA	POP2	0.9970	
27	TA5_R1	TA	POP2	0.9641	
30	TA6_R1	TA	POP2	0.9980	
16	TB13_R3	TB	POP2	0.9733	
22	TB14_R3	TB	POP2	0.9990	
19	TB15_R3	TB	POP2	0.9881	
13	TB16_R3	TB	POP2	0.9423	
14	TB17_R3	TB	POP2	0.9477	
21	TB18_R3	TB	POP2	0.9990	
18	TB19_R3	TB	POP2	0.9889	
20	TB20_R3	TB	POP2	0.9967	
12	TB21_R3	TB	POP2	0.3303	
17	TB22_R3	TB	POP2	0.9673	
15	TB23_R3	TB	POP2	0.9643	
7	WC12_R3	WC	POP2	0.0183	
4	WC13_R3	WC	POP2	0.0095	
9	WC1_R3	WC	POP2	0.0543	
6	WC2_R3	WC	POP2	0.0293	
10	WC3_R3	WC	POP2	0.0869	
3	WC4_R3	WC	POP2	0.0018	
11	WC5_R3	WC	POP2	0.0806	
2	WC6_R3	WC	POP2	0.0010	
1	WC7_R3	WC	POP2	0.0014	
8	WC8_R3	WC	POP2	0.0344	
5	WC9_R3	WC	POP2	0.0117	
