135	DH13_R1	DH	POP1	0.9880	
146	DH14_R1	DH	POP1	0.9227	
142	DH17_R1	DH	POP1	0.9851	
140	DH18_R1	DH	POP1	0.9423	
145	DH19_R1	DH	POP1	0.9542	
141	DH20_R1	DH	POP1	0.9603	
138	DH21_R1	DH	POP1	0.9835	
143	DH22_R3	DH	POP1	0.9709	
137	DH23_R1	DH	POP1	0.9899	
139	DH24_R1	DH	POP1	0.9765	
136	DH4_R3	DH	POP1	0.9745	
144	DH6_R3	DH	POP1	0.9473	
127	FD10_R2	FD	POP1	0.0091	
129	FD11_R2	FD	POP1	0.0233	
134	FD2_R2	FD	POP1	0.0010	
126	FD3_R2	FD	POP1	0.2582	
132	FD4_R2	FD	POP1	0.0076	
133	FD5_R2	FD	POP1	0.0021	
130	FD6_R2	FD	POP1	0.0031	
128	FD7_R2	FD	POP1	0.0076	
131	FD8_R2	FD	POP1	0.0011	
121	KA10_R2	KA	POP1	0.0452	
118	KA11_R3	KA	POP1	0.0988	
123	KA12_R3	KA	POP1	0.0138	
120	KA14_R2	KA	POP1	0.0219	
117	KA4_R2	KA	POP1	0.4490	
124	KA5_R3	KA	POP1	0.0249	
122	KA6_R3	KA	POP1	0.0314	
125	KA7_R2	KA	POP1	0.0239	
119	KA9_R2	KA	POP1	0.0323	
111	KB10_R3	KB	POP1	0.3780	
114	KB11_R2	KB	POP1	0.0072	
109	KB14_R3	KB	POP1	0.5273	
112	KB15_R2	KB	POP1	0.2448	
115	KB3_R3	KB	POP1	0.0248	
116	KB4_R2	KB	POP1	0.0074	
110	KB6_R2	KB	POP1	0.3374	
108	KB7_R3	KB	POP1	0.5733	
113	KB9_R2	KB	POP1	0.1596	
106	MB12_R1	MB	POP1	0.0085	
107	MB14_R1	MB	POP1	0.0054	
97	MB16_R1	MB	POP1	0.0400	
96	MB18_R1	MB	POP1	0.2581	
105	MB19_R1	MB	POP1	0.0113	
103	MB20_R1	MB	POP1	0.0099	
99	MB21_R1	MB	POP1	0.0093	
102	MB22_R1	MB	POP1	0.0102	
104	MB24_R1	MB	POP1	0.0107	
98	MB25_R1	MB	POP1	0.0125	
101	MB4_R2	MB	POP1	0.0103	
100	MB6_R2	MB	POP1	0.0205	
92	QA2_R2	QA	POP1	0.9122	
91	QA4_R2	QA	POP1	0.8588	
90	QA5_R2	QA	POP1	0.9514	
93	QA6_R2	QA	POP1	0.9197	
94	QA7_R2	QA	POP1	0.8964	
89	QA8_R2	QA	POP1	0.8974	
88	QA9_R2	QA	POP1	0.9903	
95	QAY10_R3	QA	POP1	0.9402	
83	QB10_R2	QB	POP1	0.5321	
79	QB11_R2	QB	POP1	0.6018	
86	QB1_R2	QB	POP1	0.0961	
78	QB2_R2	QB	POP1	0.7965	
82	QB3_R2	QB	POP1	0.4972	
84	QB5_R2	QB	POP1	0.1442	
85	QB7_R2	QB	POP1	0.0533	
80	QB8_R2	QB	POP1	0.6764	
87	QB9_R2	QB	POP1	0.0108	
81	QBY6_R3	QB	POP1	0.5438	
73	QC10_R2	QC	POP1	0.9279	
67	QC11_R2	QC	POP1	0.9670	
76	QC1_R2	QC	POP1	0.9073	
71	QC2_R2	QC	POP1	0.9616	
70	QC3_R2	QC	POP1	0.0000	
69	QC4_R2	QC	POP1	0.0000	
77	QC5_R2	QC	POP1	0.9328	
74	QC6_R2	QC	POP1	0.9344	
72	QC7_R2	QC	POP1	0.9444	
75	QC8_R2	QC	POP1	0.9093	
68	QC9_R2	QC	POP1	0.0000	
59	RG13_R1	RG	POP1	0.9978	
62	RG14_R1	RG	POP1	0.9333	
57	RG15_R1	RG	POP1	0.9909	
61	RG17_R1	RG	POP1	0.9843	
58	RG19_R1	RG	POP1	0.9939	
63	RG20_R1	RG	POP1	0.9840	
66	RG22_R1	RG	POP1	0.9615	
56	RG23_R1	RG	POP1	0.9933	
64	RG24_R1	RG	POP1	0.9453	
65	RG25_R1	RG	POP1	0.9461	
60	RG2_R3	RG	POP1	0.9923	
50	RK11_R1	RK	POP1	0.4354	
51	RK13_R1	RK	POP1	0.5668	
48	RK14_R1	RK	POP1	0.5939	
45	RK15_R3	RK	POP1	0.9925	
55	RK16_R3	RK	POP1	0.4120	
53	RK17_R3	RK	POP1	0.3312	
49	RK18_R1	RK	POP1	0.4508	
46	RK2R_R1	RK	POP1	0.8181	
52	RK3_R1	RK	POP1	0.0000	
47	RK6_R1	RK	POP1	0.5108	
54	RK9_R1	RK	POP1	0.3626	
36	SB15_R3	SB	POP1	0.5433	
39	SB16_R1	SB	POP1	0.5031	
43	SB17_R3	SB	POP1	0.4893	
42	SB18_R3	SB	POP1	0.4244	
34	SB1R_R1	SB	POP1	0.9779	
41	SB24_R1	SB	POP1	0.0000	
35	SB3_R1	SB	POP1	0.5017	
38	SB4_R1	SB	POP1	0.5112	
44	SB6_R1	SB	POP1	0.2727	
40	SB8_R1	SB	POP1	0.4433	
37	SB9_R1	SB	POP1	0.4211	
23	TA13_R3	TA	POP1	0.2155	
29	TA14_R1	TA	POP1	0.0072	
33	TA15_R1	TA	POP1	0.0007	
26	TA16_R3	TA	POP1	0.0363	
24	TA17_R3	TA	POP1	0.0614	
28	TA18_R3	TA	POP1	0.0065	
32	TA1R_R1	TA	POP1	0.0008	
25	TA2_R1	TA	POP1	0.1764	
31	TA4_R1	TA	POP1	0.0016	
27	TA5_R1	TA	POP1	0.0083	
30	TA6_R1	TA	POP1	0.0021	
16	TB13_R3	TB	POP1	0.0063	
22	TB14_R3	TB	POP1	0.0009	
19	TB15_R3	TB	POP1	0.0091	
13	TB16_R3	TB	POP1	0.0178	
14	TB17_R3	TB	POP1	0.0020	
21	TB18_R3	TB	POP1	0.0008	
18	TB19_R3	TB	POP1	0.0134	
20	TB20_R3	TB	POP1	0.0026	
12	TB21_R3	TB	POP1	0.2324	
17	TB22_R3	TB	POP1	0.0030	
15	TB23_R3	TB	POP1	0.0014	
7	WC12_R3	WC	POP1	0.8682	
4	WC13_R3	WC	POP1	0.8759	
9	WC1_R3	WC	POP1	0.8526	
6	WC2_R3	WC	POP1	0.8325	
10	WC3_R3	WC	POP1	0.8851	
3	WC4_R3	WC	POP1	0.9136	
11	WC5_R3	WC	POP1	0.7760	
2	WC6_R3	WC	POP1	0.9406	
1	WC7_R3	WC	POP1	0.9341	
8	WC8_R3	WC	POP1	0.8364	
5	WC9_R3	WC	POP1	0.9446	
135	DH13_R1	DH	POP2	0.0012	
146	DH14_R1	DH	POP2	0.0012	
142	DH17_R1	DH	POP2	0.0009	
140	DH18_R1	DH	POP2	0.0015	
145	DH19_R1	DH	POP2	0.0010	
141	DH20_R1	DH	POP2	0.0021	
138	DH21_R1	DH	POP2	0.0010	
143	DH22_R3	DH	POP2	0.0041	
137	DH23_R1	DH	POP2	0.0010	
139	DH24_R1	DH	POP2	0.0010	
136	DH4_R3	DH	POP2	0.0010	
144	DH6_R3	DH	POP2	0.0028	
127	FD10_R2	FD	POP2	0.6942	
129	FD11_R2	FD	POP2	0.7382	
134	FD2_R2	FD	POP2	0.8120	
126	FD3_R2	FD	POP2	0.1080	
132	FD4_R2	FD	POP2	0.8427	
133	FD5_R2	FD	POP2	0.8197	
130	FD6_R2	FD	POP2	0.7401	
128	FD7_R2	FD	POP2	0.6155	
131	FD8_R2	FD	POP2	0.7837	
121	KA10_R2	KA	POP2	0.0012	
118	KA11_R3	KA	POP2	0.0259	
123	KA12_R3	KA	POP2	0.0020	
120	KA14_R2	KA	POP2	0.0077	
117	KA4_R2	KA	POP2	0.0011	
124	KA5_R3	KA	POP2	0.0001	
122	KA6_R3	KA	POP2	0.0010	
125	KA7_R2	KA	POP2	0.0010	
119	KA9_R2	KA	POP2	0.0009	
111	KB10_R3	KB	POP2	0.0000	
114	KB11_R2	KB	POP2	0.0010	
109	KB14_R3	KB	POP2	0.0041	
112	KB15_R2	KB	POP2	0.0011	
115	KB3_R3	KB	POP2	0.0009	
116	KB4_R2	KB	POP2	0.0084	
110	KB6_R2	KB	POP2	0.0012	
108	KB7_R3	KB	POP2	0.0010	
113	KB9_R2	KB	POP2	0.0009	
106	MB12_R1	MB	POP2	0.7274	
107	MB14_R1	MB	POP2	0.7773	
97	MB16_R1	MB	POP2	0.6045	
96	MB18_R1	MB	POP2	0.1817	
105	MB19_R1	MB	POP2	0.7126	
103	MB20_R1	MB	POP2	0.7016	
99	MB21_R1	MB	POP2	0.6207	
102	MB22_R1	MB	POP2	0.6784	
104	MB24_R1	MB	POP2	0.7204	
98	MB25_R1	MB	POP2	0.6284	
101	MB4_R2	MB	POP2	0.6667	
100	MB6_R2	MB	POP2	0.6599	
92	QA2_R2	QA	POP2	0.0014	
91	QA4_R2	QA	POP2	0.0010	
90	QA5_R2	QA	POP2	0.0013	
93	QA6_R2	QA	POP2	0.0014	
94	QA7_R2	QA	POP2	0.0041	
89	QA8_R2	QA	POP2	0.0019	
88	QA9_R2	QA	POP2	0.0002	
95	QAY10_R3	QA	POP2	0.0010	
83	QB10_R2	QB	POP2	0.1178	
79	QB11_R2	QB	POP2	0.0038	
86	QB1_R2	QB	POP2	0.0196	
78	QB2_R2	QB	POP2	0.0014	
82	QB3_R2	QB	POP2	0.0028	
84	QB5_R2	QB	POP2	0.4036	
85	QB7_R2	QB	POP2	0.5525	
80	QB8_R2	QB	POP2	0.0047	
87	QB9_R2	QB	POP2	0.0051	
81	QBY6_R3	QB	POP2	0.0289	
73	QC10_R2	QC	POP2	0.0010	
67	QC11_R2	QC	POP2	0.0009	
76	QC1_R2	QC	POP2	0.0018	
71	QC2_R2	QC	POP2	0.0008	
70	QC3_R2	QC	POP2	0.0000	
69	QC4_R2	QC	POP2	0.0000	
77	QC5_R2	QC	POP2	0.0034	
74	QC6_R2	QC	POP2	0.0022	
72	QC7_R2	QC	POP2	0.0012	
75	QC8_R2	QC	POP2	0.0010	
68	QC9_R2	QC	POP2	0.0000	
59	RG13_R1	RG	POP2	0.0001	
62	RG14_R1	RG	POP2	0.0009	
57	RG15_R1	RG	POP2	0.0009	
61	RG17_R1	RG	POP2	0.0006	
58	RG19_R1	RG	POP2	0.0000	
63	RG20_R1	RG	POP2	0.0011	
66	RG22_R1	RG	POP2	0.0118	
56	RG23_R1	RG	POP2	0.0003	
64	RG24_R1	RG	POP2	0.0019	
65	RG25_R1	RG	POP2	0.0043	
60	RG2_R3	RG	POP2	0.0010	
50	RK11_R1	RK	POP2	0.0010	
51	RK13_R1	RK	POP2	0.0229	
48	RK14_R1	RK	POP2	0.0024	
45	RK15_R3	RK	POP2	0.0006	
55	RK16_R3	RK	POP2	0.3764	
53	RK17_R3	RK	POP2	0.0887	
49	RK18_R1	RK	POP2	0.0021	
46	RK2R_R1	RK	POP2	0.0009	
52	RK3_R1	RK	POP2	0.0000	
47	RK6_R1	RK	POP2	0.0001	
54	RK9_R1	RK	POP2	0.2968	
36	SB15_R3	SB	POP2	0.0013	
39	SB16_R1	SB	POP2	0.0045	
43	SB17_R3	SB	POP2	0.0865	
42	SB18_R3	SB	POP2	0.0101	
34	SB1R_R1	SB	POP2	0.0017	
41	SB24_R1	SB	POP2	0.0000	
35	SB3_R1	SB	POP2	0.0001	
38	SB4_R1	SB	POP2	0.0039	
44	SB6_R1	SB	POP2	0.3715	
40	SB8_R1	SB	POP2	0.0035	
37	SB9_R1	SB	POP2	0.0010	
23	TA13_R3	TA	POP2	0.2650	
29	TA14_R1	TA	POP2	0.9339	
33	TA15_R1	TA	POP2	0.9993	
26	TA16_R3	TA	POP2	0.5232	
24	TA17_R3	TA	POP2	0.2655	
28	TA18_R3	TA	POP2	0.9399	
32	TA1R_R1	TA	POP2	0.9991	
25	TA2_R1	TA	POP2	0.3114	
31	TA4_R1	TA	POP2	0.9589	
27	TA5_R1	TA	POP2	0.9026	
30	TA6_R1	TA	POP2	0.9705	
16	TB13_R3	TB	POP2	0.9185	
22	TB14_R3	TB	POP2	0.9953	
19	TB15_R3	TB	POP2	0.9402	
13	TB16_R3	TB	POP2	0.8782	
14	TB17_R3	TB	POP2	0.8465	
21	TB18_R3	TB	POP2	0.9966	
18	TB19_R3	TB	POP2	0.9343	
20	TB20_R3	TB	POP2	0.9574	
12	TB21_R3	TB	POP2	0.1920	
17	TB22_R3	TB	POP2	0.8952	
15	TB23_R3	TB	POP2	0.8541	
7	WC12_R3	WC	POP2	0.0204	
4	WC13_R3	WC	POP2	0.0060	
9	WC1_R3	WC	POP2	0.0478	
6	WC2_R3	WC	POP2	0.0035	
10	WC3_R3	WC	POP2	0.0948	
3	WC4_R3	WC	POP2	0.0010	
11	WC5_R3	WC	POP2	0.0708	
2	WC6_R3	WC	POP2	0.0009	
1	WC7_R3	WC	POP2	0.0009	
8	WC8_R3	WC	POP2	0.0053	
5	WC9_R3	WC	POP2	0.0117	
135	DH13_R1	DH	POP3	0.0000	
146	DH14_R1	DH	POP3	0.0390	
142	DH17_R1	DH	POP3	0.0060	
140	DH18_R1	DH	POP3	0.0011	
145	DH19_R1	DH	POP3	0.0362	
141	DH20_R1	DH	POP3	0.0014	
138	DH21_R1	DH	POP3	0.0010	
143	DH22_R3	DH	POP3	0.0013	
137	DH23_R1	DH	POP3	0.0010	
139	DH24_R1	DH	POP3	0.0010	
136	DH4_R3	DH	POP3	0.0008	
144	DH6_R3	DH	POP3	0.0141	
127	FD10_R2	FD	POP3	0.0022	
129	FD11_R2	FD	POP3	0.0025	
134	FD2_R2	FD	POP3	0.0009	
126	FD3_R2	FD	POP3	0.0011	
132	FD4_R2	FD	POP3	0.0047	
133	FD5_R2	FD	POP3	0.0010	
130	FD6_R2	FD	POP3	0.0019	
128	FD7_R2	FD	POP3	0.1281	
131	FD8_R2	FD	POP3	0.0010	
121	KA10_R2	KA	POP3	0.9425	
118	KA11_R3	KA	POP3	0.8463	
123	KA12_R3	KA	POP3	0.9573	
120	KA14_R2	KA	POP3	0.9180	
117	KA4_R2	KA	POP3	0.1253	
124	KA5_R3	KA	POP3	0.9697	
122	KA6_R3	KA	POP3	0.9445	
125	KA7_R2	KA	POP3	0.9662	
119	KA9_R2	KA	POP3	0.8813	
111	KB10_R3	KB	POP3	0.5118	
114	KB11_R2	KB	POP3	0.9310	
109	KB14_R3	KB	POP3	0.1556	
112	KB15_R2	KB	POP3	0.7477	
115	KB3_R3	KB	POP3	0.9668	
116	KB4_R2	KB	POP3	0.9681	
110	KB6_R2	KB	POP3	0.4881	
108	KB7_R3	KB	POP3	0.1217	
113	KB9_R2	KB	POP3	0.8343	
106	MB12_R1	MB	POP3	0.0009	
107	MB14_R1	MB	POP3	0.0012	
97	MB16_R1	MB	POP3	0.0013	
96	MB18_R1	MB	POP3	0.0010	
105	MB19_R1	MB	POP3	0.0022	
103	MB20_R1	MB	POP3	0.0006	
99	MB21_R1	MB	POP3	0.0010	
102	MB22_R1	MB	POP3	0.0051	
104	MB24_R1	MB	POP3	0.0012	
98	MB25_R1	MB	POP3	0.0114	
101	MB4_R2	MB	POP3	0.0049	
100	MB6_R2	MB	POP3	0.0044	
92	QA2_R2	QA	POP3	0.0287	
91	QA4_R2	QA	POP3	0.0130	
90	QA5_R2	QA	POP3	0.0037	
93	QA6_R2	QA	POP3	0.0240	
94	QA7_R2	QA	POP3	0.0413	
89	QA8_R2	QA	POP3	0.0011	
88	QA9_R2	QA	POP3	0.0026	
95	QAY10_R3	QA	POP3	0.0507	
83	QB10_R2	QB	POP3	0.0012	
79	QB11_R2	QB	POP3	0.0011	
86	QB1_R2	QB	POP3	0.8756	
78	QB2_R2	QB	POP3	0.0764	
82	QB3_R2	QB	POP3	0.0913	
84	QB5_R2	QB	POP3	0.0010	
85	QB7_R2	QB	POP3	0.0008	
80	QB8_R2	QB	POP3	0.1191	
87	QB9_R2	QB	POP3	0.9746	
81	QBY6_R3	QB	POP3	0.0053	
73	QC10_R2	QC	POP3	0.0022	
67	QC11_R2	QC	POP3	0.0001	
76	QC1_R2	QC	POP3	0.0042	
71	QC2_R2	QC	POP3	0.0010	
70	QC3_R2	QC	POP3	0.0000	
69	QC4_R2	QC	POP3	0.0000	
77	QC5_R2	QC	POP3	0.0021	
74	QC6_R2	QC	POP3	0.0021	
72	QC7_R2	QC	POP3	0.0011	
75	QC8_R2	QC	POP3	0.0063	
68	QC9_R2	QC	POP3	0.0000	
59	RG13_R1	RG	POP3	0.0000	
62	RG14_R1	RG	POP3	0.0010	
57	RG15_R1	RG	POP3	0.0000	
61	RG17_R1	RG	POP3	0.0010	
58	RG19_R1	RG	POP3	0.0010	
63	RG20_R1	RG	POP3	0.0011	
66	RG22_R1	RG	POP3	0.0005	
56	RG23_R1	RG	POP3	0.0000	
64	RG24_R1	RG	POP3	0.0009	
65	RG25_R1	RG	POP3	0.0001	
60	RG2_R3	RG	POP3	0.0010	
50	RK11_R1	RK	POP3	0.0011	
51	RK13_R1	RK	POP3	0.0055	
48	RK14_R1	RK	POP3	0.0000	
45	RK15_R3	RK	POP3	0.0010	
55	RK16_R3	RK	POP3	0.0053	
53	RK17_R3	RK	POP3	0.0010	
49	RK18_R1	RK	POP3	0.0005	
46	RK2R_R1	RK	POP3	0.0010	
52	RK3_R1	RK	POP3	0.0000	
47	RK6_R1	RK	POP3	0.0100	
54	RK9_R1	RK	POP3	0.0196	
36	SB15_R3	SB	POP3	0.0010	
39	SB16_R1	SB	POP3	0.0006	
43	SB17_R3	SB	POP3	0.0032	
42	SB18_R3	SB	POP3	0.0010	
34	SB1R_R1	SB	POP3	0.0030	
41	SB24_R1	SB	POP3	0.0000	
35	SB3_R1	SB	POP3	0.0008	
38	SB4_R1	SB	POP3	0.0015	
44	SB6_R1	SB	POP3	0.0212	
40	SB8_R1	SB	POP3	0.0006	
37	SB9_R1	SB	POP3	0.0001	
23	TA13_R3	TA	POP3	0.0015	
29	TA14_R1	TA	POP3	0.0013	
33	TA15_R1	TA	POP3	0.0000	
26	TA16_R3	TA	POP3	0.0010	
24	TA17_R3	TA	POP3	0.0011	
28	TA18_R3	TA	POP3	0.0049	
32	TA1R_R1	TA	POP3	0.0000	
25	TA2_R1	TA	POP3	0.0001	
31	TA4_R1	TA	POP3	0.0095	
27	TA5_R1	TA	POP3	0.0019	
30	TA6_R1	TA	POP3	0.0000	
16	TB13_R3	TB	POP3	0.0040	
22	TB14_R3	TB	POP3	0.0034	
19	TB15_R3	TB	POP3	0.0062	
13	TB16_R3	TB	POP3	0.0010	
14	TB17_R3	TB	POP3	0.0010	
21	TB18_R3	TB	POP3	0.0022	
18	TB19_R3	TB	POP3	0.0011	
20	TB20_R3	TB	POP3	0.0026	
12	TB21_R3	TB	POP3	0.0016	
17	TB22_R3	TB	POP3	0.0112	
15	TB23_R3	TB	POP3	0.0002	
7	WC12_R3	WC	POP3	0.0114	
4	WC13_R3	WC	POP3	0.0053	
9	WC1_R3	WC	POP3	0.0056	
6	WC2_R3	WC	POP3	0.0005	
10	WC3_R3	WC	POP3	0.0020	
3	WC4_R3	WC	POP3	0.0126	
11	WC5_R3	WC	POP3	0.1034	
2	WC6_R3	WC	POP3	0.0021	
1	WC7_R3	WC	POP3	0.0010	
8	WC8_R3	WC	POP3	0.0025	
5	WC9_R3	WC	POP3	0.0038	
135	DH13_R1	DH	POP4	0.0024	
146	DH14_R1	DH	POP4	0.0026	
142	DH17_R1	DH	POP4	0.0037	
140	DH18_R1	DH	POP4	0.0444	
145	DH19_R1	DH	POP4	0.0049	
141	DH20_R1	DH	POP4	0.0077	
138	DH21_R1	DH	POP4	0.0078	
143	DH22_R3	DH	POP4	0.0022	
137	DH23_R1	DH	POP4	0.0026	
139	DH24_R1	DH	POP4	0.0075	
136	DH4_R3	DH	POP4	0.0083	
144	DH6_R3	DH	POP4	0.0010	
127	FD10_R2	FD	POP4	0.0010	
129	FD11_R2	FD	POP4	0.0009	
134	FD2_R2	FD	POP4	0.0010	
126	FD3_R2	FD	POP4	0.0021	
132	FD4_R2	FD	POP4	0.0100	
133	FD5_R2	FD	POP4	0.0007	
130	FD6_R2	FD	POP4	0.0000	
128	FD7_R2	FD	POP4	0.0018	
131	FD8_R2	FD	POP4	0.0041	
121	KA10_R2	KA	POP4	0.0030	
118	KA11_R3	KA	POP4	0.0033	
123	KA12_R3	KA	POP4	0.0187	
120	KA14_R2	KA	POP4	0.0031	
117	KA4_R2	KA	POP4	0.0811	
124	KA5_R3	KA	POP4	0.0018	
122	KA6_R3	KA	POP4	0.0027	
125	KA7_R2	KA	POP4	0.0029	
119	KA9_R2	KA	POP4	0.0454	
111	KB10_R3	KB	POP4	0.0021	
114	KB11_R2	KB	POP4	0.0010	
109	KB14_R3	KB	POP4	0.0010	
112	KB15_R2	KB	POP4	0.0017	
115	KB3_R3	KB	POP4	0.0006	
116	KB4_R2	KB	POP4	0.0005	
110	KB6_R2	KB	POP4	0.0013	
108	KB7_R3	KB	POP4	0.0037	
113	KB9_R2	KB	POP4	0.0029	
106	MB12_R1	MB	POP4	0.0000	
107	MB14_R1	MB	POP4	0.0012	
97	MB16_R1	MB	POP4	0.0010	
96	MB18_R1	MB	POP4	0.0010	
105	MB19_R1	MB	POP4	0.0023	
103	MB20_R1	MB	POP4	0.0018	
99	MB21_R1	MB	POP4	0.0010	
102	MB22_R1	MB	POP4	0.0003	
104	MB24_R1	MB	POP4	0.0010	
98	MB25_R1	MB	POP4	0.0093	
101	MB4_R2	MB	POP4	0.0024	
100	MB6_R2	MB	POP4	0.0010	
92	QA2_R2	QA	POP4	0.0125	
91	QA4_R2	QA	POP4	0.0667	
90	QA5_R2	QA	POP4	0.0397	
93	QA6_R2	QA	POP4	0.0233	
94	QA7_R2	QA	POP4	0.0469	
89	QA8_R2	QA	POP4	0.0968	
88	QA9_R2	QA	POP4	0.0031	
95	QAY10_R3	QA	POP4	0.0027	
83	QB10_R2	QB	POP4	0.0010	
79	QB11_R2	QB	POP4	0.0018	
86	QB1_R2	QB	POP4	0.0020	
78	QB2_R2	QB	POP4	0.0191	
82	QB3_R2	QB	POP4	0.0017	
84	QB5_R2	QB	POP4	0.0027	
85	QB7_R2	QB	POP4	0.0121	
80	QB8_R2	QB	POP4	0.0010	
87	QB9_R2	QB	POP4	0.0050	
81	QBY6_R3	QB	POP4	0.0057	
73	QC10_R2	QC	POP4	0.0664	
67	QC11_R2	QC	POP4	0.0222	
76	QC1_R2	QC	POP4	0.0160	
71	QC2_R2	QC	POP4	0.0310	
70	QC3_R2	QC	POP4	1.0000	
69	QC4_R2	QC	POP4	1.0000	
77	QC5_R2	QC	POP4	0.0282	
74	QC6_R2	QC	POP4	0.0513	
72	QC7_R2	QC	POP4	0.0448	
75	QC8_R2	QC	POP4	0.0654	
68	QC9_R2	QC	POP4	1.0000	
59	RG13_R1	RG	POP4	0.0008	
62	RG14_R1	RG	POP4	0.0145	
57	RG15_R1	RG	POP4	0.0009	
61	RG17_R1	RG	POP4	0.0041	
58	RG19_R1	RG	POP4	0.0009	
63	RG20_R1	RG	POP4	0.0021	
66	RG22_R1	RG	POP4	0.0032	
56	RG23_R1	RG	POP4	0.0035	
64	RG24_R1	RG	POP4	0.0124	
65	RG25_R1	RG	POP4	0.0273	
60	RG2_R3	RG	POP4	0.0037	
50	RK11_R1	RK	POP4	0.0051	
51	RK13_R1	RK	POP4	0.0020	
48	RK14_R1	RK	POP4	0.0020	
45	RK15_R3	RK	POP4	0.0021	
55	RK16_R3	RK	POP4	0.0036	
53	RK17_R3	RK	POP4	0.0017	
49	RK18_R1	RK	POP4	0.0010	
46	RK2R_R1	RK	POP4	0.0022	
52	RK3_R1	RK	POP4	0.0000	
47	RK6_R1	RK	POP4	0.0010	
54	RK9_R1	RK	POP4	0.0011	
36	SB15_R3	SB	POP4	0.0013	
39	SB16_R1	SB	POP4	0.0011	
43	SB17_R3	SB	POP4	0.0054	
42	SB18_R3	SB	POP4	0.0010	
34	SB1R_R1	SB	POP4	0.0010	
41	SB24_R1	SB	POP4	0.0000	
35	SB3_R1	SB	POP4	0.0010	
38	SB4_R1	SB	POP4	0.0071	
44	SB6_R1	SB	POP4	0.0009	
40	SB8_R1	SB	POP4	0.0025	
37	SB9_R1	SB	POP4	0.0020	
23	TA13_R3	TA	POP4	0.0014	
29	TA14_R1	TA	POP4	0.0009	
33	TA15_R1	TA	POP4	0.0001	
26	TA16_R3	TA	POP4	0.0010	
24	TA17_R3	TA	POP4	0.0216	
28	TA18_R3	TA	POP4	0.0128	
32	TA1R_R1	TA	POP4	0.0001	
25	TA2_R1	TA	POP4	0.0035	
31	TA4_R1	TA	POP4	0.0009	
27	TA5_R1	TA	POP4	0.0024	
30	TA6_R1	TA	POP4	0.0020	
16	TB13_R3	TB	POP4	0.0184	
22	TB14_R3	TB	POP4	0.0000	
19	TB15_R3	TB	POP4	0.0022	
13	TB16_R3	TB	POP4	0.0102	
14	TB17_R3	TB	POP4	0.0010	
21	TB18_R3	TB	POP4	0.0000	
18	TB19_R3	TB	POP4	0.0010	
20	TB20_R3	TB	POP4	0.0010	
12	TB21_R3	TB	POP4	0.0024	
17	TB22_R3	TB	POP4	0.0003	
15	TB23_R3	TB	POP4	0.0028	
7	WC12_R3	WC	POP4	0.0160	
4	WC13_R3	WC	POP4	0.0073	
9	WC1_R3	WC	POP4	0.0034	
6	WC2_R3	WC	POP4	0.0022	
10	WC3_R3	WC	POP4	0.0061	
3	WC4_R3	WC	POP4	0.0656	
11	WC5_R3	WC	POP4	0.0017	
2	WC6_R3	WC	POP4	0.0057	
1	WC7_R3	WC	POP4	0.0332	
8	WC8_R3	WC	POP4	0.0056	
5	WC9_R3	WC	POP4	0.0030	
135	DH13_R1	DH	POP5	0.0056	
146	DH14_R1	DH	POP5	0.0221	
142	DH17_R1	DH	POP5	0.0010	
140	DH18_R1	DH	POP5	0.0028	
145	DH19_R1	DH	POP5	0.0027	
141	DH20_R1	DH	POP5	0.0102	
138	DH21_R1	DH	POP5	0.0022	
143	DH22_R3	DH	POP5	0.0034	
137	DH23_R1	DH	POP5	0.0030	
139	DH24_R1	DH	POP5	0.0023	
136	DH4_R3	DH	POP5	0.0022	
144	DH6_R3	DH	POP5	0.0011	
127	FD10_R2	FD	POP5	0.0011	
129	FD11_R2	FD	POP5	0.0014	
134	FD2_R2	FD	POP5	0.0113	
126	FD3_R2	FD	POP5	0.0055	
132	FD4_R2	FD	POP5	0.0020	
133	FD5_R2	FD	POP5	0.0003	
130	FD6_R2	FD	POP5	0.0145	
128	FD7_R2	FD	POP5	0.0014	
131	FD8_R2	FD	POP5	0.0011	
121	KA10_R2	KA	POP5	0.0012	
118	KA11_R3	KA	POP5	0.0042	
123	KA12_R3	KA	POP5	0.0010	
120	KA14_R2	KA	POP5	0.0320	
117	KA4_R2	KA	POP5	0.0796	
124	KA5_R3	KA	POP5	0.0011	
122	KA6_R3	KA	POP5	0.0137	
125	KA7_R2	KA	POP5	0.0035	
119	KA9_R2	KA	POP5	0.0006	
111	KB10_R3	KB	POP5	0.0010	
114	KB11_R2	KB	POP5	0.0024	
109	KB14_R3	KB	POP5	0.0034	
112	KB15_R2	KB	POP5	0.0010	
115	KB3_R3	KB	POP5	0.0007	
116	KB4_R2	KB	POP5	0.0030	
110	KB6_R2	KB	POP5	0.0700	
108	KB7_R3	KB	POP5	0.0021	
113	KB9_R2	KB	POP5	0.0010	
106	MB12_R1	MB	POP5	0.0561	
107	MB14_R1	MB	POP5	0.0110	
97	MB16_R1	MB	POP5	0.0019	
96	MB18_R1	MB	POP5	0.0082	
105	MB19_R1	MB	POP5	0.0010	
103	MB20_R1	MB	POP5	0.0190	
99	MB21_R1	MB	POP5	0.0028	
102	MB22_R1	MB	POP5	0.0011	
104	MB24_R1	MB	POP5	0.0140	
98	MB25_R1	MB	POP5	0.0038	
101	MB4_R2	MB	POP5	0.0082	
100	MB6_R2	MB	POP5	0.0039	
92	QA2_R2	QA	POP5	0.0191	
91	QA4_R2	QA	POP5	0.0079	
90	QA5_R2	QA	POP5	0.0010	
93	QA6_R2	QA	POP5	0.0300	
94	QA7_R2	QA	POP5	0.0035	
89	QA8_R2	QA	POP5	0.0017	
88	QA9_R2	QA	POP5	0.0019	
95	QAY10_R3	QA	POP5	0.0010	
83	QB10_R2	QB	POP5	0.0014	
79	QB11_R2	QB	POP5	0.0016	
86	QB1_R2	QB	POP5	0.0036	
78	QB2_R2	QB	POP5	0.0154	
82	QB3_R2	QB	POP5	0.0012	
84	QB5_R2	QB	POP5	0.0084	
85	QB7_R2	QB	POP5	0.0023	
80	QB8_R2	QB	POP5	0.0024	
87	QB9_R2	QB	POP5	0.0014	
81	QBY6_R3	QB	POP5	0.0012	
73	QC10_R2	QC	POP5	0.0015	
67	QC11_R2	QC	POP5	0.0082	
76	QC1_R2	QC	POP5	0.0010	
71	QC2_R2	QC	POP5	0.0023	
70	QC3_R2	QC	POP5	0.0000	
69	QC4_R2	QC	POP5	0.0000	
77	QC5_R2	QC	POP5	0.0052	
74	QC6_R2	QC	POP5	0.0016	
72	QC7_R2	QC	POP5	0.0046	
75	QC8_R2	QC	POP5	0.0098	
68	QC9_R2	QC	POP5	0.0000	
59	RG13_R1	RG	POP5	0.0010	
62	RG14_R1	RG	POP5	0.0010	
57	RG15_R1	RG	POP5	0.0036	
61	RG17_R1	RG	POP5	0.0010	
58	RG19_R1	RG	POP5	0.0018	
63	RG20_R1	RG	POP5	0.0024	
66	RG22_R1	RG	POP5	0.0010	
56	RG23_R1	RG	POP5	0.0012	
64	RG24_R1	RG	POP5	0.0368	
65	RG25_R1	RG	POP5	0.0156	
60	RG2_R3	RG	POP5	0.0010	
50	RK11_R1	RK	POP5	0.0056	
51	RK13_R1	RK	POP5	0.0192	
48	RK14_R1	RK	POP5	0.0062	
45	RK15_R3	RK	POP5	0.0009	
55	RK16_R3	RK	POP5	0.0061	
53	RK17_R3	RK	POP5	0.0042	
49	RK18_R1	RK	POP5	0.0035	
46	RK2R_R1	RK	POP5	0.0178	
52	RK3_R1	RK	POP5	1.0000	
47	RK6_R1	RK	POP5	0.0177	
54	RK9_R1	RK	POP5	0.0030	
36	SB15_R3	SB	POP5	0.0024	
39	SB16_R1	SB	POP5	0.0184	
43	SB17_R3	SB	POP5	0.0018	
42	SB18_R3	SB	POP5	0.0868	
34	SB1R_R1	SB	POP5	0.0143	
41	SB24_R1	SB	POP5	1.0000	
35	SB3_R1	SB	POP5	0.0113	
38	SB4_R1	SB	POP5	0.0598	
44	SB6_R1	SB	POP5	0.0015	
40	SB8_R1	SB	POP5	0.0033	
37	SB9_R1	SB	POP5	0.0093	
23	TA13_R3	TA	POP5	0.0058	
29	TA14_R1	TA	POP5	0.0244	
33	TA15_R1	TA	POP5	0.0000	
26	TA16_R3	TA	POP5	0.0008	
24	TA17_R3	TA	POP5	0.0043	
28	TA18_R3	TA	POP5	0.0009	
32	TA1R_R1	TA	POP5	0.0000	
25	TA2_R1	TA	POP5	0.0010	
31	TA4_R1	TA	POP5	0.0010	
27	TA5_R1	TA	POP5	0.0531	
30	TA6_R1	TA	POP5	0.0012	
16	TB13_R3	TB	POP5	0.0020	
22	TB14_R3	TB	POP5	0.0003	
19	TB15_R3	TB	POP5	0.0019	
13	TB16_R3	TB	POP5	0.0011	
14	TB17_R3	TB	POP5	0.0052	
21	TB18_R3	TB	POP5	0.0002	
18	TB19_R3	TB	POP5	0.0010	
20	TB20_R3	TB	POP5	0.0015	
12	TB21_R3	TB	POP5	0.0029	
17	TB22_R3	TB	POP5	0.0556	
15	TB23_R3	TB	POP5	0.0010	
7	WC12_R3	WC	POP5	0.0532	
4	WC13_R3	WC	POP5	0.0102	
9	WC1_R3	WC	POP5	0.0127	
6	WC2_R3	WC	POP5	0.0021	
10	WC3_R3	WC	POP5	0.0018	
3	WC4_R3	WC	POP5	0.0030	
11	WC5_R3	WC	POP5	0.0237	
2	WC6_R3	WC	POP5	0.0035	
1	WC7_R3	WC	POP5	0.0175	
8	WC8_R3	WC	POP5	0.0012	
5	WC9_R3	WC	POP5	0.0060	
135	DH13_R1	DH	POP6	0.0028	
146	DH14_R1	DH	POP6	0.0123	
142	DH17_R1	DH	POP6	0.0032	
140	DH18_R1	DH	POP6	0.0079	
145	DH19_R1	DH	POP6	0.0009	
141	DH20_R1	DH	POP6	0.0181	
138	DH21_R1	DH	POP6	0.0045	
143	DH22_R3	DH	POP6	0.0182	
137	DH23_R1	DH	POP6	0.0025	
139	DH24_R1	DH	POP6	0.0116	
136	DH4_R3	DH	POP6	0.0131	
144	DH6_R3	DH	POP6	0.0337	
127	FD10_R2	FD	POP6	0.2925	
129	FD11_R2	FD	POP6	0.2336	
134	FD2_R2	FD	POP6	0.1737	
126	FD3_R2	FD	POP6	0.6250	
132	FD4_R2	FD	POP6	0.1331	
133	FD5_R2	FD	POP6	0.1762	
130	FD6_R2	FD	POP6	0.2405	
128	FD7_R2	FD	POP6	0.2455	
131	FD8_R2	FD	POP6	0.2091	
121	KA10_R2	KA	POP6	0.0070	
118	KA11_R3	KA	POP6	0.0215	
123	KA12_R3	KA	POP6	0.0070	
120	KA14_R2	KA	POP6	0.0172	
117	KA4_R2	KA	POP6	0.2639	
124	KA5_R3	KA	POP6	0.0026	
122	KA6_R3	KA	POP6	0.0066	
125	KA7_R2	KA	POP6	0.0026	
119	KA9_R2	KA	POP6	0.0395	
111	KB10_R3	KB	POP6	0.1071	
114	KB11_R2	KB	POP6	0.0575	
109	KB14_R3	KB	POP6	0.3086	
112	KB15_R2	KB	POP6	0.0038	
115	KB3_R3	KB	POP6	0.0061	
116	KB4_R2	KB	POP6	0.0124	
110	KB6_R2	KB	POP6	0.1020	
108	KB7_R3	KB	POP6	0.2981	
113	KB9_R2	KB	POP6	0.0012	
106	MB12_R1	MB	POP6	0.2071	
107	MB14_R1	MB	POP6	0.2040	
97	MB16_R1	MB	POP6	0.3512	
96	MB18_R1	MB	POP6	0.5499	
105	MB19_R1	MB	POP6	0.2706	
103	MB20_R1	MB	POP6	0.2671	
99	MB21_R1	MB	POP6	0.3651	
102	MB22_R1	MB	POP6	0.3050	
104	MB24_R1	MB	POP6	0.2526	
98	MB25_R1	MB	POP6	0.3348	
101	MB4_R2	MB	POP6	0.3074	
100	MB6_R2	MB	POP6	0.3102	
92	QA2_R2	QA	POP6	0.0260	
91	QA4_R2	QA	POP6	0.0525	
90	QA5_R2	QA	POP6	0.0030	
93	QA6_R2	QA	POP6	0.0017	
94	QA7_R2	QA	POP6	0.0080	
89	QA8_R2	QA	POP6	0.0012	
88	QA9_R2	QA	POP6	0.0019	
95	QAY10_R3	QA	POP6	0.0044	
83	QB10_R2	QB	POP6	0.3465	
79	QB11_R2	QB	POP6	0.3900	
86	QB1_R2	QB	POP6	0.0031	
78	QB2_R2	QB	POP6	0.0912	
82	QB3_R2	QB	POP6	0.4059	
84	QB5_R2	QB	POP6	0.4401	
85	QB7_R2	QB	POP6	0.3788	
80	QB8_R2	QB	POP6	0.1965	
87	QB9_R2	QB	POP6	0.0030	
81	QBY6_R3	QB	POP6	0.4152	
73	QC10_R2	QC	POP6	0.0010	
67	QC11_R2	QC	POP6	0.0016	
76	QC1_R2	QC	POP6	0.0696	
71	QC2_R2	QC	POP6	0.0032	
70	QC3_R2	QC	POP6	0.0000	
69	QC4_R2	QC	POP6	0.0000	
77	QC5_R2	QC	POP6	0.0284	
74	QC6_R2	QC	POP6	0.0082	
72	QC7_R2	QC	POP6	0.0041	
75	QC8_R2	QC	POP6	0.0081	
68	QC9_R2	QC	POP6	0.0000	
59	RG13_R1	RG	POP6	0.0004	
62	RG14_R1	RG	POP6	0.0492	
57	RG15_R1	RG	POP6	0.0036	
61	RG17_R1	RG	POP6	0.0090	
58	RG19_R1	RG	POP6	0.0023	
63	RG20_R1	RG	POP6	0.0094	
66	RG22_R1	RG	POP6	0.0218	
56	RG23_R1	RG	POP6	0.0018	
64	RG24_R1	RG	POP6	0.0025	
65	RG25_R1	RG	POP6	0.0067	
60	RG2_R3	RG	POP6	0.0010	
50	RK11_R1	RK	POP6	0.5518	
51	RK13_R1	RK	POP6	0.3835	
48	RK14_R1	RK	POP6	0.3955	
45	RK15_R3	RK	POP6	0.0028	
55	RK16_R3	RK	POP6	0.1965	
53	RK17_R3	RK	POP6	0.5731	
49	RK18_R1	RK	POP6	0.5421	
46	RK2R_R1	RK	POP6	0.1600	
52	RK3_R1	RK	POP6	0.0000	
47	RK6_R1	RK	POP6	0.4605	
54	RK9_R1	RK	POP6	0.3169	
36	SB15_R3	SB	POP6	0.4508	
39	SB16_R1	SB	POP6	0.4723	
43	SB17_R3	SB	POP6	0.4140	
42	SB18_R3	SB	POP6	0.4766	
34	SB1R_R1	SB	POP6	0.0019	
41	SB24_R1	SB	POP6	0.0000	
35	SB3_R1	SB	POP6	0.4851	
38	SB4_R1	SB	POP6	0.4166	
44	SB6_R1	SB	POP6	0.3322	
40	SB8_R1	SB	POP6	0.5468	
37	SB9_R1	SB	POP6	0.5665	
23	TA13_R3	TA	POP6	0.5109	
29	TA14_R1	TA	POP6	0.0322	
33	TA15_R1	TA	POP6	0.0000	
26	TA16_R3	TA	POP6	0.4375	
24	TA17_R3	TA	POP6	0.6462	
28	TA18_R3	TA	POP6	0.0348	
32	TA1R_R1	TA	POP6	0.0000	
25	TA2_R1	TA	POP6	0.5076	
31	TA4_R1	TA	POP6	0.0279	
27	TA5_R1	TA	POP6	0.0318	
30	TA6_R1	TA	POP6	0.0242	
16	TB13_R3	TB	POP6	0.0507	
22	TB14_R3	TB	POP6	0.0002	
19	TB15_R3	TB	POP6	0.0406	
13	TB16_R3	TB	POP6	0.0918	
14	TB17_R3	TB	POP6	0.1442	
21	TB18_R3	TB	POP6	0.0002	
18	TB19_R3	TB	POP6	0.0493	
20	TB20_R3	TB	POP6	0.0347	
12	TB21_R3	TB	POP6	0.5686	
17	TB22_R3	TB	POP6	0.0346	
15	TB23_R3	TB	POP6	0.1406	
7	WC12_R3	WC	POP6	0.0309	
4	WC13_R3	WC	POP6	0.0952	
9	WC1_R3	WC	POP6	0.0780	
6	WC2_R3	WC	POP6	0.1592	
10	WC3_R3	WC	POP6	0.0102	
3	WC4_R3	WC	POP6	0.0043	
11	WC5_R3	WC	POP6	0.0243	
2	WC6_R3	WC	POP6	0.0471	
1	WC7_R3	WC	POP6	0.0133	
8	WC8_R3	WC	POP6	0.1490	
5	WC9_R3	WC	POP6	0.0308	
