135	DH13_R1	DH	POP1	0.8840	
146	DH14_R1	DH	POP1	0.8465	
142	DH17_R1	DH	POP1	0.8700	
140	DH18_R1	DH	POP1	0.8548	
145	DH19_R1	DH	POP1	0.8797	
141	DH20_R1	DH	POP1	0.8584	
138	DH21_R1	DH	POP1	0.8855	
143	DH22_R3	DH	POP1	0.8953	
137	DH23_R1	DH	POP1	0.8949	
139	DH24_R1	DH	POP1	0.9010	
136	DH4_R3	DH	POP1	0.9046	
144	DH6_R3	DH	POP1	0.9116	
127	FD10_R2	FD	POP1	0.0075	
129	FD11_R2	FD	POP1	0.0394	
134	FD2_R2	FD	POP1	0.0022	
126	FD3_R2	FD	POP1	0.1053	
132	FD4_R2	FD	POP1	0.0066	
133	FD5_R2	FD	POP1	0.0048	
130	FD6_R2	FD	POP1	0.0061	
128	FD7_R2	FD	POP1	0.0247	
131	FD8_R2	FD	POP1	0.0024	
121	KA10_R2	KA	POP1	0.0269	
118	KA11_R3	KA	POP1	0.0539	
123	KA12_R3	KA	POP1	0.0072	
120	KA14_R2	KA	POP1	0.0104	
117	KA4_R2	KA	POP1	0.3669	
124	KA5_R3	KA	POP1	0.0255	
122	KA6_R3	KA	POP1	0.0268	
125	KA7_R2	KA	POP1	0.0251	
119	KA9_R2	KA	POP1	0.0175	
111	KB10_R3	KB	POP1	0.3851	
114	KB11_R2	KB	POP1	0.0027	
109	KB14_R3	KB	POP1	0.4442	
112	KB15_R2	KB	POP1	0.2472	
115	KB3_R3	KB	POP1	0.0247	
116	KB4_R2	KB	POP1	0.0051	
110	KB6_R2	KB	POP1	0.3075	
108	KB7_R3	KB	POP1	0.4939	
113	KB9_R2	KB	POP1	0.1624	
106	MB12_R1	MB	POP1	0.0215	
107	MB14_R1	MB	POP1	0.0064	
97	MB16_R1	MB	POP1	0.0306	
96	MB18_R1	MB	POP1	0.1508	
105	MB19_R1	MB	POP1	0.0248	
103	MB20_R1	MB	POP1	0.0137	
99	MB21_R1	MB	POP1	0.0156	
102	MB22_R1	MB	POP1	0.0160	
104	MB24_R1	MB	POP1	0.0227	
98	MB25_R1	MB	POP1	0.0115	
101	MB4_R2	MB	POP1	0.0118	
100	MB6_R2	MB	POP1	0.0403	
92	QA2_R2	QA	POP1	0.8916	
91	QA4_R2	QA	POP1	0.8709	
90	QA5_R2	QA	POP1	0.9349	
93	QA6_R2	QA	POP1	0.9060	
94	QA7_R2	QA	POP1	0.8865	
89	QA8_R2	QA	POP1	0.8815	
88	QA9_R2	QA	POP1	0.9659	
95	QAY10_R3	QA	POP1	0.9174	
83	QB10_R2	QB	POP1	0.4890	
79	QB11_R2	QB	POP1	0.5386	
86	QB1_R2	QB	POP1	0.0941	
78	QB2_R2	QB	POP1	0.7959	
82	QB3_R2	QB	POP1	0.4778	
84	QB5_R2	QB	POP1	0.1231	
85	QB7_R2	QB	POP1	0.0424	
80	QB8_R2	QB	POP1	0.6746	
87	QB9_R2	QB	POP1	0.0154	
81	QBY6_R3	QB	POP1	0.4943	
73	QC10_R2	QC	POP1	0.8636	
67	QC11_R2	QC	POP1	0.9538	
76	QC1_R2	QC	POP1	0.8842	
71	QC2_R2	QC	POP1	0.9637	
70	QC3_R2	QC	POP1	0.0000	
69	QC4_R2	QC	POP1	0.0000	
77	QC5_R2	QC	POP1	0.9191	
74	QC6_R2	QC	POP1	0.8968	
72	QC7_R2	QC	POP1	0.9321	
75	QC8_R2	QC	POP1	0.8885	
68	QC9_R2	QC	POP1	0.0000	
59	RG13_R1	RG	POP1	0.5985	
62	RG14_R1	RG	POP1	0.8117	
57	RG15_R1	RG	POP1	0.8886	
61	RG17_R1	RG	POP1	0.8390	
58	RG19_R1	RG	POP1	0.8846	
63	RG20_R1	RG	POP1	0.8985	
66	RG22_R1	RG	POP1	0.8578	
56	RG23_R1	RG	POP1	0.8785	
64	RG24_R1	RG	POP1	0.8599	
65	RG25_R1	RG	POP1	0.8393	
60	RG2_R3	RG	POP1	0.9302	
50	RK11_R1	RK	POP1	0.1968	
51	RK13_R1	RK	POP1	0.4069	
48	RK14_R1	RK	POP1	0.4010	
45	RK15_R3	RK	POP1	0.9117	
55	RK16_R3	RK	POP1	0.3741	
53	RK17_R3	RK	POP1	0.1835	
49	RK18_R1	RK	POP1	0.2269	
46	RK2R_R1	RK	POP1	0.7088	
52	RK3_R1	RK	POP1	0.0000	
47	RK6_R1	RK	POP1	0.0410	
54	RK9_R1	RK	POP1	0.1994	
36	SB15_R3	SB	POP1	0.4056	
39	SB16_R1	SB	POP1	0.3060	
43	SB17_R3	SB	POP1	0.3955	
42	SB18_R3	SB	POP1	0.3479	
34	SB1R_R1	SB	POP1	0.5839	
41	SB24_R1	SB	POP1	0.0000	
35	SB3_R1	SB	POP1	0.0410	
38	SB4_R1	SB	POP1	0.3653	
44	SB6_R1	SB	POP1	0.1234	
40	SB8_R1	SB	POP1	0.2111	
37	SB9_R1	SB	POP1	0.1750	
23	TA13_R3	TA	POP1	0.0661	
29	TA14_R1	TA	POP1	0.0030	
33	TA15_R1	TA	POP1	0.0003	
26	TA16_R3	TA	POP1	0.0038	
24	TA17_R3	TA	POP1	0.0118	
28	TA18_R3	TA	POP1	0.0021	
32	TA1R_R1	TA	POP1	0.0004	
25	TA2_R1	TA	POP1	0.0414	
31	TA4_R1	TA	POP1	0.0010	
27	TA5_R1	TA	POP1	0.0026	
30	TA6_R1	TA	POP1	0.0010	
16	TB13_R3	TB	POP1	0.0053	
22	TB14_R3	TB	POP1	0.0001	
19	TB15_R3	TB	POP1	0.0015	
13	TB16_R3	TB	POP1	0.0045	
14	TB17_R3	TB	POP1	0.0037	
21	TB18_R3	TB	POP1	0.0003	
18	TB19_R3	TB	POP1	0.0051	
20	TB20_R3	TB	POP1	0.0012	
12	TB21_R3	TB	POP1	0.0540	
17	TB22_R3	TB	POP1	0.0015	
15	TB23_R3	TB	POP1	0.0015	
7	WC12_R3	WC	POP1	0.7956	
4	WC13_R3	WC	POP1	0.8767	
9	WC1_R3	WC	POP1	0.8018	
6	WC2_R3	WC	POP1	0.7532	
10	WC3_R3	WC	POP1	0.8485	
3	WC4_R3	WC	POP1	0.8507	
11	WC5_R3	WC	POP1	0.7505	
2	WC6_R3	WC	POP1	0.8958	
1	WC7_R3	WC	POP1	0.8333	
8	WC8_R3	WC	POP1	0.7348	
5	WC9_R3	WC	POP1	0.8894	
135	DH13_R1	DH	POP2	0.0010	
146	DH14_R1	DH	POP2	0.0016	
142	DH17_R1	DH	POP2	0.0010	
140	DH18_R1	DH	POP2	0.0014	
145	DH19_R1	DH	POP2	0.0010	
141	DH20_R1	DH	POP2	0.0013	
138	DH21_R1	DH	POP2	0.0004	
143	DH22_R3	DH	POP2	0.0029	
137	DH23_R1	DH	POP2	0.0002	
139	DH24_R1	DH	POP2	0.0007	
136	DH4_R3	DH	POP2	0.0011	
144	DH6_R3	DH	POP2	0.0015	
127	FD10_R2	FD	POP2	0.4561	
129	FD11_R2	FD	POP2	0.4669	
134	FD2_R2	FD	POP2	0.5052	
126	FD3_R2	FD	POP2	0.0398	
132	FD4_R2	FD	POP2	0.5557	
133	FD5_R2	FD	POP2	0.5422	
130	FD6_R2	FD	POP2	0.4794	
128	FD7_R2	FD	POP2	0.3801	
131	FD8_R2	FD	POP2	0.4883	
121	KA10_R2	KA	POP2	0.0018	
118	KA11_R3	KA	POP2	0.0361	
123	KA12_R3	KA	POP2	0.0025	
120	KA14_R2	KA	POP2	0.0073	
117	KA4_R2	KA	POP2	0.0010	
124	KA5_R3	KA	POP2	0.0002	
122	KA6_R3	KA	POP2	0.0012	
125	KA7_R2	KA	POP2	0.0011	
119	KA9_R2	KA	POP2	0.0008	
111	KB10_R3	KB	POP2	0.0001	
114	KB11_R2	KB	POP2	0.0012	
109	KB14_R3	KB	POP2	0.0033	
112	KB15_R2	KB	POP2	0.0011	
115	KB3_R3	KB	POP2	0.0010	
116	KB4_R2	KB	POP2	0.0095	
110	KB6_R2	KB	POP2	0.0012	
108	KB7_R3	KB	POP2	0.0009	
113	KB9_R2	KB	POP2	0.0006	
106	MB12_R1	MB	POP2	0.4797	
107	MB14_R1	MB	POP2	0.5436	
97	MB16_R1	MB	POP2	0.3749	
96	MB18_R1	MB	POP2	0.0953	
105	MB19_R1	MB	POP2	0.4632	
103	MB20_R1	MB	POP2	0.4604	
99	MB21_R1	MB	POP2	0.3994	
102	MB22_R1	MB	POP2	0.4394	
104	MB24_R1	MB	POP2	0.4481	
98	MB25_R1	MB	POP2	0.3889	
101	MB4_R2	MB	POP2	0.4094	
100	MB6_R2	MB	POP2	0.3958	
92	QA2_R2	QA	POP2	0.0011	
91	QA4_R2	QA	POP2	0.0007	
90	QA5_R2	QA	POP2	0.0009	
93	QA6_R2	QA	POP2	0.0015	
94	QA7_R2	QA	POP2	0.0023	
89	QA8_R2	QA	POP2	0.0017	
88	QA9_R2	QA	POP2	0.0001	
95	QAY10_R3	QA	POP2	0.0010	
83	QB10_R2	QB	POP2	0.0435	
79	QB11_R2	QB	POP2	0.0020	
86	QB1_R2	QB	POP2	0.0132	
78	QB2_R2	QB	POP2	0.0014	
82	QB3_R2	QB	POP2	0.0025	
84	QB5_R2	QB	POP2	0.2390	
85	QB7_R2	QB	POP2	0.3583	
80	QB8_R2	QB	POP2	0.0025	
87	QB9_R2	QB	POP2	0.0055	
81	QBY6_R3	QB	POP2	0.0111	
73	QC10_R2	QC	POP2	0.0012	
67	QC11_R2	QC	POP2	0.0001	
76	QC1_R2	QC	POP2	0.0016	
71	QC2_R2	QC	POP2	0.0001	
70	QC3_R2	QC	POP2	0.0000	
69	QC4_R2	QC	POP2	0.0000	
77	QC5_R2	QC	POP2	0.0022	
74	QC6_R2	QC	POP2	0.0013	
72	QC7_R2	QC	POP2	0.0010	
75	QC8_R2	QC	POP2	0.0010	
68	QC9_R2	QC	POP2	0.0000	
59	RG13_R1	RG	POP2	0.0001	
62	RG14_R1	RG	POP2	0.0008	
57	RG15_R1	RG	POP2	0.0008	
61	RG17_R1	RG	POP2	0.0002	
58	RG19_R1	RG	POP2	0.0000	
63	RG20_R1	RG	POP2	0.0007	
66	RG22_R1	RG	POP2	0.0142	
56	RG23_R1	RG	POP2	0.0002	
64	RG24_R1	RG	POP2	0.0013	
65	RG25_R1	RG	POP2	0.0040	
60	RG2_R3	RG	POP2	0.0010	
50	RK11_R1	RK	POP2	0.0004	
51	RK13_R1	RK	POP2	0.0128	
48	RK14_R1	RK	POP2	0.0013	
45	RK15_R3	RK	POP2	0.0007	
55	RK16_R3	RK	POP2	0.2605	
53	RK17_R3	RK	POP2	0.0387	
49	RK18_R1	RK	POP2	0.0010	
46	RK2R_R1	RK	POP2	0.0003	
52	RK3_R1	RK	POP2	0.0000	
47	RK6_R1	RK	POP2	0.0000	
54	RK9_R1	RK	POP2	0.1893	
36	SB15_R3	SB	POP2	0.0010	
39	SB16_R1	SB	POP2	0.0029	
43	SB17_R3	SB	POP2	0.0677	
42	SB18_R3	SB	POP2	0.0041	
34	SB1R_R1	SB	POP2	0.0009	
41	SB24_R1	SB	POP2	0.0000	
35	SB3_R1	SB	POP2	0.0000	
38	SB4_R1	SB	POP2	0.0021	
44	SB6_R1	SB	POP2	0.2404	
40	SB8_R1	SB	POP2	0.0011	
37	SB9_R1	SB	POP2	0.0002	
23	TA13_R3	TA	POP2	0.1582	
29	TA14_R1	TA	POP2	0.6359	
33	TA15_R1	TA	POP2	0.9992	
26	TA16_R3	TA	POP2	0.3665	
24	TA17_R3	TA	POP2	0.1522	
28	TA18_R3	TA	POP2	0.6377	
32	TA1R_R1	TA	POP2	0.9992	
25	TA2_R1	TA	POP2	0.1985	
31	TA4_R1	TA	POP2	0.6119	
27	TA5_R1	TA	POP2	0.6163	
30	TA6_R1	TA	POP2	0.6732	
16	TB13_R3	TB	POP2	0.6503	
22	TB14_R3	TB	POP2	0.9969	
19	TB15_R3	TB	POP2	0.6487	
13	TB16_R3	TB	POP2	0.6362	
14	TB17_R3	TB	POP2	0.6054	
21	TB18_R3	TB	POP2	0.9981	
18	TB19_R3	TB	POP2	0.6445	
20	TB20_R3	TB	POP2	0.6639	
12	TB21_R3	TB	POP2	0.1329	
17	TB22_R3	TB	POP2	0.5934	
15	TB23_R3	TB	POP2	0.6117	
7	WC12_R3	WC	POP2	0.0133	
4	WC13_R3	WC	POP2	0.0036	
9	WC1_R3	WC	POP2	0.0144	
6	WC2_R3	WC	POP2	0.0023	
10	WC3_R3	WC	POP2	0.0545	
3	WC4_R3	WC	POP2	0.0010	
11	WC5_R3	WC	POP2	0.0466	
2	WC6_R3	WC	POP2	0.0002	
1	WC7_R3	WC	POP2	0.0003	
8	WC8_R3	WC	POP2	0.0017	
5	WC9_R3	WC	POP2	0.0049	
135	DH13_R1	DH	POP3	0.0000	
146	DH14_R1	DH	POP3	0.0346	
142	DH17_R1	DH	POP3	0.0048	
140	DH18_R1	DH	POP3	0.0011	
145	DH19_R1	DH	POP3	0.0345	
141	DH20_R1	DH	POP3	0.0012	
138	DH21_R1	DH	POP3	0.0010	
143	DH22_R3	DH	POP3	0.0011	
137	DH23_R1	DH	POP3	0.0011	
139	DH24_R1	DH	POP3	0.0009	
136	DH4_R3	DH	POP3	0.0006	
144	DH6_R3	DH	POP3	0.0104	
127	FD10_R2	FD	POP3	0.0030	
129	FD11_R2	FD	POP3	0.0027	
134	FD2_R2	FD	POP3	0.0010	
126	FD3_R2	FD	POP3	0.0010	
132	FD4_R2	FD	POP3	0.0063	
133	FD5_R2	FD	POP3	0.0010	
130	FD6_R2	FD	POP3	0.0033	
128	FD7_R2	FD	POP3	0.1397	
131	FD8_R2	FD	POP3	0.0021	
121	KA10_R2	KA	POP3	0.9354	
118	KA11_R3	KA	POP3	0.8394	
123	KA12_R3	KA	POP3	0.9501	
120	KA14_R2	KA	POP3	0.9053	
117	KA4_R2	KA	POP3	0.1136	
124	KA5_R3	KA	POP3	0.9651	
122	KA6_R3	KA	POP3	0.9387	
125	KA7_R2	KA	POP3	0.9589	
119	KA9_R2	KA	POP3	0.8734	
111	KB10_R3	KB	POP3	0.5089	
114	KB11_R2	KB	POP3	0.9276	
109	KB14_R3	KB	POP3	0.1456	
112	KB15_R2	KB	POP3	0.7396	
115	KB3_R3	KB	POP3	0.9609	
116	KB4_R2	KB	POP3	0.9545	
110	KB6_R2	KB	POP3	0.4796	
108	KB7_R3	KB	POP3	0.1119	
113	KB9_R2	KB	POP3	0.8275	
106	MB12_R1	MB	POP3	0.0010	
107	MB14_R1	MB	POP3	0.0018	
97	MB16_R1	MB	POP3	0.0016	
96	MB18_R1	MB	POP3	0.0010	
105	MB19_R1	MB	POP3	0.0039	
103	MB20_R1	MB	POP3	0.0007	
99	MB21_R1	MB	POP3	0.0010	
102	MB22_R1	MB	POP3	0.0082	
104	MB24_R1	MB	POP3	0.0018	
98	MB25_R1	MB	POP3	0.0180	
101	MB4_R2	MB	POP3	0.0077	
100	MB6_R2	MB	POP3	0.0077	
92	QA2_R2	QA	POP3	0.0229	
91	QA4_R2	QA	POP3	0.0111	
90	QA5_R2	QA	POP3	0.0029	
93	QA6_R2	QA	POP3	0.0190	
94	QA7_R2	QA	POP3	0.0286	
89	QA8_R2	QA	POP3	0.0010	
88	QA9_R2	QA	POP3	0.0019	
95	QAY10_R3	QA	POP3	0.0477	
83	QB10_R2	QB	POP3	0.0011	
79	QB11_R2	QB	POP3	0.0010	
86	QB1_R2	QB	POP3	0.8668	
78	QB2_R2	QB	POP3	0.0785	
82	QB3_R2	QB	POP3	0.0938	
84	QB5_R2	QB	POP3	0.0010	
85	QB7_R2	QB	POP3	0.0009	
80	QB8_R2	QB	POP3	0.1177	
87	QB9_R2	QB	POP3	0.9637	
81	QBY6_R3	QB	POP3	0.0039	
73	QC10_R2	QC	POP3	0.0012	
67	QC11_R2	QC	POP3	0.0001	
76	QC1_R2	QC	POP3	0.0037	
71	QC2_R2	QC	POP3	0.0010	
70	QC3_R2	QC	POP3	0.0000	
69	QC4_R2	QC	POP3	0.0000	
77	QC5_R2	QC	POP3	0.0016	
74	QC6_R2	QC	POP3	0.0016	
72	QC7_R2	QC	POP3	0.0010	
75	QC8_R2	QC	POP3	0.0051	
68	QC9_R2	QC	POP3	0.0000	
59	RG13_R1	RG	POP3	0.0000	
62	RG14_R1	RG	POP3	0.0010	
57	RG15_R1	RG	POP3	0.0000	
61	RG17_R1	RG	POP3	0.0010	
58	RG19_R1	RG	POP3	0.0010	
63	RG20_R1	RG	POP3	0.0010	
66	RG22_R1	RG	POP3	0.0002	
56	RG23_R1	RG	POP3	0.0000	
64	RG24_R1	RG	POP3	0.0010	
65	RG25_R1	RG	POP3	0.0001	
60	RG2_R3	RG	POP3	0.0010	
50	RK11_R1	RK	POP3	0.0009	
51	RK13_R1	RK	POP3	0.0027	
48	RK14_R1	RK	POP3	0.0000	
45	RK15_R3	RK	POP3	0.0010	
55	RK16_R3	RK	POP3	0.0051	
53	RK17_R3	RK	POP3	0.0010	
49	RK18_R1	RK	POP3	0.0001	
46	RK2R_R1	RK	POP3	0.0008	
52	RK3_R1	RK	POP3	0.0000	
47	RK6_R1	RK	POP3	0.0017	
54	RK9_R1	RK	POP3	0.0095	
36	SB15_R3	SB	POP3	0.0010	
39	SB16_R1	SB	POP3	0.0001	
43	SB17_R3	SB	POP3	0.0022	
42	SB18_R3	SB	POP3	0.0010	
34	SB1R_R1	SB	POP3	0.0024	
41	SB24_R1	SB	POP3	0.0000	
35	SB3_R1	SB	POP3	0.0000	
38	SB4_R1	SB	POP3	0.0011	
44	SB6_R1	SB	POP3	0.0102	
40	SB8_R1	SB	POP3	0.0000	
37	SB9_R1	SB	POP3	0.0001	
23	TA13_R3	TA	POP3	0.0011	
29	TA14_R1	TA	POP3	0.0011	
33	TA15_R1	TA	POP3	0.0000	
26	TA16_R3	TA	POP3	0.0010	
24	TA17_R3	TA	POP3	0.0010	
28	TA18_R3	TA	POP3	0.0029	
32	TA1R_R1	TA	POP3	0.0000	
25	TA2_R1	TA	POP3	0.0000	
31	TA4_R1	TA	POP3	0.0047	
27	TA5_R1	TA	POP3	0.0012	
30	TA6_R1	TA	POP3	0.0000	
16	TB13_R3	TB	POP3	0.0035	
22	TB14_R3	TB	POP3	0.0024	
19	TB15_R3	TB	POP3	0.0028	
13	TB16_R3	TB	POP3	0.0011	
14	TB17_R3	TB	POP3	0.0014	
21	TB18_R3	TB	POP3	0.0015	
18	TB19_R3	TB	POP3	0.0010	
20	TB20_R3	TB	POP3	0.0017	
12	TB21_R3	TB	POP3	0.0010	
17	TB22_R3	TB	POP3	0.0075	
15	TB23_R3	TB	POP3	0.0003	
7	WC12_R3	WC	POP3	0.0099	
4	WC13_R3	WC	POP3	0.0043	
9	WC1_R3	WC	POP3	0.0047	
6	WC2_R3	WC	POP3	0.0004	
10	WC3_R3	WC	POP3	0.0017	
3	WC4_R3	WC	POP3	0.0113	
11	WC5_R3	WC	POP3	0.1021	
2	WC6_R3	WC	POP3	0.0021	
1	WC7_R3	WC	POP3	0.0010	
8	WC8_R3	WC	POP3	0.0019	
5	WC9_R3	WC	POP3	0.0027	
135	DH13_R1	DH	POP4	0.0022	
146	DH14_R1	DH	POP4	0.0022	
142	DH17_R1	DH	POP4	0.0034	
140	DH18_R1	DH	POP4	0.0425	
145	DH19_R1	DH	POP4	0.0050	
141	DH20_R1	DH	POP4	0.0072	
138	DH21_R1	DH	POP4	0.0074	
143	DH22_R3	DH	POP4	0.0021	
137	DH23_R1	DH	POP4	0.0022	
139	DH24_R1	DH	POP4	0.0062	
136	DH4_R3	DH	POP4	0.0068	
144	DH6_R3	DH	POP4	0.0006	
127	FD10_R2	FD	POP4	0.0010	
129	FD11_R2	FD	POP4	0.0009	
134	FD2_R2	FD	POP4	0.0012	
126	FD3_R2	FD	POP4	0.0019	
132	FD4_R2	FD	POP4	0.0128	
133	FD5_R2	FD	POP4	0.0008	
130	FD6_R2	FD	POP4	0.0000	
128	FD7_R2	FD	POP4	0.0027	
131	FD8_R2	FD	POP4	0.0105	
121	KA10_R2	KA	POP4	0.0035	
118	KA11_R3	KA	POP4	0.0032	
123	KA12_R3	KA	POP4	0.0223	
120	KA14_R2	KA	POP4	0.0028	
117	KA4_R2	KA	POP4	0.0774	
124	KA5_R3	KA	POP4	0.0018	
122	KA6_R3	KA	POP4	0.0025	
125	KA7_R2	KA	POP4	0.0033	
119	KA9_R2	KA	POP4	0.0464	
111	KB10_R3	KB	POP4	0.0017	
114	KB11_R2	KB	POP4	0.0010	
109	KB14_R3	KB	POP4	0.0010	
112	KB15_R2	KB	POP4	0.0014	
115	KB3_R3	KB	POP4	0.0007	
116	KB4_R2	KB	POP4	0.0005	
110	KB6_R2	KB	POP4	0.0012	
108	KB7_R3	KB	POP4	0.0028	
113	KB9_R2	KB	POP4	0.0029	
106	MB12_R1	MB	POP4	0.0000	
107	MB14_R1	MB	POP4	0.0015	
97	MB16_R1	MB	POP4	0.0008	
96	MB18_R1	MB	POP4	0.0010	
105	MB19_R1	MB	POP4	0.0032	
103	MB20_R1	MB	POP4	0.0022	
99	MB21_R1	MB	POP4	0.0011	
102	MB22_R1	MB	POP4	0.0005	
104	MB24_R1	MB	POP4	0.0011	
98	MB25_R1	MB	POP4	0.0142	
101	MB4_R2	MB	POP4	0.0023	
100	MB6_R2	MB	POP4	0.0011	
92	QA2_R2	QA	POP4	0.0089	
91	QA4_R2	QA	POP4	0.0615	
90	QA5_R2	QA	POP4	0.0319	
93	QA6_R2	QA	POP4	0.0185	
94	QA7_R2	QA	POP4	0.0391	
89	QA8_R2	QA	POP4	0.0924	
88	QA9_R2	QA	POP4	0.0026	
95	QAY10_R3	QA	POP4	0.0020	
83	QB10_R2	QB	POP4	0.0010	
79	QB11_R2	QB	POP4	0.0015	
86	QB1_R2	QB	POP4	0.0020	
78	QB2_R2	QB	POP4	0.0162	
82	QB3_R2	QB	POP4	0.0016	
84	QB5_R2	QB	POP4	0.0026	
85	QB7_R2	QB	POP4	0.0115	
80	QB8_R2	QB	POP4	0.0010	
87	QB9_R2	QB	POP4	0.0053	
81	QBY6_R3	QB	POP4	0.0041	
73	QC10_R2	QC	POP4	0.0657	
67	QC11_R2	QC	POP4	0.0181	
76	QC1_R2	QC	POP4	0.0109	
71	QC2_R2	QC	POP4	0.0219	
70	QC3_R2	QC	POP4	1.0000	
69	QC4_R2	QC	POP4	1.0000	
77	QC5_R2	QC	POP4	0.0215	
74	QC6_R2	QC	POP4	0.0477	
72	QC7_R2	QC	POP4	0.0348	
75	QC8_R2	QC	POP4	0.0610	
68	QC9_R2	QC	POP4	1.0000	
59	RG13_R1	RG	POP4	0.0003	
62	RG14_R1	RG	POP4	0.0125	
57	RG15_R1	RG	POP4	0.0008	
61	RG17_R1	RG	POP4	0.0042	
58	RG19_R1	RG	POP4	0.0009	
63	RG20_R1	RG	POP4	0.0019	
66	RG22_R1	RG	POP4	0.0028	
56	RG23_R1	RG	POP4	0.0035	
64	RG24_R1	RG	POP4	0.0120	
65	RG25_R1	RG	POP4	0.0274	
60	RG2_R3	RG	POP4	0.0035	
50	RK11_R1	RK	POP4	0.0026	
51	RK13_R1	RK	POP4	0.0020	
48	RK14_R1	RK	POP4	0.0017	
45	RK15_R3	RK	POP4	0.0020	
55	RK16_R3	RK	POP4	0.0037	
53	RK17_R3	RK	POP4	0.0013	
49	RK18_R1	RK	POP4	0.0010	
46	RK2R_R1	RK	POP4	0.0018	
52	RK3_R1	RK	POP4	0.0000	
47	RK6_R1	RK	POP4	0.0001	
54	RK9_R1	RK	POP4	0.0011	
36	SB15_R3	SB	POP4	0.0012	
39	SB16_R1	SB	POP4	0.0010	
43	SB17_R3	SB	POP4	0.0035	
42	SB18_R3	SB	POP4	0.0009	
34	SB1R_R1	SB	POP4	0.0009	
41	SB24_R1	SB	POP4	0.0000	
35	SB3_R1	SB	POP4	0.0001	
38	SB4_R1	SB	POP4	0.0041	
44	SB6_R1	SB	POP4	0.0008	
40	SB8_R1	SB	POP4	0.0015	
37	SB9_R1	SB	POP4	0.0016	
23	TA13_R3	TA	POP4	0.0012	
29	TA14_R1	TA	POP4	0.0004	
33	TA15_R1	TA	POP4	0.0002	
26	TA16_R3	TA	POP4	0.0010	
24	TA17_R3	TA	POP4	0.0115	
28	TA18_R3	TA	POP4	0.0068	
32	TA1R_R1	TA	POP4	0.0000	
25	TA2_R1	TA	POP4	0.0036	
31	TA4_R1	TA	POP4	0.0002	
27	TA5_R1	TA	POP4	0.0016	
30	TA6_R1	TA	POP4	0.0013	
16	TB13_R3	TB	POP4	0.0102	
22	TB14_R3	TB	POP4	0.0000	
19	TB15_R3	TB	POP4	0.0012	
13	TB16_R3	TB	POP4	0.0096	
14	TB17_R3	TB	POP4	0.0013	
21	TB18_R3	TB	POP4	0.0000	
18	TB19_R3	TB	POP4	0.0009	
20	TB20_R3	TB	POP4	0.0009	
12	TB21_R3	TB	POP4	0.0017	
17	TB22_R3	TB	POP4	0.0003	
15	TB23_R3	TB	POP4	0.0047	
7	WC12_R3	WC	POP4	0.0150	
4	WC13_R3	WC	POP4	0.0058	
9	WC1_R3	WC	POP4	0.0026	
6	WC2_R3	WC	POP4	0.0019	
10	WC3_R3	WC	POP4	0.0044	
3	WC4_R3	WC	POP4	0.0634	
11	WC5_R3	WC	POP4	0.0016	
2	WC6_R3	WC	POP4	0.0055	
1	WC7_R3	WC	POP4	0.0295	
8	WC8_R3	WC	POP4	0.0043	
5	WC9_R3	WC	POP4	0.0023	
135	DH13_R1	DH	POP5	0.0049	
146	DH14_R1	DH	POP5	0.0209	
142	DH17_R1	DH	POP5	0.0009	
140	DH18_R1	DH	POP5	0.0027	
145	DH19_R1	DH	POP5	0.0023	
141	DH20_R1	DH	POP5	0.0081	
138	DH21_R1	DH	POP5	0.0023	
143	DH22_R3	DH	POP5	0.0029	
137	DH23_R1	DH	POP5	0.0027	
139	DH24_R1	DH	POP5	0.0020	
136	DH4_R3	DH	POP5	0.0021	
144	DH6_R3	DH	POP5	0.0011	
127	FD10_R2	FD	POP5	0.0013	
129	FD11_R2	FD	POP5	0.0016	
134	FD2_R2	FD	POP5	0.0168	
126	FD3_R2	FD	POP5	0.0038	
132	FD4_R2	FD	POP5	0.0023	
133	FD5_R2	FD	POP5	0.0008	
130	FD6_R2	FD	POP5	0.0243	
128	FD7_R2	FD	POP5	0.0020	
131	FD8_R2	FD	POP5	0.0019	
121	KA10_R2	KA	POP5	0.0011	
118	KA11_R3	KA	POP5	0.0039	
123	KA12_R3	KA	POP5	0.0010	
120	KA14_R2	KA	POP5	0.0302	
117	KA4_R2	KA	POP5	0.0775	
124	KA5_R3	KA	POP5	0.0011	
122	KA6_R3	KA	POP5	0.0157	
125	KA7_R2	KA	POP5	0.0036	
119	KA9_R2	KA	POP5	0.0004	
111	KB10_R3	KB	POP5	0.0011	
114	KB11_R2	KB	POP5	0.0026	
109	KB14_R3	KB	POP5	0.0025	
112	KB15_R2	KB	POP5	0.0010	
115	KB3_R3	KB	POP5	0.0004	
116	KB4_R2	KB	POP5	0.0032	
110	KB6_R2	KB	POP5	0.0663	
108	KB7_R3	KB	POP5	0.0014	
113	KB9_R2	KB	POP5	0.0011	
106	MB12_R1	MB	POP5	0.0644	
107	MB14_R1	MB	POP5	0.0156	
97	MB16_R1	MB	POP5	0.0019	
96	MB18_R1	MB	POP5	0.0065	
105	MB19_R1	MB	POP5	0.0010	
103	MB20_R1	MB	POP5	0.0259	
99	MB21_R1	MB	POP5	0.0045	
102	MB22_R1	MB	POP5	0.0015	
104	MB24_R1	MB	POP5	0.0215	
98	MB25_R1	MB	POP5	0.0039	
101	MB4_R2	MB	POP5	0.0100	
100	MB6_R2	MB	POP5	0.0055	
92	QA2_R2	QA	POP5	0.0155	
91	QA4_R2	QA	POP5	0.0073	
90	QA5_R2	QA	POP5	0.0010	
93	QA6_R2	QA	POP5	0.0339	
94	QA7_R2	QA	POP5	0.0036	
89	QA8_R2	QA	POP5	0.0016	
88	QA9_R2	QA	POP5	0.0016	
95	QAY10_R3	QA	POP5	0.0010	
83	QB10_R2	QB	POP5	0.0016	
79	QB11_R2	QB	POP5	0.0013	
86	QB1_R2	QB	POP5	0.0033	
78	QB2_R2	QB	POP5	0.0171	
82	QB3_R2	QB	POP5	0.0013	
84	QB5_R2	QB	POP5	0.0100	
85	QB7_R2	QB	POP5	0.0024	
80	QB8_R2	QB	POP5	0.0023	
87	QB9_R2	QB	POP5	0.0016	
81	QBY6_R3	QB	POP5	0.0012	
73	QC10_R2	QC	POP5	0.0012	
67	QC11_R2	QC	POP5	0.0084	
76	QC1_R2	QC	POP5	0.0010	
71	QC2_R2	QC	POP5	0.0023	
70	QC3_R2	QC	POP5	0.0000	
69	QC4_R2	QC	POP5	0.0000	
77	QC5_R2	QC	POP5	0.0051	
74	QC6_R2	QC	POP5	0.0015	
72	QC7_R2	QC	POP5	0.0034	
75	QC8_R2	QC	POP5	0.0105	
68	QC9_R2	QC	POP5	0.0000	
59	RG13_R1	RG	POP5	0.0007	
62	RG14_R1	RG	POP5	0.0010	
57	RG15_R1	RG	POP5	0.0036	
61	RG17_R1	RG	POP5	0.0010	
58	RG19_R1	RG	POP5	0.0017	
63	RG20_R1	RG	POP5	0.0022	
66	RG22_R1	RG	POP5	0.0010	
56	RG23_R1	RG	POP5	0.0017	
64	RG24_R1	RG	POP5	0.0329	
65	RG25_R1	RG	POP5	0.0131	
60	RG2_R3	RG	POP5	0.0010	
50	RK11_R1	RK	POP5	0.0020	
51	RK13_R1	RK	POP5	0.0106	
48	RK14_R1	RK	POP5	0.0026	
45	RK15_R3	RK	POP5	0.0007	
55	RK16_R3	RK	POP5	0.0058	
53	RK17_R3	RK	POP5	0.0023	
49	RK18_R1	RK	POP5	0.0012	
46	RK2R_R1	RK	POP5	0.0117	
52	RK3_R1	RK	POP5	1.0000	
47	RK6_R1	RK	POP5	0.0019	
54	RK9_R1	RK	POP5	0.0021	
36	SB15_R3	SB	POP5	0.0022	
39	SB16_R1	SB	POP5	0.0089	
43	SB17_R3	SB	POP5	0.0014	
42	SB18_R3	SB	POP5	0.0865	
34	SB1R_R1	SB	POP5	0.0093	
41	SB24_R1	SB	POP5	1.0000	
35	SB3_R1	SB	POP5	0.0005	
38	SB4_R1	SB	POP5	0.0485	
44	SB6_R1	SB	POP5	0.0011	
40	SB8_R1	SB	POP5	0.0011	
37	SB9_R1	SB	POP5	0.0050	
23	TA13_R3	TA	POP5	0.0051	
29	TA14_R1	TA	POP5	0.0140	
33	TA15_R1	TA	POP5	0.0000	
26	TA16_R3	TA	POP5	0.0006	
24	TA17_R3	TA	POP5	0.0021	
28	TA18_R3	TA	POP5	0.0009	
32	TA1R_R1	TA	POP5	0.0000	
25	TA2_R1	TA	POP5	0.0010	
31	TA4_R1	TA	POP5	0.0007	
27	TA5_R1	TA	POP5	0.0312	
30	TA6_R1	TA	POP5	0.0009	
16	TB13_R3	TB	POP5	0.0012	
22	TB14_R3	TB	POP5	0.0000	
19	TB15_R3	TB	POP5	0.0010	
13	TB16_R3	TB	POP5	0.0011	
14	TB17_R3	TB	POP5	0.0081	
21	TB18_R3	TB	POP5	0.0000	
18	TB19_R3	TB	POP5	0.0007	
20	TB20_R3	TB	POP5	0.0011	
12	TB21_R3	TB	POP5	0.0020	
17	TB22_R3	TB	POP5	0.0354	
15	TB23_R3	TB	POP5	0.0010	
7	WC12_R3	WC	POP5	0.0530	
4	WC13_R3	WC	POP5	0.0093	
9	WC1_R3	WC	POP5	0.0105	
6	WC2_R3	WC	POP5	0.0018	
10	WC3_R3	WC	POP5	0.0014	
3	WC4_R3	WC	POP5	0.0028	
11	WC5_R3	WC	POP5	0.0233	
2	WC6_R3	WC	POP5	0.0039	
1	WC7_R3	WC	POP5	0.0131	
8	WC8_R3	WC	POP5	0.0011	
5	WC9_R3	WC	POP5	0.0049	
135	DH13_R1	DH	POP6	0.0020	
146	DH14_R1	DH	POP6	0.0237	
142	DH17_R1	DH	POP6	0.0045	
140	DH18_R1	DH	POP6	0.0089	
145	DH19_R1	DH	POP6	0.0015	
141	DH20_R1	DH	POP6	0.0124	
138	DH21_R1	DH	POP6	0.0063	
143	DH22_R3	DH	POP6	0.0107	
137	DH23_R1	DH	POP6	0.0021	
139	DH24_R1	DH	POP6	0.0259	
136	DH4_R3	DH	POP6	0.0113	
144	DH6_R3	DH	POP6	0.0452	
127	FD10_R2	FD	POP6	0.1811	
129	FD11_R2	FD	POP6	0.1059	
134	FD2_R2	FD	POP6	0.0331	
126	FD3_R2	FD	POP6	0.7403	
132	FD4_R2	FD	POP6	0.0214	
133	FD5_R2	FD	POP6	0.0627	
130	FD6_R2	FD	POP6	0.1038	
128	FD7_R2	FD	POP6	0.0733	
131	FD8_R2	FD	POP6	0.0597	
121	KA10_R2	KA	POP6	0.0264	
118	KA11_R3	KA	POP6	0.0493	
123	KA12_R3	KA	POP6	0.0125	
120	KA14_R2	KA	POP6	0.0115	
117	KA4_R2	KA	POP6	0.3584	
124	KA5_R3	KA	POP6	0.0043	
122	KA6_R3	KA	POP6	0.0114	
125	KA7_R2	KA	POP6	0.0035	
119	KA9_R2	KA	POP6	0.0089	
111	KB10_R3	KB	POP6	0.1001	
114	KB11_R2	KB	POP6	0.0500	
109	KB14_R3	KB	POP6	0.3977	
112	KB15_R2	KB	POP6	0.0043	
115	KB3_R3	KB	POP6	0.0083	
116	KB4_R2	KB	POP6	0.0097	
110	KB6_R2	KB	POP6	0.1413	
108	KB7_R3	KB	POP6	0.3803	
113	KB9_R2	KB	POP6	0.0015	
106	MB12_R1	MB	POP6	0.0728	
107	MB14_R1	MB	POP6	0.1059	
97	MB16_R1	MB	POP6	0.2632	
96	MB18_R1	MB	POP6	0.6059	
105	MB19_R1	MB	POP6	0.1162	
103	MB20_R1	MB	POP6	0.1505	
99	MB21_R1	MB	POP6	0.2204	
102	MB22_R1	MB	POP6	0.1805	
104	MB24_R1	MB	POP6	0.1077	
98	MB25_R1	MB	POP6	0.2109	
101	MB4_R2	MB	POP6	0.1921	
100	MB6_R2	MB	POP6	0.1670	
92	QA2_R2	QA	POP6	0.0393	
91	QA4_R2	QA	POP6	0.0420	
90	QA5_R2	QA	POP6	0.0026	
93	QA6_R2	QA	POP6	0.0024	
94	QA7_R2	QA	POP6	0.0095	
89	QA8_R2	QA	POP6	0.0018	
88	QA9_R2	QA	POP6	0.0015	
95	QAY10_R3	QA	POP6	0.0068	
83	QB10_R2	QB	POP6	0.3394	
79	QB11_R2	QB	POP6	0.4136	
86	QB1_R2	QB	POP6	0.0026	
78	QB2_R2	QB	POP6	0.0368	
82	QB3_R2	QB	POP6	0.3125	
84	QB5_R2	QB	POP6	0.3508	
85	QB7_R2	QB	POP6	0.3000	
80	QB8_R2	QB	POP6	0.1612	
87	QB9_R2	QB	POP6	0.0034	
81	QBY6_R3	QB	POP6	0.4050	
73	QC10_R2	QC	POP6	0.0011	
67	QC11_R2	QC	POP6	0.0021	
76	QC1_R2	QC	POP6	0.0664	
71	QC2_R2	QC	POP6	0.0042	
70	QC3_R2	QC	POP6	0.0000	
69	QC4_R2	QC	POP6	0.0000	
77	QC5_R2	QC	POP6	0.0337	
74	QC6_R2	QC	POP6	0.0121	
72	QC7_R2	QC	POP6	0.0027	
75	QC8_R2	QC	POP6	0.0094	
68	QC9_R2	QC	POP6	0.0000	
59	RG13_R1	RG	POP6	0.0006	
62	RG14_R1	RG	POP6	0.0123	
57	RG15_R1	RG	POP6	0.0057	
61	RG17_R1	RG	POP6	0.0082	
58	RG19_R1	RG	POP6	0.0034	
63	RG20_R1	RG	POP6	0.0080	
66	RG22_R1	RG	POP6	0.0447	
56	RG23_R1	RG	POP6	0.0023	
64	RG24_R1	RG	POP6	0.0034	
65	RG25_R1	RG	POP6	0.0132	
60	RG2_R3	RG	POP6	0.0010	
50	RK11_R1	RK	POP6	0.7484	
51	RK13_R1	RK	POP6	0.5222	
48	RK14_R1	RK	POP6	0.5320	
45	RK15_R3	RK	POP6	0.0034	
55	RK16_R3	RK	POP6	0.1799	
53	RK17_R3	RK	POP6	0.6040	
49	RK18_R1	RK	POP6	0.7401	
46	RK2R_R1	RK	POP6	0.2149	
52	RK3_R1	RK	POP6	0.0000	
47	RK6_R1	RK	POP6	0.0575	
54	RK9_R1	RK	POP6	0.4301	
36	SB15_R3	SB	POP6	0.4965	
39	SB16_R1	SB	POP6	0.6278	
43	SB17_R3	SB	POP6	0.5031	
42	SB18_R3	SB	POP6	0.4953	
34	SB1R_R1	SB	POP6	0.0019	
41	SB24_R1	SB	POP6	0.0000	
35	SB3_R1	SB	POP6	0.0582	
38	SB4_R1	SB	POP6	0.5266	
44	SB6_R1	SB	POP6	0.4304	
40	SB8_R1	SB	POP6	0.7528	
37	SB9_R1	SB	POP6	0.7628	
23	TA13_R3	TA	POP6	0.6187	
29	TA14_R1	TA	POP6	0.0029	
33	TA15_R1	TA	POP6	0.0000	
26	TA16_R3	TA	POP6	0.3855	
24	TA17_R3	TA	POP6	0.6594	
28	TA18_R3	TA	POP6	0.0029	
32	TA1R_R1	TA	POP6	0.0000	
25	TA2_R1	TA	POP6	0.5949	
31	TA4_R1	TA	POP6	0.0008	
27	TA5_R1	TA	POP6	0.0025	
30	TA6_R1	TA	POP6	0.0012	
16	TB13_R3	TB	POP6	0.0038	
22	TB14_R3	TB	POP6	0.0002	
19	TB15_R3	TB	POP6	0.0040	
13	TB16_R3	TB	POP6	0.0095	
14	TB17_R3	TB	POP6	0.0524	
21	TB18_R3	TB	POP6	0.0001	
18	TB19_R3	TB	POP6	0.0066	
20	TB20_R3	TB	POP6	0.0026	
12	TB21_R3	TB	POP6	0.7501	
17	TB22_R3	TB	POP6	0.0041	
15	TB23_R3	TB	POP6	0.0490	
7	WC12_R3	WC	POP6	0.0417	
4	WC13_R3	WC	POP6	0.0869	
9	WC1_R3	WC	POP6	0.0995	
6	WC2_R3	WC	POP6	0.2060	
10	WC3_R3	WC	POP6	0.0052	
3	WC4_R3	WC	POP6	0.0071	
11	WC5_R3	WC	POP6	0.0376	
2	WC6_R3	WC	POP6	0.0361	
1	WC7_R3	WC	POP6	0.0083	
8	WC8_R3	WC	POP6	0.2017	
5	WC9_R3	WC	POP6	0.0460	
135	DH13_R1	DH	POP7	0.0476	
146	DH14_R1	DH	POP7	0.0411	
142	DH17_R1	DH	POP7	0.0529	
140	DH18_R1	DH	POP7	0.0404	
145	DH19_R1	DH	POP7	0.0460	
141	DH20_R1	DH	POP7	0.0604	
138	DH21_R1	DH	POP7	0.0578	
143	DH22_R3	DH	POP7	0.0378	
137	DH23_R1	DH	POP7	0.0475	
139	DH24_R1	DH	POP7	0.0387	
136	DH4_R3	DH	POP7	0.0345	
144	DH6_R3	DH	POP7	0.0179	
127	FD10_R2	FD	POP7	0.3462	
129	FD11_R2	FD	POP7	0.3750	
134	FD2_R2	FD	POP7	0.4394	
126	FD3_R2	FD	POP7	0.0927	
132	FD4_R2	FD	POP7	0.3917	
133	FD5_R2	FD	POP7	0.3865	
130	FD6_R2	FD	POP7	0.3800	
128	FD7_R2	FD	POP7	0.3663	
131	FD8_R2	FD	POP7	0.4341	
121	KA10_R2	KA	POP7	0.0024	
118	KA11_R3	KA	POP7	0.0089	
123	KA12_R3	KA	POP7	0.0020	
120	KA14_R2	KA	POP7	0.0282	
117	KA4_R2	KA	POP7	0.0020	
124	KA5_R3	KA	POP7	0.0010	
122	KA6_R3	KA	POP7	0.0023	
125	KA7_R2	KA	POP7	0.0022	
119	KA9_R2	KA	POP7	0.0039	
111	KB10_R3	KB	POP7	0.0008	
114	KB11_R2	KB	POP7	0.0085	
109	KB14_R3	KB	POP7	0.0018	
112	KB15_R2	KB	POP7	0.0027	
115	KB3_R3	KB	POP7	0.0011	
116	KB4_R2	KB	POP7	0.0100	
110	KB6_R2	KB	POP7	0.0015	
108	KB7_R3	KB	POP7	0.0019	
113	KB9_R2	KB	POP7	0.0025	
106	MB12_R1	MB	POP7	0.3577	
107	MB14_R1	MB	POP7	0.3209	
97	MB16_R1	MB	POP7	0.3248	
96	MB18_R1	MB	POP7	0.1348	
105	MB19_R1	MB	POP7	0.3635	
103	MB20_R1	MB	POP7	0.3439	
99	MB21_R1	MB	POP7	0.3540	
102	MB22_R1	MB	POP7	0.3495	
104	MB24_R1	MB	POP7	0.3886	
98	MB25_R1	MB	POP7	0.3484	
101	MB4_R2	MB	POP7	0.3644	
100	MB6_R2	MB	POP7	0.3808	
92	QA2_R2	QA	POP7	0.0057	
91	QA4_R2	QA	POP7	0.0028	
90	QA5_R2	QA	POP7	0.0146	
93	QA6_R2	QA	POP7	0.0088	
94	QA7_R2	QA	POP7	0.0056	
89	QA8_R2	QA	POP7	0.0093	
88	QA9_R2	QA	POP7	0.0136	
95	QAY10_R3	QA	POP7	0.0082	
83	QB10_R2	QB	POP7	0.1154	
79	QB11_R2	QB	POP7	0.0119	
86	QB1_R2	QB	POP7	0.0155	
78	QB2_R2	QB	POP7	0.0062	
82	QB3_R2	QB	POP7	0.0398	
84	QB5_R2	QB	POP7	0.2582	
85	QB7_R2	QB	POP7	0.2828	
80	QB8_R2	QB	POP7	0.0368	
87	QB9_R2	QB	POP7	0.0040	
81	QBY6_R3	QB	POP7	0.0681	
73	QC10_R2	QC	POP7	0.0047	
67	QC11_R2	QC	POP7	0.0088	
76	QC1_R2	QC	POP7	0.0125	
71	QC2_R2	QC	POP7	0.0023	
70	QC3_R2	QC	POP7	0.0000	
69	QC4_R2	QC	POP7	0.0000	
77	QC5_R2	QC	POP7	0.0046	
74	QC6_R2	QC	POP7	0.0185	
72	QC7_R2	QC	POP7	0.0025	
75	QC8_R2	QC	POP7	0.0070	
68	QC9_R2	QC	POP7	0.0000	
59	RG13_R1	RG	POP7	0.2498	
62	RG14_R1	RG	POP7	0.0538	
57	RG15_R1	RG	POP7	0.0570	
61	RG17_R1	RG	POP7	0.0677	
58	RG19_R1	RG	POP7	0.0656	
63	RG20_R1	RG	POP7	0.0546	
66	RG22_R1	RG	POP7	0.0440	
56	RG23_R1	RG	POP7	0.0619	
64	RG24_R1	RG	POP7	0.0556	
65	RG25_R1	RG	POP7	0.0530	
60	RG2_R3	RG	POP7	0.0370	
50	RK11_R1	RK	POP7	0.0304	
51	RK13_R1	RK	POP7	0.0259	
48	RK14_R1	RK	POP7	0.0378	
45	RK15_R3	RK	POP7	0.0487	
55	RK16_R3	RK	POP7	0.1606	
53	RK17_R3	RK	POP7	0.0770	
49	RK18_R1	RK	POP7	0.0171	
46	RK2R_R1	RK	POP7	0.0367	
52	RK3_R1	RK	POP7	0.0000	
47	RK6_R1	RK	POP7	0.0502	
54	RK9_R1	RK	POP7	0.1523	
36	SB15_R3	SB	POP7	0.0219	
39	SB16_R1	SB	POP7	0.0310	
43	SB17_R3	SB	POP7	0.0071	
42	SB18_R3	SB	POP7	0.0439	
34	SB1R_R1	SB	POP7	0.2484	
41	SB24_R1	SB	POP7	0.0000	
35	SB3_R1	SB	POP7	0.0501	
38	SB4_R1	SB	POP7	0.0127	
44	SB6_R1	SB	POP7	0.1801	
40	SB8_R1	SB	POP7	0.0186	
37	SB9_R1	SB	POP7	0.0332	
23	TA13_R3	TA	POP7	0.1413	
29	TA14_R1	TA	POP7	0.3426	
33	TA15_R1	TA	POP7	0.0002	
26	TA16_R3	TA	POP7	0.2084	
24	TA17_R3	TA	POP7	0.1608	
28	TA18_R3	TA	POP7	0.3403	
32	TA1R_R1	TA	POP7	0.0003	
25	TA2_R1	TA	POP7	0.1564	
31	TA4_R1	TA	POP7	0.3802	
27	TA5_R1	TA	POP7	0.3375	
30	TA6_R1	TA	POP7	0.3211	
16	TB13_R3	TB	POP7	0.3201	
22	TB14_R3	TB	POP7	0.0003	
19	TB15_R3	TB	POP7	0.3375	
13	TB16_R3	TB	POP7	0.3066	
14	TB17_R3	TB	POP7	0.3255	
21	TB18_R3	TB	POP7	0.0001	
18	TB19_R3	TB	POP7	0.3387	
20	TB20_R3	TB	POP7	0.3266	
12	TB21_R3	TB	POP7	0.0569	
17	TB22_R3	TB	POP7	0.3566	
15	TB23_R3	TB	POP7	0.3292	
7	WC12_R3	WC	POP7	0.0408	
4	WC13_R3	WC	POP7	0.0085	
9	WC1_R3	WC	POP7	0.0510	
6	WC2_R3	WC	POP7	0.0193	
10	WC3_R3	WC	POP7	0.0637	
3	WC4_R3	WC	POP7	0.0349	
11	WC5_R3	WC	POP7	0.0282	
2	WC6_R3	WC	POP7	0.0270	
1	WC7_R3	WC	POP7	0.0362	
8	WC8_R3	WC	POP7	0.0345	
5	WC9_R3	WC	POP7	0.0309	
135	DH13_R1	DH	POP8	0.0584	
146	DH14_R1	DH	POP8	0.0295	
142	DH17_R1	DH	POP8	0.0623	
140	DH18_R1	DH	POP8	0.0483	
145	DH19_R1	DH	POP8	0.0299	
141	DH20_R1	DH	POP8	0.0511	
138	DH21_R1	DH	POP8	0.0392	
143	DH22_R3	DH	POP8	0.0471	
137	DH23_R1	DH	POP8	0.0494	
139	DH24_R1	DH	POP8	0.0244	
136	DH4_R3	DH	POP8	0.0389	
144	DH6_R3	DH	POP8	0.0117	
127	FD10_R2	FD	POP8	0.0039	
129	FD11_R2	FD	POP8	0.0076	
134	FD2_R2	FD	POP8	0.0010	
126	FD3_R2	FD	POP8	0.0152	
132	FD4_R2	FD	POP8	0.0033	
133	FD5_R2	FD	POP8	0.0010	
130	FD6_R2	FD	POP8	0.0033	
128	FD7_R2	FD	POP8	0.0110	
131	FD8_R2	FD	POP8	0.0008	
121	KA10_R2	KA	POP8	0.0026	
118	KA11_R3	KA	POP8	0.0052	
123	KA12_R3	KA	POP8	0.0023	
120	KA14_R2	KA	POP8	0.0042	
117	KA4_R2	KA	POP8	0.0030	
124	KA5_R3	KA	POP8	0.0010	
122	KA6_R3	KA	POP8	0.0014	
125	KA7_R2	KA	POP8	0.0021	
119	KA9_R2	KA	POP8	0.0486	
111	KB10_R3	KB	POP8	0.0023	
114	KB11_R2	KB	POP8	0.0064	
109	KB14_R3	KB	POP8	0.0038	
112	KB15_R2	KB	POP8	0.0026	
115	KB3_R3	KB	POP8	0.0028	
116	KB4_R2	KB	POP8	0.0074	
110	KB6_R2	KB	POP8	0.0014	
108	KB7_R3	KB	POP8	0.0069	
113	KB9_R2	KB	POP8	0.0015	
106	MB12_R1	MB	POP8	0.0029	
107	MB14_R1	MB	POP8	0.0042	
97	MB16_R1	MB	POP8	0.0020	
96	MB18_R1	MB	POP8	0.0048	
105	MB19_R1	MB	POP8	0.0240	
103	MB20_R1	MB	POP8	0.0026	
99	MB21_R1	MB	POP8	0.0039	
102	MB22_R1	MB	POP8	0.0046	
104	MB24_R1	MB	POP8	0.0085	
98	MB25_R1	MB	POP8	0.0043	
101	MB4_R2	MB	POP8	0.0021	
100	MB6_R2	MB	POP8	0.0017	
92	QA2_R2	QA	POP8	0.0150	
91	QA4_R2	QA	POP8	0.0036	
90	QA5_R2	QA	POP8	0.0110	
93	QA6_R2	QA	POP8	0.0098	
94	QA7_R2	QA	POP8	0.0250	
89	QA8_R2	QA	POP8	0.0106	
88	QA9_R2	QA	POP8	0.0126	
95	QAY10_R3	QA	POP8	0.0158	
83	QB10_R2	QB	POP8	0.0090	
79	QB11_R2	QB	POP8	0.0300	
86	QB1_R2	QB	POP8	0.0024	
78	QB2_R2	QB	POP8	0.0478	
82	QB3_R2	QB	POP8	0.0708	
84	QB5_R2	QB	POP8	0.0153	
85	QB7_R2	QB	POP8	0.0016	
80	QB8_R2	QB	POP8	0.0038	
87	QB9_R2	QB	POP8	0.0010	
81	QBY6_R3	QB	POP8	0.0124	
73	QC10_R2	QC	POP8	0.0613	
67	QC11_R2	QC	POP8	0.0086	
76	QC1_R2	QC	POP8	0.0196	
71	QC2_R2	QC	POP8	0.0045	
70	QC3_R2	QC	POP8	0.0000	
69	QC4_R2	QC	POP8	0.0000	
77	QC5_R2	QC	POP8	0.0120	
74	QC6_R2	QC	POP8	0.0204	
72	QC7_R2	QC	POP8	0.0225	
75	QC8_R2	QC	POP8	0.0173	
68	QC9_R2	QC	POP8	0.0000	
59	RG13_R1	RG	POP8	0.1500	
62	RG14_R1	RG	POP8	0.1067	
57	RG15_R1	RG	POP8	0.0434	
61	RG17_R1	RG	POP8	0.0787	
58	RG19_R1	RG	POP8	0.0427	
63	RG20_R1	RG	POP8	0.0329	
66	RG22_R1	RG	POP8	0.0352	
56	RG23_R1	RG	POP8	0.0520	
64	RG24_R1	RG	POP8	0.0338	
65	RG25_R1	RG	POP8	0.0500	
60	RG2_R3	RG	POP8	0.0252	
50	RK11_R1	RK	POP8	0.0185	
51	RK13_R1	RK	POP8	0.0170	
48	RK14_R1	RK	POP8	0.0237	
45	RK15_R3	RK	POP8	0.0317	
55	RK16_R3	RK	POP8	0.0102	
53	RK17_R3	RK	POP8	0.0923	
49	RK18_R1	RK	POP8	0.0126	
46	RK2R_R1	RK	POP8	0.0248	
52	RK3_R1	RK	POP8	0.0000	
47	RK6_R1	RK	POP8	0.8476	
54	RK9_R1	RK	POP8	0.0164	
36	SB15_R3	SB	POP8	0.0706	
39	SB16_R1	SB	POP8	0.0224	
43	SB17_R3	SB	POP8	0.0197	
42	SB18_R3	SB	POP8	0.0205	
34	SB1R_R1	SB	POP8	0.1525	
41	SB24_R1	SB	POP8	0.0000	
35	SB3_R1	SB	POP8	0.8500	
38	SB4_R1	SB	POP8	0.0396	
44	SB6_R1	SB	POP8	0.0135	
40	SB8_R1	SB	POP8	0.0136	
37	SB9_R1	SB	POP8	0.0222	
23	TA13_R3	TA	POP8	0.0084	
29	TA14_R1	TA	POP8	0.0002	
33	TA15_R1	TA	POP8	0.0001	
26	TA16_R3	TA	POP8	0.0332	
24	TA17_R3	TA	POP8	0.0011	
28	TA18_R3	TA	POP8	0.0063	
32	TA1R_R1	TA	POP8	0.0002	
25	TA2_R1	TA	POP8	0.0041	
31	TA4_R1	TA	POP8	0.0004	
27	TA5_R1	TA	POP8	0.0071	
30	TA6_R1	TA	POP8	0.0011	
16	TB13_R3	TB	POP8	0.0056	
22	TB14_R3	TB	POP8	0.0002	
19	TB15_R3	TB	POP8	0.0032	
13	TB16_R3	TB	POP8	0.0315	
14	TB17_R3	TB	POP8	0.0019	
21	TB18_R3	TB	POP8	0.0000	
18	TB19_R3	TB	POP8	0.0024	
20	TB20_R3	TB	POP8	0.0018	
12	TB21_R3	TB	POP8	0.0014	
17	TB22_R3	TB	POP8	0.0015	
15	TB23_R3	TB	POP8	0.0025	
7	WC12_R3	WC	POP8	0.0306	
4	WC13_R3	WC	POP8	0.0050	
9	WC1_R3	WC	POP8	0.0155	
6	WC2_R3	WC	POP8	0.0151	
10	WC3_R3	WC	POP8	0.0205	
3	WC4_R3	WC	POP8	0.0287	
11	WC5_R3	WC	POP8	0.0100	
2	WC6_R3	WC	POP8	0.0294	
1	WC7_R3	WC	POP8	0.0783	
8	WC8_R3	WC	POP8	0.0201	
5	WC9_R3	WC	POP8	0.0187	
